[1.514s] Invoking command in '/home/lukat/COGAR_ws/src/go2_state_bridge': AMENT_PREFIX_PATH=/home/lukat/COGAR_ws/install/go2_stair_interfaces:${AMENT_PREFIX_PATH} CMAKE_PREFIX_PATH=/home/lukat/COGAR_ws/install/go2_stair_interfaces LD_LIBRARY_PATH=/home/lukat/COGAR_ws/install/go2_stair_interfaces/lib:${LD_LIBRARY_PATH} PYTHONPATH=/home/lukat/COGAR_ws/build/go2_state_bridge/prefix_override:/usr/lib/python3/dist-packages/colcon_core/task/python/colcon_distutils_commands:/home/lukat/COGAR_ws/install/go2_state_bridge/lib/python3.10/site-packages:/home/lukat/COGAR_ws/install/go2_stair_interfaces/local/lib/python3.10/dist-packages:${PYTHONPATH} /usr/bin/python3 -W ignore:setup.py install is deprecated -W ignore:easy_install command is deprecated setup.py egg_info --egg-base ../../build/go2_state_bridge build --build-base /home/lukat/COGAR_ws/build/go2_state_bridge/build install --record /home/lukat/COGAR_ws/build/go2_state_bridge/install.log --single-version-externally-managed install_data
[1.836s] running egg_info
[1.856s] writing ../../build/go2_state_bridge/go2_state_bridge.egg-info/PKG-INFO
[1.857s] writing dependency_links to ../../build/go2_state_bridge/go2_state_bridge.egg-info/dependency_links.txt
[1.858s] writing entry points to ../../build/go2_state_bridge/go2_state_bridge.egg-info/entry_points.txt
[1.858s] writing requirements to ../../build/go2_state_bridge/go2_state_bridge.egg-info/requires.txt
[1.859s] writing top-level names to ../../build/go2_state_bridge/go2_state_bridge.egg-info/top_level.txt
[1.899s] reading manifest file '../../build/go2_state_bridge/go2_state_bridge.egg-info/SOURCES.txt'
[1.901s] writing manifest file '../../build/go2_state_bridge/go2_state_bridge.egg-info/SOURCES.txt'
[1.901s] running build
[1.901s] running build_py
[1.901s] copying go2_state_bridge/state_bridge_node.py -> /home/lukat/COGAR_ws/build/go2_state_bridge/build/lib/go2_state_bridge
[1.901s] copying go2_state_bridge/__init__.py -> /home/lukat/COGAR_ws/build/go2_state_bridge/build/lib/go2_state_bridge
[1.902s] running install
[1.906s] running install_lib
[1.925s] copying /home/lukat/COGAR_ws/build/go2_state_bridge/build/lib/go2_state_bridge/state_bridge_node.py -> /home/lukat/COGAR_ws/install/go2_state_bridge/lib/python3.10/site-packages/go2_state_bridge
[1.926s] byte-compiling /home/lukat/COGAR_ws/install/go2_state_bridge/lib/python3.10/site-packages/go2_state_bridge/state_bridge_node.py to state_bridge_node.cpython-310.pyc
[1.928s] running install_data
[1.929s] copying resource/go2_state_bridge -> /home/lukat/COGAR_ws/install/go2_state_bridge/share/ament_index/resource_index/packages
[1.929s] copying package.xml -> /home/lukat/COGAR_ws/install/go2_state_bridge/share/go2_state_bridge
[1.929s] running install_egg_info
[1.951s] removing '/home/lukat/COGAR_ws/install/go2_state_bridge/lib/python3.10/site-packages/go2_state_bridge-0.0.0-py3.10.egg-info' (and everything under it)
[1.952s] Copying ../../build/go2_state_bridge/go2_state_bridge.egg-info to /home/lukat/COGAR_ws/install/go2_state_bridge/lib/python3.10/site-packages/go2_state_bridge-0.0.0-py3.10.egg-info
[1.955s] running install_scripts
[2.105s] Installing state_bridge_node script to /home/lukat/COGAR_ws/install/go2_state_bridge/lib/go2_state_bridge
[2.106s] writing list of installed files to '/home/lukat/COGAR_ws/build/go2_state_bridge/install.log'
[2.177s] Invoked command in '/home/lukat/COGAR_ws/src/go2_state_bridge' returned '0': AMENT_PREFIX_PATH=/home/lukat/COGAR_ws/install/go2_stair_interfaces:${AMENT_PREFIX_PATH} CMAKE_PREFIX_PATH=/home/lukat/COGAR_ws/install/go2_stair_interfaces LD_LIBRARY_PATH=/home/lukat/COGAR_ws/install/go2_stair_interfaces/lib:${LD_LIBRARY_PATH} PYTHONPATH=/home/lukat/COGAR_ws/build/go2_state_bridge/prefix_override:/usr/lib/python3/dist-packages/colcon_core/task/python/colcon_distutils_commands:/home/lukat/COGAR_ws/install/go2_state_bridge/lib/python3.10/site-packages:/home/lukat/COGAR_ws/install/go2_stair_interfaces/local/lib/python3.10/dist-packages:${PYTHONPATH} /usr/bin/python3 -W ignore:setup.py install is deprecated -W ignore:easy_install command is deprecated setup.py egg_info --egg-base ../../build/go2_state_bridge build --build-base /home/lukat/COGAR_ws/build/go2_state_bridge/build install --record /home/lukat/COGAR_ws/build/go2_state_bridge/install.log --single-version-externally-managed install_data
