[3.531s] Invoking command in '/home/lukat/COGAR_ws/src/go2_simulation_mujoco': PYTHONPATH=/home/lukat/COGAR_ws/build/go2_simulation_mujoco/prefix_override:/usr/lib/python3/dist-packages/colcon_core/task/python/colcon_distutils_commands:/home/lukat/COGAR_ws/install/go2_simulation_mujoco/lib/python3.10/site-packages:${PYTHONPATH} /usr/bin/python3 -W ignore:setup.py install is deprecated -W ignore:easy_install command is deprecated setup.py egg_info --egg-base ../../build/go2_simulation_mujoco build --build-base /home/lukat/COGAR_ws/build/go2_simulation_mujoco/build install --record /home/lukat/COGAR_ws/build/go2_simulation_mujoco/install.log --single-version-externally-managed install_data
[4.581s] running egg_info
[4.630s] writing ../../build/go2_simulation_mujoco/go2_simulation_mujoco.egg-info/PKG-INFO
[4.632s] writing dependency_links to ../../build/go2_simulation_mujoco/go2_simulation_mujoco.egg-info/dependency_links.txt
[4.634s] writing requirements to ../../build/go2_simulation_mujoco/go2_simulation_mujoco.egg-info/requires.txt
[4.637s] writing top-level names to ../../build/go2_simulation_mujoco/go2_simulation_mujoco.egg-info/top_level.txt
[4.797s] reading manifest file '../../build/go2_simulation_mujoco/go2_simulation_mujoco.egg-info/SOURCES.txt'
[4.802s] writing manifest file '../../build/go2_simulation_mujoco/go2_simulation_mujoco.egg-info/SOURCES.txt'
[4.803s] running build
[4.804s] running build_py
[4.804s] copying go2_simulation_mujoco/__init__.py -> /home/lukat/COGAR_ws/build/go2_simulation_mujoco/build/lib/go2_simulation_mujoco
[4.806s] running install
[4.826s] running install_lib
[4.923s] running install_data
[4.924s] copying resource/go2_simulation_mujoco -> /home/lukat/COGAR_ws/install/go2_simulation_mujoco/share/ament_index/resource_index/packages
[4.925s] copying package.xml -> /home/lukat/COGAR_ws/install/go2_simulation_mujoco/share/go2_simulation_mujoco
[4.926s] running install_egg_info
[5.040s] removing '/home/lukat/COGAR_ws/install/go2_simulation_mujoco/lib/python3.10/site-packages/go2_simulation_mujoco-0.0.0-py3.10.egg-info' (and everything under it)
[5.042s] Copying ../../build/go2_simulation_mujoco/go2_simulation_mujoco.egg-info to /home/lukat/COGAR_ws/install/go2_simulation_mujoco/lib/python3.10/site-packages/go2_simulation_mujoco-0.0.0-py3.10.egg-info
[5.048s] running install_scripts
[5.548s] writing list of installed files to '/home/lukat/COGAR_ws/build/go2_simulation_mujoco/install.log'
[5.693s] Invoked command in '/home/lukat/COGAR_ws/src/go2_simulation_mujoco' returned '0': PYTHONPATH=/home/lukat/COGAR_ws/build/go2_simulation_mujoco/prefix_override:/usr/lib/python3/dist-packages/colcon_core/task/python/colcon_distutils_commands:/home/lukat/COGAR_ws/install/go2_simulation_mujoco/lib/python3.10/site-packages:${PYTHONPATH} /usr/bin/python3 -W ignore:setup.py install is deprecated -W ignore:easy_install command is deprecated setup.py egg_info --egg-base ../../build/go2_simulation_mujoco build --build-base /home/lukat/COGAR_ws/build/go2_simulation_mujoco/build install --record /home/lukat/COGAR_ws/build/go2_simulation_mujoco/install.log --single-version-externally-managed install_data
