[1.511s] Invoking command in '/home/lukat/COGAR_ws/src/go2_safety_monitor': AMENT_PREFIX_PATH=/home/lukat/COGAR_ws/install/go2_stair_interfaces:${AMENT_PREFIX_PATH} CMAKE_PREFIX_PATH=/home/lukat/COGAR_ws/install/go2_stair_interfaces LD_LIBRARY_PATH=/home/lukat/COGAR_ws/install/go2_stair_interfaces/lib:${LD_LIBRARY_PATH} PYTHONPATH=/home/lukat/COGAR_ws/build/go2_safety_monitor/prefix_override:/usr/lib/python3/dist-packages/colcon_core/task/python/colcon_distutils_commands:/home/lukat/COGAR_ws/install/go2_safety_monitor/lib/python3.10/site-packages:/home/lukat/COGAR_ws/install/go2_stair_interfaces/local/lib/python3.10/dist-packages:${PYTHONPATH} /usr/bin/python3 -W ignore:setup.py install is deprecated -W ignore:easy_install command is deprecated setup.py egg_info --egg-base ../../build/go2_safety_monitor build --build-base /home/lukat/COGAR_ws/build/go2_safety_monitor/build install --record /home/lukat/COGAR_ws/build/go2_safety_monitor/install.log --single-version-externally-managed install_data
[1.838s] running egg_info
[1.858s] writing ../../build/go2_safety_monitor/go2_safety_monitor.egg-info/PKG-INFO
[1.859s] writing dependency_links to ../../build/go2_safety_monitor/go2_safety_monitor.egg-info/dependency_links.txt
[1.860s] writing entry points to ../../build/go2_safety_monitor/go2_safety_monitor.egg-info/entry_points.txt
[1.860s] writing requirements to ../../build/go2_safety_monitor/go2_safety_monitor.egg-info/requires.txt
[1.861s] writing top-level names to ../../build/go2_safety_monitor/go2_safety_monitor.egg-info/top_level.txt
[1.905s] reading manifest file '../../build/go2_safety_monitor/go2_safety_monitor.egg-info/SOURCES.txt'
[1.907s] writing manifest file '../../build/go2_safety_monitor/go2_safety_monitor.egg-info/SOURCES.txt'
[1.907s] running build
[1.907s] running build_py
[1.907s] copying go2_safety_monitor/__init__.py -> /home/lukat/COGAR_ws/build/go2_safety_monitor/build/lib/go2_safety_monitor
[1.908s] copying go2_safety_monitor/safety_monitor_node.py -> /home/lukat/COGAR_ws/build/go2_safety_monitor/build/lib/go2_safety_monitor
[1.908s] running install
[1.912s] running install_lib
[1.932s] running install_data
[1.933s] copying resource/go2_safety_monitor -> /home/lukat/COGAR_ws/install/go2_safety_monitor/share/ament_index/resource_index/packages
[1.933s] copying package.xml -> /home/lukat/COGAR_ws/install/go2_safety_monitor/share/go2_safety_monitor
[1.933s] running install_egg_info
[1.955s] removing '/home/lukat/COGAR_ws/install/go2_safety_monitor/lib/python3.10/site-packages/go2_safety_monitor-0.0.0-py3.10.egg-info' (and everything under it)
[1.956s] Copying ../../build/go2_safety_monitor/go2_safety_monitor.egg-info to /home/lukat/COGAR_ws/install/go2_safety_monitor/lib/python3.10/site-packages/go2_safety_monitor-0.0.0-py3.10.egg-info
[1.958s] running install_scripts
[2.121s] Installing safety_monitor_node script to /home/lukat/COGAR_ws/install/go2_safety_monitor/lib/go2_safety_monitor
[2.123s] writing list of installed files to '/home/lukat/COGAR_ws/build/go2_safety_monitor/install.log'
[2.208s] Invoked command in '/home/lukat/COGAR_ws/src/go2_safety_monitor' returned '0': AMENT_PREFIX_PATH=/home/lukat/COGAR_ws/install/go2_stair_interfaces:${AMENT_PREFIX_PATH} CMAKE_PREFIX_PATH=/home/lukat/COGAR_ws/install/go2_stair_interfaces LD_LIBRARY_PATH=/home/lukat/COGAR_ws/install/go2_stair_interfaces/lib:${LD_LIBRARY_PATH} PYTHONPATH=/home/lukat/COGAR_ws/build/go2_safety_monitor/prefix_override:/usr/lib/python3/dist-packages/colcon_core/task/python/colcon_distutils_commands:/home/lukat/COGAR_ws/install/go2_safety_monitor/lib/python3.10/site-packages:/home/lukat/COGAR_ws/install/go2_stair_interfaces/local/lib/python3.10/dist-packages:${PYTHONPATH} /usr/bin/python3 -W ignore:setup.py install is deprecated -W ignore:easy_install command is deprecated setup.py egg_info --egg-base ../../build/go2_safety_monitor build --build-base /home/lukat/COGAR_ws/build/go2_safety_monitor/build install --record /home/lukat/COGAR_ws/build/go2_safety_monitor/install.log --single-version-externally-managed install_data
