[0.095s] Invoking command in '/home/lukat/COGAR_ws/build/go2_stair_interfaces': CMAKE_PREFIX_PATH=${CMAKE_PREFIX_PATH}:/opt/ros/humble /usr/bin/cmake --build /home/lukat/COGAR_ws/build/go2_stair_interfaces -- -j8 -l8
[0.793s] [  6%] Built target go2_stair_interfaces__cpp
[0.794s] [  6%] Built target go2_stair_interfaces__rs
[0.795s] [ 15%] Built target go2_stair_interfaces__rosidl_generator_c
[0.798s] [ 15%] Built target ament_cmake_python_symlink_go2_stair_interfaces
[0.799s] [ 31%] Built target go2_stair_interfaces__rosidl_typesupport_fastrtps_cpp
[0.801s] [ 40%] Built target go2_stair_interfaces__rosidl_typesupport_introspection_cpp
[0.802s] [ 43%] Built target go2_stair_interfaces__rosidl_typesupport_cpp
[0.802s] [ 62%] Built target go2_stair_interfaces__rosidl_typesupport_introspection_c
[0.803s] [ 62%] Built target go2_stair_interfaces__rosidl_typesupport_fastrtps_c
[0.803s] [ 71%] Built target go2_stair_interfaces__rosidl_typesupport_c
[0.803s] [ 71%] Built target go2_stair_interfaces
[0.803s] [ 75%] Built target go2_stair_interfaces__py
[0.803s] [ 81%] Built target go2_stair_interfaces__rosidl_generator_py
[0.826s] [ 87%] Built target go2_stair_interfaces__rosidl_typesupport_c__pyext
[0.831s] [ 96%] Built target go2_stair_interfaces__rosidl_typesupport_fastrtps_c__pyext
[0.832s] [100%] Built target go2_stair_interfaces__rosidl_typesupport_introspection_c__pyext
[1.227s] running egg_info
[1.269s] writing go2_stair_interfaces.egg-info/PKG-INFO
[1.272s] writing dependency_links to go2_stair_interfaces.egg-info/dependency_links.txt
[1.275s] writing top-level names to go2_stair_interfaces.egg-info/top_level.txt
[1.388s] reading manifest file 'go2_stair_interfaces.egg-info/SOURCES.txt'
[1.392s] writing manifest file 'go2_stair_interfaces.egg-info/SOURCES.txt'
[1.466s] [100%] Built target ament_cmake_python_build_go2_stair_interfaces_egg
[1.492s] Invoked command in '/home/lukat/COGAR_ws/build/go2_stair_interfaces' returned '0': CMAKE_PREFIX_PATH=${CMAKE_PREFIX_PATH}:/opt/ros/humble /usr/bin/cmake --build /home/lukat/COGAR_ws/build/go2_stair_interfaces -- -j8 -l8
[1.516s] Invoking command in '/home/lukat/COGAR_ws/build/go2_stair_interfaces': CMAKE_PREFIX_PATH=${CMAKE_PREFIX_PATH}:/opt/ros/humble /usr/bin/cmake --install /home/lukat/COGAR_ws/build/go2_stair_interfaces
[1.536s] -- Install configuration: ""
[1.542s] -- Execute custom install script
[1.542s] -- Up-to-date symlink: /home/lukat/COGAR_ws/install/go2_stair_interfaces/share/ament_index/resource_index/rosidl_interfaces/go2_stair_interfaces
[1.545s] -- Up-to-date symlink: /home/lukat/COGAR_ws/install/go2_stair_interfaces/include/go2_stair_interfaces/go2_stair_interfaces/msg/detail/go2_safety_state__functions.h
[1.546s] -- Up-to-date symlink: /home/lukat/COGAR_ws/install/go2_stair_interfaces/include/go2_stair_interfaces/go2_stair_interfaces/msg/detail/go2_safety_state__struct.h
[1.546s] -- Up-to-date symlink: /home/lukat/COGAR_ws/install/go2_stair_interfaces/include/go2_stair_interfaces/go2_stair_interfaces/msg/detail/go2_safety_state__type_support.h
[1.547s] -- Up-to-date symlink: /home/lukat/COGAR_ws/install/go2_stair_interfaces/include/go2_stair_interfaces/go2_stair_interfaces/msg/go2_safety_state.h
[1.547s] -- Up-to-date symlink: /home/lukat/COGAR_ws/install/go2_stair_interfaces/include/go2_stair_interfaces/go2_stair_interfaces/msg/rosidl_generator_c__visibility_control.h
[1.548s] -- Up-to-date symlink: /home/lukat/COGAR_ws/install/go2_stair_interfaces/share/go2_stair_interfaces/environment/library_path.sh
[1.548s] -- Up-to-date symlink: /home/lukat/COGAR_ws/install/go2_stair_interfaces/share/go2_stair_interfaces/environment/library_path.dsv
[1.549s] -- Up-to-date symlink: /home/lukat/COGAR_ws/install/go2_stair_interfaces/include/go2_stair_interfaces/go2_stair_interfaces/msg/detail/go2_safety_state__rosidl_typesupport_fastrtps_c.h
[1.550s] -- Up-to-date symlink: /home/lukat/COGAR_ws/install/go2_stair_interfaces/include/go2_stair_interfaces/go2_stair_interfaces/msg/rosidl_typesupport_fastrtps_c__visibility_control.h
[1.550s] -- Up-to-date symlink: /home/lukat/COGAR_ws/install/go2_stair_interfaces/include/go2_stair_interfaces/go2_stair_interfaces/msg/detail/go2_safety_state__builder.hpp
[1.551s] -- Up-to-date symlink: /home/lukat/COGAR_ws/install/go2_stair_interfaces/include/go2_stair_interfaces/go2_stair_interfaces/msg/detail/go2_safety_state__struct.hpp
[1.551s] -- Up-to-date symlink: /home/lukat/COGAR_ws/install/go2_stair_interfaces/include/go2_stair_interfaces/go2_stair_interfaces/msg/detail/go2_safety_state__traits.hpp
[1.551s] -- Up-to-date symlink: /home/lukat/COGAR_ws/install/go2_stair_interfaces/include/go2_stair_interfaces/go2_stair_interfaces/msg/detail/go2_safety_state__type_support.hpp
[1.552s] -- Up-to-date symlink: /home/lukat/COGAR_ws/install/go2_stair_interfaces/include/go2_stair_interfaces/go2_stair_interfaces/msg/go2_safety_state.hpp
[1.552s] -- Up-to-date symlink: /home/lukat/COGAR_ws/install/go2_stair_interfaces/include/go2_stair_interfaces/go2_stair_interfaces/msg/rosidl_generator_cpp__visibility_control.hpp
[1.554s] -- Up-to-date symlink: /home/lukat/COGAR_ws/install/go2_stair_interfaces/include/go2_stair_interfaces/go2_stair_interfaces/msg/detail/go2_safety_state__rosidl_typesupport_fastrtps_cpp.hpp
[1.554s] -- Up-to-date symlink: /home/lukat/COGAR_ws/install/go2_stair_interfaces/include/go2_stair_interfaces/go2_stair_interfaces/msg/rosidl_typesupport_fastrtps_cpp__visibility_control.h
[1.555s] -- Up-to-date symlink: /home/lukat/COGAR_ws/install/go2_stair_interfaces/include/go2_stair_interfaces/go2_stair_interfaces/msg/detail/go2_safety_state__rosidl_typesupport_introspection_c.h
[1.556s] -- Up-to-date symlink: /home/lukat/COGAR_ws/install/go2_stair_interfaces/include/go2_stair_interfaces/go2_stair_interfaces/msg/rosidl_typesupport_introspection_c__visibility_control.h
[1.557s] -- Up-to-date symlink: /home/lukat/COGAR_ws/install/go2_stair_interfaces/include/go2_stair_interfaces/go2_stair_interfaces/msg/detail/go2_safety_state__rosidl_typesupport_introspection_cpp.hpp
[1.558s] -- Up-to-date symlink: /home/lukat/COGAR_ws/install/go2_stair_interfaces/share/go2_stair_interfaces/environment/pythonpath.sh
[1.559s] -- Up-to-date symlink: /home/lukat/COGAR_ws/install/go2_stair_interfaces/share/go2_stair_interfaces/environment/pythonpath.dsv
[1.559s] -- Up-to-date symlink: /home/lukat/COGAR_ws/install/go2_stair_interfaces/local/lib/python3.10/dist-packages/go2_stair_interfaces-0.0.0-py3.10.egg-info/PKG-INFO
[1.560s] -- Up-to-date symlink: /home/lukat/COGAR_ws/install/go2_stair_interfaces/local/lib/python3.10/dist-packages/go2_stair_interfaces-0.0.0-py3.10.egg-info/SOURCES.txt
[1.561s] -- Up-to-date symlink: /home/lukat/COGAR_ws/install/go2_stair_interfaces/local/lib/python3.10/dist-packages/go2_stair_interfaces-0.0.0-py3.10.egg-info/dependency_links.txt
[1.561s] -- Up-to-date symlink: /home/lukat/COGAR_ws/install/go2_stair_interfaces/local/lib/python3.10/dist-packages/go2_stair_interfaces-0.0.0-py3.10.egg-info/top_level.txt
[1.562s] -- Up-to-date symlink: /home/lukat/COGAR_ws/install/go2_stair_interfaces/local/lib/python3.10/dist-packages/go2_stair_interfaces/__init__.py
[1.563s] -- Up-to-date symlink: /home/lukat/COGAR_ws/install/go2_stair_interfaces/local/lib/python3.10/dist-packages/go2_stair_interfaces/_go2_stair_interfaces_s.ep.rosidl_typesupport_c.c
[1.563s] -- Up-to-date symlink: /home/lukat/COGAR_ws/install/go2_stair_interfaces/local/lib/python3.10/dist-packages/go2_stair_interfaces/_go2_stair_interfaces_s.ep.rosidl_typesupport_fastrtps_c.c
[1.564s] -- Up-to-date symlink: /home/lukat/COGAR_ws/install/go2_stair_interfaces/local/lib/python3.10/dist-packages/go2_stair_interfaces/_go2_stair_interfaces_s.ep.rosidl_typesupport_introspection_c.c
[1.564s] -- Up-to-date symlink: /home/lukat/COGAR_ws/install/go2_stair_interfaces/local/lib/python3.10/dist-packages/go2_stair_interfaces/go2_stair_interfaces_s__rosidl_typesupport_c.cpython-310-x86_64-linux-gnu.so
[1.565s] -- Up-to-date symlink: /home/lukat/COGAR_ws/install/go2_stair_interfaces/local/lib/python3.10/dist-packages/go2_stair_interfaces/go2_stair_interfaces_s__rosidl_typesupport_fastrtps_c.cpython-310-x86_64-linux-gnu.so
[1.566s] -- Up-to-date symlink: /home/lukat/COGAR_ws/install/go2_stair_interfaces/local/lib/python3.10/dist-packages/go2_stair_interfaces/go2_stair_interfaces_s__rosidl_typesupport_introspection_c.cpython-310-x86_64-linux-gnu.so
[1.566s] -- Up-to-date symlink: /home/lukat/COGAR_ws/install/go2_stair_interfaces/local/lib/python3.10/dist-packages/go2_stair_interfaces/libgo2_stair_interfaces__rosidl_generator_py.so
[1.567s] -- Up-to-date symlink: /home/lukat/COGAR_ws/install/go2_stair_interfaces/local/lib/python3.10/dist-packages/go2_stair_interfaces/msg/__init__.py
[1.567s] -- Up-to-date symlink: /home/lukat/COGAR_ws/install/go2_stair_interfaces/local/lib/python3.10/dist-packages/go2_stair_interfaces/msg/_go2_safety_state.py
[1.568s] -- Up-to-date symlink: /home/lukat/COGAR_ws/install/go2_stair_interfaces/local/lib/python3.10/dist-packages/go2_stair_interfaces/msg/_go2_safety_state_s.c
[1.569s] -- Up-to-date symlink: /home/lukat/COGAR_ws/install/go2_stair_interfaces/local/lib/python3.10/dist-packages/go2_stair_interfaces/go2_stair_interfaces_s__rosidl_typesupport_fastrtps_c.cpython-310-x86_64-linux-gnu.so
[1.571s] -- Up-to-date symlink: /home/lukat/COGAR_ws/install/go2_stair_interfaces/local/lib/python3.10/dist-packages/go2_stair_interfaces/go2_stair_interfaces_s__rosidl_typesupport_introspection_c.cpython-310-x86_64-linux-gnu.so
[1.572s] -- Up-to-date symlink: /home/lukat/COGAR_ws/install/go2_stair_interfaces/local/lib/python3.10/dist-packages/go2_stair_interfaces/go2_stair_interfaces_s__rosidl_typesupport_c.cpython-310-x86_64-linux-gnu.so
[1.574s] -- Up-to-date symlink: /home/lukat/COGAR_ws/install/go2_stair_interfaces/share/ament_index/resource_index/rust_packages/go2_stair_interfaces
[1.575s] -- Up-to-date symlink: /home/lukat/COGAR_ws/install/go2_stair_interfaces/share/go2_stair_interfaces/rust/Cargo.toml
[1.575s] -- Up-to-date symlink: /home/lukat/COGAR_ws/install/go2_stair_interfaces/share/go2_stair_interfaces/rust/build.rs
[1.576s] -- Up-to-date symlink: /home/lukat/COGAR_ws/install/go2_stair_interfaces/share/go2_stair_interfaces/rust/src/lib.rs
[1.576s] -- Up-to-date symlink: /home/lukat/COGAR_ws/install/go2_stair_interfaces/share/go2_stair_interfaces/rust/src/msg.rs
[1.577s] -- Up-to-date symlink: /home/lukat/COGAR_ws/install/go2_stair_interfaces/share/go2_stair_interfaces/rust/src/msg/rmw.rs
[1.578s] -- Up-to-date symlink: /home/lukat/COGAR_ws/install/go2_stair_interfaces/share/go2_stair_interfaces/msg/Go2SafetyState.idl
[1.578s] -- Up-to-date symlink: /home/lukat/COGAR_ws/install/go2_stair_interfaces/share/go2_stair_interfaces/msg/Go2SafetyState.msg
[1.579s] -- Up-to-date symlink: /home/lukat/COGAR_ws/install/go2_stair_interfaces/share/ament_index/resource_index/package_run_dependencies/go2_stair_interfaces
[1.579s] -- Up-to-date symlink: /home/lukat/COGAR_ws/install/go2_stair_interfaces/share/ament_index/resource_index/parent_prefix_path/go2_stair_interfaces
[1.580s] -- Up-to-date symlink: /home/lukat/COGAR_ws/install/go2_stair_interfaces/share/go2_stair_interfaces/environment/ament_prefix_path.sh
[1.581s] -- Up-to-date symlink: /home/lukat/COGAR_ws/install/go2_stair_interfaces/share/go2_stair_interfaces/environment/ament_prefix_path.dsv
[1.581s] -- Up-to-date symlink: /home/lukat/COGAR_ws/install/go2_stair_interfaces/share/go2_stair_interfaces/environment/path.sh
[1.582s] -- Up-to-date symlink: /home/lukat/COGAR_ws/install/go2_stair_interfaces/share/go2_stair_interfaces/environment/path.dsv
[1.583s] -- Up-to-date symlink: /home/lukat/COGAR_ws/install/go2_stair_interfaces/share/go2_stair_interfaces/local_setup.bash
[1.583s] -- Up-to-date symlink: /home/lukat/COGAR_ws/install/go2_stair_interfaces/share/go2_stair_interfaces/local_setup.sh
[1.585s] -- Up-to-date symlink: /home/lukat/COGAR_ws/install/go2_stair_interfaces/share/go2_stair_interfaces/local_setup.zsh
[1.586s] -- Up-to-date symlink: /home/lukat/COGAR_ws/install/go2_stair_interfaces/share/go2_stair_interfaces/local_setup.dsv
[1.586s] -- Symlinking: /home/lukat/COGAR_ws/install/go2_stair_interfaces/share/go2_stair_interfaces/package.dsv
[1.603s] -- Up-to-date symlink: /home/lukat/COGAR_ws/install/go2_stair_interfaces/share/ament_index/resource_index/packages/go2_stair_interfaces
[1.604s] -- Up-to-date symlink: /home/lukat/COGAR_ws/install/go2_stair_interfaces/share/go2_stair_interfaces/cmake/rosidl_cmake-extras.cmake
[1.605s] -- Up-to-date symlink: /home/lukat/COGAR_ws/install/go2_stair_interfaces/share/go2_stair_interfaces/cmake/ament_cmake_export_dependencies-extras.cmake
[1.606s] -- Up-to-date symlink: /home/lukat/COGAR_ws/install/go2_stair_interfaces/share/go2_stair_interfaces/cmake/ament_cmake_export_include_directories-extras.cmake
[1.607s] -- Up-to-date symlink: /home/lukat/COGAR_ws/install/go2_stair_interfaces/share/go2_stair_interfaces/cmake/ament_cmake_export_libraries-extras.cmake
[1.607s] -- Up-to-date symlink: /home/lukat/COGAR_ws/install/go2_stair_interfaces/share/go2_stair_interfaces/cmake/ament_cmake_export_targets-extras.cmake
[1.608s] -- Up-to-date symlink: /home/lukat/COGAR_ws/install/go2_stair_interfaces/share/go2_stair_interfaces/cmake/rosidl_cmake_export_typesupport_targets-extras.cmake
[1.608s] -- Up-to-date symlink: /home/lukat/COGAR_ws/install/go2_stair_interfaces/share/go2_stair_interfaces/cmake/rosidl_cmake_export_typesupport_libraries-extras.cmake
[1.609s] -- Up-to-date symlink: /home/lukat/COGAR_ws/install/go2_stair_interfaces/share/go2_stair_interfaces/cmake/go2_stair_interfacesConfig.cmake
[1.610s] -- Up-to-date symlink: /home/lukat/COGAR_ws/install/go2_stair_interfaces/share/go2_stair_interfaces/cmake/go2_stair_interfacesConfig-version.cmake
[1.610s] -- Up-to-date symlink: /home/lukat/COGAR_ws/install/go2_stair_interfaces/share/go2_stair_interfaces/package.xml
[1.613s] -- Up-to-date: /home/lukat/COGAR_ws/install/go2_stair_interfaces/lib/libgo2_stair_interfaces__rosidl_generator_c.so
[1.615s] -- Up-to-date: /home/lukat/COGAR_ws/install/go2_stair_interfaces/lib/libgo2_stair_interfaces__rosidl_typesupport_fastrtps_c.so
[1.618s] -- Up-to-date: /home/lukat/COGAR_ws/install/go2_stair_interfaces/lib/libgo2_stair_interfaces__rosidl_typesupport_fastrtps_cpp.so
[1.620s] -- Up-to-date: /home/lukat/COGAR_ws/install/go2_stair_interfaces/lib/libgo2_stair_interfaces__rosidl_typesupport_introspection_c.so
[1.622s] -- Up-to-date: /home/lukat/COGAR_ws/install/go2_stair_interfaces/lib/libgo2_stair_interfaces__rosidl_typesupport_c.so
[1.625s] -- Up-to-date: /home/lukat/COGAR_ws/install/go2_stair_interfaces/lib/libgo2_stair_interfaces__rosidl_typesupport_introspection_cpp.so
[1.627s] -- Up-to-date: /home/lukat/COGAR_ws/install/go2_stair_interfaces/lib/libgo2_stair_interfaces__rosidl_typesupport_cpp.so
[1.711s] Listing '/home/lukat/COGAR_ws/install/go2_stair_interfaces/local/lib/python3.10/dist-packages/go2_stair_interfaces'...
[1.712s] Listing '/home/lukat/COGAR_ws/install/go2_stair_interfaces/local/lib/python3.10/dist-packages/go2_stair_interfaces/msg'...
[1.725s] -- Up-to-date: /home/lukat/COGAR_ws/install/go2_stair_interfaces/lib/libgo2_stair_interfaces__rosidl_generator_py.so
[1.727s] -- Up-to-date: /home/lukat/COGAR_ws/install/go2_stair_interfaces/share/go2_stair_interfaces/cmake/export_go2_stair_interfaces__rosidl_generator_cExport.cmake
[1.727s] -- Up-to-date: /home/lukat/COGAR_ws/install/go2_stair_interfaces/share/go2_stair_interfaces/cmake/export_go2_stair_interfaces__rosidl_generator_cExport-noconfig.cmake
[1.729s] -- Up-to-date: /home/lukat/COGAR_ws/install/go2_stair_interfaces/share/go2_stair_interfaces/cmake/export_go2_stair_interfaces__rosidl_typesupport_fastrtps_cExport.cmake
[1.729s] -- Up-to-date: /home/lukat/COGAR_ws/install/go2_stair_interfaces/share/go2_stair_interfaces/cmake/export_go2_stair_interfaces__rosidl_typesupport_fastrtps_cExport-noconfig.cmake
[1.730s] -- Up-to-date: /home/lukat/COGAR_ws/install/go2_stair_interfaces/share/go2_stair_interfaces/cmake/export_go2_stair_interfaces__rosidl_generator_cppExport.cmake
[1.732s] -- Up-to-date: /home/lukat/COGAR_ws/install/go2_stair_interfaces/share/go2_stair_interfaces/cmake/export_go2_stair_interfaces__rosidl_typesupport_fastrtps_cppExport.cmake
[1.733s] -- Up-to-date: /home/lukat/COGAR_ws/install/go2_stair_interfaces/share/go2_stair_interfaces/cmake/export_go2_stair_interfaces__rosidl_typesupport_fastrtps_cppExport-noconfig.cmake
[1.734s] -- Up-to-date: /home/lukat/COGAR_ws/install/go2_stair_interfaces/share/go2_stair_interfaces/cmake/go2_stair_interfaces__rosidl_typesupport_introspection_cExport.cmake
[1.735s] -- Up-to-date: /home/lukat/COGAR_ws/install/go2_stair_interfaces/share/go2_stair_interfaces/cmake/go2_stair_interfaces__rosidl_typesupport_introspection_cExport-noconfig.cmake
[1.736s] -- Up-to-date: /home/lukat/COGAR_ws/install/go2_stair_interfaces/share/go2_stair_interfaces/cmake/go2_stair_interfaces__rosidl_typesupport_cExport.cmake
[1.737s] -- Up-to-date: /home/lukat/COGAR_ws/install/go2_stair_interfaces/share/go2_stair_interfaces/cmake/go2_stair_interfaces__rosidl_typesupport_cExport-noconfig.cmake
[1.739s] -- Up-to-date: /home/lukat/COGAR_ws/install/go2_stair_interfaces/share/go2_stair_interfaces/cmake/go2_stair_interfaces__rosidl_typesupport_introspection_cppExport.cmake
[1.739s] -- Up-to-date: /home/lukat/COGAR_ws/install/go2_stair_interfaces/share/go2_stair_interfaces/cmake/go2_stair_interfaces__rosidl_typesupport_introspection_cppExport-noconfig.cmake
[1.742s] -- Up-to-date: /home/lukat/COGAR_ws/install/go2_stair_interfaces/share/go2_stair_interfaces/cmake/go2_stair_interfaces__rosidl_typesupport_cppExport.cmake
[1.742s] -- Up-to-date: /home/lukat/COGAR_ws/install/go2_stair_interfaces/share/go2_stair_interfaces/cmake/go2_stair_interfaces__rosidl_typesupport_cppExport-noconfig.cmake
[1.744s] -- Up-to-date: /home/lukat/COGAR_ws/install/go2_stair_interfaces/share/go2_stair_interfaces/cmake/export_go2_stair_interfaces__rosidl_generator_pyExport.cmake
[1.745s] -- Up-to-date: /home/lukat/COGAR_ws/install/go2_stair_interfaces/share/go2_stair_interfaces/cmake/export_go2_stair_interfaces__rosidl_generator_pyExport-noconfig.cmake
[1.751s] Invoked command in '/home/lukat/COGAR_ws/build/go2_stair_interfaces' returned '0': CMAKE_PREFIX_PATH=${CMAKE_PREFIX_PATH}:/opt/ros/humble /usr/bin/cmake --install /home/lukat/COGAR_ws/build/go2_stair_interfaces
