[1.560s] Invoking command in '/home/lukat/COGAR_ws/src/go2_state_bridge': CMAKE_PREFIX_PATH=/home/lukat/COGAR_ws/install/go2_stair_interfaces:/home/lukat/unitree_mujoco_ws/COGAR_project/install/robot_interfaces:/home/lukat/unitree_ros2/cyclonedds_ws/install/unitree_go:/home/lukat/unitree_ros2/cyclonedds_ws/install/unitree_api LD_LIBRARY_PATH=/home/lukat/COGAR_ws/install/go2_stair_interfaces/lib:/home/lukat/unitree_mujoco_ws/COGAR_project/install/robot_interfaces/lib:/home/lukat/unitree_ros2/cyclonedds_ws/install/unitree_go/lib:/home/lukat/unitree_ros2/cyclonedds_ws/install/unitree_api/lib:/usr/lib/x86_64-linux-gnu/gazebo-11/plugins:/opt/ros/humble/opt/rviz_ogre_vendor/lib:/opt/ros/humble/lib/x86_64-linux-gnu:/opt/ros/humble/lib PYTHONPATH=/home/lukat/COGAR_ws/build/go2_state_bridge/prefix_override:/usr/lib/python3/dist-packages/colcon_core/task/python/colcon_distutils_commands:/home/lukat/COGAR_ws/install/go2_state_bridge/lib/python3.10/site-packages:${PYTHONPATH} /usr/bin/python3 -W ignore:setup.py install is deprecated -W ignore:easy_install command is deprecated setup.py egg_info --egg-base ../../build/go2_state_bridge build --build-base /home/lukat/COGAR_ws/build/go2_state_bridge/build install --record /home/lukat/COGAR_ws/build/go2_state_bridge/install.log --single-version-externally-managed install_data
[2.054s] running egg_info
[2.082s] writing ../../build/go2_state_bridge/go2_state_bridge.egg-info/PKG-INFO
[2.083s] writing dependency_links to ../../build/go2_state_bridge/go2_state_bridge.egg-info/dependency_links.txt
[2.083s] writing entry points to ../../build/go2_state_bridge/go2_state_bridge.egg-info/entry_points.txt
[2.084s] writing requirements to ../../build/go2_state_bridge/go2_state_bridge.egg-info/requires.txt
[2.084s] writing top-level names to ../../build/go2_state_bridge/go2_state_bridge.egg-info/top_level.txt
[2.152s] reading manifest file '../../build/go2_state_bridge/go2_state_bridge.egg-info/SOURCES.txt'
[2.154s] writing manifest file '../../build/go2_state_bridge/go2_state_bridge.egg-info/SOURCES.txt'
[2.155s] running build
[2.155s] running build_py
[2.155s] copying go2_state_bridge/state_bridge_node.py -> /home/lukat/COGAR_ws/build/go2_state_bridge/build/lib/go2_state_bridge
[2.157s] copying go2_state_bridge/__init__.py -> /home/lukat/COGAR_ws/build/go2_state_bridge/build/lib/go2_state_bridge
[2.158s] running install
[2.165s] running install_lib
[2.196s] running install_data
[2.196s] copying resource/go2_state_bridge -> /home/lukat/COGAR_ws/install/go2_state_bridge/share/ament_index/resource_index/packages
[2.196s] copying package.xml -> /home/lukat/COGAR_ws/install/go2_state_bridge/share/go2_state_bridge
[2.197s] running install_egg_info
[2.231s] removing '/home/lukat/COGAR_ws/install/go2_state_bridge/lib/python3.10/site-packages/go2_state_bridge-0.0.0-py3.10.egg-info' (and everything under it)
[2.231s] Copying ../../build/go2_state_bridge/go2_state_bridge.egg-info to /home/lukat/COGAR_ws/install/go2_state_bridge/lib/python3.10/site-packages/go2_state_bridge-0.0.0-py3.10.egg-info
[2.234s] running install_scripts
[2.458s] Installing state_bridge_node script to /home/lukat/COGAR_ws/install/go2_state_bridge/lib/go2_state_bridge
[2.459s] writing list of installed files to '/home/lukat/COGAR_ws/build/go2_state_bridge/install.log'
[2.507s] Invoked command in '/home/lukat/COGAR_ws/src/go2_state_bridge' returned '0': CMAKE_PREFIX_PATH=/home/lukat/COGAR_ws/install/go2_stair_interfaces:/home/lukat/unitree_mujoco_ws/COGAR_project/install/robot_interfaces:/home/lukat/unitree_ros2/cyclonedds_ws/install/unitree_go:/home/lukat/unitree_ros2/cyclonedds_ws/install/unitree_api LD_LIBRARY_PATH=/home/lukat/COGAR_ws/install/go2_stair_interfaces/lib:/home/lukat/unitree_mujoco_ws/COGAR_project/install/robot_interfaces/lib:/home/lukat/unitree_ros2/cyclonedds_ws/install/unitree_go/lib:/home/lukat/unitree_ros2/cyclonedds_ws/install/unitree_api/lib:/usr/lib/x86_64-linux-gnu/gazebo-11/plugins:/opt/ros/humble/opt/rviz_ogre_vendor/lib:/opt/ros/humble/lib/x86_64-linux-gnu:/opt/ros/humble/lib PYTHONPATH=/home/lukat/COGAR_ws/build/go2_state_bridge/prefix_override:/usr/lib/python3/dist-packages/colcon_core/task/python/colcon_distutils_commands:/home/lukat/COGAR_ws/install/go2_state_bridge/lib/python3.10/site-packages:${PYTHONPATH} /usr/bin/python3 -W ignore:setup.py install is deprecated -W ignore:easy_install command is deprecated setup.py egg_info --egg-base ../../build/go2_state_bridge build --build-base /home/lukat/COGAR_ws/build/go2_state_bridge/build install --record /home/lukat/COGAR_ws/build/go2_state_bridge/install.log --single-version-externally-managed install_data
