[0.156s] DEBUG:colcon:Command line arguments: ['/usr/bin/colcon', 'build', '--packages-select', 'go2_stair_interfaces', '--symlink-install']
[0.156s] DEBUG:colcon:Parsed command line arguments: Namespace(log_base=None, log_level=None, verb_name='build', build_base='build', install_base='install', merge_install=False, symlink_install=True, test_result_base=None, continue_on_error=False, executor='parallel', parallel_workers=8, event_handlers=None, ignore_user_meta=False, metas=['./colcon.meta'], base_paths=['.'], packages_ignore=None, packages_ignore_regex=None, paths=None, packages_up_to=None, packages_up_to_regex=None, packages_above=None, packages_above_and_dependencies=None, packages_above_depth=None, packages_select_by_dep=None, packages_skip_by_dep=None, packages_skip_up_to=None, packages_select_build_failed=False, packages_skip_build_finished=False, packages_select_test_failures=False, packages_skip_test_passed=False, packages_select=['go2_stair_interfaces'], packages_skip=None, packages_select_regex=None, packages_skip_regex=None, packages_start=None, packages_end=None, allow_overriding=[], cmake_args=None, cmake_target=None, cmake_target_skip_unavailable=False, cmake_clean_cache=False, cmake_clean_first=False, cmake_force_configure=False, ament_cmake_args=None, catkin_cmake_args=None, catkin_skip_building_tests=False, mixin_files=None, mixin=None, verb_parser=<colcon_mixin.mixin.mixin_argument.MixinArgumentDecorator object at 0x760ef11479d0>, verb_extension=<colcon_core.verb.build.BuildVerb object at 0x760ef1147340>, main=<bound method BuildVerb.main of <colcon_core.verb.build.BuildVerb object at 0x760ef1147340>>, mixin_verb=('build',))
[0.204s] Level 1:colcon.colcon_core.package_discovery:discover_packages(colcon_meta) check parameters
[0.204s] Level 1:colcon.colcon_core.package_discovery:discover_packages(recursive) check parameters
[0.204s] Level 1:colcon.colcon_core.package_discovery:discover_packages(ignore) check parameters
[0.204s] Level 1:colcon.colcon_core.package_discovery:discover_packages(path) check parameters
[0.204s] Level 1:colcon.colcon_core.package_discovery:discover_packages(colcon_meta) discover
[0.204s] Level 1:colcon.colcon_core.package_discovery:discover_packages(recursive) discover
[0.204s] INFO:colcon.colcon_core.package_discovery:Crawling recursively for packages in '/home/lukat/COGAR_ws'
[0.204s] Level 1:colcon.colcon_core.package_identification:_identify(.) by extensions ['ignore', 'ignore_ament_install']
[0.205s] Level 1:colcon.colcon_core.package_identification:_identify(.) by extension 'ignore'
[0.205s] Level 1:colcon.colcon_core.package_identification:_identify(.) by extension 'ignore_ament_install'
[0.205s] Level 1:colcon.colcon_core.package_identification:_identify(.) by extensions ['colcon_pkg']
[0.205s] Level 1:colcon.colcon_core.package_identification:_identify(.) by extension 'colcon_pkg'
[0.205s] Level 1:colcon.colcon_core.package_identification:_identify(.) by extensions ['colcon_meta']
[0.205s] Level 1:colcon.colcon_core.package_identification:_identify(.) by extension 'colcon_meta'
[0.205s] Level 1:colcon.colcon_core.package_identification:_identify(.) by extensions ['ros']
[0.205s] Level 1:colcon.colcon_core.package_identification:_identify(.) by extension 'ros'
[0.221s] Level 1:colcon.colcon_core.package_identification:_identify(.) by extensions ['cmake', 'python']
[0.221s] Level 1:colcon.colcon_core.package_identification:_identify(.) by extension 'cmake'
[0.221s] Level 1:colcon.colcon_core.package_identification:_identify(.) by extension 'python'
[0.221s] Level 1:colcon.colcon_core.package_identification:_identify(.) by extensions ['python_setup_py']
[0.221s] Level 1:colcon.colcon_core.package_identification:_identify(.) by extension 'python_setup_py'
[0.221s] Level 1:colcon.colcon_core.package_identification:_identify(build) by extensions ['ignore', 'ignore_ament_install']
[0.221s] Level 1:colcon.colcon_core.package_identification:_identify(build) by extension 'ignore'
[0.221s] Level 1:colcon.colcon_core.package_identification:_identify(build) ignored
[0.221s] Level 1:colcon.colcon_core.package_identification:_identify(install) by extensions ['ignore', 'ignore_ament_install']
[0.221s] Level 1:colcon.colcon_core.package_identification:_identify(install) by extension 'ignore'
[0.222s] Level 1:colcon.colcon_core.package_identification:_identify(install) ignored
[0.222s] Level 1:colcon.colcon_core.package_identification:_identify(log) by extensions ['ignore', 'ignore_ament_install']
[0.222s] Level 1:colcon.colcon_core.package_identification:_identify(log) by extension 'ignore'
[0.222s] Level 1:colcon.colcon_core.package_identification:_identify(log) ignored
[0.222s] Level 1:colcon.colcon_core.package_identification:_identify(src) by extensions ['ignore', 'ignore_ament_install']
[0.222s] Level 1:colcon.colcon_core.package_identification:_identify(src) by extension 'ignore'
[0.222s] Level 1:colcon.colcon_core.package_identification:_identify(src) by extension 'ignore_ament_install'
[0.222s] Level 1:colcon.colcon_core.package_identification:_identify(src) by extensions ['colcon_pkg']
[0.222s] Level 1:colcon.colcon_core.package_identification:_identify(src) by extension 'colcon_pkg'
[0.222s] Level 1:colcon.colcon_core.package_identification:_identify(src) by extensions ['colcon_meta']
[0.222s] Level 1:colcon.colcon_core.package_identification:_identify(src) by extension 'colcon_meta'
[0.222s] Level 1:colcon.colcon_core.package_identification:_identify(src) by extensions ['ros']
[0.222s] Level 1:colcon.colcon_core.package_identification:_identify(src) by extension 'ros'
[0.222s] Level 1:colcon.colcon_core.package_identification:_identify(src) by extensions ['cmake', 'python']
[0.222s] Level 1:colcon.colcon_core.package_identification:_identify(src) by extension 'cmake'
[0.222s] Level 1:colcon.colcon_core.package_identification:_identify(src) by extension 'python'
[0.222s] Level 1:colcon.colcon_core.package_identification:_identify(src) by extensions ['python_setup_py']
[0.222s] Level 1:colcon.colcon_core.package_identification:_identify(src) by extension 'python_setup_py'
[0.223s] Level 1:colcon.colcon_core.package_identification:_identify(src/go2_stair_interfaces) by extensions ['ignore', 'ignore_ament_install']
[0.223s] Level 1:colcon.colcon_core.package_identification:_identify(src/go2_stair_interfaces) by extension 'ignore'
[0.223s] Level 1:colcon.colcon_core.package_identification:_identify(src/go2_stair_interfaces) by extension 'ignore_ament_install'
[0.223s] Level 1:colcon.colcon_core.package_identification:_identify(src/go2_stair_interfaces) by extensions ['colcon_pkg']
[0.223s] Level 1:colcon.colcon_core.package_identification:_identify(src/go2_stair_interfaces) by extension 'colcon_pkg'
[0.223s] Level 1:colcon.colcon_core.package_identification:_identify(src/go2_stair_interfaces) by extensions ['colcon_meta']
[0.223s] Level 1:colcon.colcon_core.package_identification:_identify(src/go2_stair_interfaces) by extension 'colcon_meta'
[0.223s] Level 1:colcon.colcon_core.package_identification:_identify(src/go2_stair_interfaces) by extensions ['ros']
[0.223s] Level 1:colcon.colcon_core.package_identification:_identify(src/go2_stair_interfaces) by extension 'ros'
[0.225s] DEBUG:colcon.colcon_core.package_identification:Package 'src/go2_stair_interfaces' with type 'ros.ament_cmake' and name 'go2_stair_interfaces'
[0.225s] Level 1:colcon.colcon_core.package_discovery:discover_packages(recursive) using defaults
[0.225s] Level 1:colcon.colcon_core.package_discovery:discover_packages(ignore) discover
[0.225s] Level 1:colcon.colcon_core.package_discovery:discover_packages(ignore) using defaults
[0.226s] Level 1:colcon.colcon_core.package_discovery:discover_packages(path) discover
[0.226s] Level 1:colcon.colcon_core.package_discovery:discover_packages(path) using defaults
[0.248s] Level 1:colcon.colcon_core.package_discovery:discover_packages(prefix_path) check parameters
[0.248s] Level 1:colcon.colcon_core.package_discovery:discover_packages(prefix_path) discover
[0.250s] DEBUG:colcon.colcon_installed_package_information.package_discovery:Found 2 installed packages in /home/lukat/unitree_ros2/cyclonedds_ws/install
[0.251s] DEBUG:colcon.colcon_installed_package_information.package_discovery:Found 342 installed packages in /opt/ros/humble
[0.253s] Level 1:colcon.colcon_core.package_discovery:discover_packages(prefix_path) using defaults
[0.299s] Level 5:colcon.colcon_core.verb:set package 'go2_stair_interfaces' build argument 'cmake_args' from command line to 'None'
[0.299s] Level 5:colcon.colcon_core.verb:set package 'go2_stair_interfaces' build argument 'cmake_target' from command line to 'None'
[0.299s] Level 5:colcon.colcon_core.verb:set package 'go2_stair_interfaces' build argument 'cmake_target_skip_unavailable' from command line to 'False'
[0.299s] Level 5:colcon.colcon_core.verb:set package 'go2_stair_interfaces' build argument 'cmake_clean_cache' from command line to 'False'
[0.299s] Level 5:colcon.colcon_core.verb:set package 'go2_stair_interfaces' build argument 'cmake_clean_first' from command line to 'False'
[0.299s] Level 5:colcon.colcon_core.verb:set package 'go2_stair_interfaces' build argument 'cmake_force_configure' from command line to 'False'
[0.299s] Level 5:colcon.colcon_core.verb:set package 'go2_stair_interfaces' build argument 'ament_cmake_args' from command line to 'None'
[0.299s] Level 5:colcon.colcon_core.verb:set package 'go2_stair_interfaces' build argument 'catkin_cmake_args' from command line to 'None'
[0.299s] Level 5:colcon.colcon_core.verb:set package 'go2_stair_interfaces' build argument 'catkin_skip_building_tests' from command line to 'False'
[0.299s] DEBUG:colcon.colcon_core.verb:Building package 'go2_stair_interfaces' with the following arguments: {'ament_cmake_args': None, 'build_base': '/home/lukat/COGAR_ws/build/go2_stair_interfaces', 'catkin_cmake_args': None, 'catkin_skip_building_tests': False, 'cmake_args': None, 'cmake_clean_cache': False, 'cmake_clean_first': False, 'cmake_force_configure': False, 'cmake_target': None, 'cmake_target_skip_unavailable': False, 'install_base': '/home/lukat/COGAR_ws/install/go2_stair_interfaces', 'merge_install': False, 'path': '/home/lukat/COGAR_ws/src/go2_stair_interfaces', 'symlink_install': True, 'test_result_base': None}
[0.300s] INFO:colcon.colcon_core.executor:Executing jobs using 'parallel' executor
[0.301s] DEBUG:colcon.colcon_parallel_executor.executor.parallel:run_until_complete
[0.301s] INFO:colcon.colcon_ros.task.ament_cmake.build:Building ROS package in '/home/lukat/COGAR_ws/src/go2_stair_interfaces' with build type 'ament_cmake'
[0.301s] INFO:colcon.colcon_cmake.task.cmake.build:Building CMake package in '/home/lukat/COGAR_ws/src/go2_stair_interfaces'
[0.304s] INFO:colcon.colcon_core.plugin_system:Skipping extension 'colcon_core.shell.bat': Not used on non-Windows systems
[0.305s] INFO:colcon.colcon_core.shell:Skip shell extension 'powershell' for command environment: Not usable outside of PowerShell
[0.305s] DEBUG:colcon.colcon_core.shell:Skip shell extension 'dsv' for command environment
[0.323s] DEBUG:colcon.colcon_core.event_handler.log_command:Invoking command in '/home/lukat/COGAR_ws/build/go2_stair_interfaces': CMAKE_PREFIX_PATH=${CMAKE_PREFIX_PATH}:/opt/ros/humble /usr/bin/cmake /home/lukat/COGAR_ws/src/go2_stair_interfaces -DAMENT_CMAKE_SYMLINK_INSTALL=1 -DCMAKE_INSTALL_PREFIX=/home/lukat/COGAR_ws/install/go2_stair_interfaces
[2.392s] DEBUG:colcon.colcon_core.event_handler.log_command:Invoked command in '/home/lukat/COGAR_ws/build/go2_stair_interfaces' returned '0': CMAKE_PREFIX_PATH=${CMAKE_PREFIX_PATH}:/opt/ros/humble /usr/bin/cmake /home/lukat/COGAR_ws/src/go2_stair_interfaces -DAMENT_CMAKE_SYMLINK_INSTALL=1 -DCMAKE_INSTALL_PREFIX=/home/lukat/COGAR_ws/install/go2_stair_interfaces
[2.392s] DEBUG:colcon.colcon_core.event_handler.log_command:Invoking command in '/home/lukat/COGAR_ws/build/go2_stair_interfaces': CMAKE_PREFIX_PATH=${CMAKE_PREFIX_PATH}:/opt/ros/humble /usr/bin/cmake --build /home/lukat/COGAR_ws/build/go2_stair_interfaces -- -j8 -l8
[6.376s] DEBUG:colcon.colcon_core.event_handler.log_command:Invoked command in '/home/lukat/COGAR_ws/build/go2_stair_interfaces' returned '0': CMAKE_PREFIX_PATH=${CMAKE_PREFIX_PATH}:/opt/ros/humble /usr/bin/cmake --build /home/lukat/COGAR_ws/build/go2_stair_interfaces -- -j8 -l8
[6.389s] DEBUG:colcon.colcon_core.event_handler.log_command:Invoking command in '/home/lukat/COGAR_ws/build/go2_stair_interfaces': CMAKE_PREFIX_PATH=${CMAKE_PREFIX_PATH}:/opt/ros/humble /usr/bin/cmake --install /home/lukat/COGAR_ws/build/go2_stair_interfaces
[7.214s] Level 1:colcon.colcon_core.environment:create_environment_scripts_only(go2_stair_interfaces)
[7.215s] DEBUG:colcon.colcon_core.event_handler.log_command:Invoked command in '/home/lukat/COGAR_ws/build/go2_stair_interfaces' returned '0': CMAKE_PREFIX_PATH=${CMAKE_PREFIX_PATH}:/opt/ros/humble /usr/bin/cmake --install /home/lukat/COGAR_ws/build/go2_stair_interfaces
[7.233s] Level 1:colcon.colcon_core.environment:checking '/home/lukat/COGAR_ws/install/go2_stair_interfaces' for CMake module files
[7.234s] Level 1:colcon.colcon_core.environment:checking '/home/lukat/COGAR_ws/install/go2_stair_interfaces' for CMake config files
[7.235s] Level 1:colcon.colcon_core.shell:create_environment_hook('go2_stair_interfaces', 'cmake_prefix_path')
[7.235s] INFO:colcon.colcon_core.shell:Creating environment hook '/home/lukat/COGAR_ws/install/go2_stair_interfaces/share/go2_stair_interfaces/hook/cmake_prefix_path.ps1'
[7.238s] INFO:colcon.colcon_core.shell:Creating environment descriptor '/home/lukat/COGAR_ws/install/go2_stair_interfaces/share/go2_stair_interfaces/hook/cmake_prefix_path.dsv'
[7.242s] INFO:colcon.colcon_core.shell:Creating environment hook '/home/lukat/COGAR_ws/install/go2_stair_interfaces/share/go2_stair_interfaces/hook/cmake_prefix_path.sh'
[7.244s] Level 1:colcon.colcon_core.environment:checking '/home/lukat/COGAR_ws/install/go2_stair_interfaces/lib'
[7.244s] Level 1:colcon.colcon_core.shell:create_environment_hook('go2_stair_interfaces', 'ld_library_path_lib')
[7.244s] INFO:colcon.colcon_core.shell:Creating environment hook '/home/lukat/COGAR_ws/install/go2_stair_interfaces/share/go2_stair_interfaces/hook/ld_library_path_lib.ps1'
[7.245s] INFO:colcon.colcon_core.shell:Creating environment descriptor '/home/lukat/COGAR_ws/install/go2_stair_interfaces/share/go2_stair_interfaces/hook/ld_library_path_lib.dsv'
[7.245s] INFO:colcon.colcon_core.shell:Creating environment hook '/home/lukat/COGAR_ws/install/go2_stair_interfaces/share/go2_stair_interfaces/hook/ld_library_path_lib.sh'
[7.245s] Level 1:colcon.colcon_core.environment:checking '/home/lukat/COGAR_ws/install/go2_stair_interfaces/bin'
[7.245s] Level 1:colcon.colcon_core.environment:checking '/home/lukat/COGAR_ws/install/go2_stair_interfaces/lib/pkgconfig/go2_stair_interfaces.pc'
[7.246s] Level 1:colcon.colcon_core.environment:checking '/home/lukat/COGAR_ws/install/go2_stair_interfaces/lib/python3.10/site-packages'
[7.246s] Level 1:colcon.colcon_core.environment:checking '/home/lukat/COGAR_ws/install/go2_stair_interfaces/bin'
[7.246s] INFO:colcon.colcon_core.shell:Creating package script '/home/lukat/COGAR_ws/install/go2_stair_interfaces/share/go2_stair_interfaces/package.ps1'
[7.249s] INFO:colcon.colcon_core.shell:Creating package descriptor '/home/lukat/COGAR_ws/install/go2_stair_interfaces/share/go2_stair_interfaces/package.dsv'
[7.250s] INFO:colcon.colcon_core.shell:Creating package script '/home/lukat/COGAR_ws/install/go2_stair_interfaces/share/go2_stair_interfaces/package.sh'
[7.252s] INFO:colcon.colcon_core.shell:Creating package script '/home/lukat/COGAR_ws/install/go2_stair_interfaces/share/go2_stair_interfaces/package.bash'
[7.254s] INFO:colcon.colcon_core.shell:Creating package script '/home/lukat/COGAR_ws/install/go2_stair_interfaces/share/go2_stair_interfaces/package.zsh'
[7.255s] Level 1:colcon.colcon_core.environment:create_file_with_runtime_dependencies(/home/lukat/COGAR_ws/install/go2_stair_interfaces/share/colcon-core/packages/go2_stair_interfaces)
[7.256s] Level 1:colcon.colcon_core.environment:create_environment_scripts_only(go2_stair_interfaces)
[7.257s] Level 1:colcon.colcon_core.environment:checking '/home/lukat/COGAR_ws/install/go2_stair_interfaces' for CMake module files
[7.257s] Level 1:colcon.colcon_core.environment:checking '/home/lukat/COGAR_ws/install/go2_stair_interfaces' for CMake config files
[7.258s] Level 1:colcon.colcon_core.shell:create_environment_hook('go2_stair_interfaces', 'cmake_prefix_path')
[7.258s] INFO:colcon.colcon_core.shell:Creating environment hook '/home/lukat/COGAR_ws/install/go2_stair_interfaces/share/go2_stair_interfaces/hook/cmake_prefix_path.ps1'
[7.258s] INFO:colcon.colcon_core.shell:Creating environment descriptor '/home/lukat/COGAR_ws/install/go2_stair_interfaces/share/go2_stair_interfaces/hook/cmake_prefix_path.dsv'
[7.259s] INFO:colcon.colcon_core.shell:Creating environment hook '/home/lukat/COGAR_ws/install/go2_stair_interfaces/share/go2_stair_interfaces/hook/cmake_prefix_path.sh'
[7.259s] Level 1:colcon.colcon_core.environment:checking '/home/lukat/COGAR_ws/install/go2_stair_interfaces/lib'
[7.259s] Level 1:colcon.colcon_core.shell:create_environment_hook('go2_stair_interfaces', 'ld_library_path_lib')
[7.260s] INFO:colcon.colcon_core.shell:Creating environment hook '/home/lukat/COGAR_ws/install/go2_stair_interfaces/share/go2_stair_interfaces/hook/ld_library_path_lib.ps1'
[7.260s] INFO:colcon.colcon_core.shell:Creating environment descriptor '/home/lukat/COGAR_ws/install/go2_stair_interfaces/share/go2_stair_interfaces/hook/ld_library_path_lib.dsv'
[7.261s] INFO:colcon.colcon_core.shell:Creating environment hook '/home/lukat/COGAR_ws/install/go2_stair_interfaces/share/go2_stair_interfaces/hook/ld_library_path_lib.sh'
[7.261s] Level 1:colcon.colcon_core.environment:checking '/home/lukat/COGAR_ws/install/go2_stair_interfaces/bin'
[7.261s] Level 1:colcon.colcon_core.environment:checking '/home/lukat/COGAR_ws/install/go2_stair_interfaces/lib/pkgconfig/go2_stair_interfaces.pc'
[7.262s] Level 1:colcon.colcon_core.environment:checking '/home/lukat/COGAR_ws/install/go2_stair_interfaces/lib/python3.10/site-packages'
[7.262s] Level 1:colcon.colcon_core.environment:checking '/home/lukat/COGAR_ws/install/go2_stair_interfaces/bin'
[7.262s] INFO:colcon.colcon_core.shell:Creating package script '/home/lukat/COGAR_ws/install/go2_stair_interfaces/share/go2_stair_interfaces/package.ps1'
[7.264s] INFO:colcon.colcon_core.shell:Creating package descriptor '/home/lukat/COGAR_ws/install/go2_stair_interfaces/share/go2_stair_interfaces/package.dsv'
[7.265s] INFO:colcon.colcon_core.shell:Creating package script '/home/lukat/COGAR_ws/install/go2_stair_interfaces/share/go2_stair_interfaces/package.sh'
[7.265s] INFO:colcon.colcon_core.shell:Creating package script '/home/lukat/COGAR_ws/install/go2_stair_interfaces/share/go2_stair_interfaces/package.bash'
[7.266s] INFO:colcon.colcon_core.shell:Creating package script '/home/lukat/COGAR_ws/install/go2_stair_interfaces/share/go2_stair_interfaces/package.zsh'
[7.266s] Level 1:colcon.colcon_core.environment:create_file_with_runtime_dependencies(/home/lukat/COGAR_ws/install/go2_stair_interfaces/share/colcon-core/packages/go2_stair_interfaces)
[7.267s] DEBUG:colcon.colcon_parallel_executor.executor.parallel:closing loop
[7.268s] DEBUG:colcon.colcon_parallel_executor.executor.parallel:loop closed
[7.268s] DEBUG:colcon.colcon_parallel_executor.executor.parallel:run_until_complete finished with '0'
[7.268s] DEBUG:colcon.colcon_core.event_reactor:joining thread
[7.292s] INFO:colcon.colcon_core.plugin_system:Skipping extension 'colcon_notification.desktop_notification.notify_send': Could not find 'notify-send'
[7.292s] INFO:colcon.colcon_core.plugin_system:Skipping extension 'colcon_notification.desktop_notification.terminal_notifier': Not used on non-Darwin systems
[7.292s] INFO:colcon.colcon_core.plugin_system:Skipping extension 'colcon_notification.desktop_notification.win32': Not used on non-Windows systems
[7.292s] INFO:colcon.colcon_notification.desktop_notification:Sending desktop notification using 'notify2'
[7.292s] DEBUG:colcon.colcon_notification.desktop_notification.notify2:Failed to initialize notify2: org.freedesktop.DBus.Error.FileNotFound: Failed to connect to socket /run/user/1000/bus: No such file or directory
[7.293s] DEBUG:colcon.colcon_core.event_reactor:joined thread
[7.293s] INFO:colcon.colcon_core.shell:Creating prefix script '/home/lukat/COGAR_ws/install/local_setup.ps1'
[7.294s] INFO:colcon.colcon_core.shell:Creating prefix util module '/home/lukat/COGAR_ws/install/_local_setup_util_ps1.py'
[7.295s] INFO:colcon.colcon_core.shell:Creating prefix chain script '/home/lukat/COGAR_ws/install/setup.ps1'
[7.297s] INFO:colcon.colcon_core.shell:Creating prefix script '/home/lukat/COGAR_ws/install/local_setup.sh'
[7.298s] INFO:colcon.colcon_core.shell:Creating prefix util module '/home/lukat/COGAR_ws/install/_local_setup_util_sh.py'
[7.299s] INFO:colcon.colcon_core.shell:Creating prefix chain script '/home/lukat/COGAR_ws/install/setup.sh'
[7.301s] INFO:colcon.colcon_core.shell:Creating prefix script '/home/lukat/COGAR_ws/install/local_setup.bash'
[7.301s] INFO:colcon.colcon_core.shell:Creating prefix chain script '/home/lukat/COGAR_ws/install/setup.bash'
[7.302s] INFO:colcon.colcon_core.shell:Creating prefix script '/home/lukat/COGAR_ws/install/local_setup.zsh'
[7.303s] INFO:colcon.colcon_core.shell:Creating prefix chain script '/home/lukat/COGAR_ws/install/setup.zsh'
