[2.783s] Invoking command in '/home/lukat/COGAR_ws/src/go2_safety_monitor': AMENT_PREFIX_PATH=/home/lukat/COGAR_ws/install/go2_stair_interfaces:${AMENT_PREFIX_PATH} CMAKE_PREFIX_PATH=/home/lukat/COGAR_ws/install/go2_stair_interfaces:${CMAKE_PREFIX_PATH} LD_LIBRARY_PATH=/home/lukat/COGAR_ws/install/go2_stair_interfaces/lib:${LD_LIBRARY_PATH} PYTHONPATH=/home/lukat/COGAR_ws/build/go2_safety_monitor/prefix_override:/usr/lib/python3/dist-packages/colcon_core/task/python/colcon_distutils_commands:/home/lukat/COGAR_ws/install/go2_safety_monitor/lib/python3.10/site-packages:/home/lukat/COGAR_ws/install/go2_stair_interfaces/local/lib/python3.10/dist-packages:${PYTHONPATH} /usr/bin/python3 -W ignore:setup.py install is deprecated -W ignore:easy_install command is deprecated setup.py egg_info --egg-base ../../build/go2_safety_monitor build --build-base /home/lukat/COGAR_ws/build/go2_safety_monitor/build install --record /home/lukat/COGAR_ws/build/go2_safety_monitor/install.log --single-version-externally-managed install_data
[3.550s] running egg_info
[3.591s] writing ../../build/go2_safety_monitor/go2_safety_monitor.egg-info/PKG-INFO
[3.594s] writing dependency_links to ../../build/go2_safety_monitor/go2_safety_monitor.egg-info/dependency_links.txt
[3.595s] writing entry points to ../../build/go2_safety_monitor/go2_safety_monitor.egg-info/entry_points.txt
[3.597s] writing requirements to ../../build/go2_safety_monitor/go2_safety_monitor.egg-info/requires.txt
[3.599s] writing top-level names to ../../build/go2_safety_monitor/go2_safety_monitor.egg-info/top_level.txt
[3.690s] reading manifest file '../../build/go2_safety_monitor/go2_safety_monitor.egg-info/SOURCES.txt'
[3.693s] writing manifest file '../../build/go2_safety_monitor/go2_safety_monitor.egg-info/SOURCES.txt'
[3.694s] running build
[3.694s] running build_py
[3.694s] copying go2_safety_monitor/__init__.py -> /home/lukat/COGAR_ws/build/go2_safety_monitor/build/lib/go2_safety_monitor
[3.696s] copying go2_safety_monitor/safety_monitor_node.py -> /home/lukat/COGAR_ws/build/go2_safety_monitor/build/lib/go2_safety_monitor
[3.698s] running install
[3.708s] running install_lib
[3.748s] running install_data
[3.749s] copying resource/go2_safety_monitor -> /home/lukat/COGAR_ws/install/go2_safety_monitor/share/ament_index/resource_index/packages
[3.750s] copying package.xml -> /home/lukat/COGAR_ws/install/go2_safety_monitor/share/go2_safety_monitor
[3.751s] running install_egg_info
[3.791s] removing '/home/lukat/COGAR_ws/install/go2_safety_monitor/lib/python3.10/site-packages/go2_safety_monitor-0.0.0-py3.10.egg-info' (and everything under it)
[3.793s] Copying ../../build/go2_safety_monitor/go2_safety_monitor.egg-info to /home/lukat/COGAR_ws/install/go2_safety_monitor/lib/python3.10/site-packages/go2_safety_monitor-0.0.0-py3.10.egg-info
[3.799s] running install_scripts
[4.108s] Installing safety_monitor_node script to /home/lukat/COGAR_ws/install/go2_safety_monitor/lib/go2_safety_monitor
[4.109s] writing list of installed files to '/home/lukat/COGAR_ws/build/go2_safety_monitor/install.log'
[4.187s] Invoked command in '/home/lukat/COGAR_ws/src/go2_safety_monitor' returned '0': AMENT_PREFIX_PATH=/home/lukat/COGAR_ws/install/go2_stair_interfaces:${AMENT_PREFIX_PATH} CMAKE_PREFIX_PATH=/home/lukat/COGAR_ws/install/go2_stair_interfaces:${CMAKE_PREFIX_PATH} LD_LIBRARY_PATH=/home/lukat/COGAR_ws/install/go2_stair_interfaces/lib:${LD_LIBRARY_PATH} PYTHONPATH=/home/lukat/COGAR_ws/build/go2_safety_monitor/prefix_override:/usr/lib/python3/dist-packages/colcon_core/task/python/colcon_distutils_commands:/home/lukat/COGAR_ws/install/go2_safety_monitor/lib/python3.10/site-packages:/home/lukat/COGAR_ws/install/go2_stair_interfaces/local/lib/python3.10/dist-packages:${PYTHONPATH} /usr/bin/python3 -W ignore:setup.py install is deprecated -W ignore:easy_install command is deprecated setup.py egg_info --egg-base ../../build/go2_safety_monitor build --build-base /home/lukat/COGAR_ws/build/go2_safety_monitor/build install --record /home/lukat/COGAR_ws/build/go2_safety_monitor/install.log --single-version-externally-managed install_data
