[1.531s] Invoking command in '/home/lukat/COGAR_ws/src/go2_safety_monitor': CMAKE_PREFIX_PATH=/home/lukat/COGAR_ws/install/go2_stair_interfaces:/home/lukat/unitree_mujoco_ws/COGAR_project/install/robot_interfaces:/home/lukat/unitree_ros2/cyclonedds_ws/install/unitree_go:/home/lukat/unitree_ros2/cyclonedds_ws/install/unitree_api LD_LIBRARY_PATH=/home/lukat/COGAR_ws/install/go2_stair_interfaces/lib:/home/lukat/unitree_mujoco_ws/COGAR_project/install/robot_interfaces/lib:/home/lukat/unitree_ros2/cyclonedds_ws/install/unitree_go/lib:/home/lukat/unitree_ros2/cyclonedds_ws/install/unitree_api/lib:/usr/lib/x86_64-linux-gnu/gazebo-11/plugins:/opt/ros/humble/opt/rviz_ogre_vendor/lib:/opt/ros/humble/lib/x86_64-linux-gnu:/opt/ros/humble/lib PYTHONPATH=/home/lukat/COGAR_ws/build/go2_safety_monitor/prefix_override:/usr/lib/python3/dist-packages/colcon_core/task/python/colcon_distutils_commands:/home/lukat/COGAR_ws/install/go2_safety_monitor/lib/python3.10/site-packages:${PYTHONPATH} /usr/bin/python3 -W ignore:setup.py install is deprecated -W ignore:easy_install command is deprecated setup.py egg_info --egg-base ../../build/go2_safety_monitor build --build-base /home/lukat/COGAR_ws/build/go2_safety_monitor/build install --record /home/lukat/COGAR_ws/build/go2_safety_monitor/install.log --single-version-externally-managed install_data
[2.020s] running egg_info
[2.055s] writing ../../build/go2_safety_monitor/go2_safety_monitor.egg-info/PKG-INFO
[2.056s] writing dependency_links to ../../build/go2_safety_monitor/go2_safety_monitor.egg-info/dependency_links.txt
[2.056s] writing entry points to ../../build/go2_safety_monitor/go2_safety_monitor.egg-info/entry_points.txt
[2.057s] writing requirements to ../../build/go2_safety_monitor/go2_safety_monitor.egg-info/requires.txt
[2.058s] writing top-level names to ../../build/go2_safety_monitor/go2_safety_monitor.egg-info/top_level.txt
[2.117s] reading manifest file '../../build/go2_safety_monitor/go2_safety_monitor.egg-info/SOURCES.txt'
[2.119s] writing manifest file '../../build/go2_safety_monitor/go2_safety_monitor.egg-info/SOURCES.txt'
[2.120s] running build
[2.120s] running build_py
[2.120s] copying go2_safety_monitor/__init__.py -> /home/lukat/COGAR_ws/build/go2_safety_monitor/build/lib/go2_safety_monitor
[2.121s] copying go2_safety_monitor/safety_monitor_node.py -> /home/lukat/COGAR_ws/build/go2_safety_monitor/build/lib/go2_safety_monitor
[2.122s] running install
[2.131s] running install_lib
[2.171s] running install_data
[2.171s] copying resource/go2_safety_monitor -> /home/lukat/COGAR_ws/install/go2_safety_monitor/share/ament_index/resource_index/packages
[2.172s] copying package.xml -> /home/lukat/COGAR_ws/install/go2_safety_monitor/share/go2_safety_monitor
[2.172s] running install_egg_info
[2.204s] removing '/home/lukat/COGAR_ws/install/go2_safety_monitor/lib/python3.10/site-packages/go2_safety_monitor-0.0.0-py3.10.egg-info' (and everything under it)
[2.206s] Copying ../../build/go2_safety_monitor/go2_safety_monitor.egg-info to /home/lukat/COGAR_ws/install/go2_safety_monitor/lib/python3.10/site-packages/go2_safety_monitor-0.0.0-py3.10.egg-info
[2.209s] running install_scripts
[2.427s] Installing safety_monitor_node script to /home/lukat/COGAR_ws/install/go2_safety_monitor/lib/go2_safety_monitor
[2.428s] writing list of installed files to '/home/lukat/COGAR_ws/build/go2_safety_monitor/install.log'
[2.481s] Invoked command in '/home/lukat/COGAR_ws/src/go2_safety_monitor' returned '0': CMAKE_PREFIX_PATH=/home/lukat/COGAR_ws/install/go2_stair_interfaces:/home/lukat/unitree_mujoco_ws/COGAR_project/install/robot_interfaces:/home/lukat/unitree_ros2/cyclonedds_ws/install/unitree_go:/home/lukat/unitree_ros2/cyclonedds_ws/install/unitree_api LD_LIBRARY_PATH=/home/lukat/COGAR_ws/install/go2_stair_interfaces/lib:/home/lukat/unitree_mujoco_ws/COGAR_project/install/robot_interfaces/lib:/home/lukat/unitree_ros2/cyclonedds_ws/install/unitree_go/lib:/home/lukat/unitree_ros2/cyclonedds_ws/install/unitree_api/lib:/usr/lib/x86_64-linux-gnu/gazebo-11/plugins:/opt/ros/humble/opt/rviz_ogre_vendor/lib:/opt/ros/humble/lib/x86_64-linux-gnu:/opt/ros/humble/lib PYTHONPATH=/home/lukat/COGAR_ws/build/go2_safety_monitor/prefix_override:/usr/lib/python3/dist-packages/colcon_core/task/python/colcon_distutils_commands:/home/lukat/COGAR_ws/install/go2_safety_monitor/lib/python3.10/site-packages:${PYTHONPATH} /usr/bin/python3 -W ignore:setup.py install is deprecated -W ignore:easy_install command is deprecated setup.py egg_info --egg-base ../../build/go2_safety_monitor build --build-base /home/lukat/COGAR_ws/build/go2_safety_monitor/build install --record /home/lukat/COGAR_ws/build/go2_safety_monitor/install.log --single-version-externally-managed install_data
