running egg_info
creating ../../build/go2_safety_monitor/go2_safety_monitor.egg-info
writing ../../build/go2_safety_monitor/go2_safety_monitor.egg-info/PKG-INFO
writing dependency_links to ../../build/go2_safety_monitor/go2_safety_monitor.egg-info/dependency_links.txt
writing entry points to ../../build/go2_safety_monitor/go2_safety_monitor.egg-info/entry_points.txt
writing requirements to ../../build/go2_safety_monitor/go2_safety_monitor.egg-info/requires.txt
writing top-level names to ../../build/go2_safety_monitor/go2_safety_monitor.egg-info/top_level.txt
writing manifest file '../../build/go2_safety_monitor/go2_safety_monitor.egg-info/SOURCES.txt'
reading manifest file '../../build/go2_safety_monitor/go2_safety_monitor.egg-info/SOURCES.txt'
writing manifest file '../../build/go2_safety_monitor/go2_safety_monitor.egg-info/SOURCES.txt'
running build
running build_py
creating /home/lukat/COGAR_ws/build/go2_safety_monitor/build/lib/go2_safety_monitor
copying go2_safety_monitor/__init__.py -> /home/lukat/COGAR_ws/build/go2_safety_monitor/build/lib/go2_safety_monitor
copying go2_safety_monitor/safety_monitor_node.py -> /home/lukat/COGAR_ws/build/go2_safety_monitor/build/lib/go2_safety_monitor
running install
running install_lib
creating /home/lukat/COGAR_ws/install/go2_safety_monitor/lib/python3.10/site-packages/go2_safety_monitor
copying /home/lukat/COGAR_ws/build/go2_safety_monitor/build/lib/go2_safety_monitor/__init__.py -> /home/lukat/COGAR_ws/install/go2_safety_monitor/lib/python3.10/site-packages/go2_safety_monitor
copying /home/lukat/COGAR_ws/build/go2_safety_monitor/build/lib/go2_safety_monitor/safety_monitor_node.py -> /home/lukat/COGAR_ws/install/go2_safety_monitor/lib/python3.10/site-packages/go2_safety_monitor
byte-compiling /home/lukat/COGAR_ws/install/go2_safety_monitor/lib/python3.10/site-packages/go2_safety_monitor/__init__.py to __init__.cpython-310.pyc
byte-compiling /home/lukat/COGAR_ws/install/go2_safety_monitor/lib/python3.10/site-packages/go2_safety_monitor/safety_monitor_node.py to safety_monitor_node.cpython-310.pyc
running install_data
creating /home/lukat/COGAR_ws/install/go2_safety_monitor/share/ament_index/resource_index/packages
copying resource/go2_safety_monitor -> /home/lukat/COGAR_ws/install/go2_safety_monitor/share/ament_index/resource_index/packages
copying package.xml -> /home/lukat/COGAR_ws/install/go2_safety_monitor/share/go2_safety_monitor
running install_egg_info
Copying ../../build/go2_safety_monitor/go2_safety_monitor.egg-info to /home/lukat/COGAR_ws/install/go2_safety_monitor/lib/python3.10/site-packages/go2_safety_monitor-0.0.0-py3.10.egg-info
running install_scripts
Installing safety_monitor_node script to /home/lukat/COGAR_ws/install/go2_safety_monitor/lib/go2_safety_monitor
writing list of installed files to '/home/lukat/COGAR_ws/build/go2_safety_monitor/install.log'
