running egg_info
creating ../../build/go2_velocity_supervisor/go2_velocity_supervisor.egg-info
writing ../../build/go2_velocity_supervisor/go2_velocity_supervisor.egg-info/PKG-INFO
writing dependency_links to ../../build/go2_velocity_supervisor/go2_velocity_supervisor.egg-info/dependency_links.txt
writing requirements to ../../build/go2_velocity_supervisor/go2_velocity_supervisor.egg-info/requires.txt
writing top-level names to ../../build/go2_velocity_supervisor/go2_velocity_supervisor.egg-info/top_level.txt
writing manifest file '../../build/go2_velocity_supervisor/go2_velocity_supervisor.egg-info/SOURCES.txt'
reading manifest file '../../build/go2_velocity_supervisor/go2_velocity_supervisor.egg-info/SOURCES.txt'
writing manifest file '../../build/go2_velocity_supervisor/go2_velocity_supervisor.egg-info/SOURCES.txt'
running build
running build_py
creating /home/lukat/COGAR_ws/build/go2_velocity_supervisor/build/lib/go2_velocity_supervisor
copying go2_velocity_supervisor/__init__.py -> /home/lukat/COGAR_ws/build/go2_velocity_supervisor/build/lib/go2_velocity_supervisor
copying go2_velocity_supervisor/velocity_supervisor_node.py -> /home/lukat/COGAR_ws/build/go2_velocity_supervisor/build/lib/go2_velocity_supervisor
running install
running install_lib
creating /home/lukat/COGAR_ws/install/go2_velocity_supervisor/lib/python3.10/site-packages/go2_velocity_supervisor
copying /home/lukat/COGAR_ws/build/go2_velocity_supervisor/build/lib/go2_velocity_supervisor/__init__.py -> /home/lukat/COGAR_ws/install/go2_velocity_supervisor/lib/python3.10/site-packages/go2_velocity_supervisor
copying /home/lukat/COGAR_ws/build/go2_velocity_supervisor/build/lib/go2_velocity_supervisor/velocity_supervisor_node.py -> /home/lukat/COGAR_ws/install/go2_velocity_supervisor/lib/python3.10/site-packages/go2_velocity_supervisor
byte-compiling /home/lukat/COGAR_ws/install/go2_velocity_supervisor/lib/python3.10/site-packages/go2_velocity_supervisor/__init__.py to __init__.cpython-310.pyc
byte-compiling /home/lukat/COGAR_ws/install/go2_velocity_supervisor/lib/python3.10/site-packages/go2_velocity_supervisor/velocity_supervisor_node.py to velocity_supervisor_node.cpython-310.pyc
running install_data
creating /home/lukat/COGAR_ws/install/go2_velocity_supervisor/share/ament_index/resource_index/packages
copying resource/go2_velocity_supervisor -> /home/lukat/COGAR_ws/install/go2_velocity_supervisor/share/ament_index/resource_index/packages
copying package.xml -> /home/lukat/COGAR_ws/install/go2_velocity_supervisor/share/go2_velocity_supervisor
running install_egg_info
Copying ../../build/go2_velocity_supervisor/go2_velocity_supervisor.egg-info to /home/lukat/COGAR_ws/install/go2_velocity_supervisor/lib/python3.10/site-packages/go2_velocity_supervisor-0.0.0-py3.10.egg-info
running install_scripts
writing list of installed files to '/home/lukat/COGAR_ws/build/go2_velocity_supervisor/install.log'
