[3.667s] Invoking command in '/home/lukat/COGAR_ws/src/go2_velocity_supervisor': PYTHONPATH=/home/lukat/COGAR_ws/build/go2_velocity_supervisor/prefix_override:/usr/lib/python3/dist-packages/colcon_core/task/python/colcon_distutils_commands:/home/lukat/COGAR_ws/install/go2_velocity_supervisor/lib/python3.10/site-packages:${PYTHONPATH} /usr/bin/python3 -W ignore:setup.py install is deprecated -W ignore:easy_install command is deprecated setup.py egg_info --egg-base ../../build/go2_velocity_supervisor build --build-base /home/lukat/COGAR_ws/build/go2_velocity_supervisor/build install --record /home/lukat/COGAR_ws/build/go2_velocity_supervisor/install.log --single-version-externally-managed install_data
[4.389s] running egg_info
[4.455s] creating ../../build/go2_velocity_supervisor/go2_velocity_supervisor.egg-info
[4.456s] writing ../../build/go2_velocity_supervisor/go2_velocity_supervisor.egg-info/PKG-INFO
[4.458s] writing dependency_links to ../../build/go2_velocity_supervisor/go2_velocity_supervisor.egg-info/dependency_links.txt
[4.459s] writing requirements to ../../build/go2_velocity_supervisor/go2_velocity_supervisor.egg-info/requires.txt
[4.460s] writing top-level names to ../../build/go2_velocity_supervisor/go2_velocity_supervisor.egg-info/top_level.txt
[4.462s] writing manifest file '../../build/go2_velocity_supervisor/go2_velocity_supervisor.egg-info/SOURCES.txt'
[4.584s] reading manifest file '../../build/go2_velocity_supervisor/go2_velocity_supervisor.egg-info/SOURCES.txt'
[4.584s] writing manifest file '../../build/go2_velocity_supervisor/go2_velocity_supervisor.egg-info/SOURCES.txt'
[4.585s] running build
[4.585s] running build_py
[4.585s] creating /home/lukat/COGAR_ws/build/go2_velocity_supervisor/build/lib/go2_velocity_supervisor
[4.586s] copying go2_velocity_supervisor/__init__.py -> /home/lukat/COGAR_ws/build/go2_velocity_supervisor/build/lib/go2_velocity_supervisor
[4.587s] copying go2_velocity_supervisor/velocity_supervisor_node.py -> /home/lukat/COGAR_ws/build/go2_velocity_supervisor/build/lib/go2_velocity_supervisor
[4.587s] running install
[4.598s] running install_lib
[4.661s] creating /home/lukat/COGAR_ws/install/go2_velocity_supervisor/lib/python3.10/site-packages/go2_velocity_supervisor
[4.664s] copying /home/lukat/COGAR_ws/build/go2_velocity_supervisor/build/lib/go2_velocity_supervisor/__init__.py -> /home/lukat/COGAR_ws/install/go2_velocity_supervisor/lib/python3.10/site-packages/go2_velocity_supervisor
[4.664s] copying /home/lukat/COGAR_ws/build/go2_velocity_supervisor/build/lib/go2_velocity_supervisor/velocity_supervisor_node.py -> /home/lukat/COGAR_ws/install/go2_velocity_supervisor/lib/python3.10/site-packages/go2_velocity_supervisor
[4.667s] byte-compiling /home/lukat/COGAR_ws/install/go2_velocity_supervisor/lib/python3.10/site-packages/go2_velocity_supervisor/__init__.py to __init__.cpython-310.pyc
[4.670s] byte-compiling /home/lukat/COGAR_ws/install/go2_velocity_supervisor/lib/python3.10/site-packages/go2_velocity_supervisor/velocity_supervisor_node.py to velocity_supervisor_node.cpython-310.pyc
[4.675s] running install_data
[4.676s] creating /home/lukat/COGAR_ws/install/go2_velocity_supervisor/share/ament_index/resource_index/packages
[4.686s] copying resource/go2_velocity_supervisor -> /home/lukat/COGAR_ws/install/go2_velocity_supervisor/share/ament_index/resource_index/packages
[4.686s] copying package.xml -> /home/lukat/COGAR_ws/install/go2_velocity_supervisor/share/go2_velocity_supervisor
[4.686s] running install_egg_info
[4.741s] Copying ../../build/go2_velocity_supervisor/go2_velocity_supervisor.egg-info to /home/lukat/COGAR_ws/install/go2_velocity_supervisor/lib/python3.10/site-packages/go2_velocity_supervisor-0.0.0-py3.10.egg-info
[4.747s] running install_scripts
[5.146s] writing list of installed files to '/home/lukat/COGAR_ws/build/go2_velocity_supervisor/install.log'
[5.232s] Invoked command in '/home/lukat/COGAR_ws/src/go2_velocity_supervisor' returned '0': PYTHONPATH=/home/lukat/COGAR_ws/build/go2_velocity_supervisor/prefix_override:/usr/lib/python3/dist-packages/colcon_core/task/python/colcon_distutils_commands:/home/lukat/COGAR_ws/install/go2_velocity_supervisor/lib/python3.10/site-packages:${PYTHONPATH} /usr/bin/python3 -W ignore:setup.py install is deprecated -W ignore:easy_install command is deprecated setup.py egg_info --egg-base ../../build/go2_velocity_supervisor build --build-base /home/lukat/COGAR_ws/build/go2_velocity_supervisor/build install --record /home/lukat/COGAR_ws/build/go2_velocity_supervisor/install.log --single-version-externally-managed install_data
