[0.223s] DEBUG:colcon:Command line arguments: ['/usr/bin/colcon', 'build']
[0.223s] DEBUG:colcon:Parsed command line arguments: Namespace(log_base=None, log_level=None, verb_name='build', build_base='build', install_base='install', merge_install=False, symlink_install=False, test_result_base=None, continue_on_error=False, executor='parallel', parallel_workers=8, event_handlers=None, ignore_user_meta=False, metas=['./colcon.meta'], base_paths=['.'], packages_ignore=None, packages_ignore_regex=None, paths=None, packages_up_to=None, packages_up_to_regex=None, packages_above=None, packages_above_and_dependencies=None, packages_above_depth=None, packages_select_by_dep=None, packages_skip_by_dep=None, packages_skip_up_to=None, packages_select_build_failed=False, packages_skip_build_finished=False, packages_select_test_failures=False, packages_skip_test_passed=False, packages_select=None, packages_skip=None, packages_select_regex=None, packages_skip_regex=None, packages_start=None, packages_end=None, allow_overriding=[], cmake_args=None, cmake_target=None, cmake_target_skip_unavailable=False, cmake_clean_cache=False, cmake_clean_first=False, cmake_force_configure=False, ament_cmake_args=None, catkin_cmake_args=None, catkin_skip_building_tests=False, mixin_files=None, mixin=None, verb_parser=<colcon_mixin.mixin.mixin_argument.MixinArgumentDecorator object at 0x71ce927479d0>, verb_extension=<colcon_core.verb.build.BuildVerb object at 0x71ce92747340>, main=<bound method BuildVerb.main of <colcon_core.verb.build.BuildVerb object at 0x71ce92747340>>, mixin_verb=('build',))
[0.303s] Level 1:colcon.colcon_core.package_discovery:discover_packages(colcon_meta) check parameters
[0.304s] Level 1:colcon.colcon_core.package_discovery:discover_packages(recursive) check parameters
[0.304s] Level 1:colcon.colcon_core.package_discovery:discover_packages(ignore) check parameters
[0.304s] Level 1:colcon.colcon_core.package_discovery:discover_packages(path) check parameters
[0.304s] Level 1:colcon.colcon_core.package_discovery:discover_packages(colcon_meta) discover
[0.304s] Level 1:colcon.colcon_core.package_discovery:discover_packages(recursive) discover
[0.304s] INFO:colcon.colcon_core.package_discovery:Crawling recursively for packages in '/home/lukat/COGAR_ws'
[0.304s] Level 1:colcon.colcon_core.package_identification:_identify(.) by extensions ['ignore', 'ignore_ament_install']
[0.305s] Level 1:colcon.colcon_core.package_identification:_identify(.) by extension 'ignore'
[0.305s] Level 1:colcon.colcon_core.package_identification:_identify(.) by extension 'ignore_ament_install'
[0.305s] Level 1:colcon.colcon_core.package_identification:_identify(.) by extensions ['colcon_pkg']
[0.305s] Level 1:colcon.colcon_core.package_identification:_identify(.) by extension 'colcon_pkg'
[0.305s] Level 1:colcon.colcon_core.package_identification:_identify(.) by extensions ['colcon_meta']
[0.305s] Level 1:colcon.colcon_core.package_identification:_identify(.) by extension 'colcon_meta'
[0.305s] Level 1:colcon.colcon_core.package_identification:_identify(.) by extensions ['ros']
[0.305s] Level 1:colcon.colcon_core.package_identification:_identify(.) by extension 'ros'
[0.332s] Level 1:colcon.colcon_core.package_identification:_identify(.) by extensions ['cmake', 'python']
[0.332s] Level 1:colcon.colcon_core.package_identification:_identify(.) by extension 'cmake'
[0.332s] Level 1:colcon.colcon_core.package_identification:_identify(.) by extension 'python'
[0.333s] Level 1:colcon.colcon_core.package_identification:_identify(.) by extensions ['python_setup_py']
[0.333s] Level 1:colcon.colcon_core.package_identification:_identify(.) by extension 'python_setup_py'
[0.333s] Level 1:colcon.colcon_core.package_identification:_identify(build) by extensions ['ignore', 'ignore_ament_install']
[0.333s] Level 1:colcon.colcon_core.package_identification:_identify(build) by extension 'ignore'
[0.333s] Level 1:colcon.colcon_core.package_identification:_identify(build) ignored
[0.333s] Level 1:colcon.colcon_core.package_identification:_identify(install) by extensions ['ignore', 'ignore_ament_install']
[0.333s] Level 1:colcon.colcon_core.package_identification:_identify(install) by extension 'ignore'
[0.334s] Level 1:colcon.colcon_core.package_identification:_identify(install) ignored
[0.334s] Level 1:colcon.colcon_core.package_identification:_identify(log) by extensions ['ignore', 'ignore_ament_install']
[0.334s] Level 1:colcon.colcon_core.package_identification:_identify(log) by extension 'ignore'
[0.334s] Level 1:colcon.colcon_core.package_identification:_identify(log) ignored
[0.334s] Level 1:colcon.colcon_core.package_identification:_identify(models) by extensions ['ignore', 'ignore_ament_install']
[0.334s] Level 1:colcon.colcon_core.package_identification:_identify(models) by extension 'ignore'
[0.334s] Level 1:colcon.colcon_core.package_identification:_identify(models) by extension 'ignore_ament_install'
[0.334s] Level 1:colcon.colcon_core.package_identification:_identify(models) by extensions ['colcon_pkg']
[0.334s] Level 1:colcon.colcon_core.package_identification:_identify(models) by extension 'colcon_pkg'
[0.335s] Level 1:colcon.colcon_core.package_identification:_identify(models) by extensions ['colcon_meta']
[0.335s] Level 1:colcon.colcon_core.package_identification:_identify(models) by extension 'colcon_meta'
[0.335s] Level 1:colcon.colcon_core.package_identification:_identify(models) by extensions ['ros']
[0.335s] Level 1:colcon.colcon_core.package_identification:_identify(models) by extension 'ros'
[0.335s] Level 1:colcon.colcon_core.package_identification:_identify(models) by extensions ['cmake', 'python']
[0.335s] Level 1:colcon.colcon_core.package_identification:_identify(models) by extension 'cmake'
[0.335s] Level 1:colcon.colcon_core.package_identification:_identify(models) by extension 'python'
[0.335s] Level 1:colcon.colcon_core.package_identification:_identify(models) by extensions ['python_setup_py']
[0.335s] Level 1:colcon.colcon_core.package_identification:_identify(models) by extension 'python_setup_py'
[0.335s] Level 1:colcon.colcon_core.package_identification:_identify(models/MJCF) by extensions ['ignore', 'ignore_ament_install']
[0.336s] Level 1:colcon.colcon_core.package_identification:_identify(models/MJCF) by extension 'ignore'
[0.336s] Level 1:colcon.colcon_core.package_identification:_identify(models/MJCF) by extension 'ignore_ament_install'
[0.336s] Level 1:colcon.colcon_core.package_identification:_identify(models/MJCF) by extensions ['colcon_pkg']
[0.336s] Level 1:colcon.colcon_core.package_identification:_identify(models/MJCF) by extension 'colcon_pkg'
[0.336s] Level 1:colcon.colcon_core.package_identification:_identify(models/MJCF) by extensions ['colcon_meta']
[0.336s] Level 1:colcon.colcon_core.package_identification:_identify(models/MJCF) by extension 'colcon_meta'
[0.337s] Level 1:colcon.colcon_core.package_identification:_identify(models/MJCF) by extensions ['ros']
[0.337s] Level 1:colcon.colcon_core.package_identification:_identify(models/MJCF) by extension 'ros'
[0.337s] Level 1:colcon.colcon_core.package_identification:_identify(models/MJCF) by extensions ['cmake', 'python']
[0.337s] Level 1:colcon.colcon_core.package_identification:_identify(models/MJCF) by extension 'cmake'
[0.337s] Level 1:colcon.colcon_core.package_identification:_identify(models/MJCF) by extension 'python'
[0.337s] Level 1:colcon.colcon_core.package_identification:_identify(models/MJCF) by extensions ['python_setup_py']
[0.337s] Level 1:colcon.colcon_core.package_identification:_identify(models/MJCF) by extension 'python_setup_py'
[0.337s] Level 1:colcon.colcon_core.package_identification:_identify(models/MJCF/go2) by extensions ['ignore', 'ignore_ament_install']
[0.337s] Level 1:colcon.colcon_core.package_identification:_identify(models/MJCF/go2) by extension 'ignore'
[0.337s] Level 1:colcon.colcon_core.package_identification:_identify(models/MJCF/go2) by extension 'ignore_ament_install'
[0.338s] Level 1:colcon.colcon_core.package_identification:_identify(models/MJCF/go2) by extensions ['colcon_pkg']
[0.338s] Level 1:colcon.colcon_core.package_identification:_identify(models/MJCF/go2) by extension 'colcon_pkg'
[0.338s] Level 1:colcon.colcon_core.package_identification:_identify(models/MJCF/go2) by extensions ['colcon_meta']
[0.338s] Level 1:colcon.colcon_core.package_identification:_identify(models/MJCF/go2) by extension 'colcon_meta'
[0.338s] Level 1:colcon.colcon_core.package_identification:_identify(models/MJCF/go2) by extensions ['ros']
[0.338s] Level 1:colcon.colcon_core.package_identification:_identify(models/MJCF/go2) by extension 'ros'
[0.338s] Level 1:colcon.colcon_core.package_identification:_identify(models/MJCF/go2) by extensions ['cmake', 'python']
[0.338s] Level 1:colcon.colcon_core.package_identification:_identify(models/MJCF/go2) by extension 'cmake'
[0.338s] Level 1:colcon.colcon_core.package_identification:_identify(models/MJCF/go2) by extension 'python'
[0.338s] Level 1:colcon.colcon_core.package_identification:_identify(models/MJCF/go2) by extensions ['python_setup_py']
[0.339s] Level 1:colcon.colcon_core.package_identification:_identify(models/MJCF/go2) by extension 'python_setup_py'
[0.339s] Level 1:colcon.colcon_core.package_identification:_identify(models/MJCF/go2/assets) by extensions ['ignore', 'ignore_ament_install']
[0.339s] Level 1:colcon.colcon_core.package_identification:_identify(models/MJCF/go2/assets) by extension 'ignore'
[0.339s] Level 1:colcon.colcon_core.package_identification:_identify(models/MJCF/go2/assets) by extension 'ignore_ament_install'
[0.340s] Level 1:colcon.colcon_core.package_identification:_identify(models/MJCF/go2/assets) by extensions ['colcon_pkg']
[0.340s] Level 1:colcon.colcon_core.package_identification:_identify(models/MJCF/go2/assets) by extension 'colcon_pkg'
[0.340s] Level 1:colcon.colcon_core.package_identification:_identify(models/MJCF/go2/assets) by extensions ['colcon_meta']
[0.340s] Level 1:colcon.colcon_core.package_identification:_identify(models/MJCF/go2/assets) by extension 'colcon_meta'
[0.340s] Level 1:colcon.colcon_core.package_identification:_identify(models/MJCF/go2/assets) by extensions ['ros']
[0.340s] Level 1:colcon.colcon_core.package_identification:_identify(models/MJCF/go2/assets) by extension 'ros'
[0.341s] Level 1:colcon.colcon_core.package_identification:_identify(models/MJCF/go2/assets) by extensions ['cmake', 'python']
[0.341s] Level 1:colcon.colcon_core.package_identification:_identify(models/MJCF/go2/assets) by extension 'cmake'
[0.341s] Level 1:colcon.colcon_core.package_identification:_identify(models/MJCF/go2/assets) by extension 'python'
[0.341s] Level 1:colcon.colcon_core.package_identification:_identify(models/MJCF/go2/assets) by extensions ['python_setup_py']
[0.341s] Level 1:colcon.colcon_core.package_identification:_identify(models/MJCF/go2/assets) by extension 'python_setup_py'
[0.342s] Level 1:colcon.colcon_core.package_identification:_identify(models/URDF) by extensions ['ignore', 'ignore_ament_install']
[0.342s] Level 1:colcon.colcon_core.package_identification:_identify(models/URDF) by extension 'ignore'
[0.342s] Level 1:colcon.colcon_core.package_identification:_identify(models/URDF) by extension 'ignore_ament_install'
[0.343s] Level 1:colcon.colcon_core.package_identification:_identify(models/URDF) by extensions ['colcon_pkg']
[0.343s] Level 1:colcon.colcon_core.package_identification:_identify(models/URDF) by extension 'colcon_pkg'
[0.343s] Level 1:colcon.colcon_core.package_identification:_identify(models/URDF) by extensions ['colcon_meta']
[0.343s] Level 1:colcon.colcon_core.package_identification:_identify(models/URDF) by extension 'colcon_meta'
[0.343s] Level 1:colcon.colcon_core.package_identification:_identify(models/URDF) by extensions ['ros']
[0.343s] Level 1:colcon.colcon_core.package_identification:_identify(models/URDF) by extension 'ros'
[0.344s] Level 1:colcon.colcon_core.package_identification:_identify(models/URDF) by extensions ['cmake', 'python']
[0.344s] Level 1:colcon.colcon_core.package_identification:_identify(models/URDF) by extension 'cmake'
[0.344s] Level 1:colcon.colcon_core.package_identification:_identify(models/URDF) by extension 'python'
[0.344s] Level 1:colcon.colcon_core.package_identification:_identify(models/URDF) by extensions ['python_setup_py']
[0.344s] Level 1:colcon.colcon_core.package_identification:_identify(models/URDF) by extension 'python_setup_py'
[0.345s] Level 1:colcon.colcon_core.package_identification:_identify(models/URDF/go2_description) by extensions ['ignore', 'ignore_ament_install']
[0.345s] Level 1:colcon.colcon_core.package_identification:_identify(models/URDF/go2_description) by extension 'ignore'
[0.345s] Level 1:colcon.colcon_core.package_identification:_identify(models/URDF/go2_description) ignored
[0.345s] Level 1:colcon.colcon_core.package_identification:_identify(src) by extensions ['ignore', 'ignore_ament_install']
[0.346s] Level 1:colcon.colcon_core.package_identification:_identify(src) by extension 'ignore'
[0.346s] Level 1:colcon.colcon_core.package_identification:_identify(src) by extension 'ignore_ament_install'
[0.346s] Level 1:colcon.colcon_core.package_identification:_identify(src) by extensions ['colcon_pkg']
[0.346s] Level 1:colcon.colcon_core.package_identification:_identify(src) by extension 'colcon_pkg'
[0.346s] Level 1:colcon.colcon_core.package_identification:_identify(src) by extensions ['colcon_meta']
[0.346s] Level 1:colcon.colcon_core.package_identification:_identify(src) by extension 'colcon_meta'
[0.347s] Level 1:colcon.colcon_core.package_identification:_identify(src) by extensions ['ros']
[0.347s] Level 1:colcon.colcon_core.package_identification:_identify(src) by extension 'ros'
[0.347s] Level 1:colcon.colcon_core.package_identification:_identify(src) by extensions ['cmake', 'python']
[0.347s] Level 1:colcon.colcon_core.package_identification:_identify(src) by extension 'cmake'
[0.347s] Level 1:colcon.colcon_core.package_identification:_identify(src) by extension 'python'
[0.347s] Level 1:colcon.colcon_core.package_identification:_identify(src) by extensions ['python_setup_py']
[0.347s] Level 1:colcon.colcon_core.package_identification:_identify(src) by extension 'python_setup_py'
[0.348s] Level 1:colcon.colcon_core.package_identification:_identify(src/go2_safety_monitor) by extensions ['ignore', 'ignore_ament_install']
[0.348s] Level 1:colcon.colcon_core.package_identification:_identify(src/go2_safety_monitor) by extension 'ignore'
[0.348s] Level 1:colcon.colcon_core.package_identification:_identify(src/go2_safety_monitor) by extension 'ignore_ament_install'
[0.348s] Level 1:colcon.colcon_core.package_identification:_identify(src/go2_safety_monitor) by extensions ['colcon_pkg']
[0.348s] Level 1:colcon.colcon_core.package_identification:_identify(src/go2_safety_monitor) by extension 'colcon_pkg'
[0.348s] Level 1:colcon.colcon_core.package_identification:_identify(src/go2_safety_monitor) by extensions ['colcon_meta']
[0.348s] Level 1:colcon.colcon_core.package_identification:_identify(src/go2_safety_monitor) by extension 'colcon_meta'
[0.349s] Level 1:colcon.colcon_core.package_identification:_identify(src/go2_safety_monitor) by extensions ['ros']
[0.349s] Level 1:colcon.colcon_core.package_identification:_identify(src/go2_safety_monitor) by extension 'ros'
[0.353s] DEBUG:colcon.colcon_core.package_identification:Package 'src/go2_safety_monitor' with type 'ros.ament_python' and name 'go2_safety_monitor'
[0.353s] Level 1:colcon.colcon_core.package_identification:_identify(src/go2_simulation_mujoco) by extensions ['ignore', 'ignore_ament_install']
[0.354s] Level 1:colcon.colcon_core.package_identification:_identify(src/go2_simulation_mujoco) by extension 'ignore'
[0.354s] Level 1:colcon.colcon_core.package_identification:_identify(src/go2_simulation_mujoco) by extension 'ignore_ament_install'
[0.354s] Level 1:colcon.colcon_core.package_identification:_identify(src/go2_simulation_mujoco) by extensions ['colcon_pkg']
[0.354s] Level 1:colcon.colcon_core.package_identification:_identify(src/go2_simulation_mujoco) by extension 'colcon_pkg'
[0.354s] Level 1:colcon.colcon_core.package_identification:_identify(src/go2_simulation_mujoco) by extensions ['colcon_meta']
[0.354s] Level 1:colcon.colcon_core.package_identification:_identify(src/go2_simulation_mujoco) by extension 'colcon_meta'
[0.354s] Level 1:colcon.colcon_core.package_identification:_identify(src/go2_simulation_mujoco) by extensions ['ros']
[0.354s] Level 1:colcon.colcon_core.package_identification:_identify(src/go2_simulation_mujoco) by extension 'ros'
[0.355s] DEBUG:colcon.colcon_core.package_identification:Package 'src/go2_simulation_mujoco' with type 'ros.ament_python' and name 'go2_simulation_mujoco'
[0.356s] Level 1:colcon.colcon_core.package_identification:_identify(src/go2_stair_interfaces) by extensions ['ignore', 'ignore_ament_install']
[0.356s] Level 1:colcon.colcon_core.package_identification:_identify(src/go2_stair_interfaces) by extension 'ignore'
[0.356s] Level 1:colcon.colcon_core.package_identification:_identify(src/go2_stair_interfaces) by extension 'ignore_ament_install'
[0.357s] Level 1:colcon.colcon_core.package_identification:_identify(src/go2_stair_interfaces) by extensions ['colcon_pkg']
[0.357s] Level 1:colcon.colcon_core.package_identification:_identify(src/go2_stair_interfaces) by extension 'colcon_pkg'
[0.357s] Level 1:colcon.colcon_core.package_identification:_identify(src/go2_stair_interfaces) by extensions ['colcon_meta']
[0.357s] Level 1:colcon.colcon_core.package_identification:_identify(src/go2_stair_interfaces) by extension 'colcon_meta'
[0.357s] Level 1:colcon.colcon_core.package_identification:_identify(src/go2_stair_interfaces) by extensions ['ros']
[0.357s] Level 1:colcon.colcon_core.package_identification:_identify(src/go2_stair_interfaces) by extension 'ros'
[0.359s] DEBUG:colcon.colcon_core.package_identification:Package 'src/go2_stair_interfaces' with type 'ros.ament_cmake' and name 'go2_stair_interfaces'
[0.359s] Level 1:colcon.colcon_core.package_identification:_identify(src/go2_state_bridge) by extensions ['ignore', 'ignore_ament_install']
[0.359s] Level 1:colcon.colcon_core.package_identification:_identify(src/go2_state_bridge) by extension 'ignore'
[0.360s] Level 1:colcon.colcon_core.package_identification:_identify(src/go2_state_bridge) by extension 'ignore_ament_install'
[0.360s] Level 1:colcon.colcon_core.package_identification:_identify(src/go2_state_bridge) by extensions ['colcon_pkg']
[0.360s] Level 1:colcon.colcon_core.package_identification:_identify(src/go2_state_bridge) by extension 'colcon_pkg'
[0.360s] Level 1:colcon.colcon_core.package_identification:_identify(src/go2_state_bridge) by extensions ['colcon_meta']
[0.360s] Level 1:colcon.colcon_core.package_identification:_identify(src/go2_state_bridge) by extension 'colcon_meta'
[0.360s] Level 1:colcon.colcon_core.package_identification:_identify(src/go2_state_bridge) by extensions ['ros']
[0.360s] Level 1:colcon.colcon_core.package_identification:_identify(src/go2_state_bridge) by extension 'ros'
[0.362s] DEBUG:colcon.colcon_core.package_identification:Package 'src/go2_state_bridge' with type 'ros.ament_python' and name 'go2_state_bridge'
[0.362s] Level 1:colcon.colcon_core.package_identification:_identify(src/go2_velocity_supervisor) by extensions ['ignore', 'ignore_ament_install']
[0.362s] Level 1:colcon.colcon_core.package_identification:_identify(src/go2_velocity_supervisor) by extension 'ignore'
[0.362s] Level 1:colcon.colcon_core.package_identification:_identify(src/go2_velocity_supervisor) by extension 'ignore_ament_install'
[0.363s] Level 1:colcon.colcon_core.package_identification:_identify(src/go2_velocity_supervisor) by extensions ['colcon_pkg']
[0.363s] Level 1:colcon.colcon_core.package_identification:_identify(src/go2_velocity_supervisor) by extension 'colcon_pkg'
[0.363s] Level 1:colcon.colcon_core.package_identification:_identify(src/go2_velocity_supervisor) by extensions ['colcon_meta']
[0.363s] Level 1:colcon.colcon_core.package_identification:_identify(src/go2_velocity_supervisor) by extension 'colcon_meta'
[0.363s] Level 1:colcon.colcon_core.package_identification:_identify(src/go2_velocity_supervisor) by extensions ['ros']
[0.363s] Level 1:colcon.colcon_core.package_identification:_identify(src/go2_velocity_supervisor) by extension 'ros'
[0.364s] DEBUG:colcon.colcon_core.package_identification:Package 'src/go2_velocity_supervisor' with type 'ros.ament_python' and name 'go2_velocity_supervisor'
[0.364s] Level 1:colcon.colcon_core.package_discovery:discover_packages(recursive) using defaults
[0.364s] Level 1:colcon.colcon_core.package_discovery:discover_packages(ignore) discover
[0.364s] Level 1:colcon.colcon_core.package_discovery:discover_packages(ignore) using defaults
[0.364s] Level 1:colcon.colcon_core.package_discovery:discover_packages(path) discover
[0.364s] Level 1:colcon.colcon_core.package_discovery:discover_packages(path) using defaults
[0.401s] Level 1:colcon.colcon_core.package_discovery:discover_packages(prefix_path) check parameters
[0.402s] Level 1:colcon.colcon_core.package_discovery:discover_packages(prefix_path) discover
[0.405s] DEBUG:colcon.colcon_installed_package_information.package_discovery:Found 2 installed packages in /home/lukat/unitree_ros2/cyclonedds_ws/install
[0.409s] DEBUG:colcon.colcon_installed_package_information.package_discovery:Found 342 installed packages in /opt/ros/humble
[0.412s] Level 1:colcon.colcon_core.package_discovery:discover_packages(prefix_path) using defaults
[0.487s] Level 5:colcon.colcon_core.verb:set package 'go2_simulation_mujoco' build argument 'cmake_args' from command line to 'None'
[0.488s] Level 5:colcon.colcon_core.verb:set package 'go2_simulation_mujoco' build argument 'cmake_target' from command line to 'None'
[0.488s] Level 5:colcon.colcon_core.verb:set package 'go2_simulation_mujoco' build argument 'cmake_target_skip_unavailable' from command line to 'False'
[0.488s] Level 5:colcon.colcon_core.verb:set package 'go2_simulation_mujoco' build argument 'cmake_clean_cache' from command line to 'False'
[0.488s] Level 5:colcon.colcon_core.verb:set package 'go2_simulation_mujoco' build argument 'cmake_clean_first' from command line to 'False'
[0.488s] Level 5:colcon.colcon_core.verb:set package 'go2_simulation_mujoco' build argument 'cmake_force_configure' from command line to 'False'
[0.488s] Level 5:colcon.colcon_core.verb:set package 'go2_simulation_mujoco' build argument 'ament_cmake_args' from command line to 'None'
[0.488s] Level 5:colcon.colcon_core.verb:set package 'go2_simulation_mujoco' build argument 'catkin_cmake_args' from command line to 'None'
[0.488s] Level 5:colcon.colcon_core.verb:set package 'go2_simulation_mujoco' build argument 'catkin_skip_building_tests' from command line to 'False'
[0.488s] DEBUG:colcon.colcon_core.verb:Building package 'go2_simulation_mujoco' with the following arguments: {'ament_cmake_args': None, 'build_base': '/home/lukat/COGAR_ws/build/go2_simulation_mujoco', 'catkin_cmake_args': None, 'catkin_skip_building_tests': False, 'cmake_args': None, 'cmake_clean_cache': False, 'cmake_clean_first': False, 'cmake_force_configure': False, 'cmake_target': None, 'cmake_target_skip_unavailable': False, 'install_base': '/home/lukat/COGAR_ws/install/go2_simulation_mujoco', 'merge_install': False, 'path': '/home/lukat/COGAR_ws/src/go2_simulation_mujoco', 'symlink_install': False, 'test_result_base': None}
[0.489s] Level 5:colcon.colcon_core.verb:set package 'go2_stair_interfaces' build argument 'cmake_args' from command line to 'None'
[0.489s] Level 5:colcon.colcon_core.verb:set package 'go2_stair_interfaces' build argument 'cmake_target' from command line to 'None'
[0.489s] Level 5:colcon.colcon_core.verb:set package 'go2_stair_interfaces' build argument 'cmake_target_skip_unavailable' from command line to 'False'
[0.490s] Level 5:colcon.colcon_core.verb:set package 'go2_stair_interfaces' build argument 'cmake_clean_cache' from command line to 'False'
[0.490s] Level 5:colcon.colcon_core.verb:set package 'go2_stair_interfaces' build argument 'cmake_clean_first' from command line to 'False'
[0.490s] Level 5:colcon.colcon_core.verb:set package 'go2_stair_interfaces' build argument 'cmake_force_configure' from command line to 'False'
[0.490s] Level 5:colcon.colcon_core.verb:set package 'go2_stair_interfaces' build argument 'ament_cmake_args' from command line to 'None'
[0.490s] Level 5:colcon.colcon_core.verb:set package 'go2_stair_interfaces' build argument 'catkin_cmake_args' from command line to 'None'
[0.490s] Level 5:colcon.colcon_core.verb:set package 'go2_stair_interfaces' build argument 'catkin_skip_building_tests' from command line to 'False'
[0.490s] DEBUG:colcon.colcon_core.verb:Building package 'go2_stair_interfaces' with the following arguments: {'ament_cmake_args': None, 'build_base': '/home/lukat/COGAR_ws/build/go2_stair_interfaces', 'catkin_cmake_args': None, 'catkin_skip_building_tests': False, 'cmake_args': None, 'cmake_clean_cache': False, 'cmake_clean_first': False, 'cmake_force_configure': False, 'cmake_target': None, 'cmake_target_skip_unavailable': False, 'install_base': '/home/lukat/COGAR_ws/install/go2_stair_interfaces', 'merge_install': False, 'path': '/home/lukat/COGAR_ws/src/go2_stair_interfaces', 'symlink_install': False, 'test_result_base': None}
[0.491s] Level 5:colcon.colcon_core.verb:set package 'go2_velocity_supervisor' build argument 'cmake_args' from command line to 'None'
[0.491s] Level 5:colcon.colcon_core.verb:set package 'go2_velocity_supervisor' build argument 'cmake_target' from command line to 'None'
[0.491s] Level 5:colcon.colcon_core.verb:set package 'go2_velocity_supervisor' build argument 'cmake_target_skip_unavailable' from command line to 'False'
[0.491s] Level 5:colcon.colcon_core.verb:set package 'go2_velocity_supervisor' build argument 'cmake_clean_cache' from command line to 'False'
[0.491s] Level 5:colcon.colcon_core.verb:set package 'go2_velocity_supervisor' build argument 'cmake_clean_first' from command line to 'False'
[0.491s] Level 5:colcon.colcon_core.verb:set package 'go2_velocity_supervisor' build argument 'cmake_force_configure' from command line to 'False'
[0.491s] Level 5:colcon.colcon_core.verb:set package 'go2_velocity_supervisor' build argument 'ament_cmake_args' from command line to 'None'
[0.491s] Level 5:colcon.colcon_core.verb:set package 'go2_velocity_supervisor' build argument 'catkin_cmake_args' from command line to 'None'
[0.492s] Level 5:colcon.colcon_core.verb:set package 'go2_velocity_supervisor' build argument 'catkin_skip_building_tests' from command line to 'False'
[0.492s] DEBUG:colcon.colcon_core.verb:Building package 'go2_velocity_supervisor' with the following arguments: {'ament_cmake_args': None, 'build_base': '/home/lukat/COGAR_ws/build/go2_velocity_supervisor', 'catkin_cmake_args': None, 'catkin_skip_building_tests': False, 'cmake_args': None, 'cmake_clean_cache': False, 'cmake_clean_first': False, 'cmake_force_configure': False, 'cmake_target': None, 'cmake_target_skip_unavailable': False, 'install_base': '/home/lukat/COGAR_ws/install/go2_velocity_supervisor', 'merge_install': False, 'path': '/home/lukat/COGAR_ws/src/go2_velocity_supervisor', 'symlink_install': False, 'test_result_base': None}
[0.493s] Level 5:colcon.colcon_core.verb:set package 'go2_safety_monitor' build argument 'cmake_args' from command line to 'None'
[0.493s] Level 5:colcon.colcon_core.verb:set package 'go2_safety_monitor' build argument 'cmake_target' from command line to 'None'
[0.493s] Level 5:colcon.colcon_core.verb:set package 'go2_safety_monitor' build argument 'cmake_target_skip_unavailable' from command line to 'False'
[0.493s] Level 5:colcon.colcon_core.verb:set package 'go2_safety_monitor' build argument 'cmake_clean_cache' from command line to 'False'
[0.493s] Level 5:colcon.colcon_core.verb:set package 'go2_safety_monitor' build argument 'cmake_clean_first' from command line to 'False'
[0.493s] Level 5:colcon.colcon_core.verb:set package 'go2_safety_monitor' build argument 'cmake_force_configure' from command line to 'False'
[0.493s] Level 5:colcon.colcon_core.verb:set package 'go2_safety_monitor' build argument 'ament_cmake_args' from command line to 'None'
[0.494s] Level 5:colcon.colcon_core.verb:set package 'go2_safety_monitor' build argument 'catkin_cmake_args' from command line to 'None'
[0.494s] Level 5:colcon.colcon_core.verb:set package 'go2_safety_monitor' build argument 'catkin_skip_building_tests' from command line to 'False'
[0.495s] DEBUG:colcon.colcon_core.verb:Building package 'go2_safety_monitor' with the following arguments: {'ament_cmake_args': None, 'build_base': '/home/lukat/COGAR_ws/build/go2_safety_monitor', 'catkin_cmake_args': None, 'catkin_skip_building_tests': False, 'cmake_args': None, 'cmake_clean_cache': False, 'cmake_clean_first': False, 'cmake_force_configure': False, 'cmake_target': None, 'cmake_target_skip_unavailable': False, 'install_base': '/home/lukat/COGAR_ws/install/go2_safety_monitor', 'merge_install': False, 'path': '/home/lukat/COGAR_ws/src/go2_safety_monitor', 'symlink_install': False, 'test_result_base': None}
[0.495s] Level 5:colcon.colcon_core.verb:set package 'go2_state_bridge' build argument 'cmake_args' from command line to 'None'
[0.495s] Level 5:colcon.colcon_core.verb:set package 'go2_state_bridge' build argument 'cmake_target' from command line to 'None'
[0.495s] Level 5:colcon.colcon_core.verb:set package 'go2_state_bridge' build argument 'cmake_target_skip_unavailable' from command line to 'False'
[0.495s] Level 5:colcon.colcon_core.verb:set package 'go2_state_bridge' build argument 'cmake_clean_cache' from command line to 'False'
[0.495s] Level 5:colcon.colcon_core.verb:set package 'go2_state_bridge' build argument 'cmake_clean_first' from command line to 'False'
[0.496s] Level 5:colcon.colcon_core.verb:set package 'go2_state_bridge' build argument 'cmake_force_configure' from command line to 'False'
[0.496s] Level 5:colcon.colcon_core.verb:set package 'go2_state_bridge' build argument 'ament_cmake_args' from command line to 'None'
[0.496s] Level 5:colcon.colcon_core.verb:set package 'go2_state_bridge' build argument 'catkin_cmake_args' from command line to 'None'
[0.496s] Level 5:colcon.colcon_core.verb:set package 'go2_state_bridge' build argument 'catkin_skip_building_tests' from command line to 'False'
[0.496s] DEBUG:colcon.colcon_core.verb:Building package 'go2_state_bridge' with the following arguments: {'ament_cmake_args': None, 'build_base': '/home/lukat/COGAR_ws/build/go2_state_bridge', 'catkin_cmake_args': None, 'catkin_skip_building_tests': False, 'cmake_args': None, 'cmake_clean_cache': False, 'cmake_clean_first': False, 'cmake_force_configure': False, 'cmake_target': None, 'cmake_target_skip_unavailable': False, 'install_base': '/home/lukat/COGAR_ws/install/go2_state_bridge', 'merge_install': False, 'path': '/home/lukat/COGAR_ws/src/go2_state_bridge', 'symlink_install': False, 'test_result_base': None}
[0.496s] INFO:colcon.colcon_core.executor:Executing jobs using 'parallel' executor
[0.498s] DEBUG:colcon.colcon_parallel_executor.executor.parallel:run_until_complete
[0.499s] INFO:colcon.colcon_ros.task.ament_cmake.build:Building ROS package in '/home/lukat/COGAR_ws/src/go2_stair_interfaces' with build type 'ament_cmake'
[0.499s] INFO:colcon.colcon_cmake.task.cmake.build:Building CMake package in '/home/lukat/COGAR_ws/src/go2_stair_interfaces'
[0.505s] INFO:colcon.colcon_core.plugin_system:Skipping extension 'colcon_core.shell.bat': Not used on non-Windows systems
[0.505s] INFO:colcon.colcon_core.shell:Skip shell extension 'powershell' for command environment: Not usable outside of PowerShell
[0.505s] DEBUG:colcon.colcon_core.shell:Skip shell extension 'dsv' for command environment
[0.515s] INFO:colcon.colcon_ros.task.ament_python.build:Building ROS package in '/home/lukat/COGAR_ws/src/go2_simulation_mujoco' with build type 'ament_python'
[0.516s] Level 1:colcon.colcon_core.shell:create_environment_hook('go2_simulation_mujoco', 'ament_prefix_path')
[0.517s] INFO:colcon.colcon_core.shell:Creating environment hook '/home/lukat/COGAR_ws/install/go2_simulation_mujoco/share/go2_simulation_mujoco/hook/ament_prefix_path.ps1'
[0.519s] INFO:colcon.colcon_core.shell:Creating environment descriptor '/home/lukat/COGAR_ws/install/go2_simulation_mujoco/share/go2_simulation_mujoco/hook/ament_prefix_path.dsv'
[0.520s] INFO:colcon.colcon_core.shell:Creating environment hook '/home/lukat/COGAR_ws/install/go2_simulation_mujoco/share/go2_simulation_mujoco/hook/ament_prefix_path.sh'
[0.523s] INFO:colcon.colcon_core.shell:Skip shell extension 'powershell' for command environment: Not usable outside of PowerShell
[0.524s] DEBUG:colcon.colcon_core.shell:Skip shell extension 'dsv' for command environment
[0.535s] INFO:colcon.colcon_ros.task.ament_python.build:Building ROS package in '/home/lukat/COGAR_ws/src/go2_velocity_supervisor' with build type 'ament_python'
[0.535s] Level 1:colcon.colcon_core.shell:create_environment_hook('go2_velocity_supervisor', 'ament_prefix_path')
[0.536s] INFO:colcon.colcon_core.shell:Creating environment hook '/home/lukat/COGAR_ws/install/go2_velocity_supervisor/share/go2_velocity_supervisor/hook/ament_prefix_path.ps1'
[0.539s] INFO:colcon.colcon_core.shell:Creating environment descriptor '/home/lukat/COGAR_ws/install/go2_velocity_supervisor/share/go2_velocity_supervisor/hook/ament_prefix_path.dsv'
[0.541s] INFO:colcon.colcon_core.shell:Creating environment hook '/home/lukat/COGAR_ws/install/go2_velocity_supervisor/share/go2_velocity_supervisor/hook/ament_prefix_path.sh'
[0.544s] INFO:colcon.colcon_core.shell:Skip shell extension 'powershell' for command environment: Not usable outside of PowerShell
[0.545s] DEBUG:colcon.colcon_core.shell:Skip shell extension 'dsv' for command environment
[0.582s] DEBUG:colcon.colcon_core.event_handler.log_command:Invoking command in '/home/lukat/COGAR_ws/build/go2_stair_interfaces': CMAKE_PREFIX_PATH=${CMAKE_PREFIX_PATH}:/opt/ros/humble /usr/bin/cmake --build /home/lukat/COGAR_ws/build/go2_stair_interfaces -- -j8 -l8
[1.557s] INFO:colcon.colcon_core.task.python.build:Building Python package in '/home/lukat/COGAR_ws/src/go2_simulation_mujoco'
[1.558s] INFO:colcon.colcon_core.shell:Skip shell extension 'powershell' for command environment: Not usable outside of PowerShell
[1.559s] DEBUG:colcon.colcon_core.shell:Skip shell extension 'dsv' for command environment
[2.150s] INFO:colcon.colcon_core.task.python.build:Building Python package in '/home/lukat/COGAR_ws/src/go2_velocity_supervisor'
[2.150s] INFO:colcon.colcon_core.shell:Skip shell extension 'powershell' for command environment: Not usable outside of PowerShell
[2.151s] DEBUG:colcon.colcon_core.shell:Skip shell extension 'dsv' for command environment
[2.168s] DEBUG:colcon.colcon_core.event_handler.log_command:Invoked command in '/home/lukat/COGAR_ws/build/go2_stair_interfaces' returned '0': CMAKE_PREFIX_PATH=${CMAKE_PREFIX_PATH}:/opt/ros/humble /usr/bin/cmake --build /home/lukat/COGAR_ws/build/go2_stair_interfaces -- -j8 -l8
[2.191s] DEBUG:colcon.colcon_core.event_handler.log_command:Invoking command in '/home/lukat/COGAR_ws/build/go2_stair_interfaces': CMAKE_PREFIX_PATH=${CMAKE_PREFIX_PATH}:/opt/ros/humble /usr/bin/cmake --install /home/lukat/COGAR_ws/build/go2_stair_interfaces
[2.382s] Level 1:colcon.colcon_core.environment:create_environment_scripts_only(go2_stair_interfaces)
[2.383s] DEBUG:colcon.colcon_core.event_handler.log_command:Invoked command in '/home/lukat/COGAR_ws/build/go2_stair_interfaces' returned '0': CMAKE_PREFIX_PATH=${CMAKE_PREFIX_PATH}:/opt/ros/humble /usr/bin/cmake --install /home/lukat/COGAR_ws/build/go2_stair_interfaces
[2.388s] Level 1:colcon.colcon_core.environment:checking '/home/lukat/COGAR_ws/install/go2_stair_interfaces' for CMake module files
[2.389s] Level 1:colcon.colcon_core.environment:checking '/home/lukat/COGAR_ws/install/go2_stair_interfaces' for CMake config files
[2.391s] Level 1:colcon.colcon_core.shell:create_environment_hook('go2_stair_interfaces', 'cmake_prefix_path')
[2.392s] INFO:colcon.colcon_core.shell:Creating environment hook '/home/lukat/COGAR_ws/install/go2_stair_interfaces/share/go2_stair_interfaces/hook/cmake_prefix_path.ps1'
[2.393s] INFO:colcon.colcon_core.shell:Creating environment descriptor '/home/lukat/COGAR_ws/install/go2_stair_interfaces/share/go2_stair_interfaces/hook/cmake_prefix_path.dsv'
[2.394s] INFO:colcon.colcon_core.shell:Creating environment hook '/home/lukat/COGAR_ws/install/go2_stair_interfaces/share/go2_stair_interfaces/hook/cmake_prefix_path.sh'
[2.395s] Level 1:colcon.colcon_core.environment:checking '/home/lukat/COGAR_ws/install/go2_stair_interfaces/lib'
[2.396s] Level 1:colcon.colcon_core.shell:create_environment_hook('go2_stair_interfaces', 'ld_library_path_lib')
[2.396s] INFO:colcon.colcon_core.shell:Creating environment hook '/home/lukat/COGAR_ws/install/go2_stair_interfaces/share/go2_stair_interfaces/hook/ld_library_path_lib.ps1'
[2.397s] INFO:colcon.colcon_core.shell:Creating environment descriptor '/home/lukat/COGAR_ws/install/go2_stair_interfaces/share/go2_stair_interfaces/hook/ld_library_path_lib.dsv'
[2.398s] INFO:colcon.colcon_core.shell:Creating environment hook '/home/lukat/COGAR_ws/install/go2_stair_interfaces/share/go2_stair_interfaces/hook/ld_library_path_lib.sh'
[2.399s] Level 1:colcon.colcon_core.environment:checking '/home/lukat/COGAR_ws/install/go2_stair_interfaces/bin'
[2.399s] Level 1:colcon.colcon_core.environment:checking '/home/lukat/COGAR_ws/install/go2_stair_interfaces/lib/pkgconfig/go2_stair_interfaces.pc'
[2.400s] Level 1:colcon.colcon_core.environment:checking '/home/lukat/COGAR_ws/install/go2_stair_interfaces/lib/python3.10/site-packages'
[2.401s] Level 1:colcon.colcon_core.environment:checking '/home/lukat/COGAR_ws/install/go2_stair_interfaces/bin'
[2.401s] INFO:colcon.colcon_core.shell:Creating package script '/home/lukat/COGAR_ws/install/go2_stair_interfaces/share/go2_stair_interfaces/package.ps1'
[2.403s] INFO:colcon.colcon_core.shell:Creating package descriptor '/home/lukat/COGAR_ws/install/go2_stair_interfaces/share/go2_stair_interfaces/package.dsv'
[2.405s] INFO:colcon.colcon_core.shell:Creating package script '/home/lukat/COGAR_ws/install/go2_stair_interfaces/share/go2_stair_interfaces/package.sh'
[2.409s] INFO:colcon.colcon_core.shell:Creating package script '/home/lukat/COGAR_ws/install/go2_stair_interfaces/share/go2_stair_interfaces/package.bash'
[2.411s] INFO:colcon.colcon_core.shell:Creating package script '/home/lukat/COGAR_ws/install/go2_stair_interfaces/share/go2_stair_interfaces/package.zsh'
[2.414s] Level 1:colcon.colcon_core.environment:create_file_with_runtime_dependencies(/home/lukat/COGAR_ws/install/go2_stair_interfaces/share/colcon-core/packages/go2_stair_interfaces)
[2.417s] Level 1:colcon.colcon_core.environment:create_environment_scripts_only(go2_stair_interfaces)
[2.418s] Level 1:colcon.colcon_core.environment:checking '/home/lukat/COGAR_ws/install/go2_stair_interfaces' for CMake module files
[2.419s] Level 1:colcon.colcon_core.environment:checking '/home/lukat/COGAR_ws/install/go2_stair_interfaces' for CMake config files
[2.420s] Level 1:colcon.colcon_core.shell:create_environment_hook('go2_stair_interfaces', 'cmake_prefix_path')
[2.421s] INFO:colcon.colcon_core.shell:Creating environment hook '/home/lukat/COGAR_ws/install/go2_stair_interfaces/share/go2_stair_interfaces/hook/cmake_prefix_path.ps1'
[2.424s] INFO:colcon.colcon_core.shell:Creating environment descriptor '/home/lukat/COGAR_ws/install/go2_stair_interfaces/share/go2_stair_interfaces/hook/cmake_prefix_path.dsv'
[2.425s] INFO:colcon.colcon_core.shell:Creating environment hook '/home/lukat/COGAR_ws/install/go2_stair_interfaces/share/go2_stair_interfaces/hook/cmake_prefix_path.sh'
[2.427s] Level 1:colcon.colcon_core.environment:checking '/home/lukat/COGAR_ws/install/go2_stair_interfaces/lib'
[2.427s] Level 1:colcon.colcon_core.shell:create_environment_hook('go2_stair_interfaces', 'ld_library_path_lib')
[2.428s] INFO:colcon.colcon_core.shell:Creating environment hook '/home/lukat/COGAR_ws/install/go2_stair_interfaces/share/go2_stair_interfaces/hook/ld_library_path_lib.ps1'
[2.430s] INFO:colcon.colcon_core.shell:Creating environment descriptor '/home/lukat/COGAR_ws/install/go2_stair_interfaces/share/go2_stair_interfaces/hook/ld_library_path_lib.dsv'
[2.431s] INFO:colcon.colcon_core.shell:Creating environment hook '/home/lukat/COGAR_ws/install/go2_stair_interfaces/share/go2_stair_interfaces/hook/ld_library_path_lib.sh'
[2.433s] Level 1:colcon.colcon_core.environment:checking '/home/lukat/COGAR_ws/install/go2_stair_interfaces/bin'
[2.433s] Level 1:colcon.colcon_core.environment:checking '/home/lukat/COGAR_ws/install/go2_stair_interfaces/lib/pkgconfig/go2_stair_interfaces.pc'
[2.434s] Level 1:colcon.colcon_core.environment:checking '/home/lukat/COGAR_ws/install/go2_stair_interfaces/lib/python3.10/site-packages'
[2.435s] Level 1:colcon.colcon_core.environment:checking '/home/lukat/COGAR_ws/install/go2_stair_interfaces/bin'
[2.436s] INFO:colcon.colcon_core.shell:Creating package script '/home/lukat/COGAR_ws/install/go2_stair_interfaces/share/go2_stair_interfaces/package.ps1'
[2.437s] INFO:colcon.colcon_core.shell:Creating package descriptor '/home/lukat/COGAR_ws/install/go2_stair_interfaces/share/go2_stair_interfaces/package.dsv'
[2.440s] INFO:colcon.colcon_core.shell:Creating package script '/home/lukat/COGAR_ws/install/go2_stair_interfaces/share/go2_stair_interfaces/package.sh'
[2.442s] INFO:colcon.colcon_core.shell:Creating package script '/home/lukat/COGAR_ws/install/go2_stair_interfaces/share/go2_stair_interfaces/package.bash'
[2.445s] INFO:colcon.colcon_core.shell:Creating package script '/home/lukat/COGAR_ws/install/go2_stair_interfaces/share/go2_stair_interfaces/package.zsh'
[2.447s] Level 1:colcon.colcon_core.environment:create_file_with_runtime_dependencies(/home/lukat/COGAR_ws/install/go2_stair_interfaces/share/colcon-core/packages/go2_stair_interfaces)
[2.448s] INFO:colcon.colcon_ros.task.ament_python.build:Building ROS package in '/home/lukat/COGAR_ws/src/go2_safety_monitor' with build type 'ament_python'
[2.449s] Level 1:colcon.colcon_core.shell:create_environment_hook('go2_safety_monitor', 'ament_prefix_path')
[2.450s] INFO:colcon.colcon_core.shell:Creating environment hook '/home/lukat/COGAR_ws/install/go2_safety_monitor/share/go2_safety_monitor/hook/ament_prefix_path.ps1'
[2.453s] INFO:colcon.colcon_core.shell:Creating environment descriptor '/home/lukat/COGAR_ws/install/go2_safety_monitor/share/go2_safety_monitor/hook/ament_prefix_path.dsv'
[2.454s] INFO:colcon.colcon_core.shell:Creating environment hook '/home/lukat/COGAR_ws/install/go2_safety_monitor/share/go2_safety_monitor/hook/ament_prefix_path.sh'
[2.458s] INFO:colcon.colcon_core.shell:Skip shell extension 'powershell' for command environment: Not usable outside of PowerShell
[2.459s] DEBUG:colcon.colcon_core.shell:Skip shell extension 'dsv' for command environment
[2.471s] INFO:colcon.colcon_ros.task.ament_python.build:Building ROS package in '/home/lukat/COGAR_ws/src/go2_state_bridge' with build type 'ament_python'
[2.472s] Level 1:colcon.colcon_core.shell:create_environment_hook('go2_state_bridge', 'ament_prefix_path')
[2.473s] INFO:colcon.colcon_core.shell:Creating environment hook '/home/lukat/COGAR_ws/install/go2_state_bridge/share/go2_state_bridge/hook/ament_prefix_path.ps1'
[2.476s] INFO:colcon.colcon_core.shell:Creating environment descriptor '/home/lukat/COGAR_ws/install/go2_state_bridge/share/go2_state_bridge/hook/ament_prefix_path.dsv'
[2.478s] INFO:colcon.colcon_core.shell:Creating environment hook '/home/lukat/COGAR_ws/install/go2_state_bridge/share/go2_state_bridge/hook/ament_prefix_path.sh'
[2.481s] INFO:colcon.colcon_core.shell:Skip shell extension 'powershell' for command environment: Not usable outside of PowerShell
[2.481s] DEBUG:colcon.colcon_core.shell:Skip shell extension 'dsv' for command environment
[3.268s] INFO:colcon.colcon_core.task.python.build:Building Python package in '/home/lukat/COGAR_ws/src/go2_safety_monitor'
[3.269s] INFO:colcon.colcon_core.shell:Skip shell extension 'powershell' for command environment: Not usable outside of PowerShell
[3.269s] DEBUG:colcon.colcon_core.shell:Skip shell extension 'dsv' for command environment
[4.016s] INFO:colcon.colcon_core.task.python.build:Building Python package in '/home/lukat/COGAR_ws/src/go2_state_bridge'
[4.017s] INFO:colcon.colcon_core.shell:Skip shell extension 'powershell' for command environment: Not usable outside of PowerShell
[4.017s] DEBUG:colcon.colcon_core.shell:Skip shell extension 'dsv' for command environment
[4.047s] DEBUG:colcon.colcon_core.event_handler.log_command:Invoking command in '/home/lukat/COGAR_ws/src/go2_simulation_mujoco': PYTHONPATH=/home/lukat/COGAR_ws/build/go2_simulation_mujoco/prefix_override:/usr/lib/python3/dist-packages/colcon_core/task/python/colcon_distutils_commands:/home/lukat/COGAR_ws/install/go2_simulation_mujoco/lib/python3.10/site-packages:${PYTHONPATH} /usr/bin/python3 -W ignore:setup.py install is deprecated -W ignore:easy_install command is deprecated setup.py egg_info --egg-base ../../build/go2_simulation_mujoco build --build-base /home/lukat/COGAR_ws/build/go2_simulation_mujoco/build install --record /home/lukat/COGAR_ws/build/go2_simulation_mujoco/install.log --single-version-externally-managed install_data
[4.052s] DEBUG:colcon.colcon_core.event_handler.log_command:Invoking command in '/home/lukat/COGAR_ws/src/go2_velocity_supervisor': PYTHONPATH=/home/lukat/COGAR_ws/build/go2_velocity_supervisor/prefix_override:/usr/lib/python3/dist-packages/colcon_core/task/python/colcon_distutils_commands:/home/lukat/COGAR_ws/install/go2_velocity_supervisor/lib/python3.10/site-packages:${PYTHONPATH} /usr/bin/python3 -W ignore:setup.py install is deprecated -W ignore:easy_install command is deprecated setup.py egg_info --egg-base ../../build/go2_velocity_supervisor build --build-base /home/lukat/COGAR_ws/build/go2_velocity_supervisor/build install --record /home/lukat/COGAR_ws/build/go2_velocity_supervisor/install.log --single-version-externally-managed install_data
[6.201s] Level 1:colcon.colcon_core.environment:checking '/home/lukat/COGAR_ws/install/go2_simulation_mujoco' for CMake module files
[6.204s] Level 1:colcon.colcon_core.environment:checking '/home/lukat/COGAR_ws/install/go2_simulation_mujoco' for CMake config files
[6.208s] DEBUG:colcon.colcon_core.event_handler.log_command:Invoking command in '/home/lukat/COGAR_ws/src/go2_state_bridge': AMENT_PREFIX_PATH=/home/lukat/COGAR_ws/install/go2_stair_interfaces:${AMENT_PREFIX_PATH} CMAKE_PREFIX_PATH=/home/lukat/COGAR_ws/install/go2_stair_interfaces:${CMAKE_PREFIX_PATH} LD_LIBRARY_PATH=/home/lukat/COGAR_ws/install/go2_stair_interfaces/lib:${LD_LIBRARY_PATH} PYTHONPATH=/home/lukat/COGAR_ws/build/go2_state_bridge/prefix_override:/usr/lib/python3/dist-packages/colcon_core/task/python/colcon_distutils_commands:/home/lukat/COGAR_ws/install/go2_state_bridge/lib/python3.10/site-packages:/home/lukat/COGAR_ws/install/go2_stair_interfaces/local/lib/python3.10/dist-packages:${PYTHONPATH} /usr/bin/python3 -W ignore:setup.py install is deprecated -W ignore:easy_install command is deprecated setup.py egg_info --egg-base ../../build/go2_state_bridge build --build-base /home/lukat/COGAR_ws/build/go2_state_bridge/build install --record /home/lukat/COGAR_ws/build/go2_state_bridge/install.log --single-version-externally-managed install_data
[6.210s] DEBUG:colcon.colcon_core.event_handler.log_command:Invoked command in '/home/lukat/COGAR_ws/src/go2_simulation_mujoco' returned '0': PYTHONPATH=/home/lukat/COGAR_ws/build/go2_simulation_mujoco/prefix_override:/usr/lib/python3/dist-packages/colcon_core/task/python/colcon_distutils_commands:/home/lukat/COGAR_ws/install/go2_simulation_mujoco/lib/python3.10/site-packages:${PYTHONPATH} /usr/bin/python3 -W ignore:setup.py install is deprecated -W ignore:easy_install command is deprecated setup.py egg_info --egg-base ../../build/go2_simulation_mujoco build --build-base /home/lukat/COGAR_ws/build/go2_simulation_mujoco/build install --record /home/lukat/COGAR_ws/build/go2_simulation_mujoco/install.log --single-version-externally-managed install_data
[6.211s] Level 1:colcon.colcon_core.environment:checking '/home/lukat/COGAR_ws/install/go2_simulation_mujoco/lib'
[6.212s] Level 1:colcon.colcon_core.environment:checking '/home/lukat/COGAR_ws/install/go2_simulation_mujoco/bin'
[6.213s] Level 1:colcon.colcon_core.environment:checking '/home/lukat/COGAR_ws/install/go2_simulation_mujoco/lib/pkgconfig/go2_simulation_mujoco.pc'
[6.214s] Level 1:colcon.colcon_core.environment:checking '/home/lukat/COGAR_ws/install/go2_simulation_mujoco/lib/python3.10/site-packages'
[6.214s] Level 1:colcon.colcon_core.shell:create_environment_hook('go2_simulation_mujoco', 'pythonpath')
[6.215s] INFO:colcon.colcon_core.shell:Creating environment hook '/home/lukat/COGAR_ws/install/go2_simulation_mujoco/share/go2_simulation_mujoco/hook/pythonpath.ps1'
[6.216s] INFO:colcon.colcon_core.shell:Creating environment descriptor '/home/lukat/COGAR_ws/install/go2_simulation_mujoco/share/go2_simulation_mujoco/hook/pythonpath.dsv'
[6.218s] INFO:colcon.colcon_core.shell:Creating environment hook '/home/lukat/COGAR_ws/install/go2_simulation_mujoco/share/go2_simulation_mujoco/hook/pythonpath.sh'
[6.220s] Level 1:colcon.colcon_core.environment:checking '/home/lukat/COGAR_ws/install/go2_simulation_mujoco/bin'
[6.221s] Level 1:colcon.colcon_core.environment:create_environment_scripts_only(go2_simulation_mujoco)
[6.221s] INFO:colcon.colcon_core.shell:Creating package script '/home/lukat/COGAR_ws/install/go2_simulation_mujoco/share/go2_simulation_mujoco/package.ps1'
[6.224s] INFO:colcon.colcon_core.shell:Creating package descriptor '/home/lukat/COGAR_ws/install/go2_simulation_mujoco/share/go2_simulation_mujoco/package.dsv'
[6.226s] INFO:colcon.colcon_core.shell:Creating package script '/home/lukat/COGAR_ws/install/go2_simulation_mujoco/share/go2_simulation_mujoco/package.sh'
[6.229s] INFO:colcon.colcon_core.shell:Creating package script '/home/lukat/COGAR_ws/install/go2_simulation_mujoco/share/go2_simulation_mujoco/package.bash'
[6.231s] INFO:colcon.colcon_core.shell:Creating package script '/home/lukat/COGAR_ws/install/go2_simulation_mujoco/share/go2_simulation_mujoco/package.zsh'
[6.232s] Level 1:colcon.colcon_core.environment:create_file_with_runtime_dependencies(/home/lukat/COGAR_ws/install/go2_simulation_mujoco/share/colcon-core/packages/go2_simulation_mujoco)
[6.248s] DEBUG:colcon.colcon_core.event_handler.log_command:Invoking command in '/home/lukat/COGAR_ws/src/go2_safety_monitor': AMENT_PREFIX_PATH=/home/lukat/COGAR_ws/install/go2_stair_interfaces:${AMENT_PREFIX_PATH} CMAKE_PREFIX_PATH=/home/lukat/COGAR_ws/install/go2_stair_interfaces:${CMAKE_PREFIX_PATH} LD_LIBRARY_PATH=/home/lukat/COGAR_ws/install/go2_stair_interfaces/lib:${LD_LIBRARY_PATH} PYTHONPATH=/home/lukat/COGAR_ws/build/go2_safety_monitor/prefix_override:/usr/lib/python3/dist-packages/colcon_core/task/python/colcon_distutils_commands:/home/lukat/COGAR_ws/install/go2_safety_monitor/lib/python3.10/site-packages:/home/lukat/COGAR_ws/install/go2_stair_interfaces/local/lib/python3.10/dist-packages:${PYTHONPATH} /usr/bin/python3 -W ignore:setup.py install is deprecated -W ignore:easy_install command is deprecated setup.py egg_info --egg-base ../../build/go2_safety_monitor build --build-base /home/lukat/COGAR_ws/build/go2_safety_monitor/build install --record /home/lukat/COGAR_ws/build/go2_safety_monitor/install.log --single-version-externally-managed install_data
[6.260s] Level 1:colcon.colcon_core.environment:checking '/home/lukat/COGAR_ws/install/go2_velocity_supervisor' for CMake module files
[6.263s] DEBUG:colcon.colcon_core.event_handler.log_command:Invoked command in '/home/lukat/COGAR_ws/src/go2_velocity_supervisor' returned '0': PYTHONPATH=/home/lukat/COGAR_ws/build/go2_velocity_supervisor/prefix_override:/usr/lib/python3/dist-packages/colcon_core/task/python/colcon_distutils_commands:/home/lukat/COGAR_ws/install/go2_velocity_supervisor/lib/python3.10/site-packages:${PYTHONPATH} /usr/bin/python3 -W ignore:setup.py install is deprecated -W ignore:easy_install command is deprecated setup.py egg_info --egg-base ../../build/go2_velocity_supervisor build --build-base /home/lukat/COGAR_ws/build/go2_velocity_supervisor/build install --record /home/lukat/COGAR_ws/build/go2_velocity_supervisor/install.log --single-version-externally-managed install_data
[6.265s] Level 1:colcon.colcon_core.environment:checking '/home/lukat/COGAR_ws/install/go2_velocity_supervisor' for CMake config files
[6.267s] Level 1:colcon.colcon_core.environment:checking '/home/lukat/COGAR_ws/install/go2_velocity_supervisor/lib'
[6.267s] Level 1:colcon.colcon_core.environment:checking '/home/lukat/COGAR_ws/install/go2_velocity_supervisor/bin'
[6.268s] Level 1:colcon.colcon_core.environment:checking '/home/lukat/COGAR_ws/install/go2_velocity_supervisor/lib/pkgconfig/go2_velocity_supervisor.pc'
[6.268s] Level 1:colcon.colcon_core.environment:checking '/home/lukat/COGAR_ws/install/go2_velocity_supervisor/lib/python3.10/site-packages'
[6.268s] Level 1:colcon.colcon_core.shell:create_environment_hook('go2_velocity_supervisor', 'pythonpath')
[6.269s] INFO:colcon.colcon_core.shell:Creating environment hook '/home/lukat/COGAR_ws/install/go2_velocity_supervisor/share/go2_velocity_supervisor/hook/pythonpath.ps1'
[6.271s] INFO:colcon.colcon_core.shell:Creating environment descriptor '/home/lukat/COGAR_ws/install/go2_velocity_supervisor/share/go2_velocity_supervisor/hook/pythonpath.dsv'
[6.274s] INFO:colcon.colcon_core.shell:Creating environment hook '/home/lukat/COGAR_ws/install/go2_velocity_supervisor/share/go2_velocity_supervisor/hook/pythonpath.sh'
[6.278s] Level 1:colcon.colcon_core.environment:checking '/home/lukat/COGAR_ws/install/go2_velocity_supervisor/bin'
[6.279s] Level 1:colcon.colcon_core.environment:create_environment_scripts_only(go2_velocity_supervisor)
[6.280s] INFO:colcon.colcon_core.shell:Creating package script '/home/lukat/COGAR_ws/install/go2_velocity_supervisor/share/go2_velocity_supervisor/package.ps1'
[6.282s] INFO:colcon.colcon_core.shell:Creating package descriptor '/home/lukat/COGAR_ws/install/go2_velocity_supervisor/share/go2_velocity_supervisor/package.dsv'
[6.284s] INFO:colcon.colcon_core.shell:Creating package script '/home/lukat/COGAR_ws/install/go2_velocity_supervisor/share/go2_velocity_supervisor/package.sh'
[6.286s] INFO:colcon.colcon_core.shell:Creating package script '/home/lukat/COGAR_ws/install/go2_velocity_supervisor/share/go2_velocity_supervisor/package.bash'
[6.287s] INFO:colcon.colcon_core.shell:Creating package script '/home/lukat/COGAR_ws/install/go2_velocity_supervisor/share/go2_velocity_supervisor/package.zsh'
[6.289s] Level 1:colcon.colcon_core.environment:create_file_with_runtime_dependencies(/home/lukat/COGAR_ws/install/go2_velocity_supervisor/share/colcon-core/packages/go2_velocity_supervisor)
[8.702s] Level 1:colcon.colcon_core.environment:checking '/home/lukat/COGAR_ws/install/go2_state_bridge' for CMake module files
[8.704s] DEBUG:colcon.colcon_core.event_handler.log_command:Invoked command in '/home/lukat/COGAR_ws/src/go2_state_bridge' returned '0': AMENT_PREFIX_PATH=/home/lukat/COGAR_ws/install/go2_stair_interfaces:${AMENT_PREFIX_PATH} CMAKE_PREFIX_PATH=/home/lukat/COGAR_ws/install/go2_stair_interfaces:${CMAKE_PREFIX_PATH} LD_LIBRARY_PATH=/home/lukat/COGAR_ws/install/go2_stair_interfaces/lib:${LD_LIBRARY_PATH} PYTHONPATH=/home/lukat/COGAR_ws/build/go2_state_bridge/prefix_override:/usr/lib/python3/dist-packages/colcon_core/task/python/colcon_distutils_commands:/home/lukat/COGAR_ws/install/go2_state_bridge/lib/python3.10/site-packages:/home/lukat/COGAR_ws/install/go2_stair_interfaces/local/lib/python3.10/dist-packages:${PYTHONPATH} /usr/bin/python3 -W ignore:setup.py install is deprecated -W ignore:easy_install command is deprecated setup.py egg_info --egg-base ../../build/go2_state_bridge build --build-base /home/lukat/COGAR_ws/build/go2_state_bridge/build install --record /home/lukat/COGAR_ws/build/go2_state_bridge/install.log --single-version-externally-managed install_data
[8.705s] Level 1:colcon.colcon_core.environment:checking '/home/lukat/COGAR_ws/install/go2_state_bridge' for CMake config files
[8.706s] Level 1:colcon.colcon_core.environment:checking '/home/lukat/COGAR_ws/install/go2_state_bridge/lib'
[8.707s] Level 1:colcon.colcon_core.environment:checking '/home/lukat/COGAR_ws/install/go2_state_bridge/bin'
[8.707s] Level 1:colcon.colcon_core.environment:checking '/home/lukat/COGAR_ws/install/go2_state_bridge/lib/pkgconfig/go2_state_bridge.pc'
[8.708s] Level 1:colcon.colcon_core.environment:checking '/home/lukat/COGAR_ws/install/go2_state_bridge/lib/python3.10/site-packages'
[8.709s] Level 1:colcon.colcon_core.shell:create_environment_hook('go2_state_bridge', 'pythonpath')
[8.709s] INFO:colcon.colcon_core.shell:Creating environment hook '/home/lukat/COGAR_ws/install/go2_state_bridge/share/go2_state_bridge/hook/pythonpath.ps1'
[8.711s] INFO:colcon.colcon_core.shell:Creating environment descriptor '/home/lukat/COGAR_ws/install/go2_state_bridge/share/go2_state_bridge/hook/pythonpath.dsv'
[8.713s] INFO:colcon.colcon_core.shell:Creating environment hook '/home/lukat/COGAR_ws/install/go2_state_bridge/share/go2_state_bridge/hook/pythonpath.sh'
[8.716s] Level 1:colcon.colcon_core.environment:checking '/home/lukat/COGAR_ws/install/go2_state_bridge/bin'
[8.716s] Level 1:colcon.colcon_core.environment:create_environment_scripts_only(go2_state_bridge)
[8.717s] INFO:colcon.colcon_core.shell:Creating package script '/home/lukat/COGAR_ws/install/go2_state_bridge/share/go2_state_bridge/package.ps1'
[8.719s] INFO:colcon.colcon_core.shell:Creating package descriptor '/home/lukat/COGAR_ws/install/go2_state_bridge/share/go2_state_bridge/package.dsv'
[8.720s] INFO:colcon.colcon_core.shell:Creating package script '/home/lukat/COGAR_ws/install/go2_state_bridge/share/go2_state_bridge/package.sh'
[8.722s] INFO:colcon.colcon_core.shell:Creating package script '/home/lukat/COGAR_ws/install/go2_state_bridge/share/go2_state_bridge/package.bash'
[8.723s] INFO:colcon.colcon_core.shell:Creating package script '/home/lukat/COGAR_ws/install/go2_state_bridge/share/go2_state_bridge/package.zsh'
[8.724s] Level 1:colcon.colcon_core.environment:create_file_with_runtime_dependencies(/home/lukat/COGAR_ws/install/go2_state_bridge/share/colcon-core/packages/go2_state_bridge)
[8.729s] Level 1:colcon.colcon_core.environment:checking '/home/lukat/COGAR_ws/install/go2_safety_monitor' for CMake module files
[8.732s] DEBUG:colcon.colcon_core.event_handler.log_command:Invoked command in '/home/lukat/COGAR_ws/src/go2_safety_monitor' returned '0': AMENT_PREFIX_PATH=/home/lukat/COGAR_ws/install/go2_stair_interfaces:${AMENT_PREFIX_PATH} CMAKE_PREFIX_PATH=/home/lukat/COGAR_ws/install/go2_stair_interfaces:${CMAKE_PREFIX_PATH} LD_LIBRARY_PATH=/home/lukat/COGAR_ws/install/go2_stair_interfaces/lib:${LD_LIBRARY_PATH} PYTHONPATH=/home/lukat/COGAR_ws/build/go2_safety_monitor/prefix_override:/usr/lib/python3/dist-packages/colcon_core/task/python/colcon_distutils_commands:/home/lukat/COGAR_ws/install/go2_safety_monitor/lib/python3.10/site-packages:/home/lukat/COGAR_ws/install/go2_stair_interfaces/local/lib/python3.10/dist-packages:${PYTHONPATH} /usr/bin/python3 -W ignore:setup.py install is deprecated -W ignore:easy_install command is deprecated setup.py egg_info --egg-base ../../build/go2_safety_monitor build --build-base /home/lukat/COGAR_ws/build/go2_safety_monitor/build install --record /home/lukat/COGAR_ws/build/go2_safety_monitor/install.log --single-version-externally-managed install_data
[8.733s] Level 1:colcon.colcon_core.environment:checking '/home/lukat/COGAR_ws/install/go2_safety_monitor' for CMake config files
[8.735s] Level 1:colcon.colcon_core.environment:checking '/home/lukat/COGAR_ws/install/go2_safety_monitor/lib'
[8.736s] Level 1:colcon.colcon_core.environment:checking '/home/lukat/COGAR_ws/install/go2_safety_monitor/bin'
[8.736s] Level 1:colcon.colcon_core.environment:checking '/home/lukat/COGAR_ws/install/go2_safety_monitor/lib/pkgconfig/go2_safety_monitor.pc'
[8.737s] Level 1:colcon.colcon_core.environment:checking '/home/lukat/COGAR_ws/install/go2_safety_monitor/lib/python3.10/site-packages'
[8.737s] Level 1:colcon.colcon_core.shell:create_environment_hook('go2_safety_monitor', 'pythonpath')
[8.739s] INFO:colcon.colcon_core.shell:Creating environment hook '/home/lukat/COGAR_ws/install/go2_safety_monitor/share/go2_safety_monitor/hook/pythonpath.ps1'
[8.742s] INFO:colcon.colcon_core.shell:Creating environment descriptor '/home/lukat/COGAR_ws/install/go2_safety_monitor/share/go2_safety_monitor/hook/pythonpath.dsv'
[8.743s] INFO:colcon.colcon_core.shell:Creating environment hook '/home/lukat/COGAR_ws/install/go2_safety_monitor/share/go2_safety_monitor/hook/pythonpath.sh'
[8.745s] Level 1:colcon.colcon_core.environment:checking '/home/lukat/COGAR_ws/install/go2_safety_monitor/bin'
[8.745s] Level 1:colcon.colcon_core.environment:create_environment_scripts_only(go2_safety_monitor)
[8.746s] INFO:colcon.colcon_core.shell:Creating package script '/home/lukat/COGAR_ws/install/go2_safety_monitor/share/go2_safety_monitor/package.ps1'
[8.747s] INFO:colcon.colcon_core.shell:Creating package descriptor '/home/lukat/COGAR_ws/install/go2_safety_monitor/share/go2_safety_monitor/package.dsv'
[8.748s] INFO:colcon.colcon_core.shell:Creating package script '/home/lukat/COGAR_ws/install/go2_safety_monitor/share/go2_safety_monitor/package.sh'
[8.749s] INFO:colcon.colcon_core.shell:Creating package script '/home/lukat/COGAR_ws/install/go2_safety_monitor/share/go2_safety_monitor/package.bash'
[8.751s] INFO:colcon.colcon_core.shell:Creating package script '/home/lukat/COGAR_ws/install/go2_safety_monitor/share/go2_safety_monitor/package.zsh'
[8.753s] Level 1:colcon.colcon_core.environment:create_file_with_runtime_dependencies(/home/lukat/COGAR_ws/install/go2_safety_monitor/share/colcon-core/packages/go2_safety_monitor)
[8.755s] DEBUG:colcon.colcon_parallel_executor.executor.parallel:closing loop
[8.757s] DEBUG:colcon.colcon_parallel_executor.executor.parallel:loop closed
[8.757s] DEBUG:colcon.colcon_parallel_executor.executor.parallel:run_until_complete finished with '0'
[8.758s] DEBUG:colcon.colcon_core.event_reactor:joining thread
[8.808s] INFO:colcon.colcon_core.plugin_system:Skipping extension 'colcon_notification.desktop_notification.notify_send': Could not find 'notify-send'
[8.809s] INFO:colcon.colcon_core.plugin_system:Skipping extension 'colcon_notification.desktop_notification.terminal_notifier': Not used on non-Darwin systems
[8.810s] INFO:colcon.colcon_core.plugin_system:Skipping extension 'colcon_notification.desktop_notification.win32': Not used on non-Windows systems
[8.810s] INFO:colcon.colcon_notification.desktop_notification:Sending desktop notification using 'notify2'
[8.810s] DEBUG:colcon.colcon_notification.desktop_notification.notify2:Failed to initialize notify2: org.freedesktop.DBus.Error.FileNotFound: Failed to connect to socket /run/user/1000/bus: No such file or directory
[8.811s] DEBUG:colcon.colcon_core.event_reactor:joined thread
[8.811s] INFO:colcon.colcon_core.shell:Creating prefix script '/home/lukat/COGAR_ws/install/local_setup.ps1'
[8.813s] INFO:colcon.colcon_core.shell:Creating prefix util module '/home/lukat/COGAR_ws/install/_local_setup_util_ps1.py'
[8.817s] INFO:colcon.colcon_core.shell:Creating prefix chain script '/home/lukat/COGAR_ws/install/setup.ps1'
[8.820s] INFO:colcon.colcon_core.shell:Creating prefix script '/home/lukat/COGAR_ws/install/local_setup.sh'
[8.822s] INFO:colcon.colcon_core.shell:Creating prefix util module '/home/lukat/COGAR_ws/install/_local_setup_util_sh.py'
[8.825s] INFO:colcon.colcon_core.shell:Creating prefix chain script '/home/lukat/COGAR_ws/install/setup.sh'
[8.830s] INFO:colcon.colcon_core.shell:Creating prefix script '/home/lukat/COGAR_ws/install/local_setup.bash'
[8.832s] INFO:colcon.colcon_core.shell:Creating prefix chain script '/home/lukat/COGAR_ws/install/setup.bash'
[8.837s] INFO:colcon.colcon_core.shell:Creating prefix script '/home/lukat/COGAR_ws/install/local_setup.zsh'
[8.839s] INFO:colcon.colcon_core.shell:Creating prefix chain script '/home/lukat/COGAR_ws/install/setup.zsh'
