[2.226s] Invoking command in '/home/lukat/COGAR_ws/src/go2_velocity_supervisor': PYTHONPATH=/home/lukat/COGAR_ws/build/go2_velocity_supervisor/prefix_override:/usr/lib/python3/dist-packages/colcon_core/task/python/colcon_distutils_commands:/home/lukat/COGAR_ws/install/go2_velocity_supervisor/lib/python3.10/site-packages:${PYTHONPATH} /usr/bin/python3 -W ignore:setup.py install is deprecated -W ignore:easy_install command is deprecated setup.py egg_info --egg-base ../../build/go2_velocity_supervisor build --build-base /home/lukat/COGAR_ws/build/go2_velocity_supervisor/build install --record /home/lukat/COGAR_ws/build/go2_velocity_supervisor/install.log --single-version-externally-managed install_data
[2.622s] running egg_info
[2.643s] writing ../../build/go2_velocity_supervisor/go2_velocity_supervisor.egg-info/PKG-INFO
[2.645s] writing dependency_links to ../../build/go2_velocity_supervisor/go2_velocity_supervisor.egg-info/dependency_links.txt
[2.646s] writing requirements to ../../build/go2_velocity_supervisor/go2_velocity_supervisor.egg-info/requires.txt
[2.646s] writing top-level names to ../../build/go2_velocity_supervisor/go2_velocity_supervisor.egg-info/top_level.txt
[2.694s] reading manifest file '../../build/go2_velocity_supervisor/go2_velocity_supervisor.egg-info/SOURCES.txt'
[2.696s] writing manifest file '../../build/go2_velocity_supervisor/go2_velocity_supervisor.egg-info/SOURCES.txt'
[2.696s] running build
[2.696s] running build_py
[2.697s] copying go2_velocity_supervisor/__init__.py -> /home/lukat/COGAR_ws/build/go2_velocity_supervisor/build/lib/go2_velocity_supervisor
[2.697s] copying go2_velocity_supervisor/velocity_supervisor_node.py -> /home/lukat/COGAR_ws/build/go2_velocity_supervisor/build/lib/go2_velocity_supervisor
[2.699s] running install
[2.707s] running install_lib
[2.735s] running install_data
[2.736s] copying resource/go2_velocity_supervisor -> /home/lukat/COGAR_ws/install/go2_velocity_supervisor/share/ament_index/resource_index/packages
[2.736s] copying package.xml -> /home/lukat/COGAR_ws/install/go2_velocity_supervisor/share/go2_velocity_supervisor
[2.737s] running install_egg_info
[2.771s] removing '/home/lukat/COGAR_ws/install/go2_velocity_supervisor/lib/python3.10/site-packages/go2_velocity_supervisor-0.0.0-py3.10.egg-info' (and everything under it)
[2.772s] Copying ../../build/go2_velocity_supervisor/go2_velocity_supervisor.egg-info to /home/lukat/COGAR_ws/install/go2_velocity_supervisor/lib/python3.10/site-packages/go2_velocity_supervisor-0.0.0-py3.10.egg-info
[2.776s] running install_scripts
[3.018s] writing list of installed files to '/home/lukat/COGAR_ws/build/go2_velocity_supervisor/install.log'
[3.221s] Invoked command in '/home/lukat/COGAR_ws/src/go2_velocity_supervisor' returned '0': PYTHONPATH=/home/lukat/COGAR_ws/build/go2_velocity_supervisor/prefix_override:/usr/lib/python3/dist-packages/colcon_core/task/python/colcon_distutils_commands:/home/lukat/COGAR_ws/install/go2_velocity_supervisor/lib/python3.10/site-packages:${PYTHONPATH} /usr/bin/python3 -W ignore:setup.py install is deprecated -W ignore:easy_install command is deprecated setup.py egg_info --egg-base ../../build/go2_velocity_supervisor build --build-base /home/lukat/COGAR_ws/build/go2_velocity_supervisor/build install --record /home/lukat/COGAR_ws/build/go2_velocity_supervisor/install.log --single-version-externally-managed install_data
