[0.068s] Invoking command in '/home/lukat/COGAR_ws/build/go2_stair_interfaces': CMAKE_PREFIX_PATH=${CMAKE_PREFIX_PATH}:/home/lukat/unitree_mujoco_ws/COGAR_project/install/simulation_py:/home/lukat/unitree_mujoco_ws/COGAR_project/install/controller:/home/lukat/unitree_mujoco_ws/COGAR_project/install/convex_mpc:/home/lukat/COGAR_ws/install/go2_velocity_supervisor:/home/lukat/COGAR_ws/install/go2_state_bridge:/home/lukat/COGAR_ws/install/go2_safety_monitor:/home/lukat/COGAR_ws/install/go2_simulation_mujoco:/opt/ros/humble /usr/bin/cmake --build /home/lukat/COGAR_ws/build/go2_stair_interfaces -- -j8 -l8
[0.457s] -- Found ament_cmake: 1.3.14 (/opt/ros/humble/share/ament_cmake/cmake)
[0.539s] -- Override CMake install command with custom implementation using symlinks instead of copying resources
[0.577s] -- Found std_msgs: 4.9.1 (/opt/ros/humble/share/std_msgs/cmake)
[0.717s] -- Found rosidl_generator_c: 3.1.8 (/opt/ros/humble/share/rosidl_generator_c/cmake)
[0.725s] -- Found rosidl_adapter: 3.1.8 (/opt/ros/humble/share/rosidl_adapter/cmake)
[0.746s] -- Found rosidl_generator_cpp: 3.1.8 (/opt/ros/humble/share/rosidl_generator_cpp/cmake)
[0.776s] -- Using all available rosidl_typesupport_c: rosidl_typesupport_fastrtps_c;rosidl_typesupport_introspection_c
[0.805s] -- Using all available rosidl_typesupport_cpp: rosidl_typesupport_fastrtps_cpp;rosidl_typesupport_introspection_cpp
[0.872s] -- Found rosidl_default_generators: 1.2.1 (/opt/ros/humble/share/rosidl_default_generators/cmake)
[1.471s] -- Found ament_cmake_ros: 0.10.0 (/opt/ros/humble/share/ament_cmake_ros/cmake)
[2.205s] -- Using all available rosidl_typesupport_c: rosidl_typesupport_fastrtps_c;rosidl_typesupport_introspection_c
[2.470s] -- Using all available rosidl_typesupport_cpp: rosidl_typesupport_fastrtps_cpp;rosidl_typesupport_introspection_cpp
[2.519s] -- Found python_cmake_module: 0.10.0 (/opt/ros/humble/share/python_cmake_module/cmake)
[2.575s] -- Using PYTHON_EXECUTABLE: /usr/bin/python3
[2.575s] -- Using PYTHON_INCLUDE_DIRS: /usr/include/python3.10
[2.576s] -- Using PYTHON_LIBRARIES: /usr/lib/x86_64-linux-gnu/libpython3.10.so
[2.750s] -- Found ament_lint_auto: 0.12.15 (/opt/ros/humble/share/ament_lint_auto/cmake)
[2.802s] -- Added test 'lint_cmake' to check CMake code style
[2.804s] -- Added test 'xmllint' to check XML markup files
[2.816s] -- Configuring done
[2.962s] -- Generating done
[2.986s] -- Build files have been written to: /home/lukat/COGAR_ws/build/go2_stair_interfaces
[3.052s] [  2%] [34m[1mGenerating C code for ROS interfaces[0m
[3.071s] [  5%] [34m[1mGenerating Rust code for ROS interfaces[0m
[3.083s] [  7%] [34m[1mGenerating C++ code for ROS interfaces[0m
[3.095s] [  7%] Built target ament_cmake_python_symlink_go2_stair_interfaces
[3.637s] running egg_info
[3.670s] writing go2_stair_interfaces.egg-info/PKG-INFO
[3.671s] writing dependency_links to go2_stair_interfaces.egg-info/dependency_links.txt
[3.672s] writing top-level names to go2_stair_interfaces.egg-info/top_level.txt
[3.810s] reading manifest file 'go2_stair_interfaces.egg-info/SOURCES.txt'
[3.813s] writing manifest file 'go2_stair_interfaces.egg-info/SOURCES.txt'
[3.929s] [  7%] Built target ament_cmake_python_build_go2_stair_interfaces_egg
[4.150s] [  7%] Built target go2_stair_interfaces__rs
[4.236s] [35m[1mConsolidate compiler generated dependencies of target go2_stair_interfaces__rosidl_generator_c[0m
[4.254s] [ 10%] [32mBuilding C object CMakeFiles/go2_stair_interfaces__rosidl_generator_c.dir/rosidl_generator_c/go2_stair_interfaces/msg/detail/go2_safety_status__functions.c.o[0m
[4.257s] [ 12%] [32mBuilding C object CMakeFiles/go2_stair_interfaces__rosidl_generator_c.dir/rosidl_generator_c/go2_stair_interfaces/msg/detail/go2_safety_state__functions.c.o[0m
[4.301s] [ 12%] Built target go2_stair_interfaces__cpp
[4.318s] [ 17%] [34m[1mGenerating C++ type support for eProsima Fast-RTPS[0m
[4.318s] [ 17%] [34m[1mGenerating C++ type support dispatch for ROS interfaces[0m
[4.320s] [ 20%] [34m[1mGenerating C++ introspection for ROS interfaces[0m
[4.605s] [ 22%] [32m[1mLinking C shared library libgo2_stair_interfaces__rosidl_generator_c.so[0m
[4.921s] [ 22%] Built target go2_stair_interfaces__rosidl_generator_c
[4.944s] [ 25%] [34m[1mGenerating C type support for eProsima Fast-RTPS[0m
[4.945s] [ 27%] [34m[1mGenerating C introspection for ROS interfaces[0m
[4.946s] [ 30%] [34m[1mGenerating C type support dispatch for ROS interfaces[0m
[5.676s] [35m[1mConsolidate compiler generated dependencies of target go2_stair_interfaces__rosidl_typesupport_cpp[0m
[5.711s] [ 32%] [32mBuilding CXX object CMakeFiles/go2_stair_interfaces__rosidl_typesupport_cpp.dir/rosidl_typesupport_cpp/go2_stair_interfaces/msg/go2_safety_state__type_support.cpp.o[0m
[5.718s] [35m[1mConsolidate compiler generated dependencies of target go2_stair_interfaces__rosidl_typesupport_introspection_cpp[0m
[5.728s] [ 35%] [32mBuilding CXX object CMakeFiles/go2_stair_interfaces__rosidl_typesupport_cpp.dir/rosidl_typesupport_cpp/go2_stair_interfaces/msg/go2_safety_status__type_support.cpp.o[0m
[5.745s] [35m[1mConsolidate compiler generated dependencies of target go2_stair_interfaces__rosidl_typesupport_fastrtps_cpp[0m
[5.746s] [ 37%] [32mBuilding CXX object CMakeFiles/go2_stair_interfaces__rosidl_typesupport_introspection_cpp.dir/rosidl_typesupport_introspection_cpp/go2_stair_interfaces/msg/detail/go2_safety_state__type_support.cpp.o[0m
[5.757s] [ 40%] [32mBuilding CXX object CMakeFiles/go2_stair_interfaces__rosidl_typesupport_introspection_cpp.dir/rosidl_typesupport_introspection_cpp/go2_stair_interfaces/msg/detail/go2_safety_status__type_support.cpp.o[0m
[5.780s] [ 42%] [32mBuilding CXX object CMakeFiles/go2_stair_interfaces__rosidl_typesupport_fastrtps_cpp.dir/rosidl_typesupport_fastrtps_cpp/go2_stair_interfaces/msg/detail/dds_fastrtps/go2_safety_state__type_support.cpp.o[0m
[6.301s] [35m[1mConsolidate compiler generated dependencies of target go2_stair_interfaces__rosidl_typesupport_c[0m
[6.352s] [ 45%] [32mBuilding CXX object CMakeFiles/go2_stair_interfaces__rosidl_typesupport_c.dir/rosidl_typesupport_c/go2_stair_interfaces/msg/go2_safety_state__type_support.cpp.o[0m
[6.366s] [35m[1mConsolidate compiler generated dependencies of target go2_stair_interfaces__rosidl_typesupport_introspection_c[0m
[6.409s] [35m[1mConsolidate compiler generated dependencies of target go2_stair_interfaces__rosidl_typesupport_fastrtps_c[0m
[6.409s] [ 47%] [32mBuilding C object CMakeFiles/go2_stair_interfaces__rosidl_typesupport_introspection_c.dir/rosidl_typesupport_introspection_c/go2_stair_interfaces/msg/detail/go2_safety_state__type_support.c.o[0m
[6.443s] [ 50%] [32mBuilding CXX object CMakeFiles/go2_stair_interfaces__rosidl_typesupport_fastrtps_c.dir/rosidl_typesupport_fastrtps_c/go2_stair_interfaces/msg/detail/go2_safety_state__type_support_c.cpp.o[0m
[6.454s] [ 52%] [32mBuilding CXX object CMakeFiles/go2_stair_interfaces__rosidl_typesupport_c.dir/rosidl_typesupport_c/go2_stair_interfaces/msg/go2_safety_status__type_support.cpp.o[0m
[6.545s] [ 55%] [32m[1mLinking CXX shared library libgo2_stair_interfaces__rosidl_typesupport_c.so[0m
[6.554s] [ 57%] [32mBuilding C object CMakeFiles/go2_stair_interfaces__rosidl_typesupport_introspection_c.dir/rosidl_typesupport_introspection_c/go2_stair_interfaces/msg/detail/go2_safety_status__type_support.c.o[0m
[6.657s] [ 60%] [32m[1mLinking C shared library libgo2_stair_interfaces__rosidl_typesupport_introspection_c.so[0m
[6.753s] [ 62%] [32mBuilding CXX object CMakeFiles/go2_stair_interfaces__rosidl_typesupport_fastrtps_c.dir/rosidl_typesupport_fastrtps_c/go2_stair_interfaces/msg/detail/go2_safety_status__type_support_c.cpp.o[0m
[6.763s] [ 62%] Built target go2_stair_interfaces__rosidl_typesupport_c
[6.787s] [ 65%] [32m[1mLinking CXX shared library libgo2_stair_interfaces__rosidl_typesupport_cpp.so[0m
[6.795s] [ 67%] [32mBuilding CXX object CMakeFiles/go2_stair_interfaces__rosidl_typesupport_fastrtps_cpp.dir/rosidl_typesupport_fastrtps_cpp/go2_stair_interfaces/msg/detail/dds_fastrtps/go2_safety_status__type_support.cpp.o[0m
[6.847s] [ 67%] Built target go2_stair_interfaces__rosidl_typesupport_introspection_c
[6.943s] [ 67%] Built target go2_stair_interfaces__rosidl_typesupport_cpp
[7.130s] [ 70%] [32m[1mLinking CXX shared library libgo2_stair_interfaces__rosidl_typesupport_introspection_cpp.so[0m
[7.302s] [ 70%] Built target go2_stair_interfaces__rosidl_typesupport_introspection_cpp
[7.398s] [ 72%] [32m[1mLinking CXX shared library libgo2_stair_interfaces__rosidl_typesupport_fastrtps_c.so[0m
[7.509s] [ 75%] [32m[1mLinking CXX shared library libgo2_stair_interfaces__rosidl_typesupport_fastrtps_cpp.so[0m
[7.533s] [ 75%] Built target go2_stair_interfaces__rosidl_typesupport_fastrtps_c
[7.635s] [ 75%] Built target go2_stair_interfaces__rosidl_typesupport_fastrtps_cpp
[7.657s] [ 75%] Built target go2_stair_interfaces
[7.685s] [ 77%] [34m[1mGenerating Python code for ROS interfaces[0m
[8.594s] [ 77%] Built target go2_stair_interfaces__py
[8.607s] [35m[1mConsolidate compiler generated dependencies of target go2_stair_interfaces__rosidl_generator_py[0m
[8.623s] [ 82%] [32mBuilding C object CMakeFiles/go2_stair_interfaces__rosidl_generator_py.dir/rosidl_generator_py/go2_stair_interfaces/msg/_go2_safety_status_s.c.o[0m
[8.624s] [ 82%] [32mBuilding C object CMakeFiles/go2_stair_interfaces__rosidl_generator_py.dir/rosidl_generator_py/go2_stair_interfaces/msg/_go2_safety_state_s.c.o[0m
[8.885s] [ 85%] [32m[1mLinking C shared library rosidl_generator_py/go2_stair_interfaces/libgo2_stair_interfaces__rosidl_generator_py.so[0m
[8.957s] [ 85%] Built target go2_stair_interfaces__rosidl_generator_py
[8.971s] [35m[1mConsolidate compiler generated dependencies of target go2_stair_interfaces__rosidl_typesupport_introspection_c__pyext[0m
[8.971s] [35m[1mConsolidate compiler generated dependencies of target go2_stair_interfaces__rosidl_typesupport_c__pyext[0m
[8.971s] [35m[1mConsolidate compiler generated dependencies of target go2_stair_interfaces__rosidl_typesupport_fastrtps_c__pyext[0m
[8.988s] [ 87%] [32mBuilding C object CMakeFiles/go2_stair_interfaces__rosidl_typesupport_fastrtps_c__pyext.dir/rosidl_generator_py/go2_stair_interfaces/_go2_stair_interfaces_s.ep.rosidl_typesupport_fastrtps_c.c.o[0m
[8.989s] [ 92%] [32mBuilding C object CMakeFiles/go2_stair_interfaces__rosidl_typesupport_c__pyext.dir/rosidl_generator_py/go2_stair_interfaces/_go2_stair_interfaces_s.ep.rosidl_typesupport_c.c.o[0m
[8.989s] [ 92%] [32mBuilding C object CMakeFiles/go2_stair_interfaces__rosidl_typesupport_introspection_c__pyext.dir/rosidl_generator_py/go2_stair_interfaces/_go2_stair_interfaces_s.ep.rosidl_typesupport_introspection_c.c.o[0m
[9.112s] [ 95%] [32m[1mLinking C shared library rosidl_generator_py/go2_stair_interfaces/go2_stair_interfaces_s__rosidl_typesupport_introspection_c.cpython-310-x86_64-linux-gnu.so[0m
[9.116s] [100%] [32m[1mLinking C shared library rosidl_generator_py/go2_stair_interfaces/go2_stair_interfaces_s__rosidl_typesupport_fastrtps_c.cpython-310-x86_64-linux-gnu.so[0m
[9.117s] [100%] [32m[1mLinking C shared library rosidl_generator_py/go2_stair_interfaces/go2_stair_interfaces_s__rosidl_typesupport_c.cpython-310-x86_64-linux-gnu.so[0m
[9.190s] [100%] Built target go2_stair_interfaces__rosidl_typesupport_fastrtps_c__pyext
[9.191s] [100%] Built target go2_stair_interfaces__rosidl_typesupport_c__pyext
[9.193s] [100%] Built target go2_stair_interfaces__rosidl_typesupport_introspection_c__pyext
[9.210s] Invoked command in '/home/lukat/COGAR_ws/build/go2_stair_interfaces' returned '0': CMAKE_PREFIX_PATH=${CMAKE_PREFIX_PATH}:/home/lukat/unitree_mujoco_ws/COGAR_project/install/simulation_py:/home/lukat/unitree_mujoco_ws/COGAR_project/install/controller:/home/lukat/unitree_mujoco_ws/COGAR_project/install/convex_mpc:/home/lukat/COGAR_ws/install/go2_velocity_supervisor:/home/lukat/COGAR_ws/install/go2_state_bridge:/home/lukat/COGAR_ws/install/go2_safety_monitor:/home/lukat/COGAR_ws/install/go2_simulation_mujoco:/opt/ros/humble /usr/bin/cmake --build /home/lukat/COGAR_ws/build/go2_stair_interfaces -- -j8 -l8
[9.224s] Invoking command in '/home/lukat/COGAR_ws/build/go2_stair_interfaces': CMAKE_PREFIX_PATH=${CMAKE_PREFIX_PATH}:/home/lukat/unitree_mujoco_ws/COGAR_project/install/simulation_py:/home/lukat/unitree_mujoco_ws/COGAR_project/install/controller:/home/lukat/unitree_mujoco_ws/COGAR_project/install/convex_mpc:/home/lukat/COGAR_ws/install/go2_velocity_supervisor:/home/lukat/COGAR_ws/install/go2_state_bridge:/home/lukat/COGAR_ws/install/go2_safety_monitor:/home/lukat/COGAR_ws/install/go2_simulation_mujoco:/opt/ros/humble /usr/bin/cmake --install /home/lukat/COGAR_ws/build/go2_stair_interfaces
[9.242s] -- Install configuration: ""
[9.244s] -- Execute custom install script
[9.244s] -- Up-to-date symlink: /home/lukat/COGAR_ws/install/go2_stair_interfaces/share/ament_index/resource_index/rosidl_interfaces/go2_stair_interfaces
[9.247s] -- Up-to-date symlink: /home/lukat/COGAR_ws/install/go2_stair_interfaces/include/go2_stair_interfaces/go2_stair_interfaces/msg/detail/go2_safety_state__functions.h
[9.249s] -- Up-to-date symlink: /home/lukat/COGAR_ws/install/go2_stair_interfaces/include/go2_stair_interfaces/go2_stair_interfaces/msg/detail/go2_safety_state__struct.h
[9.251s] -- Up-to-date symlink: /home/lukat/COGAR_ws/install/go2_stair_interfaces/include/go2_stair_interfaces/go2_stair_interfaces/msg/detail/go2_safety_state__type_support.h
[9.251s] -- Symlinking: /home/lukat/COGAR_ws/install/go2_stair_interfaces/include/go2_stair_interfaces/go2_stair_interfaces/msg/detail/go2_safety_status__functions.h
[9.265s] -- Symlinking: /home/lukat/COGAR_ws/install/go2_stair_interfaces/include/go2_stair_interfaces/go2_stair_interfaces/msg/detail/go2_safety_status__struct.h
[9.278s] -- Symlinking: /home/lukat/COGAR_ws/install/go2_stair_interfaces/include/go2_stair_interfaces/go2_stair_interfaces/msg/detail/go2_safety_status__type_support.h
[9.290s] -- Up-to-date symlink: /home/lukat/COGAR_ws/install/go2_stair_interfaces/include/go2_stair_interfaces/go2_stair_interfaces/msg/go2_safety_state.h
[9.290s] -- Symlinking: /home/lukat/COGAR_ws/install/go2_stair_interfaces/include/go2_stair_interfaces/go2_stair_interfaces/msg/go2_safety_status.h
[9.302s] -- Up-to-date symlink: /home/lukat/COGAR_ws/install/go2_stair_interfaces/include/go2_stair_interfaces/go2_stair_interfaces/msg/rosidl_generator_c__visibility_control.h
[9.302s] -- Up-to-date symlink: /home/lukat/COGAR_ws/install/go2_stair_interfaces/share/go2_stair_interfaces/environment/library_path.sh
[9.302s] -- Up-to-date symlink: /home/lukat/COGAR_ws/install/go2_stair_interfaces/share/go2_stair_interfaces/environment/library_path.dsv
[9.303s] -- Up-to-date symlink: /home/lukat/COGAR_ws/install/go2_stair_interfaces/include/go2_stair_interfaces/go2_stair_interfaces/msg/detail/go2_safety_state__rosidl_typesupport_fastrtps_c.h
[9.304s] -- Symlinking: /home/lukat/COGAR_ws/install/go2_stair_interfaces/include/go2_stair_interfaces/go2_stair_interfaces/msg/detail/go2_safety_status__rosidl_typesupport_fastrtps_c.h
[9.317s] -- Up-to-date symlink: /home/lukat/COGAR_ws/install/go2_stair_interfaces/include/go2_stair_interfaces/go2_stair_interfaces/msg/rosidl_typesupport_fastrtps_c__visibility_control.h
[9.318s] -- Up-to-date symlink: /home/lukat/COGAR_ws/install/go2_stair_interfaces/include/go2_stair_interfaces/go2_stair_interfaces/msg/detail/go2_safety_state__builder.hpp
[9.319s] -- Up-to-date symlink: /home/lukat/COGAR_ws/install/go2_stair_interfaces/include/go2_stair_interfaces/go2_stair_interfaces/msg/detail/go2_safety_state__struct.hpp
[9.319s] -- Up-to-date symlink: /home/lukat/COGAR_ws/install/go2_stair_interfaces/include/go2_stair_interfaces/go2_stair_interfaces/msg/detail/go2_safety_state__traits.hpp
[9.320s] -- Up-to-date symlink: /home/lukat/COGAR_ws/install/go2_stair_interfaces/include/go2_stair_interfaces/go2_stair_interfaces/msg/detail/go2_safety_state__type_support.hpp
[9.320s] -- Symlinking: /home/lukat/COGAR_ws/install/go2_stair_interfaces/include/go2_stair_interfaces/go2_stair_interfaces/msg/detail/go2_safety_status__builder.hpp
[9.337s] -- Symlinking: /home/lukat/COGAR_ws/install/go2_stair_interfaces/include/go2_stair_interfaces/go2_stair_interfaces/msg/detail/go2_safety_status__struct.hpp
[9.351s] -- Symlinking: /home/lukat/COGAR_ws/install/go2_stair_interfaces/include/go2_stair_interfaces/go2_stair_interfaces/msg/detail/go2_safety_status__traits.hpp
[9.364s] -- Symlinking: /home/lukat/COGAR_ws/install/go2_stair_interfaces/include/go2_stair_interfaces/go2_stair_interfaces/msg/detail/go2_safety_status__type_support.hpp
[9.382s] -- Up-to-date symlink: /home/lukat/COGAR_ws/install/go2_stair_interfaces/include/go2_stair_interfaces/go2_stair_interfaces/msg/go2_safety_state.hpp
[9.382s] -- Symlinking: /home/lukat/COGAR_ws/install/go2_stair_interfaces/include/go2_stair_interfaces/go2_stair_interfaces/msg/go2_safety_status.hpp
[9.398s] -- Up-to-date symlink: /home/lukat/COGAR_ws/install/go2_stair_interfaces/include/go2_stair_interfaces/go2_stair_interfaces/msg/rosidl_generator_cpp__visibility_control.hpp
[9.399s] -- Up-to-date symlink: /home/lukat/COGAR_ws/install/go2_stair_interfaces/include/go2_stair_interfaces/go2_stair_interfaces/msg/detail/go2_safety_state__rosidl_typesupport_fastrtps_cpp.hpp
[9.400s] -- Symlinking: /home/lukat/COGAR_ws/install/go2_stair_interfaces/include/go2_stair_interfaces/go2_stair_interfaces/msg/detail/go2_safety_status__rosidl_typesupport_fastrtps_cpp.hpp
[9.417s] -- Up-to-date symlink: /home/lukat/COGAR_ws/install/go2_stair_interfaces/include/go2_stair_interfaces/go2_stair_interfaces/msg/rosidl_typesupport_fastrtps_cpp__visibility_control.h
[9.418s] -- Up-to-date symlink: /home/lukat/COGAR_ws/install/go2_stair_interfaces/include/go2_stair_interfaces/go2_stair_interfaces/msg/detail/go2_safety_state__rosidl_typesupport_introspection_c.h
[9.419s] -- Symlinking: /home/lukat/COGAR_ws/install/go2_stair_interfaces/include/go2_stair_interfaces/go2_stair_interfaces/msg/detail/go2_safety_status__rosidl_typesupport_introspection_c.h
[9.436s] -- Up-to-date symlink: /home/lukat/COGAR_ws/install/go2_stair_interfaces/include/go2_stair_interfaces/go2_stair_interfaces/msg/rosidl_typesupport_introspection_c__visibility_control.h
[9.438s] -- Up-to-date symlink: /home/lukat/COGAR_ws/install/go2_stair_interfaces/include/go2_stair_interfaces/go2_stair_interfaces/msg/detail/go2_safety_state__rosidl_typesupport_introspection_cpp.hpp
[9.438s] -- Symlinking: /home/lukat/COGAR_ws/install/go2_stair_interfaces/include/go2_stair_interfaces/go2_stair_interfaces/msg/detail/go2_safety_status__rosidl_typesupport_introspection_cpp.hpp
[9.454s] -- Up-to-date symlink: /home/lukat/COGAR_ws/install/go2_stair_interfaces/share/go2_stair_interfaces/environment/pythonpath.sh
[9.454s] -- Up-to-date symlink: /home/lukat/COGAR_ws/install/go2_stair_interfaces/share/go2_stair_interfaces/environment/pythonpath.dsv
[9.455s] -- Up-to-date symlink: /home/lukat/COGAR_ws/install/go2_stair_interfaces/local/lib/python3.10/dist-packages/go2_stair_interfaces-0.0.0-py3.10.egg-info/PKG-INFO
[9.455s] -- Up-to-date symlink: /home/lukat/COGAR_ws/install/go2_stair_interfaces/local/lib/python3.10/dist-packages/go2_stair_interfaces-0.0.0-py3.10.egg-info/SOURCES.txt
[9.456s] -- Up-to-date symlink: /home/lukat/COGAR_ws/install/go2_stair_interfaces/local/lib/python3.10/dist-packages/go2_stair_interfaces-0.0.0-py3.10.egg-info/dependency_links.txt
[9.457s] -- Up-to-date symlink: /home/lukat/COGAR_ws/install/go2_stair_interfaces/local/lib/python3.10/dist-packages/go2_stair_interfaces-0.0.0-py3.10.egg-info/top_level.txt
[9.458s] -- Up-to-date symlink: /home/lukat/COGAR_ws/install/go2_stair_interfaces/local/lib/python3.10/dist-packages/go2_stair_interfaces/__init__.py
[9.459s] -- Up-to-date symlink: /home/lukat/COGAR_ws/install/go2_stair_interfaces/local/lib/python3.10/dist-packages/go2_stair_interfaces/_go2_stair_interfaces_s.ep.rosidl_typesupport_c.c
[9.460s] -- Up-to-date symlink: /home/lukat/COGAR_ws/install/go2_stair_interfaces/local/lib/python3.10/dist-packages/go2_stair_interfaces/_go2_stair_interfaces_s.ep.rosidl_typesupport_fastrtps_c.c
[9.460s] -- Up-to-date symlink: /home/lukat/COGAR_ws/install/go2_stair_interfaces/local/lib/python3.10/dist-packages/go2_stair_interfaces/_go2_stair_interfaces_s.ep.rosidl_typesupport_introspection_c.c
[9.461s] -- Up-to-date symlink: /home/lukat/COGAR_ws/install/go2_stair_interfaces/local/lib/python3.10/dist-packages/go2_stair_interfaces/go2_stair_interfaces_s__rosidl_typesupport_c.cpython-310-x86_64-linux-gnu.so
[9.461s] -- Up-to-date symlink: /home/lukat/COGAR_ws/install/go2_stair_interfaces/local/lib/python3.10/dist-packages/go2_stair_interfaces/go2_stair_interfaces_s__rosidl_typesupport_fastrtps_c.cpython-310-x86_64-linux-gnu.so
[9.462s] -- Up-to-date symlink: /home/lukat/COGAR_ws/install/go2_stair_interfaces/local/lib/python3.10/dist-packages/go2_stair_interfaces/go2_stair_interfaces_s__rosidl_typesupport_introspection_c.cpython-310-x86_64-linux-gnu.so
[9.463s] -- Up-to-date symlink: /home/lukat/COGAR_ws/install/go2_stair_interfaces/local/lib/python3.10/dist-packages/go2_stair_interfaces/libgo2_stair_interfaces__rosidl_generator_py.so
[9.463s] -- Up-to-date symlink: /home/lukat/COGAR_ws/install/go2_stair_interfaces/local/lib/python3.10/dist-packages/go2_stair_interfaces/msg/__init__.py
[9.463s] -- Up-to-date symlink: /home/lukat/COGAR_ws/install/go2_stair_interfaces/local/lib/python3.10/dist-packages/go2_stair_interfaces/msg/_go2_safety_state.py
[9.464s] -- Up-to-date symlink: /home/lukat/COGAR_ws/install/go2_stair_interfaces/local/lib/python3.10/dist-packages/go2_stair_interfaces/msg/_go2_safety_state_s.c
[9.464s] -- Symlinking: /home/lukat/COGAR_ws/install/go2_stair_interfaces/local/lib/python3.10/dist-packages/go2_stair_interfaces/msg/_go2_safety_status.py
[9.478s] -- Symlinking: /home/lukat/COGAR_ws/install/go2_stair_interfaces/local/lib/python3.10/dist-packages/go2_stair_interfaces/msg/_go2_safety_status_s.c
[9.490s] -- Up-to-date symlink: /home/lukat/COGAR_ws/install/go2_stair_interfaces/local/lib/python3.10/dist-packages/go2_stair_interfaces/go2_stair_interfaces_s__rosidl_typesupport_fastrtps_c.cpython-310-x86_64-linux-gnu.so
[9.490s] -- Up-to-date symlink: /home/lukat/COGAR_ws/install/go2_stair_interfaces/local/lib/python3.10/dist-packages/go2_stair_interfaces/go2_stair_interfaces_s__rosidl_typesupport_introspection_c.cpython-310-x86_64-linux-gnu.so
[9.491s] -- Up-to-date symlink: /home/lukat/COGAR_ws/install/go2_stair_interfaces/local/lib/python3.10/dist-packages/go2_stair_interfaces/go2_stair_interfaces_s__rosidl_typesupport_c.cpython-310-x86_64-linux-gnu.so
[9.492s] -- Up-to-date symlink: /home/lukat/COGAR_ws/install/go2_stair_interfaces/share/ament_index/resource_index/rust_packages/go2_stair_interfaces
[9.493s] -- Up-to-date symlink: /home/lukat/COGAR_ws/install/go2_stair_interfaces/share/go2_stair_interfaces/rust/Cargo.toml
[9.494s] -- Up-to-date symlink: /home/lukat/COGAR_ws/install/go2_stair_interfaces/share/go2_stair_interfaces/rust/build.rs
[9.495s] -- Up-to-date symlink: /home/lukat/COGAR_ws/install/go2_stair_interfaces/share/go2_stair_interfaces/rust/src/lib.rs
[9.496s] -- Up-to-date symlink: /home/lukat/COGAR_ws/install/go2_stair_interfaces/share/go2_stair_interfaces/rust/src/msg.rs
[9.497s] -- Up-to-date symlink: /home/lukat/COGAR_ws/install/go2_stair_interfaces/share/go2_stair_interfaces/rust/src/msg/rmw.rs
[9.497s] -- Up-to-date symlink: /home/lukat/COGAR_ws/install/go2_stair_interfaces/share/go2_stair_interfaces/msg/Go2SafetyState.idl
[9.498s] -- Symlinking: /home/lukat/COGAR_ws/install/go2_stair_interfaces/share/go2_stair_interfaces/msg/Go2SafetyStatus.idl
[9.511s] -- Up-to-date symlink: /home/lukat/COGAR_ws/install/go2_stair_interfaces/share/go2_stair_interfaces/msg/Go2SafetyState.msg
[9.511s] -- Symlinking: /home/lukat/COGAR_ws/install/go2_stair_interfaces/share/go2_stair_interfaces/msg/Go2SafetyStatus.msg
[9.522s] -- Up-to-date symlink: /home/lukat/COGAR_ws/install/go2_stair_interfaces/share/ament_index/resource_index/package_run_dependencies/go2_stair_interfaces
[9.523s] -- Up-to-date symlink: /home/lukat/COGAR_ws/install/go2_stair_interfaces/share/ament_index/resource_index/parent_prefix_path/go2_stair_interfaces
[9.524s] -- Up-to-date symlink: /home/lukat/COGAR_ws/install/go2_stair_interfaces/share/go2_stair_interfaces/environment/ament_prefix_path.sh
[9.524s] -- Up-to-date symlink: /home/lukat/COGAR_ws/install/go2_stair_interfaces/share/go2_stair_interfaces/environment/ament_prefix_path.dsv
[9.525s] -- Up-to-date symlink: /home/lukat/COGAR_ws/install/go2_stair_interfaces/share/go2_stair_interfaces/environment/path.sh
[9.526s] -- Up-to-date symlink: /home/lukat/COGAR_ws/install/go2_stair_interfaces/share/go2_stair_interfaces/environment/path.dsv
[9.527s] -- Up-to-date symlink: /home/lukat/COGAR_ws/install/go2_stair_interfaces/share/go2_stair_interfaces/local_setup.bash
[9.528s] -- Up-to-date symlink: /home/lukat/COGAR_ws/install/go2_stair_interfaces/share/go2_stair_interfaces/local_setup.sh
[9.529s] -- Up-to-date symlink: /home/lukat/COGAR_ws/install/go2_stair_interfaces/share/go2_stair_interfaces/local_setup.zsh
[9.529s] -- Up-to-date symlink: /home/lukat/COGAR_ws/install/go2_stair_interfaces/share/go2_stair_interfaces/local_setup.dsv
[9.529s] -- Symlinking: /home/lukat/COGAR_ws/install/go2_stair_interfaces/share/go2_stair_interfaces/package.dsv
[9.541s] -- Up-to-date symlink: /home/lukat/COGAR_ws/install/go2_stair_interfaces/share/ament_index/resource_index/packages/go2_stair_interfaces
[9.542s] -- Up-to-date symlink: /home/lukat/COGAR_ws/install/go2_stair_interfaces/share/go2_stair_interfaces/cmake/rosidl_cmake-extras.cmake
[9.543s] -- Up-to-date symlink: /home/lukat/COGAR_ws/install/go2_stair_interfaces/share/go2_stair_interfaces/cmake/ament_cmake_export_dependencies-extras.cmake
[9.543s] -- Up-to-date symlink: /home/lukat/COGAR_ws/install/go2_stair_interfaces/share/go2_stair_interfaces/cmake/ament_cmake_export_include_directories-extras.cmake
[9.544s] -- Up-to-date symlink: /home/lukat/COGAR_ws/install/go2_stair_interfaces/share/go2_stair_interfaces/cmake/ament_cmake_export_libraries-extras.cmake
[9.545s] -- Up-to-date symlink: /home/lukat/COGAR_ws/install/go2_stair_interfaces/share/go2_stair_interfaces/cmake/ament_cmake_export_targets-extras.cmake
[9.545s] -- Up-to-date symlink: /home/lukat/COGAR_ws/install/go2_stair_interfaces/share/go2_stair_interfaces/cmake/rosidl_cmake_export_typesupport_targets-extras.cmake
[9.546s] -- Up-to-date symlink: /home/lukat/COGAR_ws/install/go2_stair_interfaces/share/go2_stair_interfaces/cmake/rosidl_cmake_export_typesupport_libraries-extras.cmake
[9.546s] -- Up-to-date symlink: /home/lukat/COGAR_ws/install/go2_stair_interfaces/share/go2_stair_interfaces/cmake/go2_stair_interfacesConfig.cmake
[9.547s] -- Up-to-date symlink: /home/lukat/COGAR_ws/install/go2_stair_interfaces/share/go2_stair_interfaces/cmake/go2_stair_interfacesConfig-version.cmake
[9.547s] -- Up-to-date symlink: /home/lukat/COGAR_ws/install/go2_stair_interfaces/share/go2_stair_interfaces/package.xml
[9.548s] -- Installing: /home/lukat/COGAR_ws/install/go2_stair_interfaces/lib/libgo2_stair_interfaces__rosidl_generator_c.so
[9.548s] -- Set runtime path of "/home/lukat/COGAR_ws/install/go2_stair_interfaces/lib/libgo2_stair_interfaces__rosidl_generator_c.so" to ""
[9.548s] -- Installing: /home/lukat/COGAR_ws/install/go2_stair_interfaces/lib/libgo2_stair_interfaces__rosidl_typesupport_fastrtps_c.so
[9.549s] -- Set runtime path of "/home/lukat/COGAR_ws/install/go2_stair_interfaces/lib/libgo2_stair_interfaces__rosidl_typesupport_fastrtps_c.so" to ""
[9.549s] -- Installing: /home/lukat/COGAR_ws/install/go2_stair_interfaces/lib/libgo2_stair_interfaces__rosidl_typesupport_fastrtps_cpp.so
[9.550s] -- Set runtime path of "/home/lukat/COGAR_ws/install/go2_stair_interfaces/lib/libgo2_stair_interfaces__rosidl_typesupport_fastrtps_cpp.so" to ""
[9.550s] -- Installing: /home/lukat/COGAR_ws/install/go2_stair_interfaces/lib/libgo2_stair_interfaces__rosidl_typesupport_introspection_c.so
[9.550s] -- Set runtime path of "/home/lukat/COGAR_ws/install/go2_stair_interfaces/lib/libgo2_stair_interfaces__rosidl_typesupport_introspection_c.so" to ""
[9.551s] -- Installing: /home/lukat/COGAR_ws/install/go2_stair_interfaces/lib/libgo2_stair_interfaces__rosidl_typesupport_c.so
[9.551s] -- Set runtime path of "/home/lukat/COGAR_ws/install/go2_stair_interfaces/lib/libgo2_stair_interfaces__rosidl_typesupport_c.so" to ""
[9.551s] -- Installing: /home/lukat/COGAR_ws/install/go2_stair_interfaces/lib/libgo2_stair_interfaces__rosidl_typesupport_introspection_cpp.so
[9.552s] -- Set runtime path of "/home/lukat/COGAR_ws/install/go2_stair_interfaces/lib/libgo2_stair_interfaces__rosidl_typesupport_introspection_cpp.so" to ""
[9.552s] -- Installing: /home/lukat/COGAR_ws/install/go2_stair_interfaces/lib/libgo2_stair_interfaces__rosidl_typesupport_cpp.so
[9.553s] -- Set runtime path of "/home/lukat/COGAR_ws/install/go2_stair_interfaces/lib/libgo2_stair_interfaces__rosidl_typesupport_cpp.so" to ""
[9.616s] Listing '/home/lukat/COGAR_ws/install/go2_stair_interfaces/local/lib/python3.10/dist-packages/go2_stair_interfaces'...
[9.617s] Compiling '/home/lukat/COGAR_ws/install/go2_stair_interfaces/local/lib/python3.10/dist-packages/go2_stair_interfaces/__init__.py'...
[9.617s] Listing '/home/lukat/COGAR_ws/install/go2_stair_interfaces/local/lib/python3.10/dist-packages/go2_stair_interfaces/msg'...
[9.617s] Compiling '/home/lukat/COGAR_ws/install/go2_stair_interfaces/local/lib/python3.10/dist-packages/go2_stair_interfaces/msg/__init__.py'...
[9.617s] Compiling '/home/lukat/COGAR_ws/install/go2_stair_interfaces/local/lib/python3.10/dist-packages/go2_stair_interfaces/msg/_go2_safety_state.py'...
[9.617s] Compiling '/home/lukat/COGAR_ws/install/go2_stair_interfaces/local/lib/python3.10/dist-packages/go2_stair_interfaces/msg/_go2_safety_status.py'...
[9.624s] -- Installing: /home/lukat/COGAR_ws/install/go2_stair_interfaces/lib/libgo2_stair_interfaces__rosidl_generator_py.so
[9.625s] -- Set runtime path of "/home/lukat/COGAR_ws/install/go2_stair_interfaces/lib/libgo2_stair_interfaces__rosidl_generator_py.so" to ""
[9.626s] -- Up-to-date: /home/lukat/COGAR_ws/install/go2_stair_interfaces/share/go2_stair_interfaces/cmake/export_go2_stair_interfaces__rosidl_generator_cExport.cmake
[9.627s] -- Up-to-date: /home/lukat/COGAR_ws/install/go2_stair_interfaces/share/go2_stair_interfaces/cmake/export_go2_stair_interfaces__rosidl_generator_cExport-noconfig.cmake
[9.627s] -- Up-to-date: /home/lukat/COGAR_ws/install/go2_stair_interfaces/share/go2_stair_interfaces/cmake/export_go2_stair_interfaces__rosidl_typesupport_fastrtps_cExport.cmake
[9.628s] -- Up-to-date: /home/lukat/COGAR_ws/install/go2_stair_interfaces/share/go2_stair_interfaces/cmake/export_go2_stair_interfaces__rosidl_typesupport_fastrtps_cExport-noconfig.cmake
[9.628s] -- Up-to-date: /home/lukat/COGAR_ws/install/go2_stair_interfaces/share/go2_stair_interfaces/cmake/export_go2_stair_interfaces__rosidl_generator_cppExport.cmake
[9.628s] -- Up-to-date: /home/lukat/COGAR_ws/install/go2_stair_interfaces/share/go2_stair_interfaces/cmake/export_go2_stair_interfaces__rosidl_typesupport_fastrtps_cppExport.cmake
[9.628s] -- Up-to-date: /home/lukat/COGAR_ws/install/go2_stair_interfaces/share/go2_stair_interfaces/cmake/export_go2_stair_interfaces__rosidl_typesupport_fastrtps_cppExport-noconfig.cmake
[9.628s] -- Up-to-date: /home/lukat/COGAR_ws/install/go2_stair_interfaces/share/go2_stair_interfaces/cmake/go2_stair_interfaces__rosidl_typesupport_introspection_cExport.cmake
[9.628s] -- Up-to-date: /home/lukat/COGAR_ws/install/go2_stair_interfaces/share/go2_stair_interfaces/cmake/go2_stair_interfaces__rosidl_typesupport_introspection_cExport-noconfig.cmake
[9.629s] -- Up-to-date: /home/lukat/COGAR_ws/install/go2_stair_interfaces/share/go2_stair_interfaces/cmake/go2_stair_interfaces__rosidl_typesupport_cExport.cmake
[9.629s] -- Up-to-date: /home/lukat/COGAR_ws/install/go2_stair_interfaces/share/go2_stair_interfaces/cmake/go2_stair_interfaces__rosidl_typesupport_cExport-noconfig.cmake
[9.629s] -- Up-to-date: /home/lukat/COGAR_ws/install/go2_stair_interfaces/share/go2_stair_interfaces/cmake/go2_stair_interfaces__rosidl_typesupport_introspection_cppExport.cmake
[9.629s] -- Up-to-date: /home/lukat/COGAR_ws/install/go2_stair_interfaces/share/go2_stair_interfaces/cmake/go2_stair_interfaces__rosidl_typesupport_introspection_cppExport-noconfig.cmake
[9.629s] -- Up-to-date: /home/lukat/COGAR_ws/install/go2_stair_interfaces/share/go2_stair_interfaces/cmake/go2_stair_interfaces__rosidl_typesupport_cppExport.cmake
[9.629s] -- Up-to-date: /home/lukat/COGAR_ws/install/go2_stair_interfaces/share/go2_stair_interfaces/cmake/go2_stair_interfaces__rosidl_typesupport_cppExport-noconfig.cmake
[9.629s] -- Up-to-date: /home/lukat/COGAR_ws/install/go2_stair_interfaces/share/go2_stair_interfaces/cmake/export_go2_stair_interfaces__rosidl_generator_pyExport.cmake
[9.629s] -- Up-to-date: /home/lukat/COGAR_ws/install/go2_stair_interfaces/share/go2_stair_interfaces/cmake/export_go2_stair_interfaces__rosidl_generator_pyExport-noconfig.cmake
[9.632s] Invoked command in '/home/lukat/COGAR_ws/build/go2_stair_interfaces' returned '0': CMAKE_PREFIX_PATH=${CMAKE_PREFIX_PATH}:/home/lukat/unitree_mujoco_ws/COGAR_project/install/simulation_py:/home/lukat/unitree_mujoco_ws/COGAR_project/install/controller:/home/lukat/unitree_mujoco_ws/COGAR_project/install/convex_mpc:/home/lukat/COGAR_ws/install/go2_velocity_supervisor:/home/lukat/COGAR_ws/install/go2_state_bridge:/home/lukat/COGAR_ws/install/go2_safety_monitor:/home/lukat/COGAR_ws/install/go2_simulation_mujoco:/opt/ros/humble /usr/bin/cmake --install /home/lukat/COGAR_ws/build/go2_stair_interfaces
