running egg_info
creating ../../build/go2_simulation_mujoco/go2_simulation_mujoco.egg-info
writing ../../build/go2_simulation_mujoco/go2_simulation_mujoco.egg-info/PKG-INFO
writing dependency_links to ../../build/go2_simulation_mujoco/go2_simulation_mujoco.egg-info/dependency_links.txt
writing requirements to ../../build/go2_simulation_mujoco/go2_simulation_mujoco.egg-info/requires.txt
writing top-level names to ../../build/go2_simulation_mujoco/go2_simulation_mujoco.egg-info/top_level.txt
writing manifest file '../../build/go2_simulation_mujoco/go2_simulation_mujoco.egg-info/SOURCES.txt'
reading manifest file '../../build/go2_simulation_mujoco/go2_simulation_mujoco.egg-info/SOURCES.txt'
writing manifest file '../../build/go2_simulation_mujoco/go2_simulation_mujoco.egg-info/SOURCES.txt'
running build
running build_py
creating /home/lukat/COGAR_ws/build/go2_simulation_mujoco/build/lib/go2_simulation_mujoco
copying go2_simulation_mujoco/__init__.py -> /home/lukat/COGAR_ws/build/go2_simulation_mujoco/build/lib/go2_simulation_mujoco
running install
running install_lib
creating /home/lukat/COGAR_ws/install/go2_simulation_mujoco/lib/python3.10/site-packages/go2_simulation_mujoco
copying /home/lukat/COGAR_ws/build/go2_simulation_mujoco/build/lib/go2_simulation_mujoco/__init__.py -> /home/lukat/COGAR_ws/install/go2_simulation_mujoco/lib/python3.10/site-packages/go2_simulation_mujoco
byte-compiling /home/lukat/COGAR_ws/install/go2_simulation_mujoco/lib/python3.10/site-packages/go2_simulation_mujoco/__init__.py to __init__.cpython-310.pyc
running install_data
creating /home/lukat/COGAR_ws/install/go2_simulation_mujoco/share/ament_index/resource_index/packages
copying resource/go2_simulation_mujoco -> /home/lukat/COGAR_ws/install/go2_simulation_mujoco/share/ament_index/resource_index/packages
copying package.xml -> /home/lukat/COGAR_ws/install/go2_simulation_mujoco/share/go2_simulation_mujoco
running install_egg_info
Copying ../../build/go2_simulation_mujoco/go2_simulation_mujoco.egg-info to /home/lukat/COGAR_ws/install/go2_simulation_mujoco/lib/python3.10/site-packages/go2_simulation_mujoco-0.0.0-py3.10.egg-info
running install_scripts
writing list of installed files to '/home/lukat/COGAR_ws/build/go2_simulation_mujoco/install.log'
