[1.280s] Invoking command in '/home/lukat/COGAR_ws/src/go2_simulation_mujoco': PYTHONPATH=/home/lukat/COGAR_ws/build/go2_simulation_mujoco/prefix_override:/usr/lib/python3/dist-packages/colcon_core/task/python/colcon_distutils_commands:/home/lukat/COGAR_ws/install/go2_simulation_mujoco/lib/python3.10/site-packages:${PYTHONPATH} /usr/bin/python3 -W ignore:setup.py install is deprecated -W ignore:easy_install command is deprecated setup.py egg_info --egg-base ../../build/go2_simulation_mujoco build --build-base /home/lukat/COGAR_ws/build/go2_simulation_mujoco/build install --record /home/lukat/COGAR_ws/build/go2_simulation_mujoco/install.log --single-version-externally-managed install_data
[1.646s] running egg_info
[1.667s] creating ../../build/go2_simulation_mujoco/go2_simulation_mujoco.egg-info
[1.668s] writing ../../build/go2_simulation_mujoco/go2_simulation_mujoco.egg-info/PKG-INFO
[1.669s] writing dependency_links to ../../build/go2_simulation_mujoco/go2_simulation_mujoco.egg-info/dependency_links.txt
[1.669s] writing requirements to ../../build/go2_simulation_mujoco/go2_simulation_mujoco.egg-info/requires.txt
[1.670s] writing top-level names to ../../build/go2_simulation_mujoco/go2_simulation_mujoco.egg-info/top_level.txt
[1.670s] writing manifest file '../../build/go2_simulation_mujoco/go2_simulation_mujoco.egg-info/SOURCES.txt'
[1.715s] reading manifest file '../../build/go2_simulation_mujoco/go2_simulation_mujoco.egg-info/SOURCES.txt'
[1.717s] writing manifest file '../../build/go2_simulation_mujoco/go2_simulation_mujoco.egg-info/SOURCES.txt'
[1.717s] running build
[1.717s] running build_py
[1.718s] creating /home/lukat/COGAR_ws/build/go2_simulation_mujoco/build/lib/go2_simulation_mujoco
[1.720s] copying go2_simulation_mujoco/__init__.py -> /home/lukat/COGAR_ws/build/go2_simulation_mujoco/build/lib/go2_simulation_mujoco
[1.720s] running install
[1.725s] running install_lib
[1.747s] creating /home/lukat/COGAR_ws/install/go2_simulation_mujoco/lib/python3.10/site-packages/go2_simulation_mujoco
[1.749s] copying /home/lukat/COGAR_ws/build/go2_simulation_mujoco/build/lib/go2_simulation_mujoco/__init__.py -> /home/lukat/COGAR_ws/install/go2_simulation_mujoco/lib/python3.10/site-packages/go2_simulation_mujoco
[1.750s] byte-compiling /home/lukat/COGAR_ws/install/go2_simulation_mujoco/lib/python3.10/site-packages/go2_simulation_mujoco/__init__.py to __init__.cpython-310.pyc
[1.752s] running install_data
[1.752s] creating /home/lukat/COGAR_ws/install/go2_simulation_mujoco/share/ament_index/resource_index/packages
[1.754s] copying resource/go2_simulation_mujoco -> /home/lukat/COGAR_ws/install/go2_simulation_mujoco/share/ament_index/resource_index/packages
[1.755s] copying package.xml -> /home/lukat/COGAR_ws/install/go2_simulation_mujoco/share/go2_simulation_mujoco
[1.755s] running install_egg_info
[1.787s] Copying ../../build/go2_simulation_mujoco/go2_simulation_mujoco.egg-info to /home/lukat/COGAR_ws/install/go2_simulation_mujoco/lib/python3.10/site-packages/go2_simulation_mujoco-0.0.0-py3.10.egg-info
[1.790s] running install_scripts
[1.948s] writing list of installed files to '/home/lukat/COGAR_ws/build/go2_simulation_mujoco/install.log'
[2.001s] Invoked command in '/home/lukat/COGAR_ws/src/go2_simulation_mujoco' returned '0': PYTHONPATH=/home/lukat/COGAR_ws/build/go2_simulation_mujoco/prefix_override:/usr/lib/python3/dist-packages/colcon_core/task/python/colcon_distutils_commands:/home/lukat/COGAR_ws/install/go2_simulation_mujoco/lib/python3.10/site-packages:${PYTHONPATH} /usr/bin/python3 -W ignore:setup.py install is deprecated -W ignore:easy_install command is deprecated setup.py egg_info --egg-base ../../build/go2_simulation_mujoco build --build-base /home/lukat/COGAR_ws/build/go2_simulation_mujoco/build install --record /home/lukat/COGAR_ws/build/go2_simulation_mujoco/install.log --single-version-externally-managed install_data
