[0.160s] DEBUG:colcon:Command line arguments: ['/usr/bin/colcon', 'build']
[0.160s] DEBUG:colcon:Parsed command line arguments: Namespace(log_base=None, log_level=None, verb_name='build', build_base='build', install_base='install', merge_install=False, symlink_install=False, test_result_base=None, continue_on_error=False, executor='parallel', parallel_workers=8, event_handlers=None, ignore_user_meta=False, metas=['./colcon.meta'], base_paths=['.'], packages_ignore=None, packages_ignore_regex=None, paths=None, packages_up_to=None, packages_up_to_regex=None, packages_above=None, packages_above_and_dependencies=None, packages_above_depth=None, packages_select_by_dep=None, packages_skip_by_dep=None, packages_skip_up_to=None, packages_select_build_failed=False, packages_skip_build_finished=False, packages_select_test_failures=False, packages_skip_test_passed=False, packages_select=None, packages_skip=None, packages_select_regex=None, packages_skip_regex=None, packages_start=None, packages_end=None, allow_overriding=[], cmake_args=None, cmake_target=None, cmake_target_skip_unavailable=False, cmake_clean_cache=False, cmake_clean_first=False, cmake_force_configure=False, ament_cmake_args=None, catkin_cmake_args=None, catkin_skip_building_tests=False, mixin_files=None, mixin=None, verb_parser=<colcon_mixin.mixin.mixin_argument.MixinArgumentDecorator object at 0x763645c1b4c0>, verb_extension=<colcon_core.verb.build.BuildVerb object at 0x763645c1ae30>, main=<bound method BuildVerb.main of <colcon_core.verb.build.BuildVerb object at 0x763645c1ae30>>, mixin_verb=('build',))
[0.205s] Level 1:colcon.colcon_core.package_discovery:discover_packages(colcon_meta) check parameters
[0.205s] Level 1:colcon.colcon_core.package_discovery:discover_packages(recursive) check parameters
[0.205s] Level 1:colcon.colcon_core.package_discovery:discover_packages(ignore) check parameters
[0.205s] Level 1:colcon.colcon_core.package_discovery:discover_packages(path) check parameters
[0.205s] Level 1:colcon.colcon_core.package_discovery:discover_packages(colcon_meta) discover
[0.205s] Level 1:colcon.colcon_core.package_discovery:discover_packages(recursive) discover
[0.205s] INFO:colcon.colcon_core.package_discovery:Crawling recursively for packages in '/home/lukat/COGAR_ws'
[0.206s] Level 1:colcon.colcon_core.package_identification:_identify(.) by extensions ['ignore', 'ignore_ament_install']
[0.206s] Level 1:colcon.colcon_core.package_identification:_identify(.) by extension 'ignore'
[0.206s] Level 1:colcon.colcon_core.package_identification:_identify(.) by extension 'ignore_ament_install'
[0.206s] Level 1:colcon.colcon_core.package_identification:_identify(.) by extensions ['colcon_pkg']
[0.206s] Level 1:colcon.colcon_core.package_identification:_identify(.) by extension 'colcon_pkg'
[0.206s] Level 1:colcon.colcon_core.package_identification:_identify(.) by extensions ['colcon_meta']
[0.206s] Level 1:colcon.colcon_core.package_identification:_identify(.) by extension 'colcon_meta'
[0.206s] Level 1:colcon.colcon_core.package_identification:_identify(.) by extensions ['ros']
[0.206s] Level 1:colcon.colcon_core.package_identification:_identify(.) by extension 'ros'
[0.222s] Level 1:colcon.colcon_core.package_identification:_identify(.) by extensions ['cmake', 'python']
[0.222s] Level 1:colcon.colcon_core.package_identification:_identify(.) by extension 'cmake'
[0.222s] Level 1:colcon.colcon_core.package_identification:_identify(.) by extension 'python'
[0.222s] Level 1:colcon.colcon_core.package_identification:_identify(.) by extensions ['python_setup_py']
[0.222s] Level 1:colcon.colcon_core.package_identification:_identify(.) by extension 'python_setup_py'
[0.222s] Level 1:colcon.colcon_core.package_identification:_identify(build) by extensions ['ignore', 'ignore_ament_install']
[0.223s] Level 1:colcon.colcon_core.package_identification:_identify(build) by extension 'ignore'
[0.223s] Level 1:colcon.colcon_core.package_identification:_identify(build) ignored
[0.223s] Level 1:colcon.colcon_core.package_identification:_identify(install) by extensions ['ignore', 'ignore_ament_install']
[0.223s] Level 1:colcon.colcon_core.package_identification:_identify(install) by extension 'ignore'
[0.223s] Level 1:colcon.colcon_core.package_identification:_identify(install) ignored
[0.223s] Level 1:colcon.colcon_core.package_identification:_identify(log) by extensions ['ignore', 'ignore_ament_install']
[0.224s] Level 1:colcon.colcon_core.package_identification:_identify(log) by extension 'ignore'
[0.224s] Level 1:colcon.colcon_core.package_identification:_identify(log) ignored
[0.224s] Level 1:colcon.colcon_core.package_identification:_identify(models) by extensions ['ignore', 'ignore_ament_install']
[0.224s] Level 1:colcon.colcon_core.package_identification:_identify(models) by extension 'ignore'
[0.224s] Level 1:colcon.colcon_core.package_identification:_identify(models) by extension 'ignore_ament_install'
[0.224s] Level 1:colcon.colcon_core.package_identification:_identify(models) by extensions ['colcon_pkg']
[0.224s] Level 1:colcon.colcon_core.package_identification:_identify(models) by extension 'colcon_pkg'
[0.224s] Level 1:colcon.colcon_core.package_identification:_identify(models) by extensions ['colcon_meta']
[0.224s] Level 1:colcon.colcon_core.package_identification:_identify(models) by extension 'colcon_meta'
[0.224s] Level 1:colcon.colcon_core.package_identification:_identify(models) by extensions ['ros']
[0.224s] Level 1:colcon.colcon_core.package_identification:_identify(models) by extension 'ros'
[0.225s] Level 1:colcon.colcon_core.package_identification:_identify(models) by extensions ['cmake', 'python']
[0.225s] Level 1:colcon.colcon_core.package_identification:_identify(models) by extension 'cmake'
[0.225s] Level 1:colcon.colcon_core.package_identification:_identify(models) by extension 'python'
[0.225s] Level 1:colcon.colcon_core.package_identification:_identify(models) by extensions ['python_setup_py']
[0.225s] Level 1:colcon.colcon_core.package_identification:_identify(models) by extension 'python_setup_py'
[0.225s] Level 1:colcon.colcon_core.package_identification:_identify(models/MJCF) by extensions ['ignore', 'ignore_ament_install']
[0.225s] Level 1:colcon.colcon_core.package_identification:_identify(models/MJCF) by extension 'ignore'
[0.225s] Level 1:colcon.colcon_core.package_identification:_identify(models/MJCF) by extension 'ignore_ament_install'
[0.225s] Level 1:colcon.colcon_core.package_identification:_identify(models/MJCF) by extensions ['colcon_pkg']
[0.225s] Level 1:colcon.colcon_core.package_identification:_identify(models/MJCF) by extension 'colcon_pkg'
[0.225s] Level 1:colcon.colcon_core.package_identification:_identify(models/MJCF) by extensions ['colcon_meta']
[0.225s] Level 1:colcon.colcon_core.package_identification:_identify(models/MJCF) by extension 'colcon_meta'
[0.226s] Level 1:colcon.colcon_core.package_identification:_identify(models/MJCF) by extensions ['ros']
[0.226s] Level 1:colcon.colcon_core.package_identification:_identify(models/MJCF) by extension 'ros'
[0.226s] Level 1:colcon.colcon_core.package_identification:_identify(models/MJCF) by extensions ['cmake', 'python']
[0.226s] Level 1:colcon.colcon_core.package_identification:_identify(models/MJCF) by extension 'cmake'
[0.226s] Level 1:colcon.colcon_core.package_identification:_identify(models/MJCF) by extension 'python'
[0.226s] Level 1:colcon.colcon_core.package_identification:_identify(models/MJCF) by extensions ['python_setup_py']
[0.226s] Level 1:colcon.colcon_core.package_identification:_identify(models/MJCF) by extension 'python_setup_py'
[0.226s] Level 1:colcon.colcon_core.package_identification:_identify(models/MJCF/go2) by extensions ['ignore', 'ignore_ament_install']
[0.226s] Level 1:colcon.colcon_core.package_identification:_identify(models/MJCF/go2) by extension 'ignore'
[0.226s] Level 1:colcon.colcon_core.package_identification:_identify(models/MJCF/go2) by extension 'ignore_ament_install'
[0.226s] Level 1:colcon.colcon_core.package_identification:_identify(models/MJCF/go2) by extensions ['colcon_pkg']
[0.226s] Level 1:colcon.colcon_core.package_identification:_identify(models/MJCF/go2) by extension 'colcon_pkg'
[0.227s] Level 1:colcon.colcon_core.package_identification:_identify(models/MJCF/go2) by extensions ['colcon_meta']
[0.227s] Level 1:colcon.colcon_core.package_identification:_identify(models/MJCF/go2) by extension 'colcon_meta'
[0.227s] Level 1:colcon.colcon_core.package_identification:_identify(models/MJCF/go2) by extensions ['ros']
[0.227s] Level 1:colcon.colcon_core.package_identification:_identify(models/MJCF/go2) by extension 'ros'
[0.227s] Level 1:colcon.colcon_core.package_identification:_identify(models/MJCF/go2) by extensions ['cmake', 'python']
[0.227s] Level 1:colcon.colcon_core.package_identification:_identify(models/MJCF/go2) by extension 'cmake'
[0.227s] Level 1:colcon.colcon_core.package_identification:_identify(models/MJCF/go2) by extension 'python'
[0.227s] Level 1:colcon.colcon_core.package_identification:_identify(models/MJCF/go2) by extensions ['python_setup_py']
[0.227s] Level 1:colcon.colcon_core.package_identification:_identify(models/MJCF/go2) by extension 'python_setup_py'
[0.227s] Level 1:colcon.colcon_core.package_identification:_identify(models/MJCF/go2/assets) by extensions ['ignore', 'ignore_ament_install']
[0.227s] Level 1:colcon.colcon_core.package_identification:_identify(models/MJCF/go2/assets) by extension 'ignore'
[0.227s] Level 1:colcon.colcon_core.package_identification:_identify(models/MJCF/go2/assets) by extension 'ignore_ament_install'
[0.228s] Level 1:colcon.colcon_core.package_identification:_identify(models/MJCF/go2/assets) by extensions ['colcon_pkg']
[0.228s] Level 1:colcon.colcon_core.package_identification:_identify(models/MJCF/go2/assets) by extension 'colcon_pkg'
[0.228s] Level 1:colcon.colcon_core.package_identification:_identify(models/MJCF/go2/assets) by extensions ['colcon_meta']
[0.228s] Level 1:colcon.colcon_core.package_identification:_identify(models/MJCF/go2/assets) by extension 'colcon_meta'
[0.228s] Level 1:colcon.colcon_core.package_identification:_identify(models/MJCF/go2/assets) by extensions ['ros']
[0.228s] Level 1:colcon.colcon_core.package_identification:_identify(models/MJCF/go2/assets) by extension 'ros'
[0.228s] Level 1:colcon.colcon_core.package_identification:_identify(models/MJCF/go2/assets) by extensions ['cmake', 'python']
[0.228s] Level 1:colcon.colcon_core.package_identification:_identify(models/MJCF/go2/assets) by extension 'cmake'
[0.228s] Level 1:colcon.colcon_core.package_identification:_identify(models/MJCF/go2/assets) by extension 'python'
[0.228s] Level 1:colcon.colcon_core.package_identification:_identify(models/MJCF/go2/assets) by extensions ['python_setup_py']
[0.228s] Level 1:colcon.colcon_core.package_identification:_identify(models/MJCF/go2/assets) by extension 'python_setup_py'
[0.228s] Level 1:colcon.colcon_core.package_identification:_identify(models/URDF) by extensions ['ignore', 'ignore_ament_install']
[0.229s] Level 1:colcon.colcon_core.package_identification:_identify(models/URDF) by extension 'ignore'
[0.229s] Level 1:colcon.colcon_core.package_identification:_identify(models/URDF) by extension 'ignore_ament_install'
[0.229s] Level 1:colcon.colcon_core.package_identification:_identify(models/URDF) by extensions ['colcon_pkg']
[0.229s] Level 1:colcon.colcon_core.package_identification:_identify(models/URDF) by extension 'colcon_pkg'
[0.229s] Level 1:colcon.colcon_core.package_identification:_identify(models/URDF) by extensions ['colcon_meta']
[0.229s] Level 1:colcon.colcon_core.package_identification:_identify(models/URDF) by extension 'colcon_meta'
[0.229s] Level 1:colcon.colcon_core.package_identification:_identify(models/URDF) by extensions ['ros']
[0.229s] Level 1:colcon.colcon_core.package_identification:_identify(models/URDF) by extension 'ros'
[0.229s] Level 1:colcon.colcon_core.package_identification:_identify(models/URDF) by extensions ['cmake', 'python']
[0.229s] Level 1:colcon.colcon_core.package_identification:_identify(models/URDF) by extension 'cmake'
[0.229s] Level 1:colcon.colcon_core.package_identification:_identify(models/URDF) by extension 'python'
[0.229s] Level 1:colcon.colcon_core.package_identification:_identify(models/URDF) by extensions ['python_setup_py']
[0.230s] Level 1:colcon.colcon_core.package_identification:_identify(models/URDF) by extension 'python_setup_py'
[0.230s] Level 1:colcon.colcon_core.package_identification:_identify(models/URDF/go2_description) by extensions ['ignore', 'ignore_ament_install']
[0.230s] Level 1:colcon.colcon_core.package_identification:_identify(models/URDF/go2_description) by extension 'ignore'
[0.230s] Level 1:colcon.colcon_core.package_identification:_identify(models/URDF/go2_description) ignored
[0.230s] Level 1:colcon.colcon_core.package_identification:_identify(src) by extensions ['ignore', 'ignore_ament_install']
[0.230s] Level 1:colcon.colcon_core.package_identification:_identify(src) by extension 'ignore'
[0.230s] Level 1:colcon.colcon_core.package_identification:_identify(src) by extension 'ignore_ament_install'
[0.230s] Level 1:colcon.colcon_core.package_identification:_identify(src) by extensions ['colcon_pkg']
[0.231s] Level 1:colcon.colcon_core.package_identification:_identify(src) by extension 'colcon_pkg'
[0.231s] Level 1:colcon.colcon_core.package_identification:_identify(src) by extensions ['colcon_meta']
[0.231s] Level 1:colcon.colcon_core.package_identification:_identify(src) by extension 'colcon_meta'
[0.231s] Level 1:colcon.colcon_core.package_identification:_identify(src) by extensions ['ros']
[0.231s] Level 1:colcon.colcon_core.package_identification:_identify(src) by extension 'ros'
[0.231s] Level 1:colcon.colcon_core.package_identification:_identify(src) by extensions ['cmake', 'python']
[0.231s] Level 1:colcon.colcon_core.package_identification:_identify(src) by extension 'cmake'
[0.231s] Level 1:colcon.colcon_core.package_identification:_identify(src) by extension 'python'
[0.231s] Level 1:colcon.colcon_core.package_identification:_identify(src) by extensions ['python_setup_py']
[0.231s] Level 1:colcon.colcon_core.package_identification:_identify(src) by extension 'python_setup_py'
[0.231s] Level 1:colcon.colcon_core.package_identification:_identify(src/go2_safety_monitor) by extensions ['ignore', 'ignore_ament_install']
[0.231s] Level 1:colcon.colcon_core.package_identification:_identify(src/go2_safety_monitor) by extension 'ignore'
[0.231s] Level 1:colcon.colcon_core.package_identification:_identify(src/go2_safety_monitor) by extension 'ignore_ament_install'
[0.232s] Level 1:colcon.colcon_core.package_identification:_identify(src/go2_safety_monitor) by extensions ['colcon_pkg']
[0.232s] Level 1:colcon.colcon_core.package_identification:_identify(src/go2_safety_monitor) by extension 'colcon_pkg'
[0.232s] Level 1:colcon.colcon_core.package_identification:_identify(src/go2_safety_monitor) by extensions ['colcon_meta']
[0.232s] Level 1:colcon.colcon_core.package_identification:_identify(src/go2_safety_monitor) by extension 'colcon_meta'
[0.232s] Level 1:colcon.colcon_core.package_identification:_identify(src/go2_safety_monitor) by extensions ['ros']
[0.232s] Level 1:colcon.colcon_core.package_identification:_identify(src/go2_safety_monitor) by extension 'ros'
[0.235s] DEBUG:colcon.colcon_core.package_identification:Package 'src/go2_safety_monitor' with type 'ros.ament_python' and name 'go2_safety_monitor'
[0.235s] Level 1:colcon.colcon_core.package_identification:_identify(src/go2_simulation_mujoco) by extensions ['ignore', 'ignore_ament_install']
[0.235s] Level 1:colcon.colcon_core.package_identification:_identify(src/go2_simulation_mujoco) by extension 'ignore'
[0.235s] Level 1:colcon.colcon_core.package_identification:_identify(src/go2_simulation_mujoco) by extension 'ignore_ament_install'
[0.235s] Level 1:colcon.colcon_core.package_identification:_identify(src/go2_simulation_mujoco) by extensions ['colcon_pkg']
[0.235s] Level 1:colcon.colcon_core.package_identification:_identify(src/go2_simulation_mujoco) by extension 'colcon_pkg'
[0.235s] Level 1:colcon.colcon_core.package_identification:_identify(src/go2_simulation_mujoco) by extensions ['colcon_meta']
[0.235s] Level 1:colcon.colcon_core.package_identification:_identify(src/go2_simulation_mujoco) by extension 'colcon_meta'
[0.235s] Level 1:colcon.colcon_core.package_identification:_identify(src/go2_simulation_mujoco) by extensions ['ros']
[0.235s] Level 1:colcon.colcon_core.package_identification:_identify(src/go2_simulation_mujoco) by extension 'ros'
[0.236s] DEBUG:colcon.colcon_core.package_identification:Package 'src/go2_simulation_mujoco' with type 'ros.ament_python' and name 'go2_simulation_mujoco'
[0.236s] Level 1:colcon.colcon_core.package_identification:_identify(src/go2_stair_interfaces) by extensions ['ignore', 'ignore_ament_install']
[0.237s] Level 1:colcon.colcon_core.package_identification:_identify(src/go2_stair_interfaces) by extension 'ignore'
[0.237s] Level 1:colcon.colcon_core.package_identification:_identify(src/go2_stair_interfaces) by extension 'ignore_ament_install'
[0.237s] Level 1:colcon.colcon_core.package_identification:_identify(src/go2_stair_interfaces) by extensions ['colcon_pkg']
[0.237s] Level 1:colcon.colcon_core.package_identification:_identify(src/go2_stair_interfaces) by extension 'colcon_pkg'
[0.237s] Level 1:colcon.colcon_core.package_identification:_identify(src/go2_stair_interfaces) by extensions ['colcon_meta']
[0.237s] Level 1:colcon.colcon_core.package_identification:_identify(src/go2_stair_interfaces) by extension 'colcon_meta'
[0.237s] Level 1:colcon.colcon_core.package_identification:_identify(src/go2_stair_interfaces) by extensions ['ros']
[0.237s] Level 1:colcon.colcon_core.package_identification:_identify(src/go2_stair_interfaces) by extension 'ros'
[0.238s] DEBUG:colcon.colcon_core.package_identification:Package 'src/go2_stair_interfaces' with type 'ros.ament_cmake' and name 'go2_stair_interfaces'
[0.238s] Level 1:colcon.colcon_core.package_identification:_identify(src/go2_state_bridge) by extensions ['ignore', 'ignore_ament_install']
[0.238s] Level 1:colcon.colcon_core.package_identification:_identify(src/go2_state_bridge) by extension 'ignore'
[0.238s] Level 1:colcon.colcon_core.package_identification:_identify(src/go2_state_bridge) by extension 'ignore_ament_install'
[0.238s] Level 1:colcon.colcon_core.package_identification:_identify(src/go2_state_bridge) by extensions ['colcon_pkg']
[0.239s] Level 1:colcon.colcon_core.package_identification:_identify(src/go2_state_bridge) by extension 'colcon_pkg'
[0.239s] Level 1:colcon.colcon_core.package_identification:_identify(src/go2_state_bridge) by extensions ['colcon_meta']
[0.239s] Level 1:colcon.colcon_core.package_identification:_identify(src/go2_state_bridge) by extension 'colcon_meta'
[0.239s] Level 1:colcon.colcon_core.package_identification:_identify(src/go2_state_bridge) by extensions ['ros']
[0.239s] Level 1:colcon.colcon_core.package_identification:_identify(src/go2_state_bridge) by extension 'ros'
[0.240s] DEBUG:colcon.colcon_core.package_identification:Package 'src/go2_state_bridge' with type 'ros.ament_python' and name 'go2_state_bridge'
[0.240s] Level 1:colcon.colcon_core.package_discovery:discover_packages(recursive) using defaults
[0.241s] Level 1:colcon.colcon_core.package_discovery:discover_packages(ignore) discover
[0.241s] Level 1:colcon.colcon_core.package_discovery:discover_packages(ignore) using defaults
[0.241s] Level 1:colcon.colcon_core.package_discovery:discover_packages(path) discover
[0.241s] Level 1:colcon.colcon_core.package_discovery:discover_packages(path) using defaults
[0.266s] Level 1:colcon.colcon_core.package_discovery:discover_packages(prefix_path) check parameters
[0.266s] Level 1:colcon.colcon_core.package_discovery:discover_packages(prefix_path) discover
[0.268s] DEBUG:colcon.colcon_installed_package_information.package_discovery:Found 342 installed packages in /opt/ros/humble
[0.270s] Level 1:colcon.colcon_core.package_discovery:discover_packages(prefix_path) using defaults
[0.313s] Level 5:colcon.colcon_core.verb:set package 'go2_simulation_mujoco' build argument 'cmake_args' from command line to 'None'
[0.314s] Level 5:colcon.colcon_core.verb:set package 'go2_simulation_mujoco' build argument 'cmake_target' from command line to 'None'
[0.314s] Level 5:colcon.colcon_core.verb:set package 'go2_simulation_mujoco' build argument 'cmake_target_skip_unavailable' from command line to 'False'
[0.314s] Level 5:colcon.colcon_core.verb:set package 'go2_simulation_mujoco' build argument 'cmake_clean_cache' from command line to 'False'
[0.314s] Level 5:colcon.colcon_core.verb:set package 'go2_simulation_mujoco' build argument 'cmake_clean_first' from command line to 'False'
[0.314s] Level 5:colcon.colcon_core.verb:set package 'go2_simulation_mujoco' build argument 'cmake_force_configure' from command line to 'False'
[0.314s] Level 5:colcon.colcon_core.verb:set package 'go2_simulation_mujoco' build argument 'ament_cmake_args' from command line to 'None'
[0.314s] Level 5:colcon.colcon_core.verb:set package 'go2_simulation_mujoco' build argument 'catkin_cmake_args' from command line to 'None'
[0.314s] Level 5:colcon.colcon_core.verb:set package 'go2_simulation_mujoco' build argument 'catkin_skip_building_tests' from command line to 'False'
[0.314s] DEBUG:colcon.colcon_core.verb:Building package 'go2_simulation_mujoco' with the following arguments: {'ament_cmake_args': None, 'build_base': '/home/lukat/COGAR_ws/build/go2_simulation_mujoco', 'catkin_cmake_args': None, 'catkin_skip_building_tests': False, 'cmake_args': None, 'cmake_clean_cache': False, 'cmake_clean_first': False, 'cmake_force_configure': False, 'cmake_target': None, 'cmake_target_skip_unavailable': False, 'install_base': '/home/lukat/COGAR_ws/install/go2_simulation_mujoco', 'merge_install': False, 'path': '/home/lukat/COGAR_ws/src/go2_simulation_mujoco', 'symlink_install': False, 'test_result_base': None}
[0.314s] Level 5:colcon.colcon_core.verb:set package 'go2_stair_interfaces' build argument 'cmake_args' from command line to 'None'
[0.314s] Level 5:colcon.colcon_core.verb:set package 'go2_stair_interfaces' build argument 'cmake_target' from command line to 'None'
[0.314s] Level 5:colcon.colcon_core.verb:set package 'go2_stair_interfaces' build argument 'cmake_target_skip_unavailable' from command line to 'False'
[0.314s] Level 5:colcon.colcon_core.verb:set package 'go2_stair_interfaces' build argument 'cmake_clean_cache' from command line to 'False'
[0.314s] Level 5:colcon.colcon_core.verb:set package 'go2_stair_interfaces' build argument 'cmake_clean_first' from command line to 'False'
[0.315s] Level 5:colcon.colcon_core.verb:set package 'go2_stair_interfaces' build argument 'cmake_force_configure' from command line to 'False'
[0.315s] Level 5:colcon.colcon_core.verb:set package 'go2_stair_interfaces' build argument 'ament_cmake_args' from command line to 'None'
[0.315s] Level 5:colcon.colcon_core.verb:set package 'go2_stair_interfaces' build argument 'catkin_cmake_args' from command line to 'None'
[0.315s] Level 5:colcon.colcon_core.verb:set package 'go2_stair_interfaces' build argument 'catkin_skip_building_tests' from command line to 'False'
[0.315s] DEBUG:colcon.colcon_core.verb:Building package 'go2_stair_interfaces' with the following arguments: {'ament_cmake_args': None, 'build_base': '/home/lukat/COGAR_ws/build/go2_stair_interfaces', 'catkin_cmake_args': None, 'catkin_skip_building_tests': False, 'cmake_args': None, 'cmake_clean_cache': False, 'cmake_clean_first': False, 'cmake_force_configure': False, 'cmake_target': None, 'cmake_target_skip_unavailable': False, 'install_base': '/home/lukat/COGAR_ws/install/go2_stair_interfaces', 'merge_install': False, 'path': '/home/lukat/COGAR_ws/src/go2_stair_interfaces', 'symlink_install': False, 'test_result_base': None}
[0.315s] Level 5:colcon.colcon_core.verb:set package 'go2_safety_monitor' build argument 'cmake_args' from command line to 'None'
[0.315s] Level 5:colcon.colcon_core.verb:set package 'go2_safety_monitor' build argument 'cmake_target' from command line to 'None'
[0.315s] Level 5:colcon.colcon_core.verb:set package 'go2_safety_monitor' build argument 'cmake_target_skip_unavailable' from command line to 'False'
[0.315s] Level 5:colcon.colcon_core.verb:set package 'go2_safety_monitor' build argument 'cmake_clean_cache' from command line to 'False'
[0.315s] Level 5:colcon.colcon_core.verb:set package 'go2_safety_monitor' build argument 'cmake_clean_first' from command line to 'False'
[0.315s] Level 5:colcon.colcon_core.verb:set package 'go2_safety_monitor' build argument 'cmake_force_configure' from command line to 'False'
[0.315s] Level 5:colcon.colcon_core.verb:set package 'go2_safety_monitor' build argument 'ament_cmake_args' from command line to 'None'
[0.315s] Level 5:colcon.colcon_core.verb:set package 'go2_safety_monitor' build argument 'catkin_cmake_args' from command line to 'None'
[0.315s] Level 5:colcon.colcon_core.verb:set package 'go2_safety_monitor' build argument 'catkin_skip_building_tests' from command line to 'False'
[0.315s] DEBUG:colcon.colcon_core.verb:Building package 'go2_safety_monitor' with the following arguments: {'ament_cmake_args': None, 'build_base': '/home/lukat/COGAR_ws/build/go2_safety_monitor', 'catkin_cmake_args': None, 'catkin_skip_building_tests': False, 'cmake_args': None, 'cmake_clean_cache': False, 'cmake_clean_first': False, 'cmake_force_configure': False, 'cmake_target': None, 'cmake_target_skip_unavailable': False, 'install_base': '/home/lukat/COGAR_ws/install/go2_safety_monitor', 'merge_install': False, 'path': '/home/lukat/COGAR_ws/src/go2_safety_monitor', 'symlink_install': False, 'test_result_base': None}
[0.316s] Level 5:colcon.colcon_core.verb:set package 'go2_state_bridge' build argument 'cmake_args' from command line to 'None'
[0.316s] Level 5:colcon.colcon_core.verb:set package 'go2_state_bridge' build argument 'cmake_target' from command line to 'None'
[0.316s] Level 5:colcon.colcon_core.verb:set package 'go2_state_bridge' build argument 'cmake_target_skip_unavailable' from command line to 'False'
[0.316s] Level 5:colcon.colcon_core.verb:set package 'go2_state_bridge' build argument 'cmake_clean_cache' from command line to 'False'
[0.316s] Level 5:colcon.colcon_core.verb:set package 'go2_state_bridge' build argument 'cmake_clean_first' from command line to 'False'
[0.316s] Level 5:colcon.colcon_core.verb:set package 'go2_state_bridge' build argument 'cmake_force_configure' from command line to 'False'
[0.316s] Level 5:colcon.colcon_core.verb:set package 'go2_state_bridge' build argument 'ament_cmake_args' from command line to 'None'
[0.316s] Level 5:colcon.colcon_core.verb:set package 'go2_state_bridge' build argument 'catkin_cmake_args' from command line to 'None'
[0.316s] Level 5:colcon.colcon_core.verb:set package 'go2_state_bridge' build argument 'catkin_skip_building_tests' from command line to 'False'
[0.316s] DEBUG:colcon.colcon_core.verb:Building package 'go2_state_bridge' with the following arguments: {'ament_cmake_args': None, 'build_base': '/home/lukat/COGAR_ws/build/go2_state_bridge', 'catkin_cmake_args': None, 'catkin_skip_building_tests': False, 'cmake_args': None, 'cmake_clean_cache': False, 'cmake_clean_first': False, 'cmake_force_configure': False, 'cmake_target': None, 'cmake_target_skip_unavailable': False, 'install_base': '/home/lukat/COGAR_ws/install/go2_state_bridge', 'merge_install': False, 'path': '/home/lukat/COGAR_ws/src/go2_state_bridge', 'symlink_install': False, 'test_result_base': None}
[0.316s] INFO:colcon.colcon_core.executor:Executing jobs using 'parallel' executor
[0.318s] DEBUG:colcon.colcon_parallel_executor.executor.parallel:run_until_complete
[0.318s] INFO:colcon.colcon_ros.task.ament_cmake.build:Building ROS package in '/home/lukat/COGAR_ws/src/go2_stair_interfaces' with build type 'ament_cmake'
[0.319s] INFO:colcon.colcon_cmake.task.cmake.build:Building CMake package in '/home/lukat/COGAR_ws/src/go2_stair_interfaces'
[0.322s] INFO:colcon.colcon_core.plugin_system:Skipping extension 'colcon_core.shell.bat': Not used on non-Windows systems
[0.323s] INFO:colcon.colcon_core.shell:Skip shell extension 'powershell' for command environment: Not usable outside of PowerShell
[0.323s] DEBUG:colcon.colcon_core.shell:Skip shell extension 'dsv' for command environment
[0.328s] INFO:colcon.colcon_ros.task.ament_python.build:Building ROS package in '/home/lukat/COGAR_ws/src/go2_simulation_mujoco' with build type 'ament_python'
[0.328s] Level 1:colcon.colcon_core.shell:create_environment_hook('go2_simulation_mujoco', 'ament_prefix_path')
[0.329s] INFO:colcon.colcon_core.shell:Creating environment hook '/home/lukat/COGAR_ws/install/go2_simulation_mujoco/share/go2_simulation_mujoco/hook/ament_prefix_path.ps1'
[0.331s] INFO:colcon.colcon_core.shell:Creating environment descriptor '/home/lukat/COGAR_ws/install/go2_simulation_mujoco/share/go2_simulation_mujoco/hook/ament_prefix_path.dsv'
[0.331s] INFO:colcon.colcon_core.shell:Creating environment hook '/home/lukat/COGAR_ws/install/go2_simulation_mujoco/share/go2_simulation_mujoco/hook/ament_prefix_path.sh'
[0.332s] INFO:colcon.colcon_core.shell:Skip shell extension 'powershell' for command environment: Not usable outside of PowerShell
[0.333s] DEBUG:colcon.colcon_core.shell:Skip shell extension 'dsv' for command environment
[0.391s] DEBUG:colcon.colcon_core.event_handler.log_command:Invoking command in '/home/lukat/COGAR_ws/build/go2_stair_interfaces': CMAKE_PREFIX_PATH=/opt/ros/humble /usr/bin/cmake --build /home/lukat/COGAR_ws/build/go2_stair_interfaces -- -j8 -l8
[0.732s] INFO:colcon.colcon_core.task.python.build:Building Python package in '/home/lukat/COGAR_ws/src/go2_simulation_mujoco'
[0.732s] INFO:colcon.colcon_core.shell:Skip shell extension 'powershell' for command environment: Not usable outside of PowerShell
[0.733s] DEBUG:colcon.colcon_core.shell:Skip shell extension 'dsv' for command environment
[1.000s] DEBUG:colcon.colcon_core.event_handler.log_command:Invoked command in '/home/lukat/COGAR_ws/build/go2_stair_interfaces' returned '0': CMAKE_PREFIX_PATH=/opt/ros/humble /usr/bin/cmake --build /home/lukat/COGAR_ws/build/go2_stair_interfaces -- -j8 -l8
[1.013s] DEBUG:colcon.colcon_core.event_handler.log_command:Invoking command in '/home/lukat/COGAR_ws/build/go2_stair_interfaces': CMAKE_PREFIX_PATH=/opt/ros/humble /usr/bin/cmake --install /home/lukat/COGAR_ws/build/go2_stair_interfaces
[1.141s] Level 1:colcon.colcon_core.environment:create_environment_scripts_only(go2_stair_interfaces)
[1.143s] DEBUG:colcon.colcon_core.event_handler.log_command:Invoked command in '/home/lukat/COGAR_ws/build/go2_stair_interfaces' returned '0': CMAKE_PREFIX_PATH=/opt/ros/humble /usr/bin/cmake --install /home/lukat/COGAR_ws/build/go2_stair_interfaces
[1.149s] Level 1:colcon.colcon_core.environment:checking '/home/lukat/COGAR_ws/install/go2_stair_interfaces' for CMake module files
[1.150s] Level 1:colcon.colcon_core.environment:checking '/home/lukat/COGAR_ws/install/go2_stair_interfaces' for CMake config files
[1.152s] Level 1:colcon.colcon_core.shell:create_environment_hook('go2_stair_interfaces', 'cmake_prefix_path')
[1.152s] INFO:colcon.colcon_core.shell:Creating environment hook '/home/lukat/COGAR_ws/install/go2_stair_interfaces/share/go2_stair_interfaces/hook/cmake_prefix_path.ps1'
[1.153s] INFO:colcon.colcon_core.shell:Creating environment descriptor '/home/lukat/COGAR_ws/install/go2_stair_interfaces/share/go2_stair_interfaces/hook/cmake_prefix_path.dsv'
[1.154s] INFO:colcon.colcon_core.shell:Creating environment hook '/home/lukat/COGAR_ws/install/go2_stair_interfaces/share/go2_stair_interfaces/hook/cmake_prefix_path.sh'
[1.155s] Level 1:colcon.colcon_core.environment:checking '/home/lukat/COGAR_ws/install/go2_stair_interfaces/lib'
[1.156s] Level 1:colcon.colcon_core.shell:create_environment_hook('go2_stair_interfaces', 'ld_library_path_lib')
[1.156s] INFO:colcon.colcon_core.shell:Creating environment hook '/home/lukat/COGAR_ws/install/go2_stair_interfaces/share/go2_stair_interfaces/hook/ld_library_path_lib.ps1'
[1.157s] INFO:colcon.colcon_core.shell:Creating environment descriptor '/home/lukat/COGAR_ws/install/go2_stair_interfaces/share/go2_stair_interfaces/hook/ld_library_path_lib.dsv'
[1.160s] INFO:colcon.colcon_core.shell:Creating environment hook '/home/lukat/COGAR_ws/install/go2_stair_interfaces/share/go2_stair_interfaces/hook/ld_library_path_lib.sh'
[1.161s] Level 1:colcon.colcon_core.environment:checking '/home/lukat/COGAR_ws/install/go2_stair_interfaces/bin'
[1.162s] Level 1:colcon.colcon_core.environment:checking '/home/lukat/COGAR_ws/install/go2_stair_interfaces/lib/pkgconfig/go2_stair_interfaces.pc'
[1.162s] Level 1:colcon.colcon_core.environment:checking '/home/lukat/COGAR_ws/install/go2_stair_interfaces/lib/python3.10/site-packages'
[1.162s] Level 1:colcon.colcon_core.environment:checking '/home/lukat/COGAR_ws/install/go2_stair_interfaces/bin'
[1.163s] INFO:colcon.colcon_core.shell:Creating package script '/home/lukat/COGAR_ws/install/go2_stair_interfaces/share/go2_stair_interfaces/package.ps1'
[1.164s] INFO:colcon.colcon_core.shell:Creating package descriptor '/home/lukat/COGAR_ws/install/go2_stair_interfaces/share/go2_stair_interfaces/package.dsv'
[1.166s] INFO:colcon.colcon_core.shell:Creating package script '/home/lukat/COGAR_ws/install/go2_stair_interfaces/share/go2_stair_interfaces/package.sh'
[1.167s] INFO:colcon.colcon_core.shell:Creating package script '/home/lukat/COGAR_ws/install/go2_stair_interfaces/share/go2_stair_interfaces/package.bash'
[1.168s] INFO:colcon.colcon_core.shell:Creating package script '/home/lukat/COGAR_ws/install/go2_stair_interfaces/share/go2_stair_interfaces/package.zsh'
[1.168s] Level 1:colcon.colcon_core.environment:create_file_with_runtime_dependencies(/home/lukat/COGAR_ws/install/go2_stair_interfaces/share/colcon-core/packages/go2_stair_interfaces)
[1.169s] Level 1:colcon.colcon_core.environment:create_environment_scripts_only(go2_stair_interfaces)
[1.170s] Level 1:colcon.colcon_core.environment:checking '/home/lukat/COGAR_ws/install/go2_stair_interfaces' for CMake module files
[1.170s] Level 1:colcon.colcon_core.environment:checking '/home/lukat/COGAR_ws/install/go2_stair_interfaces' for CMake config files
[1.171s] Level 1:colcon.colcon_core.shell:create_environment_hook('go2_stair_interfaces', 'cmake_prefix_path')
[1.172s] INFO:colcon.colcon_core.shell:Creating environment hook '/home/lukat/COGAR_ws/install/go2_stair_interfaces/share/go2_stair_interfaces/hook/cmake_prefix_path.ps1'
[1.172s] INFO:colcon.colcon_core.shell:Creating environment descriptor '/home/lukat/COGAR_ws/install/go2_stair_interfaces/share/go2_stair_interfaces/hook/cmake_prefix_path.dsv'
[1.174s] INFO:colcon.colcon_core.shell:Creating environment hook '/home/lukat/COGAR_ws/install/go2_stair_interfaces/share/go2_stair_interfaces/hook/cmake_prefix_path.sh'
[1.176s] Level 1:colcon.colcon_core.environment:checking '/home/lukat/COGAR_ws/install/go2_stair_interfaces/lib'
[1.176s] Level 1:colcon.colcon_core.shell:create_environment_hook('go2_stair_interfaces', 'ld_library_path_lib')
[1.176s] INFO:colcon.colcon_core.shell:Creating environment hook '/home/lukat/COGAR_ws/install/go2_stair_interfaces/share/go2_stair_interfaces/hook/ld_library_path_lib.ps1'
[1.177s] INFO:colcon.colcon_core.shell:Creating environment descriptor '/home/lukat/COGAR_ws/install/go2_stair_interfaces/share/go2_stair_interfaces/hook/ld_library_path_lib.dsv'
[1.178s] INFO:colcon.colcon_core.shell:Creating environment hook '/home/lukat/COGAR_ws/install/go2_stair_interfaces/share/go2_stair_interfaces/hook/ld_library_path_lib.sh'
[1.178s] Level 1:colcon.colcon_core.environment:checking '/home/lukat/COGAR_ws/install/go2_stair_interfaces/bin'
[1.179s] Level 1:colcon.colcon_core.environment:checking '/home/lukat/COGAR_ws/install/go2_stair_interfaces/lib/pkgconfig/go2_stair_interfaces.pc'
[1.179s] Level 1:colcon.colcon_core.environment:checking '/home/lukat/COGAR_ws/install/go2_stair_interfaces/lib/python3.10/site-packages'
[1.180s] Level 1:colcon.colcon_core.environment:checking '/home/lukat/COGAR_ws/install/go2_stair_interfaces/bin'
[1.180s] INFO:colcon.colcon_core.shell:Creating package script '/home/lukat/COGAR_ws/install/go2_stair_interfaces/share/go2_stair_interfaces/package.ps1'
[1.181s] INFO:colcon.colcon_core.shell:Creating package descriptor '/home/lukat/COGAR_ws/install/go2_stair_interfaces/share/go2_stair_interfaces/package.dsv'
[1.182s] INFO:colcon.colcon_core.shell:Creating package script '/home/lukat/COGAR_ws/install/go2_stair_interfaces/share/go2_stair_interfaces/package.sh'
[1.182s] INFO:colcon.colcon_core.shell:Creating package script '/home/lukat/COGAR_ws/install/go2_stair_interfaces/share/go2_stair_interfaces/package.bash'
[1.183s] INFO:colcon.colcon_core.shell:Creating package script '/home/lukat/COGAR_ws/install/go2_stair_interfaces/share/go2_stair_interfaces/package.zsh'
[1.184s] Level 1:colcon.colcon_core.environment:create_file_with_runtime_dependencies(/home/lukat/COGAR_ws/install/go2_stair_interfaces/share/colcon-core/packages/go2_stair_interfaces)
[1.185s] INFO:colcon.colcon_ros.task.ament_python.build:Building ROS package in '/home/lukat/COGAR_ws/src/go2_safety_monitor' with build type 'ament_python'
[1.185s] Level 1:colcon.colcon_core.shell:create_environment_hook('go2_safety_monitor', 'ament_prefix_path')
[1.186s] INFO:colcon.colcon_core.shell:Creating environment hook '/home/lukat/COGAR_ws/install/go2_safety_monitor/share/go2_safety_monitor/hook/ament_prefix_path.ps1'
[1.187s] INFO:colcon.colcon_core.shell:Creating environment descriptor '/home/lukat/COGAR_ws/install/go2_safety_monitor/share/go2_safety_monitor/hook/ament_prefix_path.dsv'
[1.188s] INFO:colcon.colcon_core.shell:Creating environment hook '/home/lukat/COGAR_ws/install/go2_safety_monitor/share/go2_safety_monitor/hook/ament_prefix_path.sh'
[1.189s] INFO:colcon.colcon_core.shell:Skip shell extension 'powershell' for command environment: Not usable outside of PowerShell
[1.189s] DEBUG:colcon.colcon_core.shell:Skip shell extension 'dsv' for command environment
[1.196s] INFO:colcon.colcon_ros.task.ament_python.build:Building ROS package in '/home/lukat/COGAR_ws/src/go2_state_bridge' with build type 'ament_python'
[1.196s] Level 1:colcon.colcon_core.shell:create_environment_hook('go2_state_bridge', 'ament_prefix_path')
[1.197s] INFO:colcon.colcon_core.shell:Creating environment hook '/home/lukat/COGAR_ws/install/go2_state_bridge/share/go2_state_bridge/hook/ament_prefix_path.ps1'
[1.198s] INFO:colcon.colcon_core.shell:Creating environment descriptor '/home/lukat/COGAR_ws/install/go2_state_bridge/share/go2_state_bridge/hook/ament_prefix_path.dsv'
[1.199s] INFO:colcon.colcon_core.shell:Creating environment hook '/home/lukat/COGAR_ws/install/go2_state_bridge/share/go2_state_bridge/hook/ament_prefix_path.sh'
[1.201s] INFO:colcon.colcon_core.shell:Skip shell extension 'powershell' for command environment: Not usable outside of PowerShell
[1.201s] DEBUG:colcon.colcon_core.shell:Skip shell extension 'dsv' for command environment
[1.617s] INFO:colcon.colcon_core.task.python.build:Building Python package in '/home/lukat/COGAR_ws/src/go2_safety_monitor'
[1.617s] INFO:colcon.colcon_core.shell:Skip shell extension 'powershell' for command environment: Not usable outside of PowerShell
[1.618s] DEBUG:colcon.colcon_core.shell:Skip shell extension 'dsv' for command environment
[1.911s] INFO:colcon.colcon_core.task.python.build:Building Python package in '/home/lukat/COGAR_ws/src/go2_state_bridge'
[1.911s] INFO:colcon.colcon_core.shell:Skip shell extension 'powershell' for command environment: Not usable outside of PowerShell
[1.911s] DEBUG:colcon.colcon_core.shell:Skip shell extension 'dsv' for command environment
[1.930s] DEBUG:colcon.colcon_core.event_handler.log_command:Invoking command in '/home/lukat/COGAR_ws/src/go2_simulation_mujoco': PYTHONPATH=/home/lukat/COGAR_ws/build/go2_simulation_mujoco/prefix_override:/usr/lib/python3/dist-packages/colcon_core/task/python/colcon_distutils_commands:/home/lukat/COGAR_ws/install/go2_simulation_mujoco/lib/python3.10/site-packages:${PYTHONPATH} /usr/bin/python3 -W ignore:setup.py install is deprecated -W ignore:easy_install command is deprecated setup.py egg_info --egg-base ../../build/go2_simulation_mujoco build --build-base /home/lukat/COGAR_ws/build/go2_simulation_mujoco/build install --record /home/lukat/COGAR_ws/build/go2_simulation_mujoco/install.log --single-version-externally-managed install_data
[2.674s] Level 1:colcon.colcon_core.environment:checking '/home/lukat/COGAR_ws/install/go2_simulation_mujoco' for CMake module files
[2.676s] DEBUG:colcon.colcon_core.event_handler.log_command:Invoked command in '/home/lukat/COGAR_ws/src/go2_simulation_mujoco' returned '0': PYTHONPATH=/home/lukat/COGAR_ws/build/go2_simulation_mujoco/prefix_override:/usr/lib/python3/dist-packages/colcon_core/task/python/colcon_distutils_commands:/home/lukat/COGAR_ws/install/go2_simulation_mujoco/lib/python3.10/site-packages:${PYTHONPATH} /usr/bin/python3 -W ignore:setup.py install is deprecated -W ignore:easy_install command is deprecated setup.py egg_info --egg-base ../../build/go2_simulation_mujoco build --build-base /home/lukat/COGAR_ws/build/go2_simulation_mujoco/build install --record /home/lukat/COGAR_ws/build/go2_simulation_mujoco/install.log --single-version-externally-managed install_data
[2.676s] Level 1:colcon.colcon_core.environment:checking '/home/lukat/COGAR_ws/install/go2_simulation_mujoco' for CMake config files
[2.677s] Level 1:colcon.colcon_core.environment:checking '/home/lukat/COGAR_ws/install/go2_simulation_mujoco/lib'
[2.677s] Level 1:colcon.colcon_core.environment:checking '/home/lukat/COGAR_ws/install/go2_simulation_mujoco/bin'
[2.677s] Level 1:colcon.colcon_core.environment:checking '/home/lukat/COGAR_ws/install/go2_simulation_mujoco/lib/pkgconfig/go2_simulation_mujoco.pc'
[2.678s] Level 1:colcon.colcon_core.environment:checking '/home/lukat/COGAR_ws/install/go2_simulation_mujoco/lib/python3.10/site-packages'
[2.678s] Level 1:colcon.colcon_core.shell:create_environment_hook('go2_simulation_mujoco', 'pythonpath')
[2.678s] INFO:colcon.colcon_core.shell:Creating environment hook '/home/lukat/COGAR_ws/install/go2_simulation_mujoco/share/go2_simulation_mujoco/hook/pythonpath.ps1'
[2.679s] INFO:colcon.colcon_core.shell:Creating environment descriptor '/home/lukat/COGAR_ws/install/go2_simulation_mujoco/share/go2_simulation_mujoco/hook/pythonpath.dsv'
[2.680s] INFO:colcon.colcon_core.shell:Creating environment hook '/home/lukat/COGAR_ws/install/go2_simulation_mujoco/share/go2_simulation_mujoco/hook/pythonpath.sh'
[2.681s] Level 1:colcon.colcon_core.environment:checking '/home/lukat/COGAR_ws/install/go2_simulation_mujoco/bin'
[2.681s] Level 1:colcon.colcon_core.environment:create_environment_scripts_only(go2_simulation_mujoco)
[2.681s] INFO:colcon.colcon_core.shell:Creating package script '/home/lukat/COGAR_ws/install/go2_simulation_mujoco/share/go2_simulation_mujoco/package.ps1'
[2.682s] INFO:colcon.colcon_core.shell:Creating package descriptor '/home/lukat/COGAR_ws/install/go2_simulation_mujoco/share/go2_simulation_mujoco/package.dsv'
[2.683s] INFO:colcon.colcon_core.shell:Creating package script '/home/lukat/COGAR_ws/install/go2_simulation_mujoco/share/go2_simulation_mujoco/package.sh'
[2.684s] INFO:colcon.colcon_core.shell:Creating package script '/home/lukat/COGAR_ws/install/go2_simulation_mujoco/share/go2_simulation_mujoco/package.bash'
[2.685s] INFO:colcon.colcon_core.shell:Creating package script '/home/lukat/COGAR_ws/install/go2_simulation_mujoco/share/go2_simulation_mujoco/package.zsh'
[2.686s] Level 1:colcon.colcon_core.environment:create_file_with_runtime_dependencies(/home/lukat/COGAR_ws/install/go2_simulation_mujoco/share/colcon-core/packages/go2_simulation_mujoco)
[2.698s] DEBUG:colcon.colcon_core.event_handler.log_command:Invoking command in '/home/lukat/COGAR_ws/src/go2_safety_monitor': AMENT_PREFIX_PATH=/home/lukat/COGAR_ws/install/go2_stair_interfaces:${AMENT_PREFIX_PATH} CMAKE_PREFIX_PATH=/home/lukat/COGAR_ws/install/go2_stair_interfaces LD_LIBRARY_PATH=/home/lukat/COGAR_ws/install/go2_stair_interfaces/lib:${LD_LIBRARY_PATH} PYTHONPATH=/home/lukat/COGAR_ws/build/go2_safety_monitor/prefix_override:/usr/lib/python3/dist-packages/colcon_core/task/python/colcon_distutils_commands:/home/lukat/COGAR_ws/install/go2_safety_monitor/lib/python3.10/site-packages:/home/lukat/COGAR_ws/install/go2_stair_interfaces/local/lib/python3.10/dist-packages:${PYTHONPATH} /usr/bin/python3 -W ignore:setup.py install is deprecated -W ignore:easy_install command is deprecated setup.py egg_info --egg-base ../../build/go2_safety_monitor build --build-base /home/lukat/COGAR_ws/build/go2_safety_monitor/build install --record /home/lukat/COGAR_ws/build/go2_safety_monitor/install.log --single-version-externally-managed install_data
[2.710s] DEBUG:colcon.colcon_core.event_handler.log_command:Invoking command in '/home/lukat/COGAR_ws/src/go2_state_bridge': AMENT_PREFIX_PATH=/home/lukat/COGAR_ws/install/go2_stair_interfaces:${AMENT_PREFIX_PATH} CMAKE_PREFIX_PATH=/home/lukat/COGAR_ws/install/go2_stair_interfaces LD_LIBRARY_PATH=/home/lukat/COGAR_ws/install/go2_stair_interfaces/lib:${LD_LIBRARY_PATH} PYTHONPATH=/home/lukat/COGAR_ws/build/go2_state_bridge/prefix_override:/usr/lib/python3/dist-packages/colcon_core/task/python/colcon_distutils_commands:/home/lukat/COGAR_ws/install/go2_state_bridge/lib/python3.10/site-packages:/home/lukat/COGAR_ws/install/go2_stair_interfaces/local/lib/python3.10/dist-packages:${PYTHONPATH} /usr/bin/python3 -W ignore:setup.py install is deprecated -W ignore:easy_install command is deprecated setup.py egg_info --egg-base ../../build/go2_state_bridge build --build-base /home/lukat/COGAR_ws/build/go2_state_bridge/build install --record /home/lukat/COGAR_ws/build/go2_state_bridge/install.log --single-version-externally-managed install_data
[3.372s] Level 1:colcon.colcon_core.environment:checking '/home/lukat/COGAR_ws/install/go2_state_bridge' for CMake module files
[3.373s] DEBUG:colcon.colcon_core.event_handler.log_command:Invoked command in '/home/lukat/COGAR_ws/src/go2_state_bridge' returned '0': AMENT_PREFIX_PATH=/home/lukat/COGAR_ws/install/go2_stair_interfaces:${AMENT_PREFIX_PATH} CMAKE_PREFIX_PATH=/home/lukat/COGAR_ws/install/go2_stair_interfaces LD_LIBRARY_PATH=/home/lukat/COGAR_ws/install/go2_stair_interfaces/lib:${LD_LIBRARY_PATH} PYTHONPATH=/home/lukat/COGAR_ws/build/go2_state_bridge/prefix_override:/usr/lib/python3/dist-packages/colcon_core/task/python/colcon_distutils_commands:/home/lukat/COGAR_ws/install/go2_state_bridge/lib/python3.10/site-packages:/home/lukat/COGAR_ws/install/go2_stair_interfaces/local/lib/python3.10/dist-packages:${PYTHONPATH} /usr/bin/python3 -W ignore:setup.py install is deprecated -W ignore:easy_install command is deprecated setup.py egg_info --egg-base ../../build/go2_state_bridge build --build-base /home/lukat/COGAR_ws/build/go2_state_bridge/build install --record /home/lukat/COGAR_ws/build/go2_state_bridge/install.log --single-version-externally-managed install_data
[3.374s] Level 1:colcon.colcon_core.environment:checking '/home/lukat/COGAR_ws/install/go2_state_bridge' for CMake config files
[3.376s] Level 1:colcon.colcon_core.environment:checking '/home/lukat/COGAR_ws/install/go2_state_bridge/lib'
[3.376s] Level 1:colcon.colcon_core.environment:checking '/home/lukat/COGAR_ws/install/go2_state_bridge/bin'
[3.376s] Level 1:colcon.colcon_core.environment:checking '/home/lukat/COGAR_ws/install/go2_state_bridge/lib/pkgconfig/go2_state_bridge.pc'
[3.376s] Level 1:colcon.colcon_core.environment:checking '/home/lukat/COGAR_ws/install/go2_state_bridge/lib/python3.10/site-packages'
[3.377s] Level 1:colcon.colcon_core.shell:create_environment_hook('go2_state_bridge', 'pythonpath')
[3.377s] INFO:colcon.colcon_core.shell:Creating environment hook '/home/lukat/COGAR_ws/install/go2_state_bridge/share/go2_state_bridge/hook/pythonpath.ps1'
[3.379s] INFO:colcon.colcon_core.shell:Creating environment descriptor '/home/lukat/COGAR_ws/install/go2_state_bridge/share/go2_state_bridge/hook/pythonpath.dsv'
[3.380s] INFO:colcon.colcon_core.shell:Creating environment hook '/home/lukat/COGAR_ws/install/go2_state_bridge/share/go2_state_bridge/hook/pythonpath.sh'
[3.382s] Level 1:colcon.colcon_core.environment:checking '/home/lukat/COGAR_ws/install/go2_state_bridge/bin'
[3.382s] Level 1:colcon.colcon_core.environment:create_environment_scripts_only(go2_state_bridge)
[3.383s] INFO:colcon.colcon_core.shell:Creating package script '/home/lukat/COGAR_ws/install/go2_state_bridge/share/go2_state_bridge/package.ps1'
[3.384s] INFO:colcon.colcon_core.shell:Creating package descriptor '/home/lukat/COGAR_ws/install/go2_state_bridge/share/go2_state_bridge/package.dsv'
[3.385s] INFO:colcon.colcon_core.shell:Creating package script '/home/lukat/COGAR_ws/install/go2_state_bridge/share/go2_state_bridge/package.sh'
[3.386s] INFO:colcon.colcon_core.shell:Creating package script '/home/lukat/COGAR_ws/install/go2_state_bridge/share/go2_state_bridge/package.bash'
[3.387s] INFO:colcon.colcon_core.shell:Creating package script '/home/lukat/COGAR_ws/install/go2_state_bridge/share/go2_state_bridge/package.zsh'
[3.389s] Level 1:colcon.colcon_core.environment:create_file_with_runtime_dependencies(/home/lukat/COGAR_ws/install/go2_state_bridge/share/colcon-core/packages/go2_state_bridge)
[3.393s] Level 1:colcon.colcon_core.environment:checking '/home/lukat/COGAR_ws/install/go2_safety_monitor' for CMake module files
[3.395s] DEBUG:colcon.colcon_core.event_handler.log_command:Invoked command in '/home/lukat/COGAR_ws/src/go2_safety_monitor' returned '0': AMENT_PREFIX_PATH=/home/lukat/COGAR_ws/install/go2_stair_interfaces:${AMENT_PREFIX_PATH} CMAKE_PREFIX_PATH=/home/lukat/COGAR_ws/install/go2_stair_interfaces LD_LIBRARY_PATH=/home/lukat/COGAR_ws/install/go2_stair_interfaces/lib:${LD_LIBRARY_PATH} PYTHONPATH=/home/lukat/COGAR_ws/build/go2_safety_monitor/prefix_override:/usr/lib/python3/dist-packages/colcon_core/task/python/colcon_distutils_commands:/home/lukat/COGAR_ws/install/go2_safety_monitor/lib/python3.10/site-packages:/home/lukat/COGAR_ws/install/go2_stair_interfaces/local/lib/python3.10/dist-packages:${PYTHONPATH} /usr/bin/python3 -W ignore:setup.py install is deprecated -W ignore:easy_install command is deprecated setup.py egg_info --egg-base ../../build/go2_safety_monitor build --build-base /home/lukat/COGAR_ws/build/go2_safety_monitor/build install --record /home/lukat/COGAR_ws/build/go2_safety_monitor/install.log --single-version-externally-managed install_data
[3.395s] Level 1:colcon.colcon_core.environment:checking '/home/lukat/COGAR_ws/install/go2_safety_monitor' for CMake config files
[3.397s] Level 1:colcon.colcon_core.environment:checking '/home/lukat/COGAR_ws/install/go2_safety_monitor/lib'
[3.397s] Level 1:colcon.colcon_core.environment:checking '/home/lukat/COGAR_ws/install/go2_safety_monitor/bin'
[3.397s] Level 1:colcon.colcon_core.environment:checking '/home/lukat/COGAR_ws/install/go2_safety_monitor/lib/pkgconfig/go2_safety_monitor.pc'
[3.398s] Level 1:colcon.colcon_core.environment:checking '/home/lukat/COGAR_ws/install/go2_safety_monitor/lib/python3.10/site-packages'
[3.398s] Level 1:colcon.colcon_core.shell:create_environment_hook('go2_safety_monitor', 'pythonpath')
[3.399s] INFO:colcon.colcon_core.shell:Creating environment hook '/home/lukat/COGAR_ws/install/go2_safety_monitor/share/go2_safety_monitor/hook/pythonpath.ps1'
[3.400s] INFO:colcon.colcon_core.shell:Creating environment descriptor '/home/lukat/COGAR_ws/install/go2_safety_monitor/share/go2_safety_monitor/hook/pythonpath.dsv'
[3.402s] INFO:colcon.colcon_core.shell:Creating environment hook '/home/lukat/COGAR_ws/install/go2_safety_monitor/share/go2_safety_monitor/hook/pythonpath.sh'
[3.404s] Level 1:colcon.colcon_core.environment:checking '/home/lukat/COGAR_ws/install/go2_safety_monitor/bin'
[3.404s] Level 1:colcon.colcon_core.environment:create_environment_scripts_only(go2_safety_monitor)
[3.405s] INFO:colcon.colcon_core.shell:Creating package script '/home/lukat/COGAR_ws/install/go2_safety_monitor/share/go2_safety_monitor/package.ps1'
[3.409s] INFO:colcon.colcon_core.shell:Creating package descriptor '/home/lukat/COGAR_ws/install/go2_safety_monitor/share/go2_safety_monitor/package.dsv'
[3.412s] INFO:colcon.colcon_core.shell:Creating package script '/home/lukat/COGAR_ws/install/go2_safety_monitor/share/go2_safety_monitor/package.sh'
[3.414s] INFO:colcon.colcon_core.shell:Creating package script '/home/lukat/COGAR_ws/install/go2_safety_monitor/share/go2_safety_monitor/package.bash'
[3.415s] INFO:colcon.colcon_core.shell:Creating package script '/home/lukat/COGAR_ws/install/go2_safety_monitor/share/go2_safety_monitor/package.zsh'
[3.416s] Level 1:colcon.colcon_core.environment:create_file_with_runtime_dependencies(/home/lukat/COGAR_ws/install/go2_safety_monitor/share/colcon-core/packages/go2_safety_monitor)
[3.417s] DEBUG:colcon.colcon_parallel_executor.executor.parallel:closing loop
[3.418s] DEBUG:colcon.colcon_parallel_executor.executor.parallel:loop closed
[3.419s] DEBUG:colcon.colcon_parallel_executor.executor.parallel:run_until_complete finished with '0'
[3.419s] DEBUG:colcon.colcon_core.event_reactor:joining thread
[3.465s] INFO:colcon.colcon_core.plugin_system:Skipping extension 'colcon_notification.desktop_notification.notify_send': Could not find 'notify-send'
[3.466s] INFO:colcon.colcon_core.plugin_system:Skipping extension 'colcon_notification.desktop_notification.terminal_notifier': Not used on non-Darwin systems
[3.466s] INFO:colcon.colcon_core.plugin_system:Skipping extension 'colcon_notification.desktop_notification.win32': Not used on non-Windows systems
[3.466s] INFO:colcon.colcon_notification.desktop_notification:Sending desktop notification using 'notify2'
[3.466s] DEBUG:colcon.colcon_notification.desktop_notification.notify2:Failed to initialize notify2: org.freedesktop.DBus.Error.FileNotFound: Failed to connect to socket /run/user/1000/bus: No such file or directory
[3.466s] DEBUG:colcon.colcon_core.event_reactor:joined thread
[3.467s] INFO:colcon.colcon_core.shell:Creating prefix script '/home/lukat/COGAR_ws/install/local_setup.ps1'
[3.468s] INFO:colcon.colcon_core.shell:Creating prefix util module '/home/lukat/COGAR_ws/install/_local_setup_util_ps1.py'
[3.470s] INFO:colcon.colcon_core.shell:Creating prefix chain script '/home/lukat/COGAR_ws/install/setup.ps1'
[3.471s] INFO:colcon.colcon_core.shell:Creating prefix script '/home/lukat/COGAR_ws/install/local_setup.sh'
[3.472s] INFO:colcon.colcon_core.shell:Creating prefix util module '/home/lukat/COGAR_ws/install/_local_setup_util_sh.py'
[3.472s] INFO:colcon.colcon_core.shell:Creating prefix chain script '/home/lukat/COGAR_ws/install/setup.sh'
[3.474s] INFO:colcon.colcon_core.shell:Creating prefix script '/home/lukat/COGAR_ws/install/local_setup.bash'
[3.476s] INFO:colcon.colcon_core.shell:Creating prefix chain script '/home/lukat/COGAR_ws/install/setup.bash'
[3.477s] INFO:colcon.colcon_core.shell:Creating prefix script '/home/lukat/COGAR_ws/install/local_setup.zsh'
[3.478s] INFO:colcon.colcon_core.shell:Creating prefix chain script '/home/lukat/COGAR_ws/install/setup.zsh'
