[  6%] Built target go2_stair_interfaces__rs
[ 12%] Built target go2_stair_interfaces__rosidl_generator_c
[ 15%] Built target go2_stair_interfaces__cpp
[ 15%] Built target ament_cmake_python_symlink_go2_stair_interfaces
[ 34%] Built target go2_stair_interfaces__rosidl_typesupport_introspection_c
[ 34%] Built target go2_stair_interfaces__rosidl_typesupport_fastrtps_c
[ 43%] Built target go2_stair_interfaces__rosidl_typesupport_c
[ 53%] Built target go2_stair_interfaces__rosidl_typesupport_fastrtps_cpp
[ 62%] Built target go2_stair_interfaces__rosidl_typesupport_cpp
[ 71%] Built target go2_stair_interfaces__rosidl_typesupport_introspection_cpp
[ 71%] Built target go2_stair_interfaces
[ 75%] Built target go2_stair_interfaces__py
[ 81%] Built target go2_stair_interfaces__rosidl_generator_py
[ 87%] Built target go2_stair_interfaces__rosidl_typesupport_fastrtps_c__pyext
[ 93%] Built target go2_stair_interfaces__rosidl_typesupport_c__pyext
[100%] Built target go2_stair_interfaces__rosidl_typesupport_introspection_c__pyext
running egg_info
writing go2_stair_interfaces.egg-info/PKG-INFO
writing dependency_links to go2_stair_interfaces.egg-info/dependency_links.txt
writing top-level names to go2_stair_interfaces.egg-info/top_level.txt
reading manifest file 'go2_stair_interfaces.egg-info/SOURCES.txt'
writing manifest file 'go2_stair_interfaces.egg-info/SOURCES.txt'
[100%] Built target ament_cmake_python_build_go2_stair_interfaces_egg
-- Install configuration: ""
-- Execute custom install script
-- Up-to-date symlink: /home/lukat/COGAR_ws/install/go2_stair_interfaces/share/ament_index/resource_index/rosidl_interfaces/go2_stair_interfaces
-- Up-to-date symlink: /home/lukat/COGAR_ws/install/go2_stair_interfaces/include/go2_stair_interfaces/go2_stair_interfaces/msg/detail/go2_safety_state__functions.h
-- Up-to-date symlink: /home/lukat/COGAR_ws/install/go2_stair_interfaces/include/go2_stair_interfaces/go2_stair_interfaces/msg/detail/go2_safety_state__struct.h
-- Up-to-date symlink: /home/lukat/COGAR_ws/install/go2_stair_interfaces/include/go2_stair_interfaces/go2_stair_interfaces/msg/detail/go2_safety_state__type_support.h
-- Up-to-date symlink: /home/lukat/COGAR_ws/install/go2_stair_interfaces/include/go2_stair_interfaces/go2_stair_interfaces/msg/go2_safety_state.h
-- Up-to-date symlink: /home/lukat/COGAR_ws/install/go2_stair_interfaces/include/go2_stair_interfaces/go2_stair_interfaces/msg/rosidl_generator_c__visibility_control.h
-- Up-to-date symlink: /home/lukat/COGAR_ws/install/go2_stair_interfaces/share/go2_stair_interfaces/environment/library_path.sh
-- Up-to-date symlink: /home/lukat/COGAR_ws/install/go2_stair_interfaces/share/go2_stair_interfaces/environment/library_path.dsv
-- Up-to-date symlink: /home/lukat/COGAR_ws/install/go2_stair_interfaces/include/go2_stair_interfaces/go2_stair_interfaces/msg/detail/go2_safety_state__rosidl_typesupport_fastrtps_c.h
-- Up-to-date symlink: /home/lukat/COGAR_ws/install/go2_stair_interfaces/include/go2_stair_interfaces/go2_stair_interfaces/msg/rosidl_typesupport_fastrtps_c__visibility_control.h
-- Up-to-date symlink: /home/lukat/COGAR_ws/install/go2_stair_interfaces/include/go2_stair_interfaces/go2_stair_interfaces/msg/detail/go2_safety_state__builder.hpp
-- Up-to-date symlink: /home/lukat/COGAR_ws/install/go2_stair_interfaces/include/go2_stair_interfaces/go2_stair_interfaces/msg/detail/go2_safety_state__struct.hpp
-- Up-to-date symlink: /home/lukat/COGAR_ws/install/go2_stair_interfaces/include/go2_stair_interfaces/go2_stair_interfaces/msg/detail/go2_safety_state__traits.hpp
-- Up-to-date symlink: /home/lukat/COGAR_ws/install/go2_stair_interfaces/include/go2_stair_interfaces/go2_stair_interfaces/msg/detail/go2_safety_state__type_support.hpp
-- Up-to-date symlink: /home/lukat/COGAR_ws/install/go2_stair_interfaces/include/go2_stair_interfaces/go2_stair_interfaces/msg/go2_safety_state.hpp
-- Up-to-date symlink: /home/lukat/COGAR_ws/install/go2_stair_interfaces/include/go2_stair_interfaces/go2_stair_interfaces/msg/rosidl_generator_cpp__visibility_control.hpp
-- Up-to-date symlink: /home/lukat/COGAR_ws/install/go2_stair_interfaces/include/go2_stair_interfaces/go2_stair_interfaces/msg/detail/go2_safety_state__rosidl_typesupport_fastrtps_cpp.hpp
-- Up-to-date symlink: /home/lukat/COGAR_ws/install/go2_stair_interfaces/include/go2_stair_interfaces/go2_stair_interfaces/msg/rosidl_typesupport_fastrtps_cpp__visibility_control.h
-- Up-to-date symlink: /home/lukat/COGAR_ws/install/go2_stair_interfaces/include/go2_stair_interfaces/go2_stair_interfaces/msg/detail/go2_safety_state__rosidl_typesupport_introspection_c.h
-- Up-to-date symlink: /home/lukat/COGAR_ws/install/go2_stair_interfaces/include/go2_stair_interfaces/go2_stair_interfaces/msg/rosidl_typesupport_introspection_c__visibility_control.h
-- Up-to-date symlink: /home/lukat/COGAR_ws/install/go2_stair_interfaces/include/go2_stair_interfaces/go2_stair_interfaces/msg/detail/go2_safety_state__rosidl_typesupport_introspection_cpp.hpp
-- Up-to-date symlink: /home/lukat/COGAR_ws/install/go2_stair_interfaces/share/go2_stair_interfaces/environment/pythonpath.sh
-- Up-to-date symlink: /home/lukat/COGAR_ws/install/go2_stair_interfaces/share/go2_stair_interfaces/environment/pythonpath.dsv
-- Up-to-date symlink: /home/lukat/COGAR_ws/install/go2_stair_interfaces/local/lib/python3.10/dist-packages/go2_stair_interfaces-0.0.0-py3.10.egg-info/PKG-INFO
-- Up-to-date symlink: /home/lukat/COGAR_ws/install/go2_stair_interfaces/local/lib/python3.10/dist-packages/go2_stair_interfaces-0.0.0-py3.10.egg-info/SOURCES.txt
-- Up-to-date symlink: /home/lukat/COGAR_ws/install/go2_stair_interfaces/local/lib/python3.10/dist-packages/go2_stair_interfaces-0.0.0-py3.10.egg-info/dependency_links.txt
-- Up-to-date symlink: /home/lukat/COGAR_ws/install/go2_stair_interfaces/local/lib/python3.10/dist-packages/go2_stair_interfaces-0.0.0-py3.10.egg-info/top_level.txt
-- Up-to-date symlink: /home/lukat/COGAR_ws/install/go2_stair_interfaces/local/lib/python3.10/dist-packages/go2_stair_interfaces/__init__.py
-- Up-to-date symlink: /home/lukat/COGAR_ws/install/go2_stair_interfaces/local/lib/python3.10/dist-packages/go2_stair_interfaces/_go2_stair_interfaces_s.ep.rosidl_typesupport_c.c
-- Up-to-date symlink: /home/lukat/COGAR_ws/install/go2_stair_interfaces/local/lib/python3.10/dist-packages/go2_stair_interfaces/_go2_stair_interfaces_s.ep.rosidl_typesupport_fastrtps_c.c
-- Up-to-date symlink: /home/lukat/COGAR_ws/install/go2_stair_interfaces/local/lib/python3.10/dist-packages/go2_stair_interfaces/_go2_stair_interfaces_s.ep.rosidl_typesupport_introspection_c.c
-- Up-to-date symlink: /home/lukat/COGAR_ws/install/go2_stair_interfaces/local/lib/python3.10/dist-packages/go2_stair_interfaces/go2_stair_interfaces_s__rosidl_typesupport_c.cpython-310-x86_64-linux-gnu.so
-- Up-to-date symlink: /home/lukat/COGAR_ws/install/go2_stair_interfaces/local/lib/python3.10/dist-packages/go2_stair_interfaces/go2_stair_interfaces_s__rosidl_typesupport_fastrtps_c.cpython-310-x86_64-linux-gnu.so
-- Up-to-date symlink: /home/lukat/COGAR_ws/install/go2_stair_interfaces/local/lib/python3.10/dist-packages/go2_stair_interfaces/go2_stair_interfaces_s__rosidl_typesupport_introspection_c.cpython-310-x86_64-linux-gnu.so
-- Up-to-date symlink: /home/lukat/COGAR_ws/install/go2_stair_interfaces/local/lib/python3.10/dist-packages/go2_stair_interfaces/libgo2_stair_interfaces__rosidl_generator_py.so
-- Up-to-date symlink: /home/lukat/COGAR_ws/install/go2_stair_interfaces/local/lib/python3.10/dist-packages/go2_stair_interfaces/msg/__init__.py
-- Up-to-date symlink: /home/lukat/COGAR_ws/install/go2_stair_interfaces/local/lib/python3.10/dist-packages/go2_stair_interfaces/msg/_go2_safety_state.py
-- Up-to-date symlink: /home/lukat/COGAR_ws/install/go2_stair_interfaces/local/lib/python3.10/dist-packages/go2_stair_interfaces/msg/_go2_safety_state_s.c
-- Up-to-date symlink: /home/lukat/COGAR_ws/install/go2_stair_interfaces/local/lib/python3.10/dist-packages/go2_stair_interfaces/go2_stair_interfaces_s__rosidl_typesupport_fastrtps_c.cpython-310-x86_64-linux-gnu.so
-- Up-to-date symlink: /home/lukat/COGAR_ws/install/go2_stair_interfaces/local/lib/python3.10/dist-packages/go2_stair_interfaces/go2_stair_interfaces_s__rosidl_typesupport_introspection_c.cpython-310-x86_64-linux-gnu.so
-- Up-to-date symlink: /home/lukat/COGAR_ws/install/go2_stair_interfaces/local/lib/python3.10/dist-packages/go2_stair_interfaces/go2_stair_interfaces_s__rosidl_typesupport_c.cpython-310-x86_64-linux-gnu.so
-- Up-to-date symlink: /home/lukat/COGAR_ws/install/go2_stair_interfaces/share/ament_index/resource_index/rust_packages/go2_stair_interfaces
-- Up-to-date symlink: /home/lukat/COGAR_ws/install/go2_stair_interfaces/share/go2_stair_interfaces/rust/Cargo.toml
-- Up-to-date symlink: /home/lukat/COGAR_ws/install/go2_stair_interfaces/share/go2_stair_interfaces/rust/build.rs
-- Up-to-date symlink: /home/lukat/COGAR_ws/install/go2_stair_interfaces/share/go2_stair_interfaces/rust/src/lib.rs
-- Up-to-date symlink: /home/lukat/COGAR_ws/install/go2_stair_interfaces/share/go2_stair_interfaces/rust/src/msg.rs
-- Up-to-date symlink: /home/lukat/COGAR_ws/install/go2_stair_interfaces/share/go2_stair_interfaces/rust/src/msg/rmw.rs
-- Up-to-date symlink: /home/lukat/COGAR_ws/install/go2_stair_interfaces/share/go2_stair_interfaces/msg/Go2SafetyState.idl
-- Up-to-date symlink: /home/lukat/COGAR_ws/install/go2_stair_interfaces/share/go2_stair_interfaces/msg/Go2SafetyState.msg
-- Up-to-date symlink: /home/lukat/COGAR_ws/install/go2_stair_interfaces/share/ament_index/resource_index/package_run_dependencies/go2_stair_interfaces
-- Up-to-date symlink: /home/lukat/COGAR_ws/install/go2_stair_interfaces/share/ament_index/resource_index/parent_prefix_path/go2_stair_interfaces
-- Up-to-date symlink: /home/lukat/COGAR_ws/install/go2_stair_interfaces/share/go2_stair_interfaces/environment/ament_prefix_path.sh
-- Up-to-date symlink: /home/lukat/COGAR_ws/install/go2_stair_interfaces/share/go2_stair_interfaces/environment/ament_prefix_path.dsv
-- Up-to-date symlink: /home/lukat/COGAR_ws/install/go2_stair_interfaces/share/go2_stair_interfaces/environment/path.sh
-- Up-to-date symlink: /home/lukat/COGAR_ws/install/go2_stair_interfaces/share/go2_stair_interfaces/environment/path.dsv
-- Up-to-date symlink: /home/lukat/COGAR_ws/install/go2_stair_interfaces/share/go2_stair_interfaces/local_setup.bash
-- Up-to-date symlink: /home/lukat/COGAR_ws/install/go2_stair_interfaces/share/go2_stair_interfaces/local_setup.sh
-- Up-to-date symlink: /home/lukat/COGAR_ws/install/go2_stair_interfaces/share/go2_stair_interfaces/local_setup.zsh
-- Up-to-date symlink: /home/lukat/COGAR_ws/install/go2_stair_interfaces/share/go2_stair_interfaces/local_setup.dsv
-- Symlinking: /home/lukat/COGAR_ws/install/go2_stair_interfaces/share/go2_stair_interfaces/package.dsv
-- Up-to-date symlink: /home/lukat/COGAR_ws/install/go2_stair_interfaces/share/ament_index/resource_index/packages/go2_stair_interfaces
-- Up-to-date symlink: /home/lukat/COGAR_ws/install/go2_stair_interfaces/share/go2_stair_interfaces/cmake/rosidl_cmake-extras.cmake
-- Up-to-date symlink: /home/lukat/COGAR_ws/install/go2_stair_interfaces/share/go2_stair_interfaces/cmake/ament_cmake_export_dependencies-extras.cmake
-- Up-to-date symlink: /home/lukat/COGAR_ws/install/go2_stair_interfaces/share/go2_stair_interfaces/cmake/ament_cmake_export_include_directories-extras.cmake
-- Up-to-date symlink: /home/lukat/COGAR_ws/install/go2_stair_interfaces/share/go2_stair_interfaces/cmake/ament_cmake_export_libraries-extras.cmake
-- Up-to-date symlink: /home/lukat/COGAR_ws/install/go2_stair_interfaces/share/go2_stair_interfaces/cmake/ament_cmake_export_targets-extras.cmake
-- Up-to-date symlink: /home/lukat/COGAR_ws/install/go2_stair_interfaces/share/go2_stair_interfaces/cmake/rosidl_cmake_export_typesupport_targets-extras.cmake
-- Up-to-date symlink: /home/lukat/COGAR_ws/install/go2_stair_interfaces/share/go2_stair_interfaces/cmake/rosidl_cmake_export_typesupport_libraries-extras.cmake
-- Up-to-date symlink: /home/lukat/COGAR_ws/install/go2_stair_interfaces/share/go2_stair_interfaces/cmake/go2_stair_interfacesConfig.cmake
-- Up-to-date symlink: /home/lukat/COGAR_ws/install/go2_stair_interfaces/share/go2_stair_interfaces/cmake/go2_stair_interfacesConfig-version.cmake
-- Up-to-date symlink: /home/lukat/COGAR_ws/install/go2_stair_interfaces/share/go2_stair_interfaces/package.xml
-- Up-to-date: /home/lukat/COGAR_ws/install/go2_stair_interfaces/lib/libgo2_stair_interfaces__rosidl_generator_c.so
-- Up-to-date: /home/lukat/COGAR_ws/install/go2_stair_interfaces/lib/libgo2_stair_interfaces__rosidl_typesupport_fastrtps_c.so
-- Up-to-date: /home/lukat/COGAR_ws/install/go2_stair_interfaces/lib/libgo2_stair_interfaces__rosidl_typesupport_fastrtps_cpp.so
-- Up-to-date: /home/lukat/COGAR_ws/install/go2_stair_interfaces/lib/libgo2_stair_interfaces__rosidl_typesupport_introspection_c.so
-- Up-to-date: /home/lukat/COGAR_ws/install/go2_stair_interfaces/lib/libgo2_stair_interfaces__rosidl_typesupport_c.so
-- Up-to-date: /home/lukat/COGAR_ws/install/go2_stair_interfaces/lib/libgo2_stair_interfaces__rosidl_typesupport_introspection_cpp.so
-- Up-to-date: /home/lukat/COGAR_ws/install/go2_stair_interfaces/lib/libgo2_stair_interfaces__rosidl_typesupport_cpp.so
Listing '/home/lukat/COGAR_ws/install/go2_stair_interfaces/local/lib/python3.10/dist-packages/go2_stair_interfaces'...
Listing '/home/lukat/COGAR_ws/install/go2_stair_interfaces/local/lib/python3.10/dist-packages/go2_stair_interfaces/msg'...
-- Up-to-date: /home/lukat/COGAR_ws/install/go2_stair_interfaces/lib/libgo2_stair_interfaces__rosidl_generator_py.so
-- Up-to-date: /home/lukat/COGAR_ws/install/go2_stair_interfaces/share/go2_stair_interfaces/cmake/export_go2_stair_interfaces__rosidl_generator_cExport.cmake
-- Up-to-date: /home/lukat/COGAR_ws/install/go2_stair_interfaces/share/go2_stair_interfaces/cmake/export_go2_stair_interfaces__rosidl_generator_cExport-noconfig.cmake
-- Up-to-date: /home/lukat/COGAR_ws/install/go2_stair_interfaces/share/go2_stair_interfaces/cmake/export_go2_stair_interfaces__rosidl_typesupport_fastrtps_cExport.cmake
-- Up-to-date: /home/lukat/COGAR_ws/install/go2_stair_interfaces/share/go2_stair_interfaces/cmake/export_go2_stair_interfaces__rosidl_typesupport_fastrtps_cExport-noconfig.cmake
-- Up-to-date: /home/lukat/COGAR_ws/install/go2_stair_interfaces/share/go2_stair_interfaces/cmake/export_go2_stair_interfaces__rosidl_generator_cppExport.cmake
-- Up-to-date: /home/lukat/COGAR_ws/install/go2_stair_interfaces/share/go2_stair_interfaces/cmake/export_go2_stair_interfaces__rosidl_typesupport_fastrtps_cppExport.cmake
-- Up-to-date: /home/lukat/COGAR_ws/install/go2_stair_interfaces/share/go2_stair_interfaces/cmake/export_go2_stair_interfaces__rosidl_typesupport_fastrtps_cppExport-noconfig.cmake
-- Up-to-date: /home/lukat/COGAR_ws/install/go2_stair_interfaces/share/go2_stair_interfaces/cmake/go2_stair_interfaces__rosidl_typesupport_introspection_cExport.cmake
-- Up-to-date: /home/lukat/COGAR_ws/install/go2_stair_interfaces/share/go2_stair_interfaces/cmake/go2_stair_interfaces__rosidl_typesupport_introspection_cExport-noconfig.cmake
-- Up-to-date: /home/lukat/COGAR_ws/install/go2_stair_interfaces/share/go2_stair_interfaces/cmake/go2_stair_interfaces__rosidl_typesupport_cExport.cmake
-- Up-to-date: /home/lukat/COGAR_ws/install/go2_stair_interfaces/share/go2_stair_interfaces/cmake/go2_stair_interfaces__rosidl_typesupport_cExport-noconfig.cmake
-- Up-to-date: /home/lukat/COGAR_ws/install/go2_stair_interfaces/share/go2_stair_interfaces/cmake/go2_stair_interfaces__rosidl_typesupport_introspection_cppExport.cmake
-- Up-to-date: /home/lukat/COGAR_ws/install/go2_stair_interfaces/share/go2_stair_interfaces/cmake/go2_stair_interfaces__rosidl_typesupport_introspection_cppExport-noconfig.cmake
-- Up-to-date: /home/lukat/COGAR_ws/install/go2_stair_interfaces/share/go2_stair_interfaces/cmake/go2_stair_interfaces__rosidl_typesupport_cppExport.cmake
-- Up-to-date: /home/lukat/COGAR_ws/install/go2_stair_interfaces/share/go2_stair_interfaces/cmake/go2_stair_interfaces__rosidl_typesupport_cppExport-noconfig.cmake
-- Up-to-date: /home/lukat/COGAR_ws/install/go2_stair_interfaces/share/go2_stair_interfaces/cmake/export_go2_stair_interfaces__rosidl_generator_pyExport.cmake
-- Up-to-date: /home/lukat/COGAR_ws/install/go2_stair_interfaces/share/go2_stair_interfaces/cmake/export_go2_stair_interfaces__rosidl_generator_pyExport-noconfig.cmake
