[3.515s] Invoking command in '/home/lukat/COGAR_ws/src/go2_velocity_supervisor': PYTHONPATH=/home/lukat/COGAR_ws/build/go2_velocity_supervisor/prefix_override:/usr/lib/python3/dist-packages/colcon_core/task/python/colcon_distutils_commands:/home/lukat/COGAR_ws/install/go2_velocity_supervisor/lib/python3.10/site-packages:${PYTHONPATH} /usr/bin/python3 -W ignore:setup.py install is deprecated -W ignore:easy_install command is deprecated setup.py egg_info --egg-base ../../build/go2_velocity_supervisor build --build-base /home/lukat/COGAR_ws/build/go2_velocity_supervisor/build install --record /home/lukat/COGAR_ws/build/go2_velocity_supervisor/install.log --single-version-externally-managed install_data
[4.594s] running egg_info
[4.667s] writing ../../build/go2_velocity_supervisor/go2_velocity_supervisor.egg-info/PKG-INFO
[4.672s] writing dependency_links to ../../build/go2_velocity_supervisor/go2_velocity_supervisor.egg-info/dependency_links.txt
[4.675s] writing requirements to ../../build/go2_velocity_supervisor/go2_velocity_supervisor.egg-info/requires.txt
[4.676s] writing top-level names to ../../build/go2_velocity_supervisor/go2_velocity_supervisor.egg-info/top_level.txt
[4.877s] reading manifest file '../../build/go2_velocity_supervisor/go2_velocity_supervisor.egg-info/SOURCES.txt'
[4.886s] writing manifest file '../../build/go2_velocity_supervisor/go2_velocity_supervisor.egg-info/SOURCES.txt'
[4.886s] running build
[4.887s] running build_py
[4.887s] copying go2_velocity_supervisor/__init__.py -> /home/lukat/COGAR_ws/build/go2_velocity_supervisor/build/lib/go2_velocity_supervisor
[4.888s] copying go2_velocity_supervisor/velocity_supervisor_node.py -> /home/lukat/COGAR_ws/build/go2_velocity_supervisor/build/lib/go2_velocity_supervisor
[4.890s] running install
[4.908s] running install_lib
[5.016s] running install_data
[5.017s] copying resource/go2_velocity_supervisor -> /home/lukat/COGAR_ws/install/go2_velocity_supervisor/share/ament_index/resource_index/packages
[5.018s] copying package.xml -> /home/lukat/COGAR_ws/install/go2_velocity_supervisor/share/go2_velocity_supervisor
[5.019s] running install_egg_info
[5.100s] removing '/home/lukat/COGAR_ws/install/go2_velocity_supervisor/lib/python3.10/site-packages/go2_velocity_supervisor-0.0.0-py3.10.egg-info' (and everything under it)
[5.101s] Copying ../../build/go2_velocity_supervisor/go2_velocity_supervisor.egg-info to /home/lukat/COGAR_ws/install/go2_velocity_supervisor/lib/python3.10/site-packages/go2_velocity_supervisor-0.0.0-py3.10.egg-info
[5.102s] running install_scripts
[5.608s] writing list of installed files to '/home/lukat/COGAR_ws/build/go2_velocity_supervisor/install.log'
[5.726s] Invoked command in '/home/lukat/COGAR_ws/src/go2_velocity_supervisor' returned '0': PYTHONPATH=/home/lukat/COGAR_ws/build/go2_velocity_supervisor/prefix_override:/usr/lib/python3/dist-packages/colcon_core/task/python/colcon_distutils_commands:/home/lukat/COGAR_ws/install/go2_velocity_supervisor/lib/python3.10/site-packages:${PYTHONPATH} /usr/bin/python3 -W ignore:setup.py install is deprecated -W ignore:easy_install command is deprecated setup.py egg_info --egg-base ../../build/go2_velocity_supervisor build --build-base /home/lukat/COGAR_ws/build/go2_velocity_supervisor/build install --record /home/lukat/COGAR_ws/build/go2_velocity_supervisor/install.log --single-version-externally-managed install_data
