[0.501s] DEBUG:colcon:Command line arguments: ['/usr/bin/colcon', 'build']
[0.501s] DEBUG:colcon:Parsed command line arguments: Namespace(log_base=None, log_level=None, verb_name='build', build_base='build', install_base='install', merge_install=False, symlink_install=False, test_result_base=None, continue_on_error=False, executor='parallel', parallel_workers=8, event_handlers=None, ignore_user_meta=False, metas=['./colcon.meta'], base_paths=['.'], packages_ignore=None, packages_ignore_regex=None, paths=None, packages_up_to=None, packages_up_to_regex=None, packages_above=None, packages_above_and_dependencies=None, packages_above_depth=None, packages_select_by_dep=None, packages_skip_by_dep=None, packages_skip_up_to=None, packages_select_build_failed=False, packages_skip_build_finished=False, packages_select_test_failures=False, packages_skip_test_passed=False, packages_select=None, packages_skip=None, packages_select_regex=None, packages_skip_regex=None, packages_start=None, packages_end=None, allow_overriding=[], cmake_args=None, cmake_target=None, cmake_target_skip_unavailable=False, cmake_clean_cache=False, cmake_clean_first=False, cmake_force_configure=False, ament_cmake_args=None, catkin_cmake_args=None, catkin_skip_building_tests=False, mixin_files=None, mixin=None, verb_parser=<colcon_mixin.mixin.mixin_argument.MixinArgumentDecorator object at 0x7ce33281b9d0>, verb_extension=<colcon_core.verb.build.BuildVerb object at 0x7ce33281b340>, main=<bound method BuildVerb.main of <colcon_core.verb.build.BuildVerb object at 0x7ce33281b340>>, mixin_verb=('build',))
[0.676s] Level 1:colcon.colcon_core.package_discovery:discover_packages(colcon_meta) check parameters
[0.676s] Level 1:colcon.colcon_core.package_discovery:discover_packages(recursive) check parameters
[0.676s] Level 1:colcon.colcon_core.package_discovery:discover_packages(ignore) check parameters
[0.676s] Level 1:colcon.colcon_core.package_discovery:discover_packages(path) check parameters
[0.677s] Level 1:colcon.colcon_core.package_discovery:discover_packages(colcon_meta) discover
[0.677s] Level 1:colcon.colcon_core.package_discovery:discover_packages(recursive) discover
[0.677s] INFO:colcon.colcon_core.package_discovery:Crawling recursively for packages in '/home/lukat/COGAR_ws'
[0.677s] Level 1:colcon.colcon_core.package_identification:_identify(.) by extensions ['ignore', 'ignore_ament_install']
[0.677s] Level 1:colcon.colcon_core.package_identification:_identify(.) by extension 'ignore'
[0.678s] Level 1:colcon.colcon_core.package_identification:_identify(.) by extension 'ignore_ament_install'
[0.678s] Level 1:colcon.colcon_core.package_identification:_identify(.) by extensions ['colcon_pkg']
[0.678s] Level 1:colcon.colcon_core.package_identification:_identify(.) by extension 'colcon_pkg'
[0.678s] Level 1:colcon.colcon_core.package_identification:_identify(.) by extensions ['colcon_meta']
[0.678s] Level 1:colcon.colcon_core.package_identification:_identify(.) by extension 'colcon_meta'
[0.678s] Level 1:colcon.colcon_core.package_identification:_identify(.) by extensions ['ros']
[0.678s] Level 1:colcon.colcon_core.package_identification:_identify(.) by extension 'ros'
[0.720s] Level 1:colcon.colcon_core.package_identification:_identify(.) by extensions ['cmake', 'python']
[0.721s] Level 1:colcon.colcon_core.package_identification:_identify(.) by extension 'cmake'
[0.721s] Level 1:colcon.colcon_core.package_identification:_identify(.) by extension 'python'
[0.721s] Level 1:colcon.colcon_core.package_identification:_identify(.) by extensions ['python_setup_py']
[0.721s] Level 1:colcon.colcon_core.package_identification:_identify(.) by extension 'python_setup_py'
[0.721s] Level 1:colcon.colcon_core.package_identification:_identify(build) by extensions ['ignore', 'ignore_ament_install']
[0.721s] Level 1:colcon.colcon_core.package_identification:_identify(build) by extension 'ignore'
[0.722s] Level 1:colcon.colcon_core.package_identification:_identify(build) ignored
[0.722s] Level 1:colcon.colcon_core.package_identification:_identify(install) by extensions ['ignore', 'ignore_ament_install']
[0.722s] Level 1:colcon.colcon_core.package_identification:_identify(install) by extension 'ignore'
[0.722s] Level 1:colcon.colcon_core.package_identification:_identify(install) ignored
[0.722s] Level 1:colcon.colcon_core.package_identification:_identify(log) by extensions ['ignore', 'ignore_ament_install']
[0.722s] Level 1:colcon.colcon_core.package_identification:_identify(log) by extension 'ignore'
[0.723s] Level 1:colcon.colcon_core.package_identification:_identify(log) ignored
[0.723s] Level 1:colcon.colcon_core.package_identification:_identify(models) by extensions ['ignore', 'ignore_ament_install']
[0.723s] Level 1:colcon.colcon_core.package_identification:_identify(models) by extension 'ignore'
[0.723s] Level 1:colcon.colcon_core.package_identification:_identify(models) by extension 'ignore_ament_install'
[0.723s] Level 1:colcon.colcon_core.package_identification:_identify(models) by extensions ['colcon_pkg']
[0.723s] Level 1:colcon.colcon_core.package_identification:_identify(models) by extension 'colcon_pkg'
[0.724s] Level 1:colcon.colcon_core.package_identification:_identify(models) by extensions ['colcon_meta']
[0.724s] Level 1:colcon.colcon_core.package_identification:_identify(models) by extension 'colcon_meta'
[0.724s] Level 1:colcon.colcon_core.package_identification:_identify(models) by extensions ['ros']
[0.724s] Level 1:colcon.colcon_core.package_identification:_identify(models) by extension 'ros'
[0.724s] Level 1:colcon.colcon_core.package_identification:_identify(models) by extensions ['cmake', 'python']
[0.724s] Level 1:colcon.colcon_core.package_identification:_identify(models) by extension 'cmake'
[0.724s] Level 1:colcon.colcon_core.package_identification:_identify(models) by extension 'python'
[0.725s] Level 1:colcon.colcon_core.package_identification:_identify(models) by extensions ['python_setup_py']
[0.725s] Level 1:colcon.colcon_core.package_identification:_identify(models) by extension 'python_setup_py'
[0.725s] Level 1:colcon.colcon_core.package_identification:_identify(models/MJCF) by extensions ['ignore', 'ignore_ament_install']
[0.725s] Level 1:colcon.colcon_core.package_identification:_identify(models/MJCF) by extension 'ignore'
[0.725s] Level 1:colcon.colcon_core.package_identification:_identify(models/MJCF) by extension 'ignore_ament_install'
[0.725s] Level 1:colcon.colcon_core.package_identification:_identify(models/MJCF) by extensions ['colcon_pkg']
[0.725s] Level 1:colcon.colcon_core.package_identification:_identify(models/MJCF) by extension 'colcon_pkg'
[0.726s] Level 1:colcon.colcon_core.package_identification:_identify(models/MJCF) by extensions ['colcon_meta']
[0.726s] Level 1:colcon.colcon_core.package_identification:_identify(models/MJCF) by extension 'colcon_meta'
[0.726s] Level 1:colcon.colcon_core.package_identification:_identify(models/MJCF) by extensions ['ros']
[0.726s] Level 1:colcon.colcon_core.package_identification:_identify(models/MJCF) by extension 'ros'
[0.726s] Level 1:colcon.colcon_core.package_identification:_identify(models/MJCF) by extensions ['cmake', 'python']
[0.726s] Level 1:colcon.colcon_core.package_identification:_identify(models/MJCF) by extension 'cmake'
[0.726s] Level 1:colcon.colcon_core.package_identification:_identify(models/MJCF) by extension 'python'
[0.726s] Level 1:colcon.colcon_core.package_identification:_identify(models/MJCF) by extensions ['python_setup_py']
[0.726s] Level 1:colcon.colcon_core.package_identification:_identify(models/MJCF) by extension 'python_setup_py'
[0.727s] Level 1:colcon.colcon_core.package_identification:_identify(models/MJCF/go2) by extensions ['ignore', 'ignore_ament_install']
[0.727s] Level 1:colcon.colcon_core.package_identification:_identify(models/MJCF/go2) by extension 'ignore'
[0.727s] Level 1:colcon.colcon_core.package_identification:_identify(models/MJCF/go2) by extension 'ignore_ament_install'
[0.727s] Level 1:colcon.colcon_core.package_identification:_identify(models/MJCF/go2) by extensions ['colcon_pkg']
[0.728s] Level 1:colcon.colcon_core.package_identification:_identify(models/MJCF/go2) by extension 'colcon_pkg'
[0.728s] Level 1:colcon.colcon_core.package_identification:_identify(models/MJCF/go2) by extensions ['colcon_meta']
[0.728s] Level 1:colcon.colcon_core.package_identification:_identify(models/MJCF/go2) by extension 'colcon_meta'
[0.728s] Level 1:colcon.colcon_core.package_identification:_identify(models/MJCF/go2) by extensions ['ros']
[0.728s] Level 1:colcon.colcon_core.package_identification:_identify(models/MJCF/go2) by extension 'ros'
[0.729s] Level 1:colcon.colcon_core.package_identification:_identify(models/MJCF/go2) by extensions ['cmake', 'python']
[0.729s] Level 1:colcon.colcon_core.package_identification:_identify(models/MJCF/go2) by extension 'cmake'
[0.729s] Level 1:colcon.colcon_core.package_identification:_identify(models/MJCF/go2) by extension 'python'
[0.729s] Level 1:colcon.colcon_core.package_identification:_identify(models/MJCF/go2) by extensions ['python_setup_py']
[0.729s] Level 1:colcon.colcon_core.package_identification:_identify(models/MJCF/go2) by extension 'python_setup_py'
[0.729s] Level 1:colcon.colcon_core.package_identification:_identify(models/MJCF/go2/assets) by extensions ['ignore', 'ignore_ament_install']
[0.730s] Level 1:colcon.colcon_core.package_identification:_identify(models/MJCF/go2/assets) by extension 'ignore'
[0.730s] Level 1:colcon.colcon_core.package_identification:_identify(models/MJCF/go2/assets) by extension 'ignore_ament_install'
[0.730s] Level 1:colcon.colcon_core.package_identification:_identify(models/MJCF/go2/assets) by extensions ['colcon_pkg']
[0.730s] Level 1:colcon.colcon_core.package_identification:_identify(models/MJCF/go2/assets) by extension 'colcon_pkg'
[0.730s] Level 1:colcon.colcon_core.package_identification:_identify(models/MJCF/go2/assets) by extensions ['colcon_meta']
[0.730s] Level 1:colcon.colcon_core.package_identification:_identify(models/MJCF/go2/assets) by extension 'colcon_meta'
[0.730s] Level 1:colcon.colcon_core.package_identification:_identify(models/MJCF/go2/assets) by extensions ['ros']
[0.730s] Level 1:colcon.colcon_core.package_identification:_identify(models/MJCF/go2/assets) by extension 'ros'
[0.731s] Level 1:colcon.colcon_core.package_identification:_identify(models/MJCF/go2/assets) by extensions ['cmake', 'python']
[0.731s] Level 1:colcon.colcon_core.package_identification:_identify(models/MJCF/go2/assets) by extension 'cmake'
[0.731s] Level 1:colcon.colcon_core.package_identification:_identify(models/MJCF/go2/assets) by extension 'python'
[0.731s] Level 1:colcon.colcon_core.package_identification:_identify(models/MJCF/go2/assets) by extensions ['python_setup_py']
[0.731s] Level 1:colcon.colcon_core.package_identification:_identify(models/MJCF/go2/assets) by extension 'python_setup_py'
[0.731s] Level 1:colcon.colcon_core.package_identification:_identify(models/URDF) by extensions ['ignore', 'ignore_ament_install']
[0.731s] Level 1:colcon.colcon_core.package_identification:_identify(models/URDF) by extension 'ignore'
[0.731s] Level 1:colcon.colcon_core.package_identification:_identify(models/URDF) by extension 'ignore_ament_install'
[0.732s] Level 1:colcon.colcon_core.package_identification:_identify(models/URDF) by extensions ['colcon_pkg']
[0.732s] Level 1:colcon.colcon_core.package_identification:_identify(models/URDF) by extension 'colcon_pkg'
[0.732s] Level 1:colcon.colcon_core.package_identification:_identify(models/URDF) by extensions ['colcon_meta']
[0.732s] Level 1:colcon.colcon_core.package_identification:_identify(models/URDF) by extension 'colcon_meta'
[0.732s] Level 1:colcon.colcon_core.package_identification:_identify(models/URDF) by extensions ['ros']
[0.732s] Level 1:colcon.colcon_core.package_identification:_identify(models/URDF) by extension 'ros'
[0.732s] Level 1:colcon.colcon_core.package_identification:_identify(models/URDF) by extensions ['cmake', 'python']
[0.732s] Level 1:colcon.colcon_core.package_identification:_identify(models/URDF) by extension 'cmake'
[0.732s] Level 1:colcon.colcon_core.package_identification:_identify(models/URDF) by extension 'python'
[0.733s] Level 1:colcon.colcon_core.package_identification:_identify(models/URDF) by extensions ['python_setup_py']
[0.733s] Level 1:colcon.colcon_core.package_identification:_identify(models/URDF) by extension 'python_setup_py'
[0.733s] Level 1:colcon.colcon_core.package_identification:_identify(models/URDF/go2_description) by extensions ['ignore', 'ignore_ament_install']
[0.733s] Level 1:colcon.colcon_core.package_identification:_identify(models/URDF/go2_description) by extension 'ignore'
[0.733s] Level 1:colcon.colcon_core.package_identification:_identify(models/URDF/go2_description) ignored
[0.733s] Level 1:colcon.colcon_core.package_identification:_identify(src) by extensions ['ignore', 'ignore_ament_install']
[0.734s] Level 1:colcon.colcon_core.package_identification:_identify(src) by extension 'ignore'
[0.734s] Level 1:colcon.colcon_core.package_identification:_identify(src) by extension 'ignore_ament_install'
[0.734s] Level 1:colcon.colcon_core.package_identification:_identify(src) by extensions ['colcon_pkg']
[0.734s] Level 1:colcon.colcon_core.package_identification:_identify(src) by extension 'colcon_pkg'
[0.735s] Level 1:colcon.colcon_core.package_identification:_identify(src) by extensions ['colcon_meta']
[0.735s] Level 1:colcon.colcon_core.package_identification:_identify(src) by extension 'colcon_meta'
[0.735s] Level 1:colcon.colcon_core.package_identification:_identify(src) by extensions ['ros']
[0.735s] Level 1:colcon.colcon_core.package_identification:_identify(src) by extension 'ros'
[0.735s] Level 1:colcon.colcon_core.package_identification:_identify(src) by extensions ['cmake', 'python']
[0.736s] Level 1:colcon.colcon_core.package_identification:_identify(src) by extension 'cmake'
[0.736s] Level 1:colcon.colcon_core.package_identification:_identify(src) by extension 'python'
[0.736s] Level 1:colcon.colcon_core.package_identification:_identify(src) by extensions ['python_setup_py']
[0.736s] Level 1:colcon.colcon_core.package_identification:_identify(src) by extension 'python_setup_py'
[0.736s] Level 1:colcon.colcon_core.package_identification:_identify(src/go2_safety_monitor) by extensions ['ignore', 'ignore_ament_install']
[0.736s] Level 1:colcon.colcon_core.package_identification:_identify(src/go2_safety_monitor) by extension 'ignore'
[0.736s] Level 1:colcon.colcon_core.package_identification:_identify(src/go2_safety_monitor) by extension 'ignore_ament_install'
[0.737s] Level 1:colcon.colcon_core.package_identification:_identify(src/go2_safety_monitor) by extensions ['colcon_pkg']
[0.737s] Level 1:colcon.colcon_core.package_identification:_identify(src/go2_safety_monitor) by extension 'colcon_pkg'
[0.737s] Level 1:colcon.colcon_core.package_identification:_identify(src/go2_safety_monitor) by extensions ['colcon_meta']
[0.737s] Level 1:colcon.colcon_core.package_identification:_identify(src/go2_safety_monitor) by extension 'colcon_meta'
[0.737s] Level 1:colcon.colcon_core.package_identification:_identify(src/go2_safety_monitor) by extensions ['ros']
[0.737s] Level 1:colcon.colcon_core.package_identification:_identify(src/go2_safety_monitor) by extension 'ros'
[0.748s] DEBUG:colcon.colcon_core.package_identification:Package 'src/go2_safety_monitor' with type 'ros.ament_python' and name 'go2_safety_monitor'
[0.748s] Level 1:colcon.colcon_core.package_identification:_identify(src/go2_simulation_mujoco) by extensions ['ignore', 'ignore_ament_install']
[0.748s] Level 1:colcon.colcon_core.package_identification:_identify(src/go2_simulation_mujoco) by extension 'ignore'
[0.748s] Level 1:colcon.colcon_core.package_identification:_identify(src/go2_simulation_mujoco) by extension 'ignore_ament_install'
[0.749s] Level 1:colcon.colcon_core.package_identification:_identify(src/go2_simulation_mujoco) by extensions ['colcon_pkg']
[0.749s] Level 1:colcon.colcon_core.package_identification:_identify(src/go2_simulation_mujoco) by extension 'colcon_pkg'
[0.749s] Level 1:colcon.colcon_core.package_identification:_identify(src/go2_simulation_mujoco) by extensions ['colcon_meta']
[0.749s] Level 1:colcon.colcon_core.package_identification:_identify(src/go2_simulation_mujoco) by extension 'colcon_meta'
[0.749s] Level 1:colcon.colcon_core.package_identification:_identify(src/go2_simulation_mujoco) by extensions ['ros']
[0.749s] Level 1:colcon.colcon_core.package_identification:_identify(src/go2_simulation_mujoco) by extension 'ros'
[0.751s] DEBUG:colcon.colcon_core.package_identification:Package 'src/go2_simulation_mujoco' with type 'ros.ament_python' and name 'go2_simulation_mujoco'
[0.751s] Level 1:colcon.colcon_core.package_identification:_identify(src/go2_stair_interfaces) by extensions ['ignore', 'ignore_ament_install']
[0.751s] Level 1:colcon.colcon_core.package_identification:_identify(src/go2_stair_interfaces) by extension 'ignore'
[0.751s] Level 1:colcon.colcon_core.package_identification:_identify(src/go2_stair_interfaces) by extension 'ignore_ament_install'
[0.751s] Level 1:colcon.colcon_core.package_identification:_identify(src/go2_stair_interfaces) by extensions ['colcon_pkg']
[0.752s] Level 1:colcon.colcon_core.package_identification:_identify(src/go2_stair_interfaces) by extension 'colcon_pkg'
[0.752s] Level 1:colcon.colcon_core.package_identification:_identify(src/go2_stair_interfaces) by extensions ['colcon_meta']
[0.752s] Level 1:colcon.colcon_core.package_identification:_identify(src/go2_stair_interfaces) by extension 'colcon_meta'
[0.752s] Level 1:colcon.colcon_core.package_identification:_identify(src/go2_stair_interfaces) by extensions ['ros']
[0.752s] Level 1:colcon.colcon_core.package_identification:_identify(src/go2_stair_interfaces) by extension 'ros'
[0.754s] DEBUG:colcon.colcon_core.package_identification:Package 'src/go2_stair_interfaces' with type 'ros.ament_cmake' and name 'go2_stair_interfaces'
[0.754s] Level 1:colcon.colcon_core.package_identification:_identify(src/go2_state_bridge) by extensions ['ignore', 'ignore_ament_install']
[0.754s] Level 1:colcon.colcon_core.package_identification:_identify(src/go2_state_bridge) by extension 'ignore'
[0.754s] Level 1:colcon.colcon_core.package_identification:_identify(src/go2_state_bridge) by extension 'ignore_ament_install'
[0.755s] Level 1:colcon.colcon_core.package_identification:_identify(src/go2_state_bridge) by extensions ['colcon_pkg']
[0.755s] Level 1:colcon.colcon_core.package_identification:_identify(src/go2_state_bridge) by extension 'colcon_pkg'
[0.755s] Level 1:colcon.colcon_core.package_identification:_identify(src/go2_state_bridge) by extensions ['colcon_meta']
[0.755s] Level 1:colcon.colcon_core.package_identification:_identify(src/go2_state_bridge) by extension 'colcon_meta'
[0.755s] Level 1:colcon.colcon_core.package_identification:_identify(src/go2_state_bridge) by extensions ['ros']
[0.755s] Level 1:colcon.colcon_core.package_identification:_identify(src/go2_state_bridge) by extension 'ros'
[0.757s] DEBUG:colcon.colcon_core.package_identification:Package 'src/go2_state_bridge' with type 'ros.ament_python' and name 'go2_state_bridge'
[0.757s] Level 1:colcon.colcon_core.package_identification:_identify(src/go2_velocity_supervisor) by extensions ['ignore', 'ignore_ament_install']
[0.757s] Level 1:colcon.colcon_core.package_identification:_identify(src/go2_velocity_supervisor) by extension 'ignore'
[0.758s] Level 1:colcon.colcon_core.package_identification:_identify(src/go2_velocity_supervisor) by extension 'ignore_ament_install'
[0.758s] Level 1:colcon.colcon_core.package_identification:_identify(src/go2_velocity_supervisor) by extensions ['colcon_pkg']
[0.758s] Level 1:colcon.colcon_core.package_identification:_identify(src/go2_velocity_supervisor) by extension 'colcon_pkg'
[0.758s] Level 1:colcon.colcon_core.package_identification:_identify(src/go2_velocity_supervisor) by extensions ['colcon_meta']
[0.758s] Level 1:colcon.colcon_core.package_identification:_identify(src/go2_velocity_supervisor) by extension 'colcon_meta'
[0.758s] Level 1:colcon.colcon_core.package_identification:_identify(src/go2_velocity_supervisor) by extensions ['ros']
[0.758s] Level 1:colcon.colcon_core.package_identification:_identify(src/go2_velocity_supervisor) by extension 'ros'
[0.760s] DEBUG:colcon.colcon_core.package_identification:Package 'src/go2_velocity_supervisor' with type 'ros.ament_python' and name 'go2_velocity_supervisor'
[0.760s] Level 1:colcon.colcon_core.package_discovery:discover_packages(recursive) using defaults
[0.761s] Level 1:colcon.colcon_core.package_discovery:discover_packages(ignore) discover
[0.761s] Level 1:colcon.colcon_core.package_discovery:discover_packages(ignore) using defaults
[0.761s] Level 1:colcon.colcon_core.package_discovery:discover_packages(path) discover
[0.761s] Level 1:colcon.colcon_core.package_discovery:discover_packages(path) using defaults
[0.830s] Level 1:colcon.colcon_core.package_discovery:discover_packages(prefix_path) check parameters
[0.831s] Level 1:colcon.colcon_core.package_discovery:discover_packages(prefix_path) discover
[0.842s] DEBUG:colcon.colcon_installed_package_information.package_discovery:Found 2 installed packages in /home/lukat/unitree_ros2/cyclonedds_ws/install
[0.845s] DEBUG:colcon.colcon_installed_package_information.package_discovery:Found 342 installed packages in /opt/ros/humble
[0.848s] Level 1:colcon.colcon_core.package_discovery:discover_packages(prefix_path) using defaults
[0.988s] Level 5:colcon.colcon_core.verb:set package 'go2_simulation_mujoco' build argument 'cmake_args' from command line to 'None'
[0.989s] Level 5:colcon.colcon_core.verb:set package 'go2_simulation_mujoco' build argument 'cmake_target' from command line to 'None'
[0.989s] Level 5:colcon.colcon_core.verb:set package 'go2_simulation_mujoco' build argument 'cmake_target_skip_unavailable' from command line to 'False'
[0.989s] Level 5:colcon.colcon_core.verb:set package 'go2_simulation_mujoco' build argument 'cmake_clean_cache' from command line to 'False'
[0.989s] Level 5:colcon.colcon_core.verb:set package 'go2_simulation_mujoco' build argument 'cmake_clean_first' from command line to 'False'
[0.989s] Level 5:colcon.colcon_core.verb:set package 'go2_simulation_mujoco' build argument 'cmake_force_configure' from command line to 'False'
[0.989s] Level 5:colcon.colcon_core.verb:set package 'go2_simulation_mujoco' build argument 'ament_cmake_args' from command line to 'None'
[0.989s] Level 5:colcon.colcon_core.verb:set package 'go2_simulation_mujoco' build argument 'catkin_cmake_args' from command line to 'None'
[0.989s] Level 5:colcon.colcon_core.verb:set package 'go2_simulation_mujoco' build argument 'catkin_skip_building_tests' from command line to 'False'
[0.989s] DEBUG:colcon.colcon_core.verb:Building package 'go2_simulation_mujoco' with the following arguments: {'ament_cmake_args': None, 'build_base': '/home/lukat/COGAR_ws/build/go2_simulation_mujoco', 'catkin_cmake_args': None, 'catkin_skip_building_tests': False, 'cmake_args': None, 'cmake_clean_cache': False, 'cmake_clean_first': False, 'cmake_force_configure': False, 'cmake_target': None, 'cmake_target_skip_unavailable': False, 'install_base': '/home/lukat/COGAR_ws/install/go2_simulation_mujoco', 'merge_install': False, 'path': '/home/lukat/COGAR_ws/src/go2_simulation_mujoco', 'symlink_install': False, 'test_result_base': None}
[0.990s] Level 5:colcon.colcon_core.verb:set package 'go2_stair_interfaces' build argument 'cmake_args' from command line to 'None'
[0.990s] Level 5:colcon.colcon_core.verb:set package 'go2_stair_interfaces' build argument 'cmake_target' from command line to 'None'
[0.990s] Level 5:colcon.colcon_core.verb:set package 'go2_stair_interfaces' build argument 'cmake_target_skip_unavailable' from command line to 'False'
[0.990s] Level 5:colcon.colcon_core.verb:set package 'go2_stair_interfaces' build argument 'cmake_clean_cache' from command line to 'False'
[0.990s] Level 5:colcon.colcon_core.verb:set package 'go2_stair_interfaces' build argument 'cmake_clean_first' from command line to 'False'
[0.990s] Level 5:colcon.colcon_core.verb:set package 'go2_stair_interfaces' build argument 'cmake_force_configure' from command line to 'False'
[0.991s] Level 5:colcon.colcon_core.verb:set package 'go2_stair_interfaces' build argument 'ament_cmake_args' from command line to 'None'
[0.991s] Level 5:colcon.colcon_core.verb:set package 'go2_stair_interfaces' build argument 'catkin_cmake_args' from command line to 'None'
[0.991s] Level 5:colcon.colcon_core.verb:set package 'go2_stair_interfaces' build argument 'catkin_skip_building_tests' from command line to 'False'
[0.991s] DEBUG:colcon.colcon_core.verb:Building package 'go2_stair_interfaces' with the following arguments: {'ament_cmake_args': None, 'build_base': '/home/lukat/COGAR_ws/build/go2_stair_interfaces', 'catkin_cmake_args': None, 'catkin_skip_building_tests': False, 'cmake_args': None, 'cmake_clean_cache': False, 'cmake_clean_first': False, 'cmake_force_configure': False, 'cmake_target': None, 'cmake_target_skip_unavailable': False, 'install_base': '/home/lukat/COGAR_ws/install/go2_stair_interfaces', 'merge_install': False, 'path': '/home/lukat/COGAR_ws/src/go2_stair_interfaces', 'symlink_install': False, 'test_result_base': None}
[0.992s] Level 5:colcon.colcon_core.verb:set package 'go2_velocity_supervisor' build argument 'cmake_args' from command line to 'None'
[0.992s] Level 5:colcon.colcon_core.verb:set package 'go2_velocity_supervisor' build argument 'cmake_target' from command line to 'None'
[0.992s] Level 5:colcon.colcon_core.verb:set package 'go2_velocity_supervisor' build argument 'cmake_target_skip_unavailable' from command line to 'False'
[0.992s] Level 5:colcon.colcon_core.verb:set package 'go2_velocity_supervisor' build argument 'cmake_clean_cache' from command line to 'False'
[0.992s] Level 5:colcon.colcon_core.verb:set package 'go2_velocity_supervisor' build argument 'cmake_clean_first' from command line to 'False'
[0.993s] Level 5:colcon.colcon_core.verb:set package 'go2_velocity_supervisor' build argument 'cmake_force_configure' from command line to 'False'
[0.993s] Level 5:colcon.colcon_core.verb:set package 'go2_velocity_supervisor' build argument 'ament_cmake_args' from command line to 'None'
[0.993s] Level 5:colcon.colcon_core.verb:set package 'go2_velocity_supervisor' build argument 'catkin_cmake_args' from command line to 'None'
[0.993s] Level 5:colcon.colcon_core.verb:set package 'go2_velocity_supervisor' build argument 'catkin_skip_building_tests' from command line to 'False'
[0.993s] DEBUG:colcon.colcon_core.verb:Building package 'go2_velocity_supervisor' with the following arguments: {'ament_cmake_args': None, 'build_base': '/home/lukat/COGAR_ws/build/go2_velocity_supervisor', 'catkin_cmake_args': None, 'catkin_skip_building_tests': False, 'cmake_args': None, 'cmake_clean_cache': False, 'cmake_clean_first': False, 'cmake_force_configure': False, 'cmake_target': None, 'cmake_target_skip_unavailable': False, 'install_base': '/home/lukat/COGAR_ws/install/go2_velocity_supervisor', 'merge_install': False, 'path': '/home/lukat/COGAR_ws/src/go2_velocity_supervisor', 'symlink_install': False, 'test_result_base': None}
[0.994s] Level 5:colcon.colcon_core.verb:set package 'go2_safety_monitor' build argument 'cmake_args' from command line to 'None'
[0.994s] Level 5:colcon.colcon_core.verb:set package 'go2_safety_monitor' build argument 'cmake_target' from command line to 'None'
[0.994s] Level 5:colcon.colcon_core.verb:set package 'go2_safety_monitor' build argument 'cmake_target_skip_unavailable' from command line to 'False'
[0.994s] Level 5:colcon.colcon_core.verb:set package 'go2_safety_monitor' build argument 'cmake_clean_cache' from command line to 'False'
[0.994s] Level 5:colcon.colcon_core.verb:set package 'go2_safety_monitor' build argument 'cmake_clean_first' from command line to 'False'
[0.995s] Level 5:colcon.colcon_core.verb:set package 'go2_safety_monitor' build argument 'cmake_force_configure' from command line to 'False'
[0.995s] Level 5:colcon.colcon_core.verb:set package 'go2_safety_monitor' build argument 'ament_cmake_args' from command line to 'None'
[0.995s] Level 5:colcon.colcon_core.verb:set package 'go2_safety_monitor' build argument 'catkin_cmake_args' from command line to 'None'
[0.995s] Level 5:colcon.colcon_core.verb:set package 'go2_safety_monitor' build argument 'catkin_skip_building_tests' from command line to 'False'
[0.995s] DEBUG:colcon.colcon_core.verb:Building package 'go2_safety_monitor' with the following arguments: {'ament_cmake_args': None, 'build_base': '/home/lukat/COGAR_ws/build/go2_safety_monitor', 'catkin_cmake_args': None, 'catkin_skip_building_tests': False, 'cmake_args': None, 'cmake_clean_cache': False, 'cmake_clean_first': False, 'cmake_force_configure': False, 'cmake_target': None, 'cmake_target_skip_unavailable': False, 'install_base': '/home/lukat/COGAR_ws/install/go2_safety_monitor', 'merge_install': False, 'path': '/home/lukat/COGAR_ws/src/go2_safety_monitor', 'symlink_install': False, 'test_result_base': None}
[0.995s] Level 5:colcon.colcon_core.verb:set package 'go2_state_bridge' build argument 'cmake_args' from command line to 'None'
[0.996s] Level 5:colcon.colcon_core.verb:set package 'go2_state_bridge' build argument 'cmake_target' from command line to 'None'
[0.996s] Level 5:colcon.colcon_core.verb:set package 'go2_state_bridge' build argument 'cmake_target_skip_unavailable' from command line to 'False'
[0.996s] Level 5:colcon.colcon_core.verb:set package 'go2_state_bridge' build argument 'cmake_clean_cache' from command line to 'False'
[0.996s] Level 5:colcon.colcon_core.verb:set package 'go2_state_bridge' build argument 'cmake_clean_first' from command line to 'False'
[0.996s] Level 5:colcon.colcon_core.verb:set package 'go2_state_bridge' build argument 'cmake_force_configure' from command line to 'False'
[0.996s] Level 5:colcon.colcon_core.verb:set package 'go2_state_bridge' build argument 'ament_cmake_args' from command line to 'None'
[0.996s] Level 5:colcon.colcon_core.verb:set package 'go2_state_bridge' build argument 'catkin_cmake_args' from command line to 'None'
[0.996s] Level 5:colcon.colcon_core.verb:set package 'go2_state_bridge' build argument 'catkin_skip_building_tests' from command line to 'False'
[0.996s] DEBUG:colcon.colcon_core.verb:Building package 'go2_state_bridge' with the following arguments: {'ament_cmake_args': None, 'build_base': '/home/lukat/COGAR_ws/build/go2_state_bridge', 'catkin_cmake_args': None, 'catkin_skip_building_tests': False, 'cmake_args': None, 'cmake_clean_cache': False, 'cmake_clean_first': False, 'cmake_force_configure': False, 'cmake_target': None, 'cmake_target_skip_unavailable': False, 'install_base': '/home/lukat/COGAR_ws/install/go2_state_bridge', 'merge_install': False, 'path': '/home/lukat/COGAR_ws/src/go2_state_bridge', 'symlink_install': False, 'test_result_base': None}
[0.997s] INFO:colcon.colcon_core.executor:Executing jobs using 'parallel' executor
[0.999s] DEBUG:colcon.colcon_parallel_executor.executor.parallel:run_until_complete
[1.002s] INFO:colcon.colcon_ros.task.ament_cmake.build:Building ROS package in '/home/lukat/COGAR_ws/src/go2_stair_interfaces' with build type 'ament_cmake'
[1.002s] INFO:colcon.colcon_cmake.task.cmake.build:Building CMake package in '/home/lukat/COGAR_ws/src/go2_stair_interfaces'
[1.017s] INFO:colcon.colcon_core.plugin_system:Skipping extension 'colcon_core.shell.bat': Not used on non-Windows systems
[1.017s] INFO:colcon.colcon_core.shell:Skip shell extension 'powershell' for command environment: Not usable outside of PowerShell
[1.018s] DEBUG:colcon.colcon_core.shell:Skip shell extension 'dsv' for command environment
[1.031s] INFO:colcon.colcon_ros.task.ament_python.build:Building ROS package in '/home/lukat/COGAR_ws/src/go2_simulation_mujoco' with build type 'ament_python'
[1.031s] Level 1:colcon.colcon_core.shell:create_environment_hook('go2_simulation_mujoco', 'ament_prefix_path')
[1.032s] INFO:colcon.colcon_core.shell:Creating environment hook '/home/lukat/COGAR_ws/install/go2_simulation_mujoco/share/go2_simulation_mujoco/hook/ament_prefix_path.ps1'
[1.035s] INFO:colcon.colcon_core.shell:Creating environment descriptor '/home/lukat/COGAR_ws/install/go2_simulation_mujoco/share/go2_simulation_mujoco/hook/ament_prefix_path.dsv'
[1.037s] INFO:colcon.colcon_core.shell:Creating environment hook '/home/lukat/COGAR_ws/install/go2_simulation_mujoco/share/go2_simulation_mujoco/hook/ament_prefix_path.sh'
[1.040s] INFO:colcon.colcon_core.shell:Skip shell extension 'powershell' for command environment: Not usable outside of PowerShell
[1.040s] DEBUG:colcon.colcon_core.shell:Skip shell extension 'dsv' for command environment
[1.049s] INFO:colcon.colcon_ros.task.ament_python.build:Building ROS package in '/home/lukat/COGAR_ws/src/go2_velocity_supervisor' with build type 'ament_python'
[1.049s] Level 1:colcon.colcon_core.shell:create_environment_hook('go2_velocity_supervisor', 'ament_prefix_path')
[1.050s] INFO:colcon.colcon_core.shell:Creating environment hook '/home/lukat/COGAR_ws/install/go2_velocity_supervisor/share/go2_velocity_supervisor/hook/ament_prefix_path.ps1'
[1.059s] INFO:colcon.colcon_core.shell:Creating environment descriptor '/home/lukat/COGAR_ws/install/go2_velocity_supervisor/share/go2_velocity_supervisor/hook/ament_prefix_path.dsv'
[1.061s] INFO:colcon.colcon_core.shell:Creating environment hook '/home/lukat/COGAR_ws/install/go2_velocity_supervisor/share/go2_velocity_supervisor/hook/ament_prefix_path.sh'
[1.063s] INFO:colcon.colcon_core.shell:Skip shell extension 'powershell' for command environment: Not usable outside of PowerShell
[1.064s] DEBUG:colcon.colcon_core.shell:Skip shell extension 'dsv' for command environment
[1.099s] DEBUG:colcon.colcon_core.event_handler.log_command:Invoking command in '/home/lukat/COGAR_ws/build/go2_stair_interfaces': CMAKE_PREFIX_PATH=${CMAKE_PREFIX_PATH}:/opt/ros/humble /usr/bin/cmake --build /home/lukat/COGAR_ws/build/go2_stair_interfaces -- -j8 -l8
[1.779s] INFO:colcon.colcon_core.task.python.build:Building Python package in '/home/lukat/COGAR_ws/src/go2_simulation_mujoco'
[1.780s] INFO:colcon.colcon_core.shell:Skip shell extension 'powershell' for command environment: Not usable outside of PowerShell
[1.781s] DEBUG:colcon.colcon_core.shell:Skip shell extension 'dsv' for command environment
[2.375s] INFO:colcon.colcon_core.task.python.build:Building Python package in '/home/lukat/COGAR_ws/src/go2_velocity_supervisor'
[2.375s] INFO:colcon.colcon_core.shell:Skip shell extension 'powershell' for command environment: Not usable outside of PowerShell
[2.376s] DEBUG:colcon.colcon_core.shell:Skip shell extension 'dsv' for command environment
[2.496s] DEBUG:colcon.colcon_core.event_handler.log_command:Invoked command in '/home/lukat/COGAR_ws/build/go2_stair_interfaces' returned '0': CMAKE_PREFIX_PATH=${CMAKE_PREFIX_PATH}:/opt/ros/humble /usr/bin/cmake --build /home/lukat/COGAR_ws/build/go2_stair_interfaces -- -j8 -l8
[2.521s] DEBUG:colcon.colcon_core.event_handler.log_command:Invoking command in '/home/lukat/COGAR_ws/build/go2_stair_interfaces': CMAKE_PREFIX_PATH=${CMAKE_PREFIX_PATH}:/opt/ros/humble /usr/bin/cmake --install /home/lukat/COGAR_ws/build/go2_stair_interfaces
[2.754s] Level 1:colcon.colcon_core.environment:create_environment_scripts_only(go2_stair_interfaces)
[2.756s] DEBUG:colcon.colcon_core.event_handler.log_command:Invoked command in '/home/lukat/COGAR_ws/build/go2_stair_interfaces' returned '0': CMAKE_PREFIX_PATH=${CMAKE_PREFIX_PATH}:/opt/ros/humble /usr/bin/cmake --install /home/lukat/COGAR_ws/build/go2_stair_interfaces
[2.775s] Level 1:colcon.colcon_core.environment:checking '/home/lukat/COGAR_ws/install/go2_stair_interfaces' for CMake module files
[2.777s] Level 1:colcon.colcon_core.environment:checking '/home/lukat/COGAR_ws/install/go2_stair_interfaces' for CMake config files
[2.779s] Level 1:colcon.colcon_core.shell:create_environment_hook('go2_stair_interfaces', 'cmake_prefix_path')
[2.779s] INFO:colcon.colcon_core.shell:Creating environment hook '/home/lukat/COGAR_ws/install/go2_stair_interfaces/share/go2_stair_interfaces/hook/cmake_prefix_path.ps1'
[2.780s] INFO:colcon.colcon_core.shell:Creating environment descriptor '/home/lukat/COGAR_ws/install/go2_stair_interfaces/share/go2_stair_interfaces/hook/cmake_prefix_path.dsv'
[2.782s] INFO:colcon.colcon_core.shell:Creating environment hook '/home/lukat/COGAR_ws/install/go2_stair_interfaces/share/go2_stair_interfaces/hook/cmake_prefix_path.sh'
[2.785s] Level 1:colcon.colcon_core.environment:checking '/home/lukat/COGAR_ws/install/go2_stair_interfaces/lib'
[2.786s] Level 1:colcon.colcon_core.shell:create_environment_hook('go2_stair_interfaces', 'ld_library_path_lib')
[2.787s] INFO:colcon.colcon_core.shell:Creating environment hook '/home/lukat/COGAR_ws/install/go2_stair_interfaces/share/go2_stair_interfaces/hook/ld_library_path_lib.ps1'
[2.788s] INFO:colcon.colcon_core.shell:Creating environment descriptor '/home/lukat/COGAR_ws/install/go2_stair_interfaces/share/go2_stair_interfaces/hook/ld_library_path_lib.dsv'
[2.790s] INFO:colcon.colcon_core.shell:Creating environment hook '/home/lukat/COGAR_ws/install/go2_stair_interfaces/share/go2_stair_interfaces/hook/ld_library_path_lib.sh'
[2.791s] Level 1:colcon.colcon_core.environment:checking '/home/lukat/COGAR_ws/install/go2_stair_interfaces/bin'
[2.792s] Level 1:colcon.colcon_core.environment:checking '/home/lukat/COGAR_ws/install/go2_stair_interfaces/lib/pkgconfig/go2_stair_interfaces.pc'
[2.793s] Level 1:colcon.colcon_core.environment:checking '/home/lukat/COGAR_ws/install/go2_stair_interfaces/lib/python3.10/site-packages'
[2.794s] Level 1:colcon.colcon_core.environment:checking '/home/lukat/COGAR_ws/install/go2_stair_interfaces/bin'
[2.795s] INFO:colcon.colcon_core.shell:Creating package script '/home/lukat/COGAR_ws/install/go2_stair_interfaces/share/go2_stair_interfaces/package.ps1'
[2.799s] INFO:colcon.colcon_core.shell:Creating package descriptor '/home/lukat/COGAR_ws/install/go2_stair_interfaces/share/go2_stair_interfaces/package.dsv'
[2.803s] INFO:colcon.colcon_core.shell:Creating package script '/home/lukat/COGAR_ws/install/go2_stair_interfaces/share/go2_stair_interfaces/package.sh'
[2.806s] INFO:colcon.colcon_core.shell:Creating package script '/home/lukat/COGAR_ws/install/go2_stair_interfaces/share/go2_stair_interfaces/package.bash'
[2.809s] INFO:colcon.colcon_core.shell:Creating package script '/home/lukat/COGAR_ws/install/go2_stair_interfaces/share/go2_stair_interfaces/package.zsh'
[2.812s] Level 1:colcon.colcon_core.environment:create_file_with_runtime_dependencies(/home/lukat/COGAR_ws/install/go2_stair_interfaces/share/colcon-core/packages/go2_stair_interfaces)
[2.815s] Level 1:colcon.colcon_core.environment:create_environment_scripts_only(go2_stair_interfaces)
[2.816s] Level 1:colcon.colcon_core.environment:checking '/home/lukat/COGAR_ws/install/go2_stair_interfaces' for CMake module files
[2.817s] Level 1:colcon.colcon_core.environment:checking '/home/lukat/COGAR_ws/install/go2_stair_interfaces' for CMake config files
[2.818s] Level 1:colcon.colcon_core.shell:create_environment_hook('go2_stair_interfaces', 'cmake_prefix_path')
[2.819s] INFO:colcon.colcon_core.shell:Creating environment hook '/home/lukat/COGAR_ws/install/go2_stair_interfaces/share/go2_stair_interfaces/hook/cmake_prefix_path.ps1'
[2.821s] INFO:colcon.colcon_core.shell:Creating environment descriptor '/home/lukat/COGAR_ws/install/go2_stair_interfaces/share/go2_stair_interfaces/hook/cmake_prefix_path.dsv'
[2.823s] INFO:colcon.colcon_core.shell:Creating environment hook '/home/lukat/COGAR_ws/install/go2_stair_interfaces/share/go2_stair_interfaces/hook/cmake_prefix_path.sh'
[2.825s] Level 1:colcon.colcon_core.environment:checking '/home/lukat/COGAR_ws/install/go2_stair_interfaces/lib'
[2.825s] Level 1:colcon.colcon_core.shell:create_environment_hook('go2_stair_interfaces', 'ld_library_path_lib')
[2.826s] INFO:colcon.colcon_core.shell:Creating environment hook '/home/lukat/COGAR_ws/install/go2_stair_interfaces/share/go2_stair_interfaces/hook/ld_library_path_lib.ps1'
[2.827s] INFO:colcon.colcon_core.shell:Creating environment descriptor '/home/lukat/COGAR_ws/install/go2_stair_interfaces/share/go2_stair_interfaces/hook/ld_library_path_lib.dsv'
[2.829s] INFO:colcon.colcon_core.shell:Creating environment hook '/home/lukat/COGAR_ws/install/go2_stair_interfaces/share/go2_stair_interfaces/hook/ld_library_path_lib.sh'
[2.830s] Level 1:colcon.colcon_core.environment:checking '/home/lukat/COGAR_ws/install/go2_stair_interfaces/bin'
[2.831s] Level 1:colcon.colcon_core.environment:checking '/home/lukat/COGAR_ws/install/go2_stair_interfaces/lib/pkgconfig/go2_stair_interfaces.pc'
[2.831s] Level 1:colcon.colcon_core.environment:checking '/home/lukat/COGAR_ws/install/go2_stair_interfaces/lib/python3.10/site-packages'
[2.832s] Level 1:colcon.colcon_core.environment:checking '/home/lukat/COGAR_ws/install/go2_stair_interfaces/bin'
[2.832s] INFO:colcon.colcon_core.shell:Creating package script '/home/lukat/COGAR_ws/install/go2_stair_interfaces/share/go2_stair_interfaces/package.ps1'
[2.834s] INFO:colcon.colcon_core.shell:Creating package descriptor '/home/lukat/COGAR_ws/install/go2_stair_interfaces/share/go2_stair_interfaces/package.dsv'
[2.836s] INFO:colcon.colcon_core.shell:Creating package script '/home/lukat/COGAR_ws/install/go2_stair_interfaces/share/go2_stair_interfaces/package.sh'
[2.839s] INFO:colcon.colcon_core.shell:Creating package script '/home/lukat/COGAR_ws/install/go2_stair_interfaces/share/go2_stair_interfaces/package.bash'
[2.841s] INFO:colcon.colcon_core.shell:Creating package script '/home/lukat/COGAR_ws/install/go2_stair_interfaces/share/go2_stair_interfaces/package.zsh'
[2.842s] Level 1:colcon.colcon_core.environment:create_file_with_runtime_dependencies(/home/lukat/COGAR_ws/install/go2_stair_interfaces/share/colcon-core/packages/go2_stair_interfaces)
[2.844s] INFO:colcon.colcon_ros.task.ament_python.build:Building ROS package in '/home/lukat/COGAR_ws/src/go2_safety_monitor' with build type 'ament_python'
[2.845s] Level 1:colcon.colcon_core.shell:create_environment_hook('go2_safety_monitor', 'ament_prefix_path')
[2.847s] INFO:colcon.colcon_core.shell:Creating environment hook '/home/lukat/COGAR_ws/install/go2_safety_monitor/share/go2_safety_monitor/hook/ament_prefix_path.ps1'
[2.850s] INFO:colcon.colcon_core.shell:Creating environment descriptor '/home/lukat/COGAR_ws/install/go2_safety_monitor/share/go2_safety_monitor/hook/ament_prefix_path.dsv'
[2.851s] INFO:colcon.colcon_core.shell:Creating environment hook '/home/lukat/COGAR_ws/install/go2_safety_monitor/share/go2_safety_monitor/hook/ament_prefix_path.sh'
[2.853s] INFO:colcon.colcon_core.shell:Skip shell extension 'powershell' for command environment: Not usable outside of PowerShell
[2.853s] DEBUG:colcon.colcon_core.shell:Skip shell extension 'dsv' for command environment
[2.864s] INFO:colcon.colcon_ros.task.ament_python.build:Building ROS package in '/home/lukat/COGAR_ws/src/go2_state_bridge' with build type 'ament_python'
[2.865s] Level 1:colcon.colcon_core.shell:create_environment_hook('go2_state_bridge', 'ament_prefix_path')
[2.866s] INFO:colcon.colcon_core.shell:Creating environment hook '/home/lukat/COGAR_ws/install/go2_state_bridge/share/go2_state_bridge/hook/ament_prefix_path.ps1'
[2.869s] INFO:colcon.colcon_core.shell:Creating environment descriptor '/home/lukat/COGAR_ws/install/go2_state_bridge/share/go2_state_bridge/hook/ament_prefix_path.dsv'
[2.870s] INFO:colcon.colcon_core.shell:Creating environment hook '/home/lukat/COGAR_ws/install/go2_state_bridge/share/go2_state_bridge/hook/ament_prefix_path.sh'
[2.873s] INFO:colcon.colcon_core.shell:Skip shell extension 'powershell' for command environment: Not usable outside of PowerShell
[2.873s] DEBUG:colcon.colcon_core.shell:Skip shell extension 'dsv' for command environment
[3.511s] INFO:colcon.colcon_core.task.python.build:Building Python package in '/home/lukat/COGAR_ws/src/go2_safety_monitor'
[3.512s] INFO:colcon.colcon_core.shell:Skip shell extension 'powershell' for command environment: Not usable outside of PowerShell
[3.512s] DEBUG:colcon.colcon_core.shell:Skip shell extension 'dsv' for command environment
[4.079s] INFO:colcon.colcon_core.task.python.build:Building Python package in '/home/lukat/COGAR_ws/src/go2_state_bridge'
[4.080s] INFO:colcon.colcon_core.shell:Skip shell extension 'powershell' for command environment: Not usable outside of PowerShell
[4.080s] DEBUG:colcon.colcon_core.shell:Skip shell extension 'dsv' for command environment
[4.713s] DEBUG:colcon.colcon_core.event_handler.log_command:Invoking command in '/home/lukat/COGAR_ws/src/go2_simulation_mujoco': PYTHONPATH=/home/lukat/COGAR_ws/build/go2_simulation_mujoco/prefix_override:/usr/lib/python3/dist-packages/colcon_core/task/python/colcon_distutils_commands:/home/lukat/COGAR_ws/install/go2_simulation_mujoco/lib/python3.10/site-packages:${PYTHONPATH} /usr/bin/python3 -W ignore:setup.py install is deprecated -W ignore:easy_install command is deprecated setup.py egg_info --egg-base ../../build/go2_simulation_mujoco build --build-base /home/lukat/COGAR_ws/build/go2_simulation_mujoco/build install --record /home/lukat/COGAR_ws/build/go2_simulation_mujoco/install.log --single-version-externally-managed install_data
[4.716s] DEBUG:colcon.colcon_core.event_handler.log_command:Invoking command in '/home/lukat/COGAR_ws/src/go2_velocity_supervisor': PYTHONPATH=/home/lukat/COGAR_ws/build/go2_velocity_supervisor/prefix_override:/usr/lib/python3/dist-packages/colcon_core/task/python/colcon_distutils_commands:/home/lukat/COGAR_ws/install/go2_velocity_supervisor/lib/python3.10/site-packages:${PYTHONPATH} /usr/bin/python3 -W ignore:setup.py install is deprecated -W ignore:easy_install command is deprecated setup.py egg_info --egg-base ../../build/go2_velocity_supervisor build --build-base /home/lukat/COGAR_ws/build/go2_velocity_supervisor/build install --record /home/lukat/COGAR_ws/build/go2_velocity_supervisor/install.log --single-version-externally-managed install_data
[5.632s] DEBUG:colcon.colcon_core.event_handler.log_command:Invoking command in '/home/lukat/COGAR_ws/src/go2_safety_monitor': AMENT_PREFIX_PATH=/home/lukat/COGAR_ws/install/go2_stair_interfaces:${AMENT_PREFIX_PATH} CMAKE_PREFIX_PATH=/home/lukat/COGAR_ws/install/go2_stair_interfaces:${CMAKE_PREFIX_PATH} LD_LIBRARY_PATH=/home/lukat/COGAR_ws/install/go2_stair_interfaces/lib:${LD_LIBRARY_PATH} PYTHONPATH=/home/lukat/COGAR_ws/build/go2_safety_monitor/prefix_override:/usr/lib/python3/dist-packages/colcon_core/task/python/colcon_distutils_commands:/home/lukat/COGAR_ws/install/go2_safety_monitor/lib/python3.10/site-packages:/home/lukat/COGAR_ws/install/go2_stair_interfaces/local/lib/python3.10/dist-packages:${PYTHONPATH} /usr/bin/python3 -W ignore:setup.py install is deprecated -W ignore:easy_install command is deprecated setup.py egg_info --egg-base ../../build/go2_safety_monitor build --build-base /home/lukat/COGAR_ws/build/go2_safety_monitor/build install --record /home/lukat/COGAR_ws/build/go2_safety_monitor/install.log --single-version-externally-managed install_data
[5.734s] DEBUG:colcon.colcon_core.event_handler.log_command:Invoking command in '/home/lukat/COGAR_ws/src/go2_state_bridge': AMENT_PREFIX_PATH=/home/lukat/COGAR_ws/install/go2_stair_interfaces:${AMENT_PREFIX_PATH} CMAKE_PREFIX_PATH=/home/lukat/COGAR_ws/install/go2_stair_interfaces:${CMAKE_PREFIX_PATH} LD_LIBRARY_PATH=/home/lukat/COGAR_ws/install/go2_stair_interfaces/lib:${LD_LIBRARY_PATH} PYTHONPATH=/home/lukat/COGAR_ws/build/go2_state_bridge/prefix_override:/usr/lib/python3/dist-packages/colcon_core/task/python/colcon_distutils_commands:/home/lukat/COGAR_ws/install/go2_state_bridge/lib/python3.10/site-packages:/home/lukat/COGAR_ws/install/go2_stair_interfaces/local/lib/python3.10/dist-packages:${PYTHONPATH} /usr/bin/python3 -W ignore:setup.py install is deprecated -W ignore:easy_install command is deprecated setup.py egg_info --egg-base ../../build/go2_state_bridge build --build-base /home/lukat/COGAR_ws/build/go2_state_bridge/build install --record /home/lukat/COGAR_ws/build/go2_state_bridge/install.log --single-version-externally-managed install_data
[6.242s] Level 1:colcon.colcon_core.environment:checking '/home/lukat/COGAR_ws/install/go2_simulation_mujoco' for CMake module files
[6.244s] DEBUG:colcon.colcon_core.event_handler.log_command:Invoked command in '/home/lukat/COGAR_ws/src/go2_simulation_mujoco' returned '0': PYTHONPATH=/home/lukat/COGAR_ws/build/go2_simulation_mujoco/prefix_override:/usr/lib/python3/dist-packages/colcon_core/task/python/colcon_distutils_commands:/home/lukat/COGAR_ws/install/go2_simulation_mujoco/lib/python3.10/site-packages:${PYTHONPATH} /usr/bin/python3 -W ignore:setup.py install is deprecated -W ignore:easy_install command is deprecated setup.py egg_info --egg-base ../../build/go2_simulation_mujoco build --build-base /home/lukat/COGAR_ws/build/go2_simulation_mujoco/build install --record /home/lukat/COGAR_ws/build/go2_simulation_mujoco/install.log --single-version-externally-managed install_data
[6.247s] Level 1:colcon.colcon_core.environment:checking '/home/lukat/COGAR_ws/install/go2_simulation_mujoco' for CMake config files
[6.248s] Level 1:colcon.colcon_core.environment:checking '/home/lukat/COGAR_ws/install/go2_simulation_mujoco/lib'
[6.248s] Level 1:colcon.colcon_core.environment:checking '/home/lukat/COGAR_ws/install/go2_simulation_mujoco/bin'
[6.249s] Level 1:colcon.colcon_core.environment:checking '/home/lukat/COGAR_ws/install/go2_simulation_mujoco/lib/pkgconfig/go2_simulation_mujoco.pc'
[6.249s] Level 1:colcon.colcon_core.environment:checking '/home/lukat/COGAR_ws/install/go2_simulation_mujoco/lib/python3.10/site-packages'
[6.250s] Level 1:colcon.colcon_core.shell:create_environment_hook('go2_simulation_mujoco', 'pythonpath')
[6.250s] INFO:colcon.colcon_core.shell:Creating environment hook '/home/lukat/COGAR_ws/install/go2_simulation_mujoco/share/go2_simulation_mujoco/hook/pythonpath.ps1'
[6.251s] INFO:colcon.colcon_core.shell:Creating environment descriptor '/home/lukat/COGAR_ws/install/go2_simulation_mujoco/share/go2_simulation_mujoco/hook/pythonpath.dsv'
[6.253s] INFO:colcon.colcon_core.shell:Creating environment hook '/home/lukat/COGAR_ws/install/go2_simulation_mujoco/share/go2_simulation_mujoco/hook/pythonpath.sh'
[6.256s] Level 1:colcon.colcon_core.environment:checking '/home/lukat/COGAR_ws/install/go2_simulation_mujoco/bin'
[6.256s] Level 1:colcon.colcon_core.environment:create_environment_scripts_only(go2_simulation_mujoco)
[6.258s] INFO:colcon.colcon_core.shell:Creating package script '/home/lukat/COGAR_ws/install/go2_simulation_mujoco/share/go2_simulation_mujoco/package.ps1'
[6.262s] INFO:colcon.colcon_core.shell:Creating package descriptor '/home/lukat/COGAR_ws/install/go2_simulation_mujoco/share/go2_simulation_mujoco/package.dsv'
[6.264s] INFO:colcon.colcon_core.shell:Creating package script '/home/lukat/COGAR_ws/install/go2_simulation_mujoco/share/go2_simulation_mujoco/package.sh'
[6.266s] INFO:colcon.colcon_core.shell:Creating package script '/home/lukat/COGAR_ws/install/go2_simulation_mujoco/share/go2_simulation_mujoco/package.bash'
[6.268s] INFO:colcon.colcon_core.shell:Creating package script '/home/lukat/COGAR_ws/install/go2_simulation_mujoco/share/go2_simulation_mujoco/package.zsh'
[6.269s] Level 1:colcon.colcon_core.environment:create_file_with_runtime_dependencies(/home/lukat/COGAR_ws/install/go2_simulation_mujoco/share/colcon-core/packages/go2_simulation_mujoco)
[6.279s] Level 1:colcon.colcon_core.environment:checking '/home/lukat/COGAR_ws/install/go2_velocity_supervisor' for CMake module files
[6.282s] DEBUG:colcon.colcon_core.event_handler.log_command:Invoked command in '/home/lukat/COGAR_ws/src/go2_velocity_supervisor' returned '0': PYTHONPATH=/home/lukat/COGAR_ws/build/go2_velocity_supervisor/prefix_override:/usr/lib/python3/dist-packages/colcon_core/task/python/colcon_distutils_commands:/home/lukat/COGAR_ws/install/go2_velocity_supervisor/lib/python3.10/site-packages:${PYTHONPATH} /usr/bin/python3 -W ignore:setup.py install is deprecated -W ignore:easy_install command is deprecated setup.py egg_info --egg-base ../../build/go2_velocity_supervisor build --build-base /home/lukat/COGAR_ws/build/go2_velocity_supervisor/build install --record /home/lukat/COGAR_ws/build/go2_velocity_supervisor/install.log --single-version-externally-managed install_data
[6.283s] Level 1:colcon.colcon_core.environment:checking '/home/lukat/COGAR_ws/install/go2_velocity_supervisor' for CMake config files
[6.284s] Level 1:colcon.colcon_core.environment:checking '/home/lukat/COGAR_ws/install/go2_velocity_supervisor/lib'
[6.284s] Level 1:colcon.colcon_core.environment:checking '/home/lukat/COGAR_ws/install/go2_velocity_supervisor/bin'
[6.284s] Level 1:colcon.colcon_core.environment:checking '/home/lukat/COGAR_ws/install/go2_velocity_supervisor/lib/pkgconfig/go2_velocity_supervisor.pc'
[6.285s] Level 1:colcon.colcon_core.environment:checking '/home/lukat/COGAR_ws/install/go2_velocity_supervisor/lib/python3.10/site-packages'
[6.285s] Level 1:colcon.colcon_core.shell:create_environment_hook('go2_velocity_supervisor', 'pythonpath')
[6.286s] INFO:colcon.colcon_core.shell:Creating environment hook '/home/lukat/COGAR_ws/install/go2_velocity_supervisor/share/go2_velocity_supervisor/hook/pythonpath.ps1'
[6.287s] INFO:colcon.colcon_core.shell:Creating environment descriptor '/home/lukat/COGAR_ws/install/go2_velocity_supervisor/share/go2_velocity_supervisor/hook/pythonpath.dsv'
[6.288s] INFO:colcon.colcon_core.shell:Creating environment hook '/home/lukat/COGAR_ws/install/go2_velocity_supervisor/share/go2_velocity_supervisor/hook/pythonpath.sh'
[6.291s] Level 1:colcon.colcon_core.environment:checking '/home/lukat/COGAR_ws/install/go2_velocity_supervisor/bin'
[6.291s] Level 1:colcon.colcon_core.environment:create_environment_scripts_only(go2_velocity_supervisor)
[6.292s] INFO:colcon.colcon_core.shell:Creating package script '/home/lukat/COGAR_ws/install/go2_velocity_supervisor/share/go2_velocity_supervisor/package.ps1'
[6.294s] INFO:colcon.colcon_core.shell:Creating package descriptor '/home/lukat/COGAR_ws/install/go2_velocity_supervisor/share/go2_velocity_supervisor/package.dsv'
[6.296s] INFO:colcon.colcon_core.shell:Creating package script '/home/lukat/COGAR_ws/install/go2_velocity_supervisor/share/go2_velocity_supervisor/package.sh'
[6.298s] INFO:colcon.colcon_core.shell:Creating package script '/home/lukat/COGAR_ws/install/go2_velocity_supervisor/share/go2_velocity_supervisor/package.bash'
[6.302s] INFO:colcon.colcon_core.shell:Creating package script '/home/lukat/COGAR_ws/install/go2_velocity_supervisor/share/go2_velocity_supervisor/package.zsh'
[6.303s] Level 1:colcon.colcon_core.environment:create_file_with_runtime_dependencies(/home/lukat/COGAR_ws/install/go2_velocity_supervisor/share/colcon-core/packages/go2_velocity_supervisor)
[7.034s] Level 1:colcon.colcon_core.environment:checking '/home/lukat/COGAR_ws/install/go2_safety_monitor' for CMake module files
[7.035s] DEBUG:colcon.colcon_core.event_handler.log_command:Invoked command in '/home/lukat/COGAR_ws/src/go2_safety_monitor' returned '0': AMENT_PREFIX_PATH=/home/lukat/COGAR_ws/install/go2_stair_interfaces:${AMENT_PREFIX_PATH} CMAKE_PREFIX_PATH=/home/lukat/COGAR_ws/install/go2_stair_interfaces:${CMAKE_PREFIX_PATH} LD_LIBRARY_PATH=/home/lukat/COGAR_ws/install/go2_stair_interfaces/lib:${LD_LIBRARY_PATH} PYTHONPATH=/home/lukat/COGAR_ws/build/go2_safety_monitor/prefix_override:/usr/lib/python3/dist-packages/colcon_core/task/python/colcon_distutils_commands:/home/lukat/COGAR_ws/install/go2_safety_monitor/lib/python3.10/site-packages:/home/lukat/COGAR_ws/install/go2_stair_interfaces/local/lib/python3.10/dist-packages:${PYTHONPATH} /usr/bin/python3 -W ignore:setup.py install is deprecated -W ignore:easy_install command is deprecated setup.py egg_info --egg-base ../../build/go2_safety_monitor build --build-base /home/lukat/COGAR_ws/build/go2_safety_monitor/build install --record /home/lukat/COGAR_ws/build/go2_safety_monitor/install.log --single-version-externally-managed install_data
[7.036s] Level 1:colcon.colcon_core.environment:checking '/home/lukat/COGAR_ws/install/go2_safety_monitor' for CMake config files
[7.037s] Level 1:colcon.colcon_core.environment:checking '/home/lukat/COGAR_ws/install/go2_safety_monitor/lib'
[7.038s] Level 1:colcon.colcon_core.environment:checking '/home/lukat/COGAR_ws/install/go2_safety_monitor/bin'
[7.038s] Level 1:colcon.colcon_core.environment:checking '/home/lukat/COGAR_ws/install/go2_safety_monitor/lib/pkgconfig/go2_safety_monitor.pc'
[7.038s] Level 1:colcon.colcon_core.environment:checking '/home/lukat/COGAR_ws/install/go2_safety_monitor/lib/python3.10/site-packages'
[7.039s] Level 1:colcon.colcon_core.shell:create_environment_hook('go2_safety_monitor', 'pythonpath')
[7.039s] INFO:colcon.colcon_core.shell:Creating environment hook '/home/lukat/COGAR_ws/install/go2_safety_monitor/share/go2_safety_monitor/hook/pythonpath.ps1'
[7.040s] INFO:colcon.colcon_core.shell:Creating environment descriptor '/home/lukat/COGAR_ws/install/go2_safety_monitor/share/go2_safety_monitor/hook/pythonpath.dsv'
[7.041s] INFO:colcon.colcon_core.shell:Creating environment hook '/home/lukat/COGAR_ws/install/go2_safety_monitor/share/go2_safety_monitor/hook/pythonpath.sh'
[7.042s] Level 1:colcon.colcon_core.environment:checking '/home/lukat/COGAR_ws/install/go2_safety_monitor/bin'
[7.043s] Level 1:colcon.colcon_core.environment:create_environment_scripts_only(go2_safety_monitor)
[7.044s] INFO:colcon.colcon_core.shell:Creating package script '/home/lukat/COGAR_ws/install/go2_safety_monitor/share/go2_safety_monitor/package.ps1'
[7.046s] INFO:colcon.colcon_core.shell:Creating package descriptor '/home/lukat/COGAR_ws/install/go2_safety_monitor/share/go2_safety_monitor/package.dsv'
[7.049s] INFO:colcon.colcon_core.shell:Creating package script '/home/lukat/COGAR_ws/install/go2_safety_monitor/share/go2_safety_monitor/package.sh'
[7.051s] INFO:colcon.colcon_core.shell:Creating package script '/home/lukat/COGAR_ws/install/go2_safety_monitor/share/go2_safety_monitor/package.bash'
[7.051s] INFO:colcon.colcon_core.shell:Creating package script '/home/lukat/COGAR_ws/install/go2_safety_monitor/share/go2_safety_monitor/package.zsh'
[7.052s] Level 1:colcon.colcon_core.environment:create_file_with_runtime_dependencies(/home/lukat/COGAR_ws/install/go2_safety_monitor/share/colcon-core/packages/go2_safety_monitor)
[7.137s] Level 1:colcon.colcon_core.environment:checking '/home/lukat/COGAR_ws/install/go2_state_bridge' for CMake module files
[7.138s] DEBUG:colcon.colcon_core.event_handler.log_command:Invoked command in '/home/lukat/COGAR_ws/src/go2_state_bridge' returned '0': AMENT_PREFIX_PATH=/home/lukat/COGAR_ws/install/go2_stair_interfaces:${AMENT_PREFIX_PATH} CMAKE_PREFIX_PATH=/home/lukat/COGAR_ws/install/go2_stair_interfaces:${CMAKE_PREFIX_PATH} LD_LIBRARY_PATH=/home/lukat/COGAR_ws/install/go2_stair_interfaces/lib:${LD_LIBRARY_PATH} PYTHONPATH=/home/lukat/COGAR_ws/build/go2_state_bridge/prefix_override:/usr/lib/python3/dist-packages/colcon_core/task/python/colcon_distutils_commands:/home/lukat/COGAR_ws/install/go2_state_bridge/lib/python3.10/site-packages:/home/lukat/COGAR_ws/install/go2_stair_interfaces/local/lib/python3.10/dist-packages:${PYTHONPATH} /usr/bin/python3 -W ignore:setup.py install is deprecated -W ignore:easy_install command is deprecated setup.py egg_info --egg-base ../../build/go2_state_bridge build --build-base /home/lukat/COGAR_ws/build/go2_state_bridge/build install --record /home/lukat/COGAR_ws/build/go2_state_bridge/install.log --single-version-externally-managed install_data
[7.139s] Level 1:colcon.colcon_core.environment:checking '/home/lukat/COGAR_ws/install/go2_state_bridge' for CMake config files
[7.140s] Level 1:colcon.colcon_core.environment:checking '/home/lukat/COGAR_ws/install/go2_state_bridge/lib'
[7.140s] Level 1:colcon.colcon_core.environment:checking '/home/lukat/COGAR_ws/install/go2_state_bridge/bin'
[7.141s] Level 1:colcon.colcon_core.environment:checking '/home/lukat/COGAR_ws/install/go2_state_bridge/lib/pkgconfig/go2_state_bridge.pc'
[7.141s] Level 1:colcon.colcon_core.environment:checking '/home/lukat/COGAR_ws/install/go2_state_bridge/lib/python3.10/site-packages'
[7.141s] Level 1:colcon.colcon_core.shell:create_environment_hook('go2_state_bridge', 'pythonpath')
[7.142s] INFO:colcon.colcon_core.shell:Creating environment hook '/home/lukat/COGAR_ws/install/go2_state_bridge/share/go2_state_bridge/hook/pythonpath.ps1'
[7.143s] INFO:colcon.colcon_core.shell:Creating environment descriptor '/home/lukat/COGAR_ws/install/go2_state_bridge/share/go2_state_bridge/hook/pythonpath.dsv'
[7.144s] INFO:colcon.colcon_core.shell:Creating environment hook '/home/lukat/COGAR_ws/install/go2_state_bridge/share/go2_state_bridge/hook/pythonpath.sh'
[7.146s] Level 1:colcon.colcon_core.environment:checking '/home/lukat/COGAR_ws/install/go2_state_bridge/bin'
[7.146s] Level 1:colcon.colcon_core.environment:create_environment_scripts_only(go2_state_bridge)
[7.146s] INFO:colcon.colcon_core.shell:Creating package script '/home/lukat/COGAR_ws/install/go2_state_bridge/share/go2_state_bridge/package.ps1'
[7.148s] INFO:colcon.colcon_core.shell:Creating package descriptor '/home/lukat/COGAR_ws/install/go2_state_bridge/share/go2_state_bridge/package.dsv'
[7.150s] INFO:colcon.colcon_core.shell:Creating package script '/home/lukat/COGAR_ws/install/go2_state_bridge/share/go2_state_bridge/package.sh'
[7.150s] INFO:colcon.colcon_core.shell:Creating package script '/home/lukat/COGAR_ws/install/go2_state_bridge/share/go2_state_bridge/package.bash'
[7.151s] INFO:colcon.colcon_core.shell:Creating package script '/home/lukat/COGAR_ws/install/go2_state_bridge/share/go2_state_bridge/package.zsh'
[7.152s] Level 1:colcon.colcon_core.environment:create_file_with_runtime_dependencies(/home/lukat/COGAR_ws/install/go2_state_bridge/share/colcon-core/packages/go2_state_bridge)
[7.153s] DEBUG:colcon.colcon_parallel_executor.executor.parallel:closing loop
[7.154s] DEBUG:colcon.colcon_parallel_executor.executor.parallel:loop closed
[7.154s] DEBUG:colcon.colcon_parallel_executor.executor.parallel:run_until_complete finished with '0'
[7.154s] DEBUG:colcon.colcon_core.event_reactor:joining thread
[7.215s] INFO:colcon.colcon_core.plugin_system:Skipping extension 'colcon_notification.desktop_notification.notify_send': Could not find 'notify-send'
[7.215s] INFO:colcon.colcon_core.plugin_system:Skipping extension 'colcon_notification.desktop_notification.terminal_notifier': Not used on non-Darwin systems
[7.215s] INFO:colcon.colcon_core.plugin_system:Skipping extension 'colcon_notification.desktop_notification.win32': Not used on non-Windows systems
[7.216s] INFO:colcon.colcon_notification.desktop_notification:Sending desktop notification using 'notify2'
[7.217s] DEBUG:colcon.colcon_notification.desktop_notification.notify2:Failed to initialize notify2: org.freedesktop.DBus.Error.FileNotFound: Failed to connect to socket /run/user/1000/bus: No such file or directory
[7.218s] DEBUG:colcon.colcon_core.event_reactor:joined thread
[7.218s] INFO:colcon.colcon_core.shell:Creating prefix script '/home/lukat/COGAR_ws/install/local_setup.ps1'
[7.220s] INFO:colcon.colcon_core.shell:Creating prefix util module '/home/lukat/COGAR_ws/install/_local_setup_util_ps1.py'
[7.223s] INFO:colcon.colcon_core.shell:Creating prefix chain script '/home/lukat/COGAR_ws/install/setup.ps1'
[7.227s] INFO:colcon.colcon_core.shell:Creating prefix script '/home/lukat/COGAR_ws/install/local_setup.sh'
[7.229s] INFO:colcon.colcon_core.shell:Creating prefix util module '/home/lukat/COGAR_ws/install/_local_setup_util_sh.py'
[7.230s] INFO:colcon.colcon_core.shell:Creating prefix chain script '/home/lukat/COGAR_ws/install/setup.sh'
[7.233s] INFO:colcon.colcon_core.shell:Creating prefix script '/home/lukat/COGAR_ws/install/local_setup.bash'
[7.235s] INFO:colcon.colcon_core.shell:Creating prefix chain script '/home/lukat/COGAR_ws/install/setup.bash'
[7.238s] INFO:colcon.colcon_core.shell:Creating prefix script '/home/lukat/COGAR_ws/install/local_setup.zsh'
[7.240s] INFO:colcon.colcon_core.shell:Creating prefix chain script '/home/lukat/COGAR_ws/install/setup.zsh'
