[0.034s] Invoking command in '/home/lukat/COGAR_ws/build/go2_stair_interfaces': CMAKE_PREFIX_PATH=/opt/ros/humble /usr/bin/cmake --build /home/lukat/COGAR_ws/build/go2_stair_interfaces -- -j8 -l8
[0.069s] -- Found ament_cmake: 1.3.14 (/opt/ros/humble/share/ament_cmake/cmake)
[0.236s] -- Override CMake install command with custom implementation using symlinks instead of copying resources
[0.251s] -- Found std_msgs: 4.9.1 (/opt/ros/humble/share/std_msgs/cmake)
[0.344s] -- Found rosidl_generator_c: 3.1.8 (/opt/ros/humble/share/rosidl_generator_c/cmake)
[0.348s] -- Found rosidl_adapter: 3.1.8 (/opt/ros/humble/share/rosidl_adapter/cmake)
[0.360s] -- Found rosidl_generator_cpp: 3.1.8 (/opt/ros/humble/share/rosidl_generator_cpp/cmake)
[0.373s] -- Using all available rosidl_typesupport_c: rosidl_typesupport_fastrtps_c;rosidl_typesupport_introspection_c
[0.388s] -- Using all available rosidl_typesupport_cpp: rosidl_typesupport_fastrtps_cpp;rosidl_typesupport_introspection_cpp
[0.421s] -- Found rosidl_default_generators: 1.2.1 (/opt/ros/humble/share/rosidl_default_generators/cmake)
[0.957s] -- Found ament_cmake_ros: 0.10.0 (/opt/ros/humble/share/ament_cmake_ros/cmake)
[1.563s] -- Using all available rosidl_typesupport_c: rosidl_typesupport_fastrtps_c;rosidl_typesupport_introspection_c
[1.770s] -- Using all available rosidl_typesupport_cpp: rosidl_typesupport_fastrtps_cpp;rosidl_typesupport_introspection_cpp
[1.814s] -- Found python_cmake_module: 0.10.0 (/opt/ros/humble/share/python_cmake_module/cmake)
[1.852s] -- Using PYTHON_EXECUTABLE: /usr/bin/python3
[1.852s] -- Using PYTHON_INCLUDE_DIRS: /usr/include/python3.10
[1.852s] -- Using PYTHON_LIBRARIES: /usr/lib/x86_64-linux-gnu/libpython3.10.so
[1.996s] -- Found ament_lint_auto: 0.12.15 (/opt/ros/humble/share/ament_lint_auto/cmake)
[2.018s] -- Added test 'lint_cmake' to check CMake code style
[2.020s] -- Added test 'xmllint' to check XML markup files
[2.034s] -- Configuring done
[2.153s] -- Generating done
[2.176s] -- Build files have been written to: /home/lukat/COGAR_ws/build/go2_stair_interfaces
[2.207s] [  3%] [34m[1mGenerating C code for ROS interfaces[0m
[2.224s] [  6%] [34m[1mGenerating Rust code for ROS interfaces[0m
[2.225s] [  9%] [34m[1mGenerating C++ code for ROS interfaces[0m
[2.239s] [  9%] Built target ament_cmake_python_symlink_go2_stair_interfaces
[2.712s] running egg_info
[2.744s] writing go2_stair_interfaces.egg-info/PKG-INFO
[2.746s] writing dependency_links to go2_stair_interfaces.egg-info/dependency_links.txt
[2.747s] writing top-level names to go2_stair_interfaces.egg-info/top_level.txt
[2.859s] reading manifest file 'go2_stair_interfaces.egg-info/SOURCES.txt'
[2.862s] writing manifest file 'go2_stair_interfaces.egg-info/SOURCES.txt'
[2.929s] [  9%] Built target ament_cmake_python_build_go2_stair_interfaces_egg
[2.972s] [  9%] Built target go2_stair_interfaces__rs
[3.022s] [35m[1mConsolidate compiler generated dependencies of target go2_stair_interfaces__rosidl_generator_c[0m
[3.030s] [  9%] Built target go2_stair_interfaces__cpp
[3.040s] [ 12%] [32mBuilding C object CMakeFiles/go2_stair_interfaces__rosidl_generator_c.dir/rosidl_generator_c/go2_stair_interfaces/msg/detail/go2_safety_state__functions.c.o[0m
[3.045s] [ 15%] [34m[1mGenerating C++ type support dispatch for ROS interfaces[0m
[3.046s] [ 18%] [34m[1mGenerating C++ introspection for ROS interfaces[0m
[3.046s] [ 21%] [34m[1mGenerating C++ type support for eProsima Fast-RTPS[0m
[3.142s] [ 25%] [32m[1mLinking C shared library libgo2_stair_interfaces__rosidl_generator_c.so[0m
[3.243s] [ 25%] Built target go2_stair_interfaces__rosidl_generator_c
[3.263s] [ 28%] [34m[1mGenerating C type support dispatch for ROS interfaces[0m
[3.269s] [ 31%] [34m[1mGenerating C type support for eProsima Fast-RTPS[0m
[3.269s] [ 34%] [34m[1mGenerating C introspection for ROS interfaces[0m
[3.879s] [35m[1mConsolidate compiler generated dependencies of target go2_stair_interfaces__rosidl_typesupport_cpp[0m
[3.908s] [ 37%] [32mBuilding CXX object CMakeFiles/go2_stair_interfaces__rosidl_typesupport_cpp.dir/rosidl_typesupport_cpp/go2_stair_interfaces/msg/go2_safety_state__type_support.cpp.o[0m
[3.937s] [35m[1mConsolidate compiler generated dependencies of target go2_stair_interfaces__rosidl_typesupport_introspection_cpp[0m
[3.962s] [ 40%] [32mBuilding CXX object CMakeFiles/go2_stair_interfaces__rosidl_typesupport_introspection_cpp.dir/rosidl_typesupport_introspection_cpp/go2_stair_interfaces/msg/detail/go2_safety_state__type_support.cpp.o[0m
[4.015s] [35m[1mConsolidate compiler generated dependencies of target go2_stair_interfaces__rosidl_typesupport_fastrtps_cpp[0m
[4.040s] [ 43%] [32mBuilding CXX object CMakeFiles/go2_stair_interfaces__rosidl_typesupport_fastrtps_cpp.dir/rosidl_typesupport_fastrtps_cpp/go2_stair_interfaces/msg/detail/dds_fastrtps/go2_safety_state__type_support.cpp.o[0m
[4.162s] [35m[1mConsolidate compiler generated dependencies of target go2_stair_interfaces__rosidl_typesupport_c[0m
[4.191s] [ 46%] [32mBuilding CXX object CMakeFiles/go2_stair_interfaces__rosidl_typesupport_c.dir/rosidl_typesupport_c/go2_stair_interfaces/msg/go2_safety_state__type_support.cpp.o[0m
[4.275s] [35m[1mConsolidate compiler generated dependencies of target go2_stair_interfaces__rosidl_typesupport_introspection_c[0m
[4.275s] [ 50%] [32m[1mLinking CXX shared library libgo2_stair_interfaces__rosidl_typesupport_c.so[0m
[4.280s] [35m[1mConsolidate compiler generated dependencies of target go2_stair_interfaces__rosidl_typesupport_fastrtps_c[0m
[4.295s] [ 53%] [32mBuilding C object CMakeFiles/go2_stair_interfaces__rosidl_typesupport_introspection_c.dir/rosidl_typesupport_introspection_c/go2_stair_interfaces/msg/detail/go2_safety_state__type_support.c.o[0m
[4.306s] [ 56%] [32mBuilding CXX object CMakeFiles/go2_stair_interfaces__rosidl_typesupport_fastrtps_c.dir/rosidl_typesupport_fastrtps_c/go2_stair_interfaces/msg/detail/go2_safety_state__type_support_c.cpp.o[0m
[4.400s] [ 59%] [32m[1mLinking C shared library libgo2_stair_interfaces__rosidl_typesupport_introspection_c.so[0m
[4.417s] [ 59%] Built target go2_stair_interfaces__rosidl_typesupport_c
[4.500s] [ 59%] Built target go2_stair_interfaces__rosidl_typesupport_introspection_c
[4.613s] [ 62%] [32m[1mLinking CXX shared library libgo2_stair_interfaces__rosidl_typesupport_cpp.so[0m
[4.740s] [ 62%] Built target go2_stair_interfaces__rosidl_typesupport_cpp
[4.904s] [ 65%] [32m[1mLinking CXX shared library libgo2_stair_interfaces__rosidl_typesupport_introspection_cpp.so[0m
[5.037s] [ 68%] [32m[1mLinking CXX shared library libgo2_stair_interfaces__rosidl_typesupport_fastrtps_c.so[0m
[5.078s] [ 71%] [32m[1mLinking CXX shared library libgo2_stair_interfaces__rosidl_typesupport_fastrtps_cpp.so[0m
[5.148s] [ 71%] Built target go2_stair_interfaces__rosidl_typesupport_introspection_cpp
[5.281s] [ 71%] Built target go2_stair_interfaces__rosidl_typesupport_fastrtps_c
[5.297s] [ 71%] Built target go2_stair_interfaces__rosidl_typesupport_fastrtps_cpp
[5.326s] [ 71%] Built target go2_stair_interfaces
[5.361s] [ 75%] [34m[1mGenerating Python code for ROS interfaces[0m
[6.248s] [ 75%] Built target go2_stair_interfaces__py
[6.263s] [35m[1mConsolidate compiler generated dependencies of target go2_stair_interfaces__rosidl_generator_py[0m
[6.289s] [ 78%] [32mBuilding C object CMakeFiles/go2_stair_interfaces__rosidl_generator_py.dir/rosidl_generator_py/go2_stair_interfaces/msg/_go2_safety_state_s.c.o[0m
[6.621s] [ 81%] [32m[1mLinking C shared library rosidl_generator_py/go2_stair_interfaces/libgo2_stair_interfaces__rosidl_generator_py.so[0m
[6.712s] [ 81%] Built target go2_stair_interfaces__rosidl_generator_py
[6.726s] [35m[1mConsolidate compiler generated dependencies of target go2_stair_interfaces__rosidl_typesupport_introspection_c__pyext[0m
[6.726s] [35m[1mConsolidate compiler generated dependencies of target go2_stair_interfaces__rosidl_typesupport_fastrtps_c__pyext[0m
[6.727s] [35m[1mConsolidate compiler generated dependencies of target go2_stair_interfaces__rosidl_typesupport_c__pyext[0m
[6.745s] [ 84%] [32mBuilding C object CMakeFiles/go2_stair_interfaces__rosidl_typesupport_introspection_c__pyext.dir/rosidl_generator_py/go2_stair_interfaces/_go2_stair_interfaces_s.ep.rosidl_typesupport_introspection_c.c.o[0m
[6.746s] [ 87%] [32mBuilding C object CMakeFiles/go2_stair_interfaces__rosidl_typesupport_c__pyext.dir/rosidl_generator_py/go2_stair_interfaces/_go2_stair_interfaces_s.ep.rosidl_typesupport_c.c.o[0m
[6.747s] [ 90%] [32mBuilding C object CMakeFiles/go2_stair_interfaces__rosidl_typesupport_fastrtps_c__pyext.dir/rosidl_generator_py/go2_stair_interfaces/_go2_stair_interfaces_s.ep.rosidl_typesupport_fastrtps_c.c.o[0m
[6.906s] [ 93%] [32m[1mLinking C shared library rosidl_generator_py/go2_stair_interfaces/go2_stair_interfaces_s__rosidl_typesupport_c.cpython-310-x86_64-linux-gnu.so[0m
[6.908s] [ 96%] [32m[1mLinking C shared library rosidl_generator_py/go2_stair_interfaces/go2_stair_interfaces_s__rosidl_typesupport_introspection_c.cpython-310-x86_64-linux-gnu.so[0m
[6.910s] [100%] [32m[1mLinking C shared library rosidl_generator_py/go2_stair_interfaces/go2_stair_interfaces_s__rosidl_typesupport_fastrtps_c.cpython-310-x86_64-linux-gnu.so[0m
[6.991s] [100%] Built target go2_stair_interfaces__rosidl_typesupport_c__pyext
[6.993s] [100%] Built target go2_stair_interfaces__rosidl_typesupport_introspection_c__pyext
[7.015s] [100%] Built target go2_stair_interfaces__rosidl_typesupport_fastrtps_c__pyext
[7.031s] Invoked command in '/home/lukat/COGAR_ws/build/go2_stair_interfaces' returned '0': CMAKE_PREFIX_PATH=/opt/ros/humble /usr/bin/cmake --build /home/lukat/COGAR_ws/build/go2_stair_interfaces -- -j8 -l8
[7.048s] Invoking command in '/home/lukat/COGAR_ws/build/go2_stair_interfaces': CMAKE_PREFIX_PATH=/opt/ros/humble /usr/bin/cmake --install /home/lukat/COGAR_ws/build/go2_stair_interfaces
[7.058s] -- Install configuration: ""
[7.058s] -- Execute custom install script
[7.060s] -- Up-to-date symlink: /home/lukat/COGAR_ws/install/go2_stair_interfaces/share/ament_index/resource_index/rosidl_interfaces/go2_stair_interfaces
[7.062s] -- Up-to-date symlink: /home/lukat/COGAR_ws/install/go2_stair_interfaces/include/go2_stair_interfaces/go2_stair_interfaces/msg/detail/go2_safety_state__functions.h
[7.063s] -- Up-to-date symlink: /home/lukat/COGAR_ws/install/go2_stair_interfaces/include/go2_stair_interfaces/go2_stair_interfaces/msg/detail/go2_safety_state__struct.h
[7.063s] -- Up-to-date symlink: /home/lukat/COGAR_ws/install/go2_stair_interfaces/include/go2_stair_interfaces/go2_stair_interfaces/msg/detail/go2_safety_state__type_support.h
[7.064s] -- Up-to-date symlink: /home/lukat/COGAR_ws/install/go2_stair_interfaces/include/go2_stair_interfaces/go2_stair_interfaces/msg/go2_safety_state.h
[7.065s] -- Up-to-date symlink: /home/lukat/COGAR_ws/install/go2_stair_interfaces/include/go2_stair_interfaces/go2_stair_interfaces/msg/rosidl_generator_c__visibility_control.h
[7.065s] -- Up-to-date symlink: /home/lukat/COGAR_ws/install/go2_stair_interfaces/share/go2_stair_interfaces/environment/library_path.sh
[7.066s] -- Up-to-date symlink: /home/lukat/COGAR_ws/install/go2_stair_interfaces/share/go2_stair_interfaces/environment/library_path.dsv
[7.068s] -- Up-to-date symlink: /home/lukat/COGAR_ws/install/go2_stair_interfaces/include/go2_stair_interfaces/go2_stair_interfaces/msg/detail/go2_safety_state__rosidl_typesupport_fastrtps_c.h
[7.068s] -- Up-to-date symlink: /home/lukat/COGAR_ws/install/go2_stair_interfaces/include/go2_stair_interfaces/go2_stair_interfaces/msg/rosidl_typesupport_fastrtps_c__visibility_control.h
[7.069s] -- Up-to-date symlink: /home/lukat/COGAR_ws/install/go2_stair_interfaces/include/go2_stair_interfaces/go2_stair_interfaces/msg/detail/go2_safety_state__builder.hpp
[7.070s] -- Up-to-date symlink: /home/lukat/COGAR_ws/install/go2_stair_interfaces/include/go2_stair_interfaces/go2_stair_interfaces/msg/detail/go2_safety_state__struct.hpp
[7.072s] -- Up-to-date symlink: /home/lukat/COGAR_ws/install/go2_stair_interfaces/include/go2_stair_interfaces/go2_stair_interfaces/msg/detail/go2_safety_state__traits.hpp
[7.073s] -- Up-to-date symlink: /home/lukat/COGAR_ws/install/go2_stair_interfaces/include/go2_stair_interfaces/go2_stair_interfaces/msg/detail/go2_safety_state__type_support.hpp
[7.074s] -- Up-to-date symlink: /home/lukat/COGAR_ws/install/go2_stair_interfaces/include/go2_stair_interfaces/go2_stair_interfaces/msg/go2_safety_state.hpp
[7.075s] -- Up-to-date symlink: /home/lukat/COGAR_ws/install/go2_stair_interfaces/include/go2_stair_interfaces/go2_stair_interfaces/msg/rosidl_generator_cpp__visibility_control.hpp
[7.077s] -- Up-to-date symlink: /home/lukat/COGAR_ws/install/go2_stair_interfaces/include/go2_stair_interfaces/go2_stair_interfaces/msg/detail/go2_safety_state__rosidl_typesupport_fastrtps_cpp.hpp
[7.078s] -- Up-to-date symlink: /home/lukat/COGAR_ws/install/go2_stair_interfaces/include/go2_stair_interfaces/go2_stair_interfaces/msg/rosidl_typesupport_fastrtps_cpp__visibility_control.h
[7.079s] -- Up-to-date symlink: /home/lukat/COGAR_ws/install/go2_stair_interfaces/include/go2_stair_interfaces/go2_stair_interfaces/msg/detail/go2_safety_state__rosidl_typesupport_introspection_c.h
[7.080s] -- Up-to-date symlink: /home/lukat/COGAR_ws/install/go2_stair_interfaces/include/go2_stair_interfaces/go2_stair_interfaces/msg/rosidl_typesupport_introspection_c__visibility_control.h
[7.081s] -- Up-to-date symlink: /home/lukat/COGAR_ws/install/go2_stair_interfaces/include/go2_stair_interfaces/go2_stair_interfaces/msg/detail/go2_safety_state__rosidl_typesupport_introspection_cpp.hpp
[7.082s] -- Up-to-date symlink: /home/lukat/COGAR_ws/install/go2_stair_interfaces/share/go2_stair_interfaces/environment/pythonpath.sh
[7.083s] -- Up-to-date symlink: /home/lukat/COGAR_ws/install/go2_stair_interfaces/share/go2_stair_interfaces/environment/pythonpath.dsv
[7.085s] -- Up-to-date symlink: /home/lukat/COGAR_ws/install/go2_stair_interfaces/local/lib/python3.10/dist-packages/go2_stair_interfaces-0.0.0-py3.10.egg-info/PKG-INFO
[7.086s] -- Up-to-date symlink: /home/lukat/COGAR_ws/install/go2_stair_interfaces/local/lib/python3.10/dist-packages/go2_stair_interfaces-0.0.0-py3.10.egg-info/SOURCES.txt
[7.087s] -- Up-to-date symlink: /home/lukat/COGAR_ws/install/go2_stair_interfaces/local/lib/python3.10/dist-packages/go2_stair_interfaces-0.0.0-py3.10.egg-info/dependency_links.txt
[7.087s] -- Up-to-date symlink: /home/lukat/COGAR_ws/install/go2_stair_interfaces/local/lib/python3.10/dist-packages/go2_stair_interfaces-0.0.0-py3.10.egg-info/top_level.txt
[7.090s] -- Up-to-date symlink: /home/lukat/COGAR_ws/install/go2_stair_interfaces/local/lib/python3.10/dist-packages/go2_stair_interfaces/__init__.py
[7.091s] -- Up-to-date symlink: /home/lukat/COGAR_ws/install/go2_stair_interfaces/local/lib/python3.10/dist-packages/go2_stair_interfaces/_go2_stair_interfaces_s.ep.rosidl_typesupport_c.c
[7.091s] -- Up-to-date symlink: /home/lukat/COGAR_ws/install/go2_stair_interfaces/local/lib/python3.10/dist-packages/go2_stair_interfaces/_go2_stair_interfaces_s.ep.rosidl_typesupport_fastrtps_c.c
[7.092s] -- Up-to-date symlink: /home/lukat/COGAR_ws/install/go2_stair_interfaces/local/lib/python3.10/dist-packages/go2_stair_interfaces/_go2_stair_interfaces_s.ep.rosidl_typesupport_introspection_c.c
[7.093s] -- Up-to-date symlink: /home/lukat/COGAR_ws/install/go2_stair_interfaces/local/lib/python3.10/dist-packages/go2_stair_interfaces/go2_stair_interfaces_s__rosidl_typesupport_c.cpython-310-x86_64-linux-gnu.so
[7.094s] -- Up-to-date symlink: /home/lukat/COGAR_ws/install/go2_stair_interfaces/local/lib/python3.10/dist-packages/go2_stair_interfaces/go2_stair_interfaces_s__rosidl_typesupport_fastrtps_c.cpython-310-x86_64-linux-gnu.so
[7.095s] -- Up-to-date symlink: /home/lukat/COGAR_ws/install/go2_stair_interfaces/local/lib/python3.10/dist-packages/go2_stair_interfaces/go2_stair_interfaces_s__rosidl_typesupport_introspection_c.cpython-310-x86_64-linux-gnu.so
[7.096s] -- Up-to-date symlink: /home/lukat/COGAR_ws/install/go2_stair_interfaces/local/lib/python3.10/dist-packages/go2_stair_interfaces/libgo2_stair_interfaces__rosidl_generator_py.so
[7.098s] -- Up-to-date symlink: /home/lukat/COGAR_ws/install/go2_stair_interfaces/local/lib/python3.10/dist-packages/go2_stair_interfaces/msg/__init__.py
[7.099s] -- Up-to-date symlink: /home/lukat/COGAR_ws/install/go2_stair_interfaces/local/lib/python3.10/dist-packages/go2_stair_interfaces/msg/_go2_safety_state.py
[7.100s] -- Up-to-date symlink: /home/lukat/COGAR_ws/install/go2_stair_interfaces/local/lib/python3.10/dist-packages/go2_stair_interfaces/msg/_go2_safety_state_s.c
[7.101s] -- Up-to-date symlink: /home/lukat/COGAR_ws/install/go2_stair_interfaces/local/lib/python3.10/dist-packages/go2_stair_interfaces/go2_stair_interfaces_s__rosidl_typesupport_fastrtps_c.cpython-310-x86_64-linux-gnu.so
[7.102s] -- Up-to-date symlink: /home/lukat/COGAR_ws/install/go2_stair_interfaces/local/lib/python3.10/dist-packages/go2_stair_interfaces/go2_stair_interfaces_s__rosidl_typesupport_introspection_c.cpython-310-x86_64-linux-gnu.so
[7.102s] -- Up-to-date symlink: /home/lukat/COGAR_ws/install/go2_stair_interfaces/local/lib/python3.10/dist-packages/go2_stair_interfaces/go2_stair_interfaces_s__rosidl_typesupport_c.cpython-310-x86_64-linux-gnu.so
[7.104s] -- Up-to-date symlink: /home/lukat/COGAR_ws/install/go2_stair_interfaces/share/ament_index/resource_index/rust_packages/go2_stair_interfaces
[7.106s] -- Up-to-date symlink: /home/lukat/COGAR_ws/install/go2_stair_interfaces/share/go2_stair_interfaces/rust/Cargo.toml
[7.108s] -- Up-to-date symlink: /home/lukat/COGAR_ws/install/go2_stair_interfaces/share/go2_stair_interfaces/rust/build.rs
[7.109s] -- Up-to-date symlink: /home/lukat/COGAR_ws/install/go2_stair_interfaces/share/go2_stair_interfaces/rust/src/lib.rs
[7.109s] -- Up-to-date symlink: /home/lukat/COGAR_ws/install/go2_stair_interfaces/share/go2_stair_interfaces/rust/src/msg.rs
[7.111s] -- Up-to-date symlink: /home/lukat/COGAR_ws/install/go2_stair_interfaces/share/go2_stair_interfaces/rust/src/msg/rmw.rs
[7.112s] -- Up-to-date symlink: /home/lukat/COGAR_ws/install/go2_stair_interfaces/share/go2_stair_interfaces/msg/Go2SafetyState.idl
[7.113s] -- Up-to-date symlink: /home/lukat/COGAR_ws/install/go2_stair_interfaces/share/go2_stair_interfaces/msg/Go2SafetyState.msg
[7.114s] -- Up-to-date symlink: /home/lukat/COGAR_ws/install/go2_stair_interfaces/share/ament_index/resource_index/package_run_dependencies/go2_stair_interfaces
[7.114s] -- Up-to-date symlink: /home/lukat/COGAR_ws/install/go2_stair_interfaces/share/ament_index/resource_index/parent_prefix_path/go2_stair_interfaces
[7.115s] -- Up-to-date symlink: /home/lukat/COGAR_ws/install/go2_stair_interfaces/share/go2_stair_interfaces/environment/ament_prefix_path.sh
[7.116s] -- Up-to-date symlink: /home/lukat/COGAR_ws/install/go2_stair_interfaces/share/go2_stair_interfaces/environment/ament_prefix_path.dsv
[7.117s] -- Up-to-date symlink: /home/lukat/COGAR_ws/install/go2_stair_interfaces/share/go2_stair_interfaces/environment/path.sh
[7.118s] -- Up-to-date symlink: /home/lukat/COGAR_ws/install/go2_stair_interfaces/share/go2_stair_interfaces/environment/path.dsv
[7.119s] -- Up-to-date symlink: /home/lukat/COGAR_ws/install/go2_stair_interfaces/share/go2_stair_interfaces/local_setup.bash
[7.120s] -- Up-to-date symlink: /home/lukat/COGAR_ws/install/go2_stair_interfaces/share/go2_stair_interfaces/local_setup.sh
[7.120s] -- Up-to-date symlink: /home/lukat/COGAR_ws/install/go2_stair_interfaces/share/go2_stair_interfaces/local_setup.zsh
[7.121s] -- Up-to-date symlink: /home/lukat/COGAR_ws/install/go2_stair_interfaces/share/go2_stair_interfaces/local_setup.dsv
[7.121s] -- Symlinking: /home/lukat/COGAR_ws/install/go2_stair_interfaces/share/go2_stair_interfaces/package.dsv
[7.136s] -- Up-to-date symlink: /home/lukat/COGAR_ws/install/go2_stair_interfaces/share/ament_index/resource_index/packages/go2_stair_interfaces
[7.137s] -- Up-to-date symlink: /home/lukat/COGAR_ws/install/go2_stair_interfaces/share/go2_stair_interfaces/cmake/rosidl_cmake-extras.cmake
[7.137s] -- Up-to-date symlink: /home/lukat/COGAR_ws/install/go2_stair_interfaces/share/go2_stair_interfaces/cmake/ament_cmake_export_dependencies-extras.cmake
[7.138s] -- Up-to-date symlink: /home/lukat/COGAR_ws/install/go2_stair_interfaces/share/go2_stair_interfaces/cmake/ament_cmake_export_include_directories-extras.cmake
[7.139s] -- Up-to-date symlink: /home/lukat/COGAR_ws/install/go2_stair_interfaces/share/go2_stair_interfaces/cmake/ament_cmake_export_libraries-extras.cmake
[7.140s] -- Up-to-date symlink: /home/lukat/COGAR_ws/install/go2_stair_interfaces/share/go2_stair_interfaces/cmake/ament_cmake_export_targets-extras.cmake
[7.142s] -- Up-to-date symlink: /home/lukat/COGAR_ws/install/go2_stair_interfaces/share/go2_stair_interfaces/cmake/rosidl_cmake_export_typesupport_targets-extras.cmake
[7.143s] -- Up-to-date symlink: /home/lukat/COGAR_ws/install/go2_stair_interfaces/share/go2_stair_interfaces/cmake/rosidl_cmake_export_typesupport_libraries-extras.cmake
[7.144s] -- Up-to-date symlink: /home/lukat/COGAR_ws/install/go2_stair_interfaces/share/go2_stair_interfaces/cmake/go2_stair_interfacesConfig.cmake
[7.145s] -- Up-to-date symlink: /home/lukat/COGAR_ws/install/go2_stair_interfaces/share/go2_stair_interfaces/cmake/go2_stair_interfacesConfig-version.cmake
[7.145s] -- Up-to-date symlink: /home/lukat/COGAR_ws/install/go2_stair_interfaces/share/go2_stair_interfaces/package.xml
[7.146s] -- Installing: /home/lukat/COGAR_ws/install/go2_stair_interfaces/lib/libgo2_stair_interfaces__rosidl_generator_c.so
[7.147s] -- Set runtime path of "/home/lukat/COGAR_ws/install/go2_stair_interfaces/lib/libgo2_stair_interfaces__rosidl_generator_c.so" to ""
[7.149s] -- Installing: /home/lukat/COGAR_ws/install/go2_stair_interfaces/lib/libgo2_stair_interfaces__rosidl_typesupport_fastrtps_c.so
[7.149s] -- Set runtime path of "/home/lukat/COGAR_ws/install/go2_stair_interfaces/lib/libgo2_stair_interfaces__rosidl_typesupport_fastrtps_c.so" to ""
[7.151s] -- Installing: /home/lukat/COGAR_ws/install/go2_stair_interfaces/lib/libgo2_stair_interfaces__rosidl_typesupport_fastrtps_cpp.so
[7.151s] -- Set runtime path of "/home/lukat/COGAR_ws/install/go2_stair_interfaces/lib/libgo2_stair_interfaces__rosidl_typesupport_fastrtps_cpp.so" to ""
[7.153s] -- Installing: /home/lukat/COGAR_ws/install/go2_stair_interfaces/lib/libgo2_stair_interfaces__rosidl_typesupport_introspection_c.so
[7.154s] -- Set runtime path of "/home/lukat/COGAR_ws/install/go2_stair_interfaces/lib/libgo2_stair_interfaces__rosidl_typesupport_introspection_c.so" to ""
[7.154s] -- Installing: /home/lukat/COGAR_ws/install/go2_stair_interfaces/lib/libgo2_stair_interfaces__rosidl_typesupport_c.so
[7.155s] -- Set runtime path of "/home/lukat/COGAR_ws/install/go2_stair_interfaces/lib/libgo2_stair_interfaces__rosidl_typesupport_c.so" to ""
[7.158s] -- Installing: /home/lukat/COGAR_ws/install/go2_stair_interfaces/lib/libgo2_stair_interfaces__rosidl_typesupport_introspection_cpp.so
[7.160s] -- Set runtime path of "/home/lukat/COGAR_ws/install/go2_stair_interfaces/lib/libgo2_stair_interfaces__rosidl_typesupport_introspection_cpp.so" to ""
[7.161s] -- Installing: /home/lukat/COGAR_ws/install/go2_stair_interfaces/lib/libgo2_stair_interfaces__rosidl_typesupport_cpp.so
[7.161s] -- Set runtime path of "/home/lukat/COGAR_ws/install/go2_stair_interfaces/lib/libgo2_stair_interfaces__rosidl_typesupport_cpp.so" to ""
[7.228s] Listing '/home/lukat/COGAR_ws/install/go2_stair_interfaces/local/lib/python3.10/dist-packages/go2_stair_interfaces'...
[7.228s] Compiling '/home/lukat/COGAR_ws/install/go2_stair_interfaces/local/lib/python3.10/dist-packages/go2_stair_interfaces/__init__.py'...
[7.228s] Listing '/home/lukat/COGAR_ws/install/go2_stair_interfaces/local/lib/python3.10/dist-packages/go2_stair_interfaces/msg'...
[7.228s] Compiling '/home/lukat/COGAR_ws/install/go2_stair_interfaces/local/lib/python3.10/dist-packages/go2_stair_interfaces/msg/__init__.py'...
[7.229s] Compiling '/home/lukat/COGAR_ws/install/go2_stair_interfaces/local/lib/python3.10/dist-packages/go2_stair_interfaces/msg/_go2_safety_state.py'...
[7.238s] -- Installing: /home/lukat/COGAR_ws/install/go2_stair_interfaces/lib/libgo2_stair_interfaces__rosidl_generator_py.so
[7.239s] -- Set runtime path of "/home/lukat/COGAR_ws/install/go2_stair_interfaces/lib/libgo2_stair_interfaces__rosidl_generator_py.so" to ""
[7.240s] -- Up-to-date: /home/lukat/COGAR_ws/install/go2_stair_interfaces/share/go2_stair_interfaces/cmake/export_go2_stair_interfaces__rosidl_generator_cExport.cmake
[7.240s] -- Up-to-date: /home/lukat/COGAR_ws/install/go2_stair_interfaces/share/go2_stair_interfaces/cmake/export_go2_stair_interfaces__rosidl_generator_cExport-noconfig.cmake
[7.241s] -- Up-to-date: /home/lukat/COGAR_ws/install/go2_stair_interfaces/share/go2_stair_interfaces/cmake/export_go2_stair_interfaces__rosidl_typesupport_fastrtps_cExport.cmake
[7.241s] -- Up-to-date: /home/lukat/COGAR_ws/install/go2_stair_interfaces/share/go2_stair_interfaces/cmake/export_go2_stair_interfaces__rosidl_typesupport_fastrtps_cExport-noconfig.cmake
[7.242s] -- Up-to-date: /home/lukat/COGAR_ws/install/go2_stair_interfaces/share/go2_stair_interfaces/cmake/export_go2_stair_interfaces__rosidl_generator_cppExport.cmake
[7.243s] -- Up-to-date: /home/lukat/COGAR_ws/install/go2_stair_interfaces/share/go2_stair_interfaces/cmake/export_go2_stair_interfaces__rosidl_typesupport_fastrtps_cppExport.cmake
[7.243s] -- Up-to-date: /home/lukat/COGAR_ws/install/go2_stair_interfaces/share/go2_stair_interfaces/cmake/export_go2_stair_interfaces__rosidl_typesupport_fastrtps_cppExport-noconfig.cmake
[7.243s] -- Up-to-date: /home/lukat/COGAR_ws/install/go2_stair_interfaces/share/go2_stair_interfaces/cmake/go2_stair_interfaces__rosidl_typesupport_introspection_cExport.cmake
[7.244s] -- Up-to-date: /home/lukat/COGAR_ws/install/go2_stair_interfaces/share/go2_stair_interfaces/cmake/go2_stair_interfaces__rosidl_typesupport_introspection_cExport-noconfig.cmake
[7.244s] -- Up-to-date: /home/lukat/COGAR_ws/install/go2_stair_interfaces/share/go2_stair_interfaces/cmake/go2_stair_interfaces__rosidl_typesupport_cExport.cmake
[7.245s] -- Up-to-date: /home/lukat/COGAR_ws/install/go2_stair_interfaces/share/go2_stair_interfaces/cmake/go2_stair_interfaces__rosidl_typesupport_cExport-noconfig.cmake
[7.245s] -- Up-to-date: /home/lukat/COGAR_ws/install/go2_stair_interfaces/share/go2_stair_interfaces/cmake/go2_stair_interfaces__rosidl_typesupport_introspection_cppExport.cmake
[7.246s] -- Up-to-date: /home/lukat/COGAR_ws/install/go2_stair_interfaces/share/go2_stair_interfaces/cmake/go2_stair_interfaces__rosidl_typesupport_introspection_cppExport-noconfig.cmake
[7.246s] -- Up-to-date: /home/lukat/COGAR_ws/install/go2_stair_interfaces/share/go2_stair_interfaces/cmake/go2_stair_interfaces__rosidl_typesupport_cppExport.cmake
[7.247s] -- Up-to-date: /home/lukat/COGAR_ws/install/go2_stair_interfaces/share/go2_stair_interfaces/cmake/go2_stair_interfaces__rosidl_typesupport_cppExport-noconfig.cmake
[7.247s] -- Up-to-date: /home/lukat/COGAR_ws/install/go2_stair_interfaces/share/go2_stair_interfaces/cmake/export_go2_stair_interfaces__rosidl_generator_pyExport.cmake
[7.247s] -- Up-to-date: /home/lukat/COGAR_ws/install/go2_stair_interfaces/share/go2_stair_interfaces/cmake/export_go2_stair_interfaces__rosidl_generator_pyExport-noconfig.cmake
[7.252s] Invoked command in '/home/lukat/COGAR_ws/build/go2_stair_interfaces' returned '0': CMAKE_PREFIX_PATH=/opt/ros/humble /usr/bin/cmake --install /home/lukat/COGAR_ws/build/go2_stair_interfaces
