[0.547s] DEBUG:colcon:Command line arguments: ['/usr/bin/colcon', 'build']
[0.548s] DEBUG:colcon:Parsed command line arguments: Namespace(log_base=None, log_level=None, verb_name='build', build_base='build', install_base='install', merge_install=False, symlink_install=False, test_result_base=None, continue_on_error=False, executor='parallel', parallel_workers=8, event_handlers=None, ignore_user_meta=False, metas=['./colcon.meta'], base_paths=['.'], packages_ignore=None, packages_ignore_regex=None, paths=None, packages_up_to=None, packages_up_to_regex=None, packages_above=None, packages_above_and_dependencies=None, packages_above_depth=None, packages_select_by_dep=None, packages_skip_by_dep=None, packages_skip_up_to=None, packages_select_build_failed=False, packages_skip_build_finished=False, packages_select_test_failures=False, packages_skip_test_passed=False, packages_select=None, packages_skip=None, packages_select_regex=None, packages_skip_regex=None, packages_start=None, packages_end=None, allow_overriding=[], cmake_args=None, cmake_target=None, cmake_target_skip_unavailable=False, cmake_clean_cache=False, cmake_clean_first=False, cmake_force_configure=False, ament_cmake_args=None, catkin_cmake_args=None, catkin_skip_building_tests=False, mixin_files=None, mixin=None, verb_parser=<colcon_mixin.mixin.mixin_argument.MixinArgumentDecorator object at 0x75774224fbe0>, verb_extension=<colcon_core.verb.build.BuildVerb object at 0x75774224f550>, main=<bound method BuildVerb.main of <colcon_core.verb.build.BuildVerb object at 0x75774224f550>>, mixin_verb=('build',))
[0.715s] Level 1:colcon.colcon_core.package_discovery:discover_packages(colcon_meta) check parameters
[0.715s] Level 1:colcon.colcon_core.package_discovery:discover_packages(recursive) check parameters
[0.715s] Level 1:colcon.colcon_core.package_discovery:discover_packages(ignore) check parameters
[0.715s] Level 1:colcon.colcon_core.package_discovery:discover_packages(path) check parameters
[0.715s] Level 1:colcon.colcon_core.package_discovery:discover_packages(colcon_meta) discover
[0.715s] Level 1:colcon.colcon_core.package_discovery:discover_packages(recursive) discover
[0.715s] INFO:colcon.colcon_core.package_discovery:Crawling recursively for packages in '/home/lukat/COGAR_ws'
[0.716s] Level 1:colcon.colcon_core.package_identification:_identify(.) by extensions ['ignore', 'ignore_ament_install']
[0.716s] Level 1:colcon.colcon_core.package_identification:_identify(.) by extension 'ignore'
[0.716s] Level 1:colcon.colcon_core.package_identification:_identify(.) by extension 'ignore_ament_install'
[0.716s] Level 1:colcon.colcon_core.package_identification:_identify(.) by extensions ['colcon_pkg']
[0.716s] Level 1:colcon.colcon_core.package_identification:_identify(.) by extension 'colcon_pkg'
[0.716s] Level 1:colcon.colcon_core.package_identification:_identify(.) by extensions ['colcon_meta']
[0.716s] Level 1:colcon.colcon_core.package_identification:_identify(.) by extension 'colcon_meta'
[0.716s] Level 1:colcon.colcon_core.package_identification:_identify(.) by extensions ['ros']
[0.716s] Level 1:colcon.colcon_core.package_identification:_identify(.) by extension 'ros'
[0.752s] Level 1:colcon.colcon_core.package_identification:_identify(.) by extensions ['cmake', 'python']
[0.752s] Level 1:colcon.colcon_core.package_identification:_identify(.) by extension 'cmake'
[0.752s] Level 1:colcon.colcon_core.package_identification:_identify(.) by extension 'python'
[0.752s] Level 1:colcon.colcon_core.package_identification:_identify(.) by extensions ['python_setup_py']
[0.752s] Level 1:colcon.colcon_core.package_identification:_identify(.) by extension 'python_setup_py'
[0.753s] Level 1:colcon.colcon_core.package_identification:_identify(build) by extensions ['ignore', 'ignore_ament_install']
[0.753s] Level 1:colcon.colcon_core.package_identification:_identify(build) by extension 'ignore'
[0.753s] Level 1:colcon.colcon_core.package_identification:_identify(build) ignored
[0.754s] Level 1:colcon.colcon_core.package_identification:_identify(install) by extensions ['ignore', 'ignore_ament_install']
[0.755s] Level 1:colcon.colcon_core.package_identification:_identify(install) by extension 'ignore'
[0.755s] Level 1:colcon.colcon_core.package_identification:_identify(install) ignored
[0.755s] Level 1:colcon.colcon_core.package_identification:_identify(log) by extensions ['ignore', 'ignore_ament_install']
[0.755s] Level 1:colcon.colcon_core.package_identification:_identify(log) by extension 'ignore'
[0.755s] Level 1:colcon.colcon_core.package_identification:_identify(log) ignored
[0.756s] Level 1:colcon.colcon_core.package_identification:_identify(src) by extensions ['ignore', 'ignore_ament_install']
[0.756s] Level 1:colcon.colcon_core.package_identification:_identify(src) by extension 'ignore'
[0.756s] Level 1:colcon.colcon_core.package_identification:_identify(src) by extension 'ignore_ament_install'
[0.756s] Level 1:colcon.colcon_core.package_identification:_identify(src) by extensions ['colcon_pkg']
[0.756s] Level 1:colcon.colcon_core.package_identification:_identify(src) by extension 'colcon_pkg'
[0.756s] Level 1:colcon.colcon_core.package_identification:_identify(src) by extensions ['colcon_meta']
[0.756s] Level 1:colcon.colcon_core.package_identification:_identify(src) by extension 'colcon_meta'
[0.756s] Level 1:colcon.colcon_core.package_identification:_identify(src) by extensions ['ros']
[0.756s] Level 1:colcon.colcon_core.package_identification:_identify(src) by extension 'ros'
[0.756s] Level 1:colcon.colcon_core.package_identification:_identify(src) by extensions ['cmake', 'python']
[0.756s] Level 1:colcon.colcon_core.package_identification:_identify(src) by extension 'cmake'
[0.756s] Level 1:colcon.colcon_core.package_identification:_identify(src) by extension 'python'
[0.756s] Level 1:colcon.colcon_core.package_identification:_identify(src) by extensions ['python_setup_py']
[0.757s] Level 1:colcon.colcon_core.package_identification:_identify(src) by extension 'python_setup_py'
[0.757s] Level 1:colcon.colcon_core.package_identification:_identify(src/go2_stair_interfaces) by extensions ['ignore', 'ignore_ament_install']
[0.758s] Level 1:colcon.colcon_core.package_identification:_identify(src/go2_stair_interfaces) by extension 'ignore'
[0.758s] Level 1:colcon.colcon_core.package_identification:_identify(src/go2_stair_interfaces) by extension 'ignore_ament_install'
[0.758s] Level 1:colcon.colcon_core.package_identification:_identify(src/go2_stair_interfaces) by extensions ['colcon_pkg']
[0.758s] Level 1:colcon.colcon_core.package_identification:_identify(src/go2_stair_interfaces) by extension 'colcon_pkg'
[0.758s] Level 1:colcon.colcon_core.package_identification:_identify(src/go2_stair_interfaces) by extensions ['colcon_meta']
[0.758s] Level 1:colcon.colcon_core.package_identification:_identify(src/go2_stair_interfaces) by extension 'colcon_meta'
[0.758s] Level 1:colcon.colcon_core.package_identification:_identify(src/go2_stair_interfaces) by extensions ['ros']
[0.758s] Level 1:colcon.colcon_core.package_identification:_identify(src/go2_stair_interfaces) by extension 'ros'
[0.766s] DEBUG:colcon.colcon_core.package_identification:Package 'src/go2_stair_interfaces' with type 'ros.ament_cmake' and name 'go2_stair_interfaces'
[0.766s] Level 1:colcon.colcon_core.package_identification:_identify(src/go2_state_bridge) by extensions ['ignore', 'ignore_ament_install']
[0.767s] Level 1:colcon.colcon_core.package_identification:_identify(src/go2_state_bridge) by extension 'ignore'
[0.767s] Level 1:colcon.colcon_core.package_identification:_identify(src/go2_state_bridge) by extension 'ignore_ament_install'
[0.767s] Level 1:colcon.colcon_core.package_identification:_identify(src/go2_state_bridge) by extensions ['colcon_pkg']
[0.767s] Level 1:colcon.colcon_core.package_identification:_identify(src/go2_state_bridge) by extension 'colcon_pkg'
[0.767s] Level 1:colcon.colcon_core.package_identification:_identify(src/go2_state_bridge) by extensions ['colcon_meta']
[0.767s] Level 1:colcon.colcon_core.package_identification:_identify(src/go2_state_bridge) by extension 'colcon_meta'
[0.767s] Level 1:colcon.colcon_core.package_identification:_identify(src/go2_state_bridge) by extensions ['ros']
[0.767s] Level 1:colcon.colcon_core.package_identification:_identify(src/go2_state_bridge) by extension 'ros'
[0.768s] DEBUG:colcon.colcon_core.package_identification:Package 'src/go2_state_bridge' with type 'ros.ament_python' and name 'go2_state_bridge'
[0.768s] Level 1:colcon.colcon_core.package_discovery:discover_packages(recursive) using defaults
[0.768s] Level 1:colcon.colcon_core.package_discovery:discover_packages(ignore) discover
[0.768s] Level 1:colcon.colcon_core.package_discovery:discover_packages(ignore) using defaults
[0.768s] Level 1:colcon.colcon_core.package_discovery:discover_packages(path) discover
[0.768s] Level 1:colcon.colcon_core.package_discovery:discover_packages(path) using defaults
[0.826s] Level 1:colcon.colcon_core.package_discovery:discover_packages(prefix_path) check parameters
[0.826s] Level 1:colcon.colcon_core.package_discovery:discover_packages(prefix_path) discover
[0.835s] DEBUG:colcon.colcon_installed_package_information.package_discovery:Found 1 installed packages in /home/lukat/COGAR_ws/install
[0.837s] DEBUG:colcon.colcon_installed_package_information.package_discovery:Found 2 installed packages in /home/lukat/unitree_ros2/cyclonedds_ws/install
[0.841s] DEBUG:colcon.colcon_installed_package_information.package_discovery:Found 342 installed packages in /opt/ros/humble
[0.843s] Level 1:colcon.colcon_core.package_discovery:discover_packages(prefix_path) using defaults
[1.065s] Level 5:colcon.colcon_core.verb:set package 'go2_stair_interfaces' build argument 'cmake_args' from command line to 'None'
[1.066s] Level 5:colcon.colcon_core.verb:set package 'go2_stair_interfaces' build argument 'cmake_target' from command line to 'None'
[1.066s] Level 5:colcon.colcon_core.verb:set package 'go2_stair_interfaces' build argument 'cmake_target_skip_unavailable' from command line to 'False'
[1.066s] Level 5:colcon.colcon_core.verb:set package 'go2_stair_interfaces' build argument 'cmake_clean_cache' from command line to 'False'
[1.066s] Level 5:colcon.colcon_core.verb:set package 'go2_stair_interfaces' build argument 'cmake_clean_first' from command line to 'False'
[1.066s] Level 5:colcon.colcon_core.verb:set package 'go2_stair_interfaces' build argument 'cmake_force_configure' from command line to 'False'
[1.066s] Level 5:colcon.colcon_core.verb:set package 'go2_stair_interfaces' build argument 'ament_cmake_args' from command line to 'None'
[1.066s] Level 5:colcon.colcon_core.verb:set package 'go2_stair_interfaces' build argument 'catkin_cmake_args' from command line to 'None'
[1.066s] Level 5:colcon.colcon_core.verb:set package 'go2_stair_interfaces' build argument 'catkin_skip_building_tests' from command line to 'False'
[1.066s] DEBUG:colcon.colcon_core.verb:Building package 'go2_stair_interfaces' with the following arguments: {'ament_cmake_args': None, 'build_base': '/home/lukat/COGAR_ws/build/go2_stair_interfaces', 'catkin_cmake_args': None, 'catkin_skip_building_tests': False, 'cmake_args': None, 'cmake_clean_cache': False, 'cmake_clean_first': False, 'cmake_force_configure': False, 'cmake_target': None, 'cmake_target_skip_unavailable': False, 'install_base': '/home/lukat/COGAR_ws/install/go2_stair_interfaces', 'merge_install': False, 'path': '/home/lukat/COGAR_ws/src/go2_stair_interfaces', 'symlink_install': False, 'test_result_base': None}
[1.066s] Level 5:colcon.colcon_core.verb:set package 'go2_state_bridge' build argument 'cmake_args' from command line to 'None'
[1.066s] Level 5:colcon.colcon_core.verb:set package 'go2_state_bridge' build argument 'cmake_target' from command line to 'None'
[1.066s] Level 5:colcon.colcon_core.verb:set package 'go2_state_bridge' build argument 'cmake_target_skip_unavailable' from command line to 'False'
[1.066s] Level 5:colcon.colcon_core.verb:set package 'go2_state_bridge' build argument 'cmake_clean_cache' from command line to 'False'
[1.066s] Level 5:colcon.colcon_core.verb:set package 'go2_state_bridge' build argument 'cmake_clean_first' from command line to 'False'
[1.066s] Level 5:colcon.colcon_core.verb:set package 'go2_state_bridge' build argument 'cmake_force_configure' from command line to 'False'
[1.066s] Level 5:colcon.colcon_core.verb:set package 'go2_state_bridge' build argument 'ament_cmake_args' from command line to 'None'
[1.066s] Level 5:colcon.colcon_core.verb:set package 'go2_state_bridge' build argument 'catkin_cmake_args' from command line to 'None'
[1.066s] Level 5:colcon.colcon_core.verb:set package 'go2_state_bridge' build argument 'catkin_skip_building_tests' from command line to 'False'
[1.066s] DEBUG:colcon.colcon_core.verb:Building package 'go2_state_bridge' with the following arguments: {'ament_cmake_args': None, 'build_base': '/home/lukat/COGAR_ws/build/go2_state_bridge', 'catkin_cmake_args': None, 'catkin_skip_building_tests': False, 'cmake_args': None, 'cmake_clean_cache': False, 'cmake_clean_first': False, 'cmake_force_configure': False, 'cmake_target': None, 'cmake_target_skip_unavailable': False, 'install_base': '/home/lukat/COGAR_ws/install/go2_state_bridge', 'merge_install': False, 'path': '/home/lukat/COGAR_ws/src/go2_state_bridge', 'symlink_install': False, 'test_result_base': None}
[1.066s] INFO:colcon.colcon_core.executor:Executing jobs using 'parallel' executor
[1.069s] DEBUG:colcon.colcon_parallel_executor.executor.parallel:run_until_complete
[1.069s] INFO:colcon.colcon_ros.task.ament_cmake.build:Building ROS package in '/home/lukat/COGAR_ws/src/go2_stair_interfaces' with build type 'ament_cmake'
[1.069s] INFO:colcon.colcon_cmake.task.cmake.build:Building CMake package in '/home/lukat/COGAR_ws/src/go2_stair_interfaces'
[1.082s] INFO:colcon.colcon_core.plugin_system:Skipping extension 'colcon_core.shell.bat': Not used on non-Windows systems
[1.082s] INFO:colcon.colcon_core.shell:Skip shell extension 'powershell' for command environment: Not usable outside of PowerShell
[1.082s] DEBUG:colcon.colcon_core.shell:Skip shell extension 'dsv' for command environment
[1.097s] DEBUG:colcon.colcon_core.event_handler.log_command:Invoking command in '/home/lukat/COGAR_ws/build/go2_stair_interfaces': CMAKE_PREFIX_PATH=${CMAKE_PREFIX_PATH}:/opt/ros/humble /usr/bin/cmake /home/lukat/COGAR_ws/src/go2_stair_interfaces -DCMAKE_INSTALL_PREFIX=/home/lukat/COGAR_ws/install/go2_stair_interfaces
[3.367s] DEBUG:colcon.colcon_core.event_handler.log_command:Invoked command in '/home/lukat/COGAR_ws/build/go2_stair_interfaces' returned '0': CMAKE_PREFIX_PATH=${CMAKE_PREFIX_PATH}:/opt/ros/humble /usr/bin/cmake /home/lukat/COGAR_ws/src/go2_stair_interfaces -DCMAKE_INSTALL_PREFIX=/home/lukat/COGAR_ws/install/go2_stair_interfaces
[3.368s] DEBUG:colcon.colcon_core.event_handler.log_command:Invoking command in '/home/lukat/COGAR_ws/build/go2_stair_interfaces': CMAKE_PREFIX_PATH=${CMAKE_PREFIX_PATH}:/opt/ros/humble /usr/bin/cmake --build /home/lukat/COGAR_ws/build/go2_stair_interfaces -- -j8 -l8
[3.879s] DEBUG:colcon.colcon_core.event_handler.log_command:Invoked command in '/home/lukat/COGAR_ws/build/go2_stair_interfaces' returned '0': CMAKE_PREFIX_PATH=${CMAKE_PREFIX_PATH}:/opt/ros/humble /usr/bin/cmake --build /home/lukat/COGAR_ws/build/go2_stair_interfaces -- -j8 -l8
[3.894s] DEBUG:colcon.colcon_core.event_handler.log_command:Invoking command in '/home/lukat/COGAR_ws/build/go2_stair_interfaces': CMAKE_PREFIX_PATH=${CMAKE_PREFIX_PATH}:/opt/ros/humble /usr/bin/cmake --install /home/lukat/COGAR_ws/build/go2_stair_interfaces
[4.031s] Level 1:colcon.colcon_core.environment:create_environment_scripts_only(go2_stair_interfaces)
[4.032s] DEBUG:colcon.colcon_core.event_handler.log_command:Invoked command in '/home/lukat/COGAR_ws/build/go2_stair_interfaces' returned '0': CMAKE_PREFIX_PATH=${CMAKE_PREFIX_PATH}:/opt/ros/humble /usr/bin/cmake --install /home/lukat/COGAR_ws/build/go2_stair_interfaces
[4.040s] Level 1:colcon.colcon_core.environment:checking '/home/lukat/COGAR_ws/install/go2_stair_interfaces' for CMake module files
[4.041s] Level 1:colcon.colcon_core.environment:checking '/home/lukat/COGAR_ws/install/go2_stair_interfaces' for CMake config files
[4.046s] Level 1:colcon.colcon_core.shell:create_environment_hook('go2_stair_interfaces', 'cmake_prefix_path')
[4.046s] INFO:colcon.colcon_core.shell:Creating environment hook '/home/lukat/COGAR_ws/install/go2_stair_interfaces/share/go2_stair_interfaces/hook/cmake_prefix_path.ps1'
[4.047s] INFO:colcon.colcon_core.shell:Creating environment descriptor '/home/lukat/COGAR_ws/install/go2_stair_interfaces/share/go2_stair_interfaces/hook/cmake_prefix_path.dsv'
[4.049s] INFO:colcon.colcon_core.shell:Creating environment hook '/home/lukat/COGAR_ws/install/go2_stair_interfaces/share/go2_stair_interfaces/hook/cmake_prefix_path.sh'
[4.051s] Level 1:colcon.colcon_core.environment:checking '/home/lukat/COGAR_ws/install/go2_stair_interfaces/lib'
[4.051s] Level 1:colcon.colcon_core.shell:create_environment_hook('go2_stair_interfaces', 'ld_library_path_lib')
[4.052s] INFO:colcon.colcon_core.shell:Creating environment hook '/home/lukat/COGAR_ws/install/go2_stair_interfaces/share/go2_stair_interfaces/hook/ld_library_path_lib.ps1'
[4.052s] INFO:colcon.colcon_core.shell:Creating environment descriptor '/home/lukat/COGAR_ws/install/go2_stair_interfaces/share/go2_stair_interfaces/hook/ld_library_path_lib.dsv'
[4.053s] INFO:colcon.colcon_core.shell:Creating environment hook '/home/lukat/COGAR_ws/install/go2_stair_interfaces/share/go2_stair_interfaces/hook/ld_library_path_lib.sh'
[4.054s] Level 1:colcon.colcon_core.environment:checking '/home/lukat/COGAR_ws/install/go2_stair_interfaces/bin'
[4.054s] Level 1:colcon.colcon_core.environment:checking '/home/lukat/COGAR_ws/install/go2_stair_interfaces/lib/pkgconfig/go2_stair_interfaces.pc'
[4.054s] Level 1:colcon.colcon_core.environment:checking '/home/lukat/COGAR_ws/install/go2_stair_interfaces/lib/python3.10/site-packages'
[4.055s] Level 1:colcon.colcon_core.environment:checking '/home/lukat/COGAR_ws/install/go2_stair_interfaces/bin'
[4.055s] INFO:colcon.colcon_core.shell:Creating package script '/home/lukat/COGAR_ws/install/go2_stair_interfaces/share/go2_stair_interfaces/package.ps1'
[4.056s] INFO:colcon.colcon_core.shell:Creating package descriptor '/home/lukat/COGAR_ws/install/go2_stair_interfaces/share/go2_stair_interfaces/package.dsv'
[4.058s] INFO:colcon.colcon_core.shell:Creating package script '/home/lukat/COGAR_ws/install/go2_stair_interfaces/share/go2_stair_interfaces/package.sh'
[4.059s] INFO:colcon.colcon_core.shell:Creating package script '/home/lukat/COGAR_ws/install/go2_stair_interfaces/share/go2_stair_interfaces/package.bash'
[4.060s] INFO:colcon.colcon_core.shell:Creating package script '/home/lukat/COGAR_ws/install/go2_stair_interfaces/share/go2_stair_interfaces/package.zsh'
[4.061s] Level 1:colcon.colcon_core.environment:create_file_with_runtime_dependencies(/home/lukat/COGAR_ws/install/go2_stair_interfaces/share/colcon-core/packages/go2_stair_interfaces)
[4.062s] Level 1:colcon.colcon_core.environment:create_environment_scripts_only(go2_stair_interfaces)
[4.062s] Level 1:colcon.colcon_core.environment:checking '/home/lukat/COGAR_ws/install/go2_stair_interfaces' for CMake module files
[4.063s] Level 1:colcon.colcon_core.environment:checking '/home/lukat/COGAR_ws/install/go2_stair_interfaces' for CMake config files
[4.063s] Level 1:colcon.colcon_core.shell:create_environment_hook('go2_stair_interfaces', 'cmake_prefix_path')
[4.063s] INFO:colcon.colcon_core.shell:Creating environment hook '/home/lukat/COGAR_ws/install/go2_stair_interfaces/share/go2_stair_interfaces/hook/cmake_prefix_path.ps1'
[4.064s] INFO:colcon.colcon_core.shell:Creating environment descriptor '/home/lukat/COGAR_ws/install/go2_stair_interfaces/share/go2_stair_interfaces/hook/cmake_prefix_path.dsv'
[4.065s] INFO:colcon.colcon_core.shell:Creating environment hook '/home/lukat/COGAR_ws/install/go2_stair_interfaces/share/go2_stair_interfaces/hook/cmake_prefix_path.sh'
[4.065s] Level 1:colcon.colcon_core.environment:checking '/home/lukat/COGAR_ws/install/go2_stair_interfaces/lib'
[4.065s] Level 1:colcon.colcon_core.shell:create_environment_hook('go2_stair_interfaces', 'ld_library_path_lib')
[4.066s] INFO:colcon.colcon_core.shell:Creating environment hook '/home/lukat/COGAR_ws/install/go2_stair_interfaces/share/go2_stair_interfaces/hook/ld_library_path_lib.ps1'
[4.066s] INFO:colcon.colcon_core.shell:Creating environment descriptor '/home/lukat/COGAR_ws/install/go2_stair_interfaces/share/go2_stair_interfaces/hook/ld_library_path_lib.dsv'
[4.067s] INFO:colcon.colcon_core.shell:Creating environment hook '/home/lukat/COGAR_ws/install/go2_stair_interfaces/share/go2_stair_interfaces/hook/ld_library_path_lib.sh'
[4.067s] Level 1:colcon.colcon_core.environment:checking '/home/lukat/COGAR_ws/install/go2_stair_interfaces/bin'
[4.067s] Level 1:colcon.colcon_core.environment:checking '/home/lukat/COGAR_ws/install/go2_stair_interfaces/lib/pkgconfig/go2_stair_interfaces.pc'
[4.067s] Level 1:colcon.colcon_core.environment:checking '/home/lukat/COGAR_ws/install/go2_stair_interfaces/lib/python3.10/site-packages'
[4.068s] Level 1:colcon.colcon_core.environment:checking '/home/lukat/COGAR_ws/install/go2_stair_interfaces/bin'
[4.068s] INFO:colcon.colcon_core.shell:Creating package script '/home/lukat/COGAR_ws/install/go2_stair_interfaces/share/go2_stair_interfaces/package.ps1'
[4.069s] INFO:colcon.colcon_core.shell:Creating package descriptor '/home/lukat/COGAR_ws/install/go2_stair_interfaces/share/go2_stair_interfaces/package.dsv'
[4.069s] INFO:colcon.colcon_core.shell:Creating package script '/home/lukat/COGAR_ws/install/go2_stair_interfaces/share/go2_stair_interfaces/package.sh'
[4.070s] INFO:colcon.colcon_core.shell:Creating package script '/home/lukat/COGAR_ws/install/go2_stair_interfaces/share/go2_stair_interfaces/package.bash'
[4.070s] INFO:colcon.colcon_core.shell:Creating package script '/home/lukat/COGAR_ws/install/go2_stair_interfaces/share/go2_stair_interfaces/package.zsh'
[4.071s] Level 1:colcon.colcon_core.environment:create_file_with_runtime_dependencies(/home/lukat/COGAR_ws/install/go2_stair_interfaces/share/colcon-core/packages/go2_stair_interfaces)
[4.071s] INFO:colcon.colcon_ros.task.ament_python.build:Building ROS package in '/home/lukat/COGAR_ws/src/go2_state_bridge' with build type 'ament_python'
[4.071s] Level 1:colcon.colcon_core.shell:create_environment_hook('go2_state_bridge', 'ament_prefix_path')
[4.071s] INFO:colcon.colcon_core.shell:Creating environment hook '/home/lukat/COGAR_ws/install/go2_state_bridge/share/go2_state_bridge/hook/ament_prefix_path.ps1'
[4.073s] INFO:colcon.colcon_core.shell:Creating environment descriptor '/home/lukat/COGAR_ws/install/go2_state_bridge/share/go2_state_bridge/hook/ament_prefix_path.dsv'
[4.074s] INFO:colcon.colcon_core.shell:Creating environment hook '/home/lukat/COGAR_ws/install/go2_state_bridge/share/go2_state_bridge/hook/ament_prefix_path.sh'
[4.074s] INFO:colcon.colcon_core.shell:Skip shell extension 'powershell' for command environment: Not usable outside of PowerShell
[4.074s] DEBUG:colcon.colcon_core.shell:Skip shell extension 'dsv' for command environment
[4.351s] INFO:colcon.colcon_core.task.python.build:Building Python package in '/home/lukat/COGAR_ws/src/go2_state_bridge'
[4.351s] INFO:colcon.colcon_core.shell:Skip shell extension 'powershell' for command environment: Not usable outside of PowerShell
[4.351s] DEBUG:colcon.colcon_core.shell:Skip shell extension 'dsv' for command environment
[6.008s] DEBUG:colcon.colcon_core.event_handler.log_command:Invoking command in '/home/lukat/COGAR_ws/src/go2_state_bridge': PYTHONPATH=/home/lukat/COGAR_ws/build/go2_state_bridge/prefix_override:/usr/lib/python3/dist-packages/colcon_core/task/python/colcon_distutils_commands:/home/lukat/COGAR_ws/install/go2_state_bridge/lib/python3.10/site-packages:${PYTHONPATH} /usr/bin/python3 -W ignore:setup.py install is deprecated -W ignore:easy_install command is deprecated setup.py egg_info --egg-base ../../build/go2_state_bridge build --build-base /home/lukat/COGAR_ws/build/go2_state_bridge/build install --record /home/lukat/COGAR_ws/build/go2_state_bridge/install.log --single-version-externally-managed install_data
[6.578s] Level 1:colcon.colcon_core.environment:checking '/home/lukat/COGAR_ws/install/go2_state_bridge' for CMake module files
[6.578s] DEBUG:colcon.colcon_core.event_handler.log_command:Invoked command in '/home/lukat/COGAR_ws/src/go2_state_bridge' returned '0': PYTHONPATH=/home/lukat/COGAR_ws/build/go2_state_bridge/prefix_override:/usr/lib/python3/dist-packages/colcon_core/task/python/colcon_distutils_commands:/home/lukat/COGAR_ws/install/go2_state_bridge/lib/python3.10/site-packages:${PYTHONPATH} /usr/bin/python3 -W ignore:setup.py install is deprecated -W ignore:easy_install command is deprecated setup.py egg_info --egg-base ../../build/go2_state_bridge build --build-base /home/lukat/COGAR_ws/build/go2_state_bridge/build install --record /home/lukat/COGAR_ws/build/go2_state_bridge/install.log --single-version-externally-managed install_data
[6.579s] Level 1:colcon.colcon_core.environment:checking '/home/lukat/COGAR_ws/install/go2_state_bridge' for CMake config files
[6.579s] Level 1:colcon.colcon_core.environment:checking '/home/lukat/COGAR_ws/install/go2_state_bridge/lib'
[6.579s] Level 1:colcon.colcon_core.environment:checking '/home/lukat/COGAR_ws/install/go2_state_bridge/bin'
[6.579s] Level 1:colcon.colcon_core.environment:checking '/home/lukat/COGAR_ws/install/go2_state_bridge/lib/pkgconfig/go2_state_bridge.pc'
[6.579s] Level 1:colcon.colcon_core.environment:checking '/home/lukat/COGAR_ws/install/go2_state_bridge/lib/python3.10/site-packages'
[6.580s] Level 1:colcon.colcon_core.shell:create_environment_hook('go2_state_bridge', 'pythonpath')
[6.580s] INFO:colcon.colcon_core.shell:Creating environment hook '/home/lukat/COGAR_ws/install/go2_state_bridge/share/go2_state_bridge/hook/pythonpath.ps1'
[6.580s] INFO:colcon.colcon_core.shell:Creating environment descriptor '/home/lukat/COGAR_ws/install/go2_state_bridge/share/go2_state_bridge/hook/pythonpath.dsv'
[6.581s] INFO:colcon.colcon_core.shell:Creating environment hook '/home/lukat/COGAR_ws/install/go2_state_bridge/share/go2_state_bridge/hook/pythonpath.sh'
[6.584s] Level 1:colcon.colcon_core.environment:checking '/home/lukat/COGAR_ws/install/go2_state_bridge/bin'
[6.584s] Level 1:colcon.colcon_core.environment:create_environment_scripts_only(go2_state_bridge)
[6.584s] INFO:colcon.colcon_core.shell:Creating package script '/home/lukat/COGAR_ws/install/go2_state_bridge/share/go2_state_bridge/package.ps1'
[6.585s] INFO:colcon.colcon_core.shell:Creating package descriptor '/home/lukat/COGAR_ws/install/go2_state_bridge/share/go2_state_bridge/package.dsv'
[6.585s] INFO:colcon.colcon_core.shell:Creating package script '/home/lukat/COGAR_ws/install/go2_state_bridge/share/go2_state_bridge/package.sh'
[6.586s] INFO:colcon.colcon_core.shell:Creating package script '/home/lukat/COGAR_ws/install/go2_state_bridge/share/go2_state_bridge/package.bash'
[6.586s] INFO:colcon.colcon_core.shell:Creating package script '/home/lukat/COGAR_ws/install/go2_state_bridge/share/go2_state_bridge/package.zsh'
[6.586s] Level 1:colcon.colcon_core.environment:create_file_with_runtime_dependencies(/home/lukat/COGAR_ws/install/go2_state_bridge/share/colcon-core/packages/go2_state_bridge)
[6.587s] DEBUG:colcon.colcon_parallel_executor.executor.parallel:closing loop
[6.589s] DEBUG:colcon.colcon_parallel_executor.executor.parallel:loop closed
[6.589s] DEBUG:colcon.colcon_parallel_executor.executor.parallel:run_until_complete finished with '0'
[6.589s] DEBUG:colcon.colcon_core.event_reactor:joining thread
[6.628s] INFO:colcon.colcon_core.plugin_system:Skipping extension 'colcon_notification.desktop_notification.notify_send': Could not find 'notify-send'
[6.628s] INFO:colcon.colcon_core.plugin_system:Skipping extension 'colcon_notification.desktop_notification.terminal_notifier': Not used on non-Darwin systems
[6.628s] INFO:colcon.colcon_core.plugin_system:Skipping extension 'colcon_notification.desktop_notification.win32': Not used on non-Windows systems
[6.628s] INFO:colcon.colcon_notification.desktop_notification:Sending desktop notification using 'notify2'
[6.629s] DEBUG:colcon.colcon_notification.desktop_notification.notify2:Failed to initialize notify2: org.freedesktop.DBus.Error.FileNotFound: Failed to connect to socket /run/user/1000/bus: No such file or directory
[6.629s] DEBUG:colcon.colcon_core.event_reactor:joined thread
[6.629s] INFO:colcon.colcon_core.shell:Creating prefix script '/home/lukat/COGAR_ws/install/local_setup.ps1'
[6.631s] INFO:colcon.colcon_core.shell:Creating prefix util module '/home/lukat/COGAR_ws/install/_local_setup_util_ps1.py'
[6.633s] INFO:colcon.colcon_core.shell:Creating prefix chain script '/home/lukat/COGAR_ws/install/setup.ps1'
[6.634s] INFO:colcon.colcon_core.shell:Creating prefix script '/home/lukat/COGAR_ws/install/local_setup.sh'
[6.636s] INFO:colcon.colcon_core.shell:Creating prefix util module '/home/lukat/COGAR_ws/install/_local_setup_util_sh.py'
[6.636s] INFO:colcon.colcon_core.shell:Creating prefix chain script '/home/lukat/COGAR_ws/install/setup.sh'
[6.638s] INFO:colcon.colcon_core.shell:Creating prefix script '/home/lukat/COGAR_ws/install/local_setup.bash'
[6.639s] INFO:colcon.colcon_core.shell:Creating prefix chain script '/home/lukat/COGAR_ws/install/setup.bash'
[6.641s] INFO:colcon.colcon_core.shell:Creating prefix script '/home/lukat/COGAR_ws/install/local_setup.zsh'
[6.642s] INFO:colcon.colcon_core.shell:Creating prefix chain script '/home/lukat/COGAR_ws/install/setup.zsh'
