[0.048s] Invoking command in '/home/lukat/COGAR_ws/build/go2_stair_interfaces': /usr/bin/cmake /home/lukat/COGAR_ws/src/go2_stair_interfaces -DCMAKE_INSTALL_PREFIX=/home/lukat/COGAR_ws/install/go2_stair_interfaces
[0.634s] -- The C compiler identification is GNU 11.4.0
[1.004s] -- The CXX compiler identification is GNU 11.4.0
[1.127s] -- Detecting C compiler ABI info
[1.280s] -- Detecting C compiler ABI info - done
[1.288s] -- Check for working C compiler: /usr/bin/cc - skipped
[1.289s] -- Detecting C compile features
[1.290s] -- Detecting C compile features - done
[1.296s] -- Detecting CXX compiler ABI info
[1.431s] -- Detecting CXX compiler ABI info - done
[1.438s] -- Check for working CXX compiler: /usr/bin/c++ - skipped
[1.439s] -- Detecting CXX compile features
[1.439s] -- Detecting CXX compile features - done
[1.492s] -- Found ament_cmake: 1.3.14 (/opt/ros/humble/share/ament_cmake/cmake)
[2.005s] -- Found Python3: /usr/bin/python3 (found version "3.10.12") found components: Interpreter 
[2.222s] -- Found std_msgs: 4.9.1 (/opt/ros/humble/share/std_msgs/cmake)
[2.402s] -- Found rosidl_generator_c: 3.1.8 (/opt/ros/humble/share/rosidl_generator_c/cmake)
[2.418s] -- Found rosidl_adapter: 3.1.8 (/opt/ros/humble/share/rosidl_adapter/cmake)
[2.447s] -- Found rosidl_generator_cpp: 3.1.8 (/opt/ros/humble/share/rosidl_generator_cpp/cmake)
[2.499s] -- Using all available rosidl_typesupport_c: rosidl_typesupport_fastrtps_c;rosidl_typesupport_introspection_c
[2.553s] -- Using all available rosidl_typesupport_cpp: rosidl_typesupport_fastrtps_cpp;rosidl_typesupport_introspection_cpp
[2.632s] -- Found rosidl_default_generators: 1.2.1 (/opt/ros/humble/share/rosidl_default_generators/cmake)
[2.907s] Error parsing '/home/lukat/COGAR_ws/src/go2_stair_interfaces/package.xml':
[3.059s] Traceback (most recent call last):
[3.059s]   File "/opt/ros/humble/share/ament_cmake_core/cmake/core/package_xml_2_cmake.py", line 150, in <module>
[3.059s]     main()
[3.059s]   File "/opt/ros/humble/share/ament_cmake_core/cmake/core/package_xml_2_cmake.py", line 53, in main
[3.059s]     raise e
[3.059s]   File "/opt/ros/humble/share/ament_cmake_core/cmake/core/package_xml_2_cmake.py", line 49, in main
[3.059s]     package = parse_package_string(
[3.060s]   File "/usr/lib/python3/dist-packages/catkin_pkg/package.py", line 786, in parse_package_string
[3.061s]     raise InvalidPackage('Error(s):%s' % (''.join(['\n- %s' % e for e in errors])), filename)
[3.062s] catkin_pkg.package.InvalidPackage: Error(s) in package '/home/lukat/COGAR_ws/src/go2_stair_interfaces/package.xml':
[3.062s] Error(s):
[3.062s] - The generic dependency on 'rosidl_default_generators' is redundant with: build_depend
[3.085s] [31mCMake Error at /opt/ros/humble/share/ament_cmake_core/cmake/core/ament_package_xml.cmake:95 (message):
[3.085s]   execute_process(/usr/bin/python3
[3.086s]   /opt/ros/humble/share/ament_cmake_core/cmake/core/package_xml_2_cmake.py
[3.086s]   /home/lukat/COGAR_ws/src/go2_stair_interfaces/package.xml
[3.086s]   /home/lukat/COGAR_ws/build/go2_stair_interfaces/ament_cmake_core/package.cmake)
[3.086s]   returned error code 1
[3.086s] Call Stack (most recent call first):
[3.086s]   /opt/ros/humble/share/ament_cmake_core/cmake/core/ament_package_xml.cmake:49 (_ament_package_xml)
[3.086s]   /opt/ros/humble/share/rosidl_cmake/cmake/rosidl_generate_interfaces.cmake:226 (ament_package_xml)
[3.086s]   CMakeLists.txt:13 (rosidl_generate_interfaces)
[3.086s] 
[3.087s] [0m
[3.087s] -- Configuring incomplete, errors occurred!
[3.087s] See also "/home/lukat/COGAR_ws/build/go2_stair_interfaces/CMakeFiles/CMakeOutput.log".
[3.096s] Invoked command in '/home/lukat/COGAR_ws/build/go2_stair_interfaces' returned '1': /usr/bin/cmake /home/lukat/COGAR_ws/src/go2_stair_interfaces -DCMAKE_INSTALL_PREFIX=/home/lukat/COGAR_ws/install/go2_stair_interfaces
