[1.928s] Invoking command in '/home/lukat/COGAR_ws/src/go2_state_bridge': AMENT_PREFIX_PATH=/home/lukat/COGAR_ws/install/go2_stair_interfaces:${AMENT_PREFIX_PATH} CMAKE_PREFIX_PATH=/home/lukat/COGAR_ws/install/go2_stair_interfaces LD_LIBRARY_PATH=/home/lukat/COGAR_ws/install/go2_stair_interfaces/lib:${LD_LIBRARY_PATH} PYTHONPATH=/home/lukat/COGAR_ws/build/go2_state_bridge/prefix_override:/usr/lib/python3/dist-packages/colcon_core/task/python/colcon_distutils_commands:/home/lukat/COGAR_ws/install/go2_state_bridge/lib/python3.10/site-packages:/home/lukat/COGAR_ws/install/go2_stair_interfaces/local/lib/python3.10/dist-packages:${PYTHONPATH} /usr/bin/python3 -W ignore:setup.py install is deprecated -W ignore:easy_install command is deprecated setup.py egg_info --egg-base ../../build/go2_state_bridge build --build-base /home/lukat/COGAR_ws/build/go2_state_bridge/build install --record /home/lukat/COGAR_ws/build/go2_state_bridge/install.log --single-version-externally-managed install_data
[2.464s] running egg_info
[2.517s] writing ../../build/go2_state_bridge/go2_state_bridge.egg-info/PKG-INFO
[2.522s] writing dependency_links to ../../build/go2_state_bridge/go2_state_bridge.egg-info/dependency_links.txt
[2.523s] writing entry points to ../../build/go2_state_bridge/go2_state_bridge.egg-info/entry_points.txt
[2.524s] writing requirements to ../../build/go2_state_bridge/go2_state_bridge.egg-info/requires.txt
[2.525s] writing top-level names to ../../build/go2_state_bridge/go2_state_bridge.egg-info/top_level.txt
[2.628s] reading manifest file '../../build/go2_state_bridge/go2_state_bridge.egg-info/SOURCES.txt'
[2.634s] writing manifest file '../../build/go2_state_bridge/go2_state_bridge.egg-info/SOURCES.txt'
[2.637s] running build
[2.638s] running build_py
[2.638s] copying go2_state_bridge/state_bridge_node.py -> /home/lukat/COGAR_ws/build/go2_state_bridge/build/lib/go2_state_bridge
[2.640s] copying go2_state_bridge/__init__.py -> /home/lukat/COGAR_ws/build/go2_state_bridge/build/lib/go2_state_bridge
[2.641s] running install
[2.650s] running install_lib
[2.693s] copying /home/lukat/COGAR_ws/build/go2_state_bridge/build/lib/go2_state_bridge/state_bridge_node.py -> /home/lukat/COGAR_ws/install/go2_state_bridge/lib/python3.10/site-packages/go2_state_bridge
[2.695s] byte-compiling /home/lukat/COGAR_ws/install/go2_state_bridge/lib/python3.10/site-packages/go2_state_bridge/state_bridge_node.py to state_bridge_node.cpython-310.pyc
[2.697s]   File "/home/lukat/COGAR_ws/install/go2_state_bridge/lib/python3.10/site-packages/go2_state_bridge/state_bridge_node.py", line 47
[2.698s]     )
[2.698s]     ^
[2.699s] SyntaxError: invalid syntax
[2.699s] 
[2.699s] running install_data
[2.700s] copying resource/go2_state_bridge -> /home/lukat/COGAR_ws/install/go2_state_bridge/share/ament_index/resource_index/packages
[2.700s] copying package.xml -> /home/lukat/COGAR_ws/install/go2_state_bridge/share/go2_state_bridge
[2.700s] running install_egg_info
[2.744s] removing '/home/lukat/COGAR_ws/install/go2_state_bridge/lib/python3.10/site-packages/go2_state_bridge-0.0.0-py3.10.egg-info' (and everything under it)
[2.745s] Copying ../../build/go2_state_bridge/go2_state_bridge.egg-info to /home/lukat/COGAR_ws/install/go2_state_bridge/lib/python3.10/site-packages/go2_state_bridge-0.0.0-py3.10.egg-info
[2.750s] running install_scripts
[3.190s] Installing state_bridge_node script to /home/lukat/COGAR_ws/install/go2_state_bridge/lib/go2_state_bridge
[3.191s] writing list of installed files to '/home/lukat/COGAR_ws/build/go2_state_bridge/install.log'
[3.297s] Invoked command in '/home/lukat/COGAR_ws/src/go2_state_bridge' returned '0': AMENT_PREFIX_PATH=/home/lukat/COGAR_ws/install/go2_stair_interfaces:${AMENT_PREFIX_PATH} CMAKE_PREFIX_PATH=/home/lukat/COGAR_ws/install/go2_stair_interfaces LD_LIBRARY_PATH=/home/lukat/COGAR_ws/install/go2_stair_interfaces/lib:${LD_LIBRARY_PATH} PYTHONPATH=/home/lukat/COGAR_ws/build/go2_state_bridge/prefix_override:/usr/lib/python3/dist-packages/colcon_core/task/python/colcon_distutils_commands:/home/lukat/COGAR_ws/install/go2_state_bridge/lib/python3.10/site-packages:/home/lukat/COGAR_ws/install/go2_stair_interfaces/local/lib/python3.10/dist-packages:${PYTHONPATH} /usr/bin/python3 -W ignore:setup.py install is deprecated -W ignore:easy_install command is deprecated setup.py egg_info --egg-base ../../build/go2_state_bridge build --build-base /home/lukat/COGAR_ws/build/go2_state_bridge/build install --record /home/lukat/COGAR_ws/build/go2_state_bridge/install.log --single-version-externally-managed install_data
